<!DOCTYPE html PUBLIC "-//W3C//DTD XHTML 1.1//EN" "http://www.w3.org/TR/xhtml11/DTD/xhtml11.dtd">
<html xmlns="http://www.w3.org/1999/xhtml">
<head>
<meta http-equiv="content-type" content="text/html; charset=UTF-8"/>
<title>TestNG Report</title>
<style type="text/css">table {margin-bottom:10px;border-collapse:collapse;empty-cells:show}th,td {border:1px solid #009;padding:.25em .5em}th {vertical-align:bottom}td {vertical-align:top}table a {font-weight:bold}.stripe td {background-color: #E6EBF9}.num {text-align:right}.passedodd td {background-color: #3F3}.passedeven td {background-color: #0A0}.skippedodd td {background-color: #DDD}.skippedeven td {background-color: #CCC}.failedodd td,.attn {background-color: #F33}.failedeven td,.stripe .attn {background-color: #D00}.stacktrace {white-space:pre;font-family:monospace}.totop {font-size:85%;text-align:center;border-bottom:2px solid #000}.invisible {display:none}</style>
</head>
<body>
<table>
<tr><th>Test</th><th># Passed</th><th># Skipped</th><th># Failed</th><th>Time (ms)</th><th>Included Groups</th><th>Excluded Groups</th></tr>
<tr><th colspan="7">Suite</th></tr>
<tr><td><a href="#t0">Test1</a></td><td class="num">4</td><td class="num attn">2</td><td class="num">0</td><td class="num">80,809</td><td></td><td></td></tr>
<tr class="stripe"><td><a href="#t1">Test2</a></td><td class="num">3</td><td class="num attn">24</td><td class="num attn">6</td><td class="num">140,480</td><td></td><td></td></tr>
<tr><td><a href="#t2">Test3</a></td><td class="num">7</td><td class="num attn">1</td><td class="num">0</td><td class="num">66,743</td><td></td><td></td></tr>
<tr><th>Total</th><th class="num">14</th><th class="num attn">27</th><th class="num attn">6</th><th class="num">288,032</th><th colspan="2"></th></tr>
</table>
<table id='summary'><thead><tr><th>Class</th><th>Method</th><th>Start</th><th>Time (ms)</th></tr></thead><tbody><tr><th colspan="4">Suite</th></tr></tbody><tbody id="t0"><tr><th colspan="4">Test1 &#8212; skipped</th></tr><tr class="skippedeven"><td rowspan="2">main.StudentAttendence</td><td><a href="#m0">ByTeacher_DeleteAttendence</a></td><td rowspan="1">1522745722640</td><td rowspan="1">115</td></tr><tr class="skippedeven"><td><a href="#m1">ByTeacher_MarkAttendence</a></td><td rowspan="1">1522745702681</td><td rowspan="1">175</td></tr><tr><th colspan="4">Test1 &#8212; passed</th></tr><tr class="passedeven"><td rowspan="4">main.StudentAttendence</td><td><a href="#m2">ByTeacherMultiDate_MarkAttendence</a></td><td rowspan="1">1522745673325</td><td rowspan="1">27355</td></tr><tr class="passedeven"><td><a href="#m3">ByTeacher_DeleteAttendence</a></td><td rowspan="1">1522745724756</td><td rowspan="1">14498</td></tr><tr class="passedeven"><td><a href="#m4">ByTeacher_MarkAttendence</a></td><td rowspan="1">1522745704857</td><td rowspan="1">15782</td></tr><tr class="passedeven"><td><a href="#m5">signInAndMoveToStudentRecord</a></td><td rowspan="1">1522745662644</td><td rowspan="1">8679</td></tr></tbody>
<tbody id="t1"><tr><th colspan="4">Test2 &#8212; failed</th></tr><tr class="failedeven"><td rowspan="6">main.AcademicAdministrationTest</td><td><a href="#m6">AcademicStructure_Courses_Add</a></td><td rowspan="1">1522745869685</td><td rowspan="1">10</td></tr><tr class="failedeven"><td><a href="#m7">AcademicStructure_Courses_Delete</a></td><td rowspan="1">1522745879741</td><td rowspan="1">10</td></tr><tr class="failedeven"><td><a href="#m8">CoursewiseDetailReport</a></td><td rowspan="1">1522745774389</td><td rowspan="1">2242</td></tr><tr class="failedeven"><td><a href="#m9">DefineSections_Add</a></td><td rowspan="1">1522745848541</td><td rowspan="1">112</td></tr><tr class="failedeven"><td><a href="#m10">DefineSections_Delete</a></td><td rowspan="1">1522745859092</td><td rowspan="1">107</td></tr><tr class="failedeven"><td><a href="#m11">SubjectRegRule</a></td><td rowspan="1">1522745808381</td><td rowspan="1">21255</td></tr><tr><th colspan="4">Test2 &#8212; skipped</th></tr><tr class="skippedeven"><td rowspan="24">main.AcademicAdministrationTest</td><td><a href="#m12">AcademicStructure_Courses_Add</a></td><td rowspan="4">1522745865444</td><td rowspan="4">127</td></tr><tr class="skippedeven"><td><a href="#m13">AcademicStructure_Courses_Add</a></td></tr><tr class="skippedeven"><td><a href="#m14">AcademicStructure_Courses_Add</a></td></tr><tr class="skippedeven"><td><a href="#m15">AcademicStructure_Courses_Add</a></td></tr><tr class="skippedeven"><td><a href="#m16">AcademicStructure_Courses_Delete</a></td><td rowspan="4">1522745877730</td><td rowspan="4">10</td></tr><tr class="skippedeven"><td><a href="#m17">AcademicStructure_Courses_Delete</a></td></tr><tr class="skippedeven"><td><a href="#m18">AcademicStructure_Courses_Delete</a></td></tr><tr class="skippedeven"><td><a href="#m19">AcademicStructure_Courses_Delete</a></td></tr><tr class="skippedeven"><td><a href="#m20">CoursewiseDetailReport</a></td><td rowspan="4">1522745768013</td><td rowspan="4">2236</td></tr><tr class="skippedeven"><td><a href="#m21">CoursewiseDetailReport</a></td></tr><tr class="skippedeven"><td><a href="#m22">CoursewiseDetailReport</a></td></tr><tr class="skippedeven"><td><a href="#m23">CoursewiseDetailReport</a></td></tr><tr class="skippedeven"><td><a href="#m24">DefineSections_Add</a></td><td rowspan="4">1522745846448</td><td rowspan="4">91</td></tr><tr class="skippedeven"><td><a href="#m25">DefineSections_Add</a></td></tr><tr class="skippedeven"><td><a href="#m26">DefineSections_Add</a></td></tr><tr class="skippedeven"><td><a href="#m27">DefineSections_Add</a></td></tr><tr class="skippedeven"><td><a href="#m28">DefineSections_Delete</a></td><td rowspan="4">1522745850654</td><td rowspan="4">115</td></tr><tr class="skippedeven"><td><a href="#m29">DefineSections_Delete</a></td></tr><tr class="skippedeven"><td><a href="#m30">DefineSections_Delete</a></td></tr><tr class="skippedeven"><td><a href="#m31">DefineSections_Delete</a></td></tr><tr class="skippedeven"><td><a href="#m32">SubjectRegRule</a></td><td rowspan="4">1522745806271</td><td rowspan="4">109</td></tr><tr class="skippedeven"><td><a href="#m33">SubjectRegRule</a></td></tr><tr class="skippedeven"><td><a href="#m34">SubjectRegRule</a></td></tr><tr class="skippedeven"><td><a href="#m35">SubjectRegRule</a></td></tr><tr><th colspan="4">Test2 &#8212; passed</th></tr><tr class="passedeven"><td rowspan="3">main.AcademicAdministrationTest</td><td><a href="#m36">AcademicStructure_Programe_Add</a></td><td rowspan="1">1522745754176</td><td rowspan="1">5426</td></tr><tr class="passedeven"><td><a href="#m37">AcademicStructure_Programe_Delete</a></td><td rowspan="1">1522745831637</td><td rowspan="1">6430</td></tr><tr class="passedeven"><td><a href="#m38">signInAndMoveToStudentRecord</a></td><td rowspan="1">1522745743304</td><td rowspan="1">8871</td></tr></tbody>
<tbody id="t2"><tr><th colspan="4">Test3 &#8212; skipped</th></tr><tr class="skippedeven"><td rowspan="1">main.StudentRecord_Test</td><td><a href="#m39">MaintainDocumentList_Add</a></td><td rowspan="1">1522745914101</td><td rowspan="1">131</td></tr><tr><th colspan="4">Test3 &#8212; passed</th></tr><tr class="passedeven"><td rowspan="7">main.StudentRecord_Test</td><td><a href="#m40">DisciplinaryCases</a></td><td rowspan="1">1522745894305</td><td rowspan="1">12625</td></tr><tr class="passedeven"><td><a href="#m41">MaintainDocument</a></td><td rowspan="1">1522745908931</td><td rowspan="1">3170</td></tr><tr class="passedeven"><td><a href="#m42">MaintainDocumentList_Add</a></td><td rowspan="1">1522745916232</td><td rowspan="1">2685</td></tr><tr class="passedeven"><td><a href="#m43">NotingOnStudent</a></td><td rowspan="1">1522745920918</td><td rowspan="1">3858</td></tr><tr class="passedeven"><td><a href="#m44">signInAndMoveToStudentRecord</a></td><td rowspan="1">1522745883755</td><td rowspan="1">8549</td></tr><tr class="passedeven"><td><a href="#m45">studentProfile_Add</a></td><td rowspan="1">1522745926777</td><td rowspan="1">11353</td></tr><tr class="passedeven"><td><a href="#m46">studentProfile_View</a></td><td rowspan="1">1522745940131</td><td rowspan="1">6384</td></tr></tbody>
</table>
<h2>Test1</h2><h3 id="m0">main.StudentAttendence#ByTeacher_DeleteAttendence</h3><table class="result"><tr><th>Exception</th></tr><tr><td><div class="stacktrace">org.openqa.selenium.ElementNotInteractableException: 
Build info: version: &apos;3.10.0&apos;, revision: &apos;176b4a9&apos;, time: &apos;2018-03-02T19:11:12.151Z&apos;
System info: host: &apos;localhost.localdomain&apos;, ip: &apos;127.0.0.1&apos;, os.name: &apos;Linux&apos;, os.arch: &apos;amd64&apos;, os.version: &apos;3.10.0-514.el7.x86_64&apos;, java.version: &apos;1.8.0_102&apos;
Driver info: org.openqa.selenium.firefox.FirefoxDriver
Capabilities {acceptInsecureCerts: true, browserName: firefox, browserVersion: 52.5.1, javascriptEnabled: true, moz:accessibilityChecks: false, moz:processID: 13101, moz:profile: /tmp/rust_mozprofile.9ed2Ji..., pageLoadStrategy: normal, platform: LINUX, platformName: LINUX, platformVersion: 3.10.0-514.el7.x86_64, rotatable: false, specificationLevel: 0, timeouts: {implicit: 0, page load: 300000, script: 30000}}
Session ID: a8a2cb67-dba4-4b3e-a127-c7014aa0da0f
	at org.openqa.selenium.remote.http.W3CHttpResponseCodec.createException(W3CHttpResponseCodec.java:187)
	at org.openqa.selenium.remote.http.W3CHttpResponseCodec.decode(W3CHttpResponseCodec.java:122)
	at org.openqa.selenium.remote.http.W3CHttpResponseCodec.decode(W3CHttpResponseCodec.java:49)
	at org.openqa.selenium.remote.HttpCommandExecutor.execute(HttpCommandExecutor.java:160)
	at org.openqa.selenium.remote.service.DriverCommandExecutor.execute(DriverCommandExecutor.java:83)
	at org.openqa.selenium.remote.RemoteWebDriver.execute(RemoteWebDriver.java:601)
	at org.openqa.selenium.remote.RemoteWebElement.execute(RemoteWebElement.java:279)
	at org.openqa.selenium.remote.RemoteWebElement.click(RemoteWebElement.java:83)
	at testCases.StudentAttendence.ByTeacher_DeleteAttendence.execute(ByTeacher_DeleteAttendence.java:19)
	at main.StudentAttendence.ByTeacher_DeleteAttendence(StudentAttendence.java:77)
	at main.Main.main(Main.java:26)
... Removed 26 stack frames</div></td></tr></table><p class="totop"><a href="#summary">back to summary</a></p>
<h3 id="m1">main.StudentAttendence#ByTeacher_MarkAttendence</h3><table class="result"><tr><th>Exception</th></tr><tr><td><div class="stacktrace">org.openqa.selenium.ElementNotInteractableException: 
Build info: version: &apos;3.10.0&apos;, revision: &apos;176b4a9&apos;, time: &apos;2018-03-02T19:11:12.151Z&apos;
System info: host: &apos;localhost.localdomain&apos;, ip: &apos;127.0.0.1&apos;, os.name: &apos;Linux&apos;, os.arch: &apos;amd64&apos;, os.version: &apos;3.10.0-514.el7.x86_64&apos;, java.version: &apos;1.8.0_102&apos;
Driver info: org.openqa.selenium.firefox.FirefoxDriver
Capabilities {acceptInsecureCerts: true, browserName: firefox, browserVersion: 52.5.1, javascriptEnabled: true, moz:accessibilityChecks: false, moz:processID: 13101, moz:profile: /tmp/rust_mozprofile.9ed2Ji..., pageLoadStrategy: normal, platform: LINUX, platformName: LINUX, platformVersion: 3.10.0-514.el7.x86_64, rotatable: false, specificationLevel: 0, timeouts: {implicit: 0, page load: 300000, script: 30000}}
Session ID: a8a2cb67-dba4-4b3e-a127-c7014aa0da0f
	at org.openqa.selenium.remote.http.W3CHttpResponseCodec.createException(W3CHttpResponseCodec.java:187)
	at org.openqa.selenium.remote.http.W3CHttpResponseCodec.decode(W3CHttpResponseCodec.java:122)
	at org.openqa.selenium.remote.http.W3CHttpResponseCodec.decode(W3CHttpResponseCodec.java:49)
	at org.openqa.selenium.remote.HttpCommandExecutor.execute(HttpCommandExecutor.java:160)
	at org.openqa.selenium.remote.service.DriverCommandExecutor.execute(DriverCommandExecutor.java:83)
	at org.openqa.selenium.remote.RemoteWebDriver.execute(RemoteWebDriver.java:601)
	at org.openqa.selenium.remote.RemoteWebElement.execute(RemoteWebElement.java:279)
	at org.openqa.selenium.remote.RemoteWebElement.click(RemoteWebElement.java:83)
	at testCases.StudentAttendence.ByTeacher_MarkAttendence.execute(ByTeacher_MarkAttendence.java:19)
	at main.StudentAttendence.ByTeacher_MarkAttendence(StudentAttendence.java:52)
	at main.Main.main(Main.java:26)
... Removed 26 stack frames</div></td></tr></table><p class="totop"><a href="#summary">back to summary</a></p>
<h3 id="m2">main.StudentAttendence#ByTeacherMultiDate_MarkAttendence</h3><table class="result"><tr><th class="invisible"/></tr></table><p class="totop"><a href="#summary">back to summary</a></p>
<h3 id="m3">main.StudentAttendence#ByTeacher_DeleteAttendence</h3><table class="result"><tr><th class="invisible"/></tr></table><p class="totop"><a href="#summary">back to summary</a></p>
<h3 id="m4">main.StudentAttendence#ByTeacher_MarkAttendence</h3><table class="result"><tr><th class="invisible"/></tr></table><p class="totop"><a href="#summary">back to summary</a></p>
<h3 id="m5">main.StudentAttendence#signInAndMoveToStudentRecord</h3><table class="result"><tr><th class="invisible"/></tr></table><p class="totop"><a href="#summary">back to summary</a></p>
<h2>Test2</h2><h3 id="m6">main.AcademicAdministrationTest#AcademicStructure_Courses_Add</h3><table class="result"><tr><th>Exception</th></tr><tr><td><div class="stacktrace">java.lang.Exception
	at utility.Utils.takeScreenshot(Utils.java:136)
	at main.AcademicAdministrationTest.AcademicStructure_Courses_Add(AcademicAdministrationTest.java:188)
	at main.Main.main(Main.java:26)
... Removed 22 stack frames</div></td></tr></table><p class="totop"><a href="#summary">back to summary</a></p>
<h3 id="m7">main.AcademicAdministrationTest#AcademicStructure_Courses_Delete</h3><table class="result"><tr><th>Exception</th></tr><tr><td><div class="stacktrace">java.lang.Exception
	at utility.Utils.takeScreenshot(Utils.java:136)
	at main.AcademicAdministrationTest.AcademicStructure_Courses_Delete(AcademicAdministrationTest.java:212)
	at main.Main.main(Main.java:26)
... Removed 22 stack frames</div></td></tr></table><p class="totop"><a href="#summary">back to summary</a></p>
<h3 id="m8">main.AcademicAdministrationTest#CoursewiseDetailReport</h3><table class="result"><tr><th>Exception</th></tr><tr><td><div class="stacktrace">org.openqa.selenium.ElementNotInteractableException: 
Build info: version: &apos;3.10.0&apos;, revision: &apos;176b4a9&apos;, time: &apos;2018-03-02T19:11:12.151Z&apos;
System info: host: &apos;localhost.localdomain&apos;, ip: &apos;127.0.0.1&apos;, os.name: &apos;Linux&apos;, os.arch: &apos;amd64&apos;, os.version: &apos;3.10.0-514.el7.x86_64&apos;, java.version: &apos;1.8.0_102&apos;
Driver info: org.openqa.selenium.firefox.FirefoxDriver
Capabilities {acceptInsecureCerts: true, browserName: firefox, browserVersion: 52.5.1, javascriptEnabled: true, moz:accessibilityChecks: false, moz:processID: 13274, moz:profile: /tmp/rust_mozprofile.tdW1SA..., pageLoadStrategy: normal, platform: LINUX, platformName: LINUX, platformVersion: 3.10.0-514.el7.x86_64, rotatable: false, specificationLevel: 0, timeouts: {implicit: 0, page load: 300000, script: 30000}}
Session ID: 98b69056-ee3e-46d5-a34b-4e2f19441c5c
	at org.openqa.selenium.remote.http.W3CHttpResponseCodec.createException(W3CHttpResponseCodec.java:187)
	at org.openqa.selenium.remote.http.W3CHttpResponseCodec.decode(W3CHttpResponseCodec.java:122)
	at org.openqa.selenium.remote.http.W3CHttpResponseCodec.decode(W3CHttpResponseCodec.java:49)
	at org.openqa.selenium.remote.HttpCommandExecutor.execute(HttpCommandExecutor.java:160)
	at org.openqa.selenium.remote.service.DriverCommandExecutor.execute(DriverCommandExecutor.java:83)
	at org.openqa.selenium.remote.RemoteWebDriver.execute(RemoteWebDriver.java:601)
	at org.openqa.selenium.remote.RemoteWebElement.execute(RemoteWebElement.java:279)
	at org.openqa.selenium.remote.RemoteWebElement.click(RemoteWebElement.java:83)
	at org.openqa.selenium.support.ui.Select.setSelected(Select.java:324)
	at org.openqa.selenium.support.ui.Select.selectByVisibleText(Select.java:120)
	at testCases.AcademicAdministration.CoursewiseDetailReport.execute(CoursewiseDetailReport.java:24)
	at main.AcademicAdministrationTest.CoursewiseDetailReport(AcademicAdministrationTest.java:225)
	at main.Main.main(Main.java:26)
... Removed 26 stack frames</div></td></tr></table><p class="totop"><a href="#summary">back to summary</a></p>
<h3 id="m9">main.AcademicAdministrationTest#DefineSections_Add</h3><table class="result"><tr><th>Exception</th></tr><tr><td><div class="stacktrace">org.openqa.selenium.ElementNotInteractableException: 
Build info: version: &apos;3.10.0&apos;, revision: &apos;176b4a9&apos;, time: &apos;2018-03-02T19:11:12.151Z&apos;
System info: host: &apos;localhost.localdomain&apos;, ip: &apos;127.0.0.1&apos;, os.name: &apos;Linux&apos;, os.arch: &apos;amd64&apos;, os.version: &apos;3.10.0-514.el7.x86_64&apos;, java.version: &apos;1.8.0_102&apos;
Driver info: org.openqa.selenium.firefox.FirefoxDriver
Capabilities {acceptInsecureCerts: true, browserName: firefox, browserVersion: 52.5.1, javascriptEnabled: true, moz:accessibilityChecks: false, moz:processID: 13274, moz:profile: /tmp/rust_mozprofile.tdW1SA..., pageLoadStrategy: normal, platform: LINUX, platformName: LINUX, platformVersion: 3.10.0-514.el7.x86_64, rotatable: false, specificationLevel: 0, timeouts: {implicit: 0, page load: 300000, script: 30000}}
Session ID: 98b69056-ee3e-46d5-a34b-4e2f19441c5c
	at org.openqa.selenium.remote.http.W3CHttpResponseCodec.createException(W3CHttpResponseCodec.java:187)
	at org.openqa.selenium.remote.http.W3CHttpResponseCodec.decode(W3CHttpResponseCodec.java:122)
	at org.openqa.selenium.remote.http.W3CHttpResponseCodec.decode(W3CHttpResponseCodec.java:49)
	at org.openqa.selenium.remote.HttpCommandExecutor.execute(HttpCommandExecutor.java:160)
	at org.openqa.selenium.remote.service.DriverCommandExecutor.execute(DriverCommandExecutor.java:83)
	at org.openqa.selenium.remote.RemoteWebDriver.execute(RemoteWebDriver.java:601)
	at org.openqa.selenium.remote.RemoteWebElement.execute(RemoteWebElement.java:279)
	at org.openqa.selenium.remote.RemoteWebElement.click(RemoteWebElement.java:83)
	at testCases.AcademicAdministration.DefineSections_Add.execute(DefineSections_Add.java:13)
	at main.AcademicAdministrationTest.DefineSections_Add(AcademicAdministrationTest.java:129)
	at main.Main.main(Main.java:26)
... Removed 26 stack frames</div></td></tr></table><p class="totop"><a href="#summary">back to summary</a></p>
<h3 id="m10">main.AcademicAdministrationTest#DefineSections_Delete</h3><table class="result"><tr><th>Exception</th></tr><tr><td><div class="stacktrace">org.openqa.selenium.ElementNotInteractableException: 
Build info: version: &apos;3.10.0&apos;, revision: &apos;176b4a9&apos;, time: &apos;2018-03-02T19:11:12.151Z&apos;
System info: host: &apos;localhost.localdomain&apos;, ip: &apos;127.0.0.1&apos;, os.name: &apos;Linux&apos;, os.arch: &apos;amd64&apos;, os.version: &apos;3.10.0-514.el7.x86_64&apos;, java.version: &apos;1.8.0_102&apos;
Driver info: org.openqa.selenium.firefox.FirefoxDriver
Capabilities {acceptInsecureCerts: true, browserName: firefox, browserVersion: 52.5.1, javascriptEnabled: true, moz:accessibilityChecks: false, moz:processID: 13274, moz:profile: /tmp/rust_mozprofile.tdW1SA..., pageLoadStrategy: normal, platform: LINUX, platformName: LINUX, platformVersion: 3.10.0-514.el7.x86_64, rotatable: false, specificationLevel: 0, timeouts: {implicit: 0, page load: 300000, script: 30000}}
Session ID: 98b69056-ee3e-46d5-a34b-4e2f19441c5c
	at org.openqa.selenium.remote.http.W3CHttpResponseCodec.createException(W3CHttpResponseCodec.java:187)
	at org.openqa.selenium.remote.http.W3CHttpResponseCodec.decode(W3CHttpResponseCodec.java:122)
	at org.openqa.selenium.remote.http.W3CHttpResponseCodec.decode(W3CHttpResponseCodec.java:49)
	at org.openqa.selenium.remote.HttpCommandExecutor.execute(HttpCommandExecutor.java:160)
	at org.openqa.selenium.remote.service.DriverCommandExecutor.execute(DriverCommandExecutor.java:83)
	at org.openqa.selenium.remote.RemoteWebDriver.execute(RemoteWebDriver.java:601)
	at org.openqa.selenium.remote.RemoteWebElement.execute(RemoteWebElement.java:279)
	at org.openqa.selenium.remote.RemoteWebElement.click(RemoteWebElement.java:83)
	at testCases.AcademicAdministration.DefineSections_Delete.execute(DefineSections_Delete.java:14)
	at main.AcademicAdministrationTest.DefineSections_Delete(AcademicAdministrationTest.java:153)
	at main.Main.main(Main.java:26)
... Removed 25 stack frames</div></td></tr></table><p class="totop"><a href="#summary">back to summary</a></p>
<h3 id="m11">main.AcademicAdministrationTest#SubjectRegRule</h3><table class="result"><tr><th>Exception</th></tr><tr><td><div class="stacktrace">org.openqa.selenium.NoSuchElementException: Cannot locate element with text: MBA
For documentation on this error, please visit: http://seleniumhq.org/exceptions/no_such_element.html
Build info: version: &apos;3.10.0&apos;, revision: &apos;176b4a9&apos;, time: &apos;2018-03-02T19:11:12.151Z&apos;
System info: host: &apos;localhost.localdomain&apos;, ip: &apos;127.0.0.1&apos;, os.name: &apos;Linux&apos;, os.arch: &apos;amd64&apos;, os.version: &apos;3.10.0-514.el7.x86_64&apos;, java.version: &apos;1.8.0_102&apos;
Driver info: driver.version: unknown
	at org.openqa.selenium.support.ui.Select.selectByVisibleText(Select.java:151)
	at testCases.AcademicAdministration.SubjectRegRule.execute(SubjectRegRule.java:25)
	at main.AcademicAdministrationTest.SubjectRegRule(AcademicAdministrationTest.java:105)
	at main.Main.main(Main.java:26)
... Removed 22 stack frames</div></td></tr></table><p class="totop"><a href="#summary">back to summary</a></p>
<h3 id="m12">main.AcademicAdministrationTest#AcademicStructure_Courses_Add</h3><table class="result"><tr><th>Exception</th></tr><tr><td><div class="stacktrace">org.openqa.selenium.ElementNotInteractableException: 
Build info: version: &apos;3.10.0&apos;, revision: &apos;176b4a9&apos;, time: &apos;2018-03-02T19:11:12.151Z&apos;
System info: host: &apos;localhost.localdomain&apos;, ip: &apos;127.0.0.1&apos;, os.name: &apos;Linux&apos;, os.arch: &apos;amd64&apos;, os.version: &apos;3.10.0-514.el7.x86_64&apos;, java.version: &apos;1.8.0_102&apos;
Driver info: org.openqa.selenium.firefox.FirefoxDriver
Capabilities {acceptInsecureCerts: true, browserName: firefox, browserVersion: 52.5.1, javascriptEnabled: true, moz:accessibilityChecks: false, moz:processID: 13274, moz:profile: /tmp/rust_mozprofile.tdW1SA..., pageLoadStrategy: normal, platform: LINUX, platformName: LINUX, platformVersion: 3.10.0-514.el7.x86_64, rotatable: false, specificationLevel: 0, timeouts: {implicit: 0, page load: 300000, script: 30000}}
Session ID: 98b69056-ee3e-46d5-a34b-4e2f19441c5c
	at org.openqa.selenium.remote.http.W3CHttpResponseCodec.createException(W3CHttpResponseCodec.java:187)
	at org.openqa.selenium.remote.http.W3CHttpResponseCodec.decode(W3CHttpResponseCodec.java:122)
	at org.openqa.selenium.remote.http.W3CHttpResponseCodec.decode(W3CHttpResponseCodec.java:49)
	at org.openqa.selenium.remote.HttpCommandExecutor.execute(HttpCommandExecutor.java:160)
	at org.openqa.selenium.remote.service.DriverCommandExecutor.execute(DriverCommandExecutor.java:83)
	at org.openqa.selenium.remote.RemoteWebDriver.execute(RemoteWebDriver.java:601)
	at org.openqa.selenium.remote.RemoteWebElement.execute(RemoteWebElement.java:279)
	at org.openqa.selenium.remote.RemoteWebElement.click(RemoteWebElement.java:83)
	at testCases.AcademicAdministration.AcademicStructure_Courses_Add.execute(AcademicStructure_Courses_Add.java:17)
	at main.AcademicAdministrationTest.AcademicStructure_Courses_Add(AcademicAdministrationTest.java:177)
	at main.Main.main(Main.java:26)
... Removed 25 stack frames</div></td></tr></table><p class="totop"><a href="#summary">back to summary</a></p>
<h3 id="m13">main.AcademicAdministrationTest#AcademicStructure_Courses_Add</h3><table class="result"><tr><th>Exception</th></tr><tr><td><div class="stacktrace">org.openqa.selenium.ElementNotInteractableException: 
Build info: version: &apos;3.10.0&apos;, revision: &apos;176b4a9&apos;, time: &apos;2018-03-02T19:11:12.151Z&apos;
System info: host: &apos;localhost.localdomain&apos;, ip: &apos;127.0.0.1&apos;, os.name: &apos;Linux&apos;, os.arch: &apos;amd64&apos;, os.version: &apos;3.10.0-514.el7.x86_64&apos;, java.version: &apos;1.8.0_102&apos;
Driver info: org.openqa.selenium.firefox.FirefoxDriver
Capabilities {acceptInsecureCerts: true, browserName: firefox, browserVersion: 52.5.1, javascriptEnabled: true, moz:accessibilityChecks: false, moz:processID: 13274, moz:profile: /tmp/rust_mozprofile.tdW1SA..., pageLoadStrategy: normal, platform: LINUX, platformName: LINUX, platformVersion: 3.10.0-514.el7.x86_64, rotatable: false, specificationLevel: 0, timeouts: {implicit: 0, page load: 300000, script: 30000}}
Session ID: 98b69056-ee3e-46d5-a34b-4e2f19441c5c
	at org.openqa.selenium.remote.http.W3CHttpResponseCodec.createException(W3CHttpResponseCodec.java:187)
	at org.openqa.selenium.remote.http.W3CHttpResponseCodec.decode(W3CHttpResponseCodec.java:122)
	at org.openqa.selenium.remote.http.W3CHttpResponseCodec.decode(W3CHttpResponseCodec.java:49)
	at org.openqa.selenium.remote.HttpCommandExecutor.execute(HttpCommandExecutor.java:160)
	at org.openqa.selenium.remote.service.DriverCommandExecutor.execute(DriverCommandExecutor.java:83)
	at org.openqa.selenium.remote.RemoteWebDriver.execute(RemoteWebDriver.java:601)
	at org.openqa.selenium.remote.RemoteWebElement.execute(RemoteWebElement.java:279)
	at org.openqa.selenium.remote.RemoteWebElement.click(RemoteWebElement.java:83)
	at testCases.AcademicAdministration.AcademicStructure_Courses_Add.execute(AcademicStructure_Courses_Add.java:17)
	at main.AcademicAdministrationTest.AcademicStructure_Courses_Add(AcademicAdministrationTest.java:177)
	at main.Main.main(Main.java:26)
... Removed 25 stack frames</div></td></tr></table><p class="totop"><a href="#summary">back to summary</a></p>
<h3 id="m14">main.AcademicAdministrationTest#AcademicStructure_Courses_Add</h3><table class="result"><tr><th>Exception</th></tr><tr><td><div class="stacktrace">org.openqa.selenium.ElementNotInteractableException: 
Build info: version: &apos;3.10.0&apos;, revision: &apos;176b4a9&apos;, time: &apos;2018-03-02T19:11:12.151Z&apos;
System info: host: &apos;localhost.localdomain&apos;, ip: &apos;127.0.0.1&apos;, os.name: &apos;Linux&apos;, os.arch: &apos;amd64&apos;, os.version: &apos;3.10.0-514.el7.x86_64&apos;, java.version: &apos;1.8.0_102&apos;
Driver info: org.openqa.selenium.firefox.FirefoxDriver
Capabilities {acceptInsecureCerts: true, browserName: firefox, browserVersion: 52.5.1, javascriptEnabled: true, moz:accessibilityChecks: false, moz:processID: 13274, moz:profile: /tmp/rust_mozprofile.tdW1SA..., pageLoadStrategy: normal, platform: LINUX, platformName: LINUX, platformVersion: 3.10.0-514.el7.x86_64, rotatable: false, specificationLevel: 0, timeouts: {implicit: 0, page load: 300000, script: 30000}}
Session ID: 98b69056-ee3e-46d5-a34b-4e2f19441c5c
	at org.openqa.selenium.remote.http.W3CHttpResponseCodec.createException(W3CHttpResponseCodec.java:187)
	at org.openqa.selenium.remote.http.W3CHttpResponseCodec.decode(W3CHttpResponseCodec.java:122)
	at org.openqa.selenium.remote.http.W3CHttpResponseCodec.decode(W3CHttpResponseCodec.java:49)
	at org.openqa.selenium.remote.HttpCommandExecutor.execute(HttpCommandExecutor.java:160)
	at org.openqa.selenium.remote.service.DriverCommandExecutor.execute(DriverCommandExecutor.java:83)
	at org.openqa.selenium.remote.RemoteWebDriver.execute(RemoteWebDriver.java:601)
	at org.openqa.selenium.remote.RemoteWebElement.execute(RemoteWebElement.java:279)
	at org.openqa.selenium.remote.RemoteWebElement.click(RemoteWebElement.java:83)
	at testCases.AcademicAdministration.AcademicStructure_Courses_Add.execute(AcademicStructure_Courses_Add.java:17)
	at main.AcademicAdministrationTest.AcademicStructure_Courses_Add(AcademicAdministrationTest.java:177)
	at main.Main.main(Main.java:26)
... Removed 25 stack frames</div></td></tr></table><p class="totop"><a href="#summary">back to summary</a></p>
<h3 id="m15">main.AcademicAdministrationTest#AcademicStructure_Courses_Add</h3><table class="result"><tr><th>Exception</th></tr><tr><td><div class="stacktrace">org.openqa.selenium.ElementNotInteractableException: 
Build info: version: &apos;3.10.0&apos;, revision: &apos;176b4a9&apos;, time: &apos;2018-03-02T19:11:12.151Z&apos;
System info: host: &apos;localhost.localdomain&apos;, ip: &apos;127.0.0.1&apos;, os.name: &apos;Linux&apos;, os.arch: &apos;amd64&apos;, os.version: &apos;3.10.0-514.el7.x86_64&apos;, java.version: &apos;1.8.0_102&apos;
Driver info: org.openqa.selenium.firefox.FirefoxDriver
Capabilities {acceptInsecureCerts: true, browserName: firefox, browserVersion: 52.5.1, javascriptEnabled: true, moz:accessibilityChecks: false, moz:processID: 13274, moz:profile: /tmp/rust_mozprofile.tdW1SA..., pageLoadStrategy: normal, platform: LINUX, platformName: LINUX, platformVersion: 3.10.0-514.el7.x86_64, rotatable: false, specificationLevel: 0, timeouts: {implicit: 0, page load: 300000, script: 30000}}
Session ID: 98b69056-ee3e-46d5-a34b-4e2f19441c5c
	at org.openqa.selenium.remote.http.W3CHttpResponseCodec.createException(W3CHttpResponseCodec.java:187)
	at org.openqa.selenium.remote.http.W3CHttpResponseCodec.decode(W3CHttpResponseCodec.java:122)
	at org.openqa.selenium.remote.http.W3CHttpResponseCodec.decode(W3CHttpResponseCodec.java:49)
	at org.openqa.selenium.remote.HttpCommandExecutor.execute(HttpCommandExecutor.java:160)
	at org.openqa.selenium.remote.service.DriverCommandExecutor.execute(DriverCommandExecutor.java:83)
	at org.openqa.selenium.remote.RemoteWebDriver.execute(RemoteWebDriver.java:601)
	at org.openqa.selenium.remote.RemoteWebElement.execute(RemoteWebElement.java:279)
	at org.openqa.selenium.remote.RemoteWebElement.click(RemoteWebElement.java:83)
	at testCases.AcademicAdministration.AcademicStructure_Courses_Add.execute(AcademicStructure_Courses_Add.java:17)
	at main.AcademicAdministrationTest.AcademicStructure_Courses_Add(AcademicAdministrationTest.java:177)
	at main.Main.main(Main.java:26)
... Removed 25 stack frames</div></td></tr></table><p class="totop"><a href="#summary">back to summary</a></p>
<h3 id="m16">main.AcademicAdministrationTest#AcademicStructure_Courses_Delete</h3><table class="result"><tr><th>Exception</th></tr><tr><td><div class="stacktrace">java.lang.Exception
	at utility.Utils.takeScreenshot(Utils.java:136)
	at main.AcademicAdministrationTest.AcademicStructure_Courses_Delete(AcademicAdministrationTest.java:212)
	at main.Main.main(Main.java:26)
... Removed 22 stack frames</div></td></tr></table><p class="totop"><a href="#summary">back to summary</a></p>
<h3 id="m17">main.AcademicAdministrationTest#AcademicStructure_Courses_Delete</h3><table class="result"><tr><th>Exception</th></tr><tr><td><div class="stacktrace">java.lang.Exception
	at utility.Utils.takeScreenshot(Utils.java:136)
	at main.AcademicAdministrationTest.AcademicStructure_Courses_Delete(AcademicAdministrationTest.java:212)
	at main.Main.main(Main.java:26)
... Removed 22 stack frames</div></td></tr></table><p class="totop"><a href="#summary">back to summary</a></p>
<h3 id="m18">main.AcademicAdministrationTest#AcademicStructure_Courses_Delete</h3><table class="result"><tr><th>Exception</th></tr><tr><td><div class="stacktrace">java.lang.Exception
	at utility.Utils.takeScreenshot(Utils.java:136)
	at main.AcademicAdministrationTest.AcademicStructure_Courses_Delete(AcademicAdministrationTest.java:212)
	at main.Main.main(Main.java:26)
... Removed 22 stack frames</div></td></tr></table><p class="totop"><a href="#summary">back to summary</a></p>
<h3 id="m19">main.AcademicAdministrationTest#AcademicStructure_Courses_Delete</h3><table class="result"><tr><th>Exception</th></tr><tr><td><div class="stacktrace">java.lang.Exception
	at utility.Utils.takeScreenshot(Utils.java:136)
	at main.AcademicAdministrationTest.AcademicStructure_Courses_Delete(AcademicAdministrationTest.java:212)
	at main.Main.main(Main.java:26)
... Removed 22 stack frames</div></td></tr></table><p class="totop"><a href="#summary">back to summary</a></p>
<h3 id="m20">main.AcademicAdministrationTest#CoursewiseDetailReport</h3><table class="result"><tr><th>Exception</th></tr><tr><td><div class="stacktrace">org.openqa.selenium.ElementNotInteractableException: 
Build info: version: &apos;3.10.0&apos;, revision: &apos;176b4a9&apos;, time: &apos;2018-03-02T19:11:12.151Z&apos;
System info: host: &apos;localhost.localdomain&apos;, ip: &apos;127.0.0.1&apos;, os.name: &apos;Linux&apos;, os.arch: &apos;amd64&apos;, os.version: &apos;3.10.0-514.el7.x86_64&apos;, java.version: &apos;1.8.0_102&apos;
Driver info: org.openqa.selenium.firefox.FirefoxDriver
Capabilities {acceptInsecureCerts: true, browserName: firefox, browserVersion: 52.5.1, javascriptEnabled: true, moz:accessibilityChecks: false, moz:processID: 13274, moz:profile: /tmp/rust_mozprofile.tdW1SA..., pageLoadStrategy: normal, platform: LINUX, platformName: LINUX, platformVersion: 3.10.0-514.el7.x86_64, rotatable: false, specificationLevel: 0, timeouts: {implicit: 0, page load: 300000, script: 30000}}
Session ID: 98b69056-ee3e-46d5-a34b-4e2f19441c5c
	at org.openqa.selenium.remote.http.W3CHttpResponseCodec.createException(W3CHttpResponseCodec.java:187)
	at org.openqa.selenium.remote.http.W3CHttpResponseCodec.decode(W3CHttpResponseCodec.java:122)
	at org.openqa.selenium.remote.http.W3CHttpResponseCodec.decode(W3CHttpResponseCodec.java:49)
	at org.openqa.selenium.remote.HttpCommandExecutor.execute(HttpCommandExecutor.java:160)
	at org.openqa.selenium.remote.service.DriverCommandExecutor.execute(DriverCommandExecutor.java:83)
	at org.openqa.selenium.remote.RemoteWebDriver.execute(RemoteWebDriver.java:601)
	at org.openqa.selenium.remote.RemoteWebElement.execute(RemoteWebElement.java:279)
	at org.openqa.selenium.remote.RemoteWebElement.click(RemoteWebElement.java:83)
	at org.openqa.selenium.support.ui.Select.setSelected(Select.java:324)
	at org.openqa.selenium.support.ui.Select.selectByVisibleText(Select.java:120)
	at testCases.AcademicAdministration.CoursewiseDetailReport.execute(CoursewiseDetailReport.java:24)
	at main.AcademicAdministrationTest.CoursewiseDetailReport(AcademicAdministrationTest.java:225)
	at main.Main.main(Main.java:26)
... Removed 26 stack frames</div></td></tr></table><p class="totop"><a href="#summary">back to summary</a></p>
<h3 id="m21">main.AcademicAdministrationTest#CoursewiseDetailReport</h3><table class="result"><tr><th>Exception</th></tr><tr><td><div class="stacktrace">org.openqa.selenium.ElementNotInteractableException: 
Build info: version: &apos;3.10.0&apos;, revision: &apos;176b4a9&apos;, time: &apos;2018-03-02T19:11:12.151Z&apos;
System info: host: &apos;localhost.localdomain&apos;, ip: &apos;127.0.0.1&apos;, os.name: &apos;Linux&apos;, os.arch: &apos;amd64&apos;, os.version: &apos;3.10.0-514.el7.x86_64&apos;, java.version: &apos;1.8.0_102&apos;
Driver info: org.openqa.selenium.firefox.FirefoxDriver
Capabilities {acceptInsecureCerts: true, browserName: firefox, browserVersion: 52.5.1, javascriptEnabled: true, moz:accessibilityChecks: false, moz:processID: 13274, moz:profile: /tmp/rust_mozprofile.tdW1SA..., pageLoadStrategy: normal, platform: LINUX, platformName: LINUX, platformVersion: 3.10.0-514.el7.x86_64, rotatable: false, specificationLevel: 0, timeouts: {implicit: 0, page load: 300000, script: 30000}}
Session ID: 98b69056-ee3e-46d5-a34b-4e2f19441c5c
	at org.openqa.selenium.remote.http.W3CHttpResponseCodec.createException(W3CHttpResponseCodec.java:187)
	at org.openqa.selenium.remote.http.W3CHttpResponseCodec.decode(W3CHttpResponseCodec.java:122)
	at org.openqa.selenium.remote.http.W3CHttpResponseCodec.decode(W3CHttpResponseCodec.java:49)
	at org.openqa.selenium.remote.HttpCommandExecutor.execute(HttpCommandExecutor.java:160)
	at org.openqa.selenium.remote.service.DriverCommandExecutor.execute(DriverCommandExecutor.java:83)
	at org.openqa.selenium.remote.RemoteWebDriver.execute(RemoteWebDriver.java:601)
	at org.openqa.selenium.remote.RemoteWebElement.execute(RemoteWebElement.java:279)
	at org.openqa.selenium.remote.RemoteWebElement.click(RemoteWebElement.java:83)
	at testCases.AcademicAdministration.CoursewiseDetailReport.execute(CoursewiseDetailReport.java:21)
	at main.AcademicAdministrationTest.CoursewiseDetailReport(AcademicAdministrationTest.java:225)
	at main.Main.main(Main.java:26)
... Removed 26 stack frames</div></td></tr></table><p class="totop"><a href="#summary">back to summary</a></p>
<h3 id="m22">main.AcademicAdministrationTest#CoursewiseDetailReport</h3><table class="result"><tr><th>Exception</th></tr><tr><td><div class="stacktrace">org.openqa.selenium.ElementNotInteractableException: 
Build info: version: &apos;3.10.0&apos;, revision: &apos;176b4a9&apos;, time: &apos;2018-03-02T19:11:12.151Z&apos;
System info: host: &apos;localhost.localdomain&apos;, ip: &apos;127.0.0.1&apos;, os.name: &apos;Linux&apos;, os.arch: &apos;amd64&apos;, os.version: &apos;3.10.0-514.el7.x86_64&apos;, java.version: &apos;1.8.0_102&apos;
Driver info: org.openqa.selenium.firefox.FirefoxDriver
Capabilities {acceptInsecureCerts: true, browserName: firefox, browserVersion: 52.5.1, javascriptEnabled: true, moz:accessibilityChecks: false, moz:processID: 13274, moz:profile: /tmp/rust_mozprofile.tdW1SA..., pageLoadStrategy: normal, platform: LINUX, platformName: LINUX, platformVersion: 3.10.0-514.el7.x86_64, rotatable: false, specificationLevel: 0, timeouts: {implicit: 0, page load: 300000, script: 30000}}
Session ID: 98b69056-ee3e-46d5-a34b-4e2f19441c5c
	at org.openqa.selenium.remote.http.W3CHttpResponseCodec.createException(W3CHttpResponseCodec.java:187)
	at org.openqa.selenium.remote.http.W3CHttpResponseCodec.decode(W3CHttpResponseCodec.java:122)
	at org.openqa.selenium.remote.http.W3CHttpResponseCodec.decode(W3CHttpResponseCodec.java:49)
	at org.openqa.selenium.remote.HttpCommandExecutor.execute(HttpCommandExecutor.java:160)
	at org.openqa.selenium.remote.service.DriverCommandExecutor.execute(DriverCommandExecutor.java:83)
	at org.openqa.selenium.remote.RemoteWebDriver.execute(RemoteWebDriver.java:601)
	at org.openqa.selenium.remote.RemoteWebElement.execute(RemoteWebElement.java:279)
	at org.openqa.selenium.remote.RemoteWebElement.click(RemoteWebElement.java:83)
	at org.openqa.selenium.support.ui.Select.setSelected(Select.java:324)
	at org.openqa.selenium.support.ui.Select.selectByVisibleText(Select.java:120)
	at testCases.AcademicAdministration.CoursewiseDetailReport.execute(CoursewiseDetailReport.java:24)
	at main.AcademicAdministrationTest.CoursewiseDetailReport(AcademicAdministrationTest.java:225)
	at main.Main.main(Main.java:26)
... Removed 26 stack frames</div></td></tr></table><p class="totop"><a href="#summary">back to summary</a></p>
<h3 id="m23">main.AcademicAdministrationTest#CoursewiseDetailReport</h3><table class="result"><tr><th>Exception</th></tr><tr><td><div class="stacktrace">org.openqa.selenium.ElementNotInteractableException: 
Build info: version: &apos;3.10.0&apos;, revision: &apos;176b4a9&apos;, time: &apos;2018-03-02T19:11:12.151Z&apos;
System info: host: &apos;localhost.localdomain&apos;, ip: &apos;127.0.0.1&apos;, os.name: &apos;Linux&apos;, os.arch: &apos;amd64&apos;, os.version: &apos;3.10.0-514.el7.x86_64&apos;, java.version: &apos;1.8.0_102&apos;
Driver info: org.openqa.selenium.firefox.FirefoxDriver
Capabilities {acceptInsecureCerts: true, browserName: firefox, browserVersion: 52.5.1, javascriptEnabled: true, moz:accessibilityChecks: false, moz:processID: 13274, moz:profile: /tmp/rust_mozprofile.tdW1SA..., pageLoadStrategy: normal, platform: LINUX, platformName: LINUX, platformVersion: 3.10.0-514.el7.x86_64, rotatable: false, specificationLevel: 0, timeouts: {implicit: 0, page load: 300000, script: 30000}}
Session ID: 98b69056-ee3e-46d5-a34b-4e2f19441c5c
	at org.openqa.selenium.remote.http.W3CHttpResponseCodec.createException(W3CHttpResponseCodec.java:187)
	at org.openqa.selenium.remote.http.W3CHttpResponseCodec.decode(W3CHttpResponseCodec.java:122)
	at org.openqa.selenium.remote.http.W3CHttpResponseCodec.decode(W3CHttpResponseCodec.java:49)
	at org.openqa.selenium.remote.HttpCommandExecutor.execute(HttpCommandExecutor.java:160)
	at org.openqa.selenium.remote.service.DriverCommandExecutor.execute(DriverCommandExecutor.java:83)
	at org.openqa.selenium.remote.RemoteWebDriver.execute(RemoteWebDriver.java:601)
	at org.openqa.selenium.remote.RemoteWebElement.execute(RemoteWebElement.java:279)
	at org.openqa.selenium.remote.RemoteWebElement.click(RemoteWebElement.java:83)
	at testCases.AcademicAdministration.CoursewiseDetailReport.execute(CoursewiseDetailReport.java:21)
	at main.AcademicAdministrationTest.CoursewiseDetailReport(AcademicAdministrationTest.java:225)
	at main.Main.main(Main.java:26)
... Removed 26 stack frames</div></td></tr></table><p class="totop"><a href="#summary">back to summary</a></p>
<h3 id="m24">main.AcademicAdministrationTest#DefineSections_Add</h3><table class="result"><tr><th>Exception</th></tr><tr><td><div class="stacktrace">org.openqa.selenium.ElementNotInteractableException: 
Build info: version: &apos;3.10.0&apos;, revision: &apos;176b4a9&apos;, time: &apos;2018-03-02T19:11:12.151Z&apos;
System info: host: &apos;localhost.localdomain&apos;, ip: &apos;127.0.0.1&apos;, os.name: &apos;Linux&apos;, os.arch: &apos;amd64&apos;, os.version: &apos;3.10.0-514.el7.x86_64&apos;, java.version: &apos;1.8.0_102&apos;
Driver info: org.openqa.selenium.firefox.FirefoxDriver
Capabilities {acceptInsecureCerts: true, browserName: firefox, browserVersion: 52.5.1, javascriptEnabled: true, moz:accessibilityChecks: false, moz:processID: 13274, moz:profile: /tmp/rust_mozprofile.tdW1SA..., pageLoadStrategy: normal, platform: LINUX, platformName: LINUX, platformVersion: 3.10.0-514.el7.x86_64, rotatable: false, specificationLevel: 0, timeouts: {implicit: 0, page load: 300000, script: 30000}}
Session ID: 98b69056-ee3e-46d5-a34b-4e2f19441c5c
	at org.openqa.selenium.remote.http.W3CHttpResponseCodec.createException(W3CHttpResponseCodec.java:187)
	at org.openqa.selenium.remote.http.W3CHttpResponseCodec.decode(W3CHttpResponseCodec.java:122)
	at org.openqa.selenium.remote.http.W3CHttpResponseCodec.decode(W3CHttpResponseCodec.java:49)
	at org.openqa.selenium.remote.HttpCommandExecutor.execute(HttpCommandExecutor.java:160)
	at org.openqa.selenium.remote.service.DriverCommandExecutor.execute(DriverCommandExecutor.java:83)
	at org.openqa.selenium.remote.RemoteWebDriver.execute(RemoteWebDriver.java:601)
	at org.openqa.selenium.remote.RemoteWebElement.execute(RemoteWebElement.java:279)
	at org.openqa.selenium.remote.RemoteWebElement.click(RemoteWebElement.java:83)
	at testCases.AcademicAdministration.DefineSections_Add.execute(DefineSections_Add.java:13)
	at main.AcademicAdministrationTest.DefineSections_Add(AcademicAdministrationTest.java:129)
	at main.Main.main(Main.java:26)
... Removed 26 stack frames</div></td></tr></table><p class="totop"><a href="#summary">back to summary</a></p>
<h3 id="m25">main.AcademicAdministrationTest#DefineSections_Add</h3><table class="result"><tr><th>Exception</th></tr><tr><td><div class="stacktrace">org.openqa.selenium.ElementNotInteractableException: 
Build info: version: &apos;3.10.0&apos;, revision: &apos;176b4a9&apos;, time: &apos;2018-03-02T19:11:12.151Z&apos;
System info: host: &apos;localhost.localdomain&apos;, ip: &apos;127.0.0.1&apos;, os.name: &apos;Linux&apos;, os.arch: &apos;amd64&apos;, os.version: &apos;3.10.0-514.el7.x86_64&apos;, java.version: &apos;1.8.0_102&apos;
Driver info: org.openqa.selenium.firefox.FirefoxDriver
Capabilities {acceptInsecureCerts: true, browserName: firefox, browserVersion: 52.5.1, javascriptEnabled: true, moz:accessibilityChecks: false, moz:processID: 13274, moz:profile: /tmp/rust_mozprofile.tdW1SA..., pageLoadStrategy: normal, platform: LINUX, platformName: LINUX, platformVersion: 3.10.0-514.el7.x86_64, rotatable: false, specificationLevel: 0, timeouts: {implicit: 0, page load: 300000, script: 30000}}
Session ID: 98b69056-ee3e-46d5-a34b-4e2f19441c5c
	at org.openqa.selenium.remote.http.W3CHttpResponseCodec.createException(W3CHttpResponseCodec.java:187)
	at org.openqa.selenium.remote.http.W3CHttpResponseCodec.decode(W3CHttpResponseCodec.java:122)
	at org.openqa.selenium.remote.http.W3CHttpResponseCodec.decode(W3CHttpResponseCodec.java:49)
	at org.openqa.selenium.remote.HttpCommandExecutor.execute(HttpCommandExecutor.java:160)
	at org.openqa.selenium.remote.service.DriverCommandExecutor.execute(DriverCommandExecutor.java:83)
	at org.openqa.selenium.remote.RemoteWebDriver.execute(RemoteWebDriver.java:601)
	at org.openqa.selenium.remote.RemoteWebElement.execute(RemoteWebElement.java:279)
	at org.openqa.selenium.remote.RemoteWebElement.click(RemoteWebElement.java:83)
	at testCases.AcademicAdministration.DefineSections_Add.execute(DefineSections_Add.java:13)
	at main.AcademicAdministrationTest.DefineSections_Add(AcademicAdministrationTest.java:129)
	at main.Main.main(Main.java:26)
... Removed 26 stack frames</div></td></tr></table><p class="totop"><a href="#summary">back to summary</a></p>
<h3 id="m26">main.AcademicAdministrationTest#DefineSections_Add</h3><table class="result"><tr><th>Exception</th></tr><tr><td><div class="stacktrace">org.openqa.selenium.ElementNotInteractableException: 
Build info: version: &apos;3.10.0&apos;, revision: &apos;176b4a9&apos;, time: &apos;2018-03-02T19:11:12.151Z&apos;
System info: host: &apos;localhost.localdomain&apos;, ip: &apos;127.0.0.1&apos;, os.name: &apos;Linux&apos;, os.arch: &apos;amd64&apos;, os.version: &apos;3.10.0-514.el7.x86_64&apos;, java.version: &apos;1.8.0_102&apos;
Driver info: org.openqa.selenium.firefox.FirefoxDriver
Capabilities {acceptInsecureCerts: true, browserName: firefox, browserVersion: 52.5.1, javascriptEnabled: true, moz:accessibilityChecks: false, moz:processID: 13274, moz:profile: /tmp/rust_mozprofile.tdW1SA..., pageLoadStrategy: normal, platform: LINUX, platformName: LINUX, platformVersion: 3.10.0-514.el7.x86_64, rotatable: false, specificationLevel: 0, timeouts: {implicit: 0, page load: 300000, script: 30000}}
Session ID: 98b69056-ee3e-46d5-a34b-4e2f19441c5c
	at org.openqa.selenium.remote.http.W3CHttpResponseCodec.createException(W3CHttpResponseCodec.java:187)
	at org.openqa.selenium.remote.http.W3CHttpResponseCodec.decode(W3CHttpResponseCodec.java:122)
	at org.openqa.selenium.remote.http.W3CHttpResponseCodec.decode(W3CHttpResponseCodec.java:49)
	at org.openqa.selenium.remote.HttpCommandExecutor.execute(HttpCommandExecutor.java:160)
	at org.openqa.selenium.remote.service.DriverCommandExecutor.execute(DriverCommandExecutor.java:83)
	at org.openqa.selenium.remote.RemoteWebDriver.execute(RemoteWebDriver.java:601)
	at org.openqa.selenium.remote.RemoteWebElement.execute(RemoteWebElement.java:279)
	at org.openqa.selenium.remote.RemoteWebElement.click(RemoteWebElement.java:83)
	at testCases.AcademicAdministration.DefineSections_Add.execute(DefineSections_Add.java:13)
	at main.AcademicAdministrationTest.DefineSections_Add(AcademicAdministrationTest.java:129)
	at main.Main.main(Main.java:26)
... Removed 26 stack frames</div></td></tr></table><p class="totop"><a href="#summary">back to summary</a></p>
<h3 id="m27">main.AcademicAdministrationTest#DefineSections_Add</h3><table class="result"><tr><th>Exception</th></tr><tr><td><div class="stacktrace">org.openqa.selenium.ElementNotInteractableException: 
Build info: version: &apos;3.10.0&apos;, revision: &apos;176b4a9&apos;, time: &apos;2018-03-02T19:11:12.151Z&apos;
System info: host: &apos;localhost.localdomain&apos;, ip: &apos;127.0.0.1&apos;, os.name: &apos;Linux&apos;, os.arch: &apos;amd64&apos;, os.version: &apos;3.10.0-514.el7.x86_64&apos;, java.version: &apos;1.8.0_102&apos;
Driver info: org.openqa.selenium.firefox.FirefoxDriver
Capabilities {acceptInsecureCerts: true, browserName: firefox, browserVersion: 52.5.1, javascriptEnabled: true, moz:accessibilityChecks: false, moz:processID: 13274, moz:profile: /tmp/rust_mozprofile.tdW1SA..., pageLoadStrategy: normal, platform: LINUX, platformName: LINUX, platformVersion: 3.10.0-514.el7.x86_64, rotatable: false, specificationLevel: 0, timeouts: {implicit: 0, page load: 300000, script: 30000}}
Session ID: 98b69056-ee3e-46d5-a34b-4e2f19441c5c
	at org.openqa.selenium.remote.http.W3CHttpResponseCodec.createException(W3CHttpResponseCodec.java:187)
	at org.openqa.selenium.remote.http.W3CHttpResponseCodec.decode(W3CHttpResponseCodec.java:122)
	at org.openqa.selenium.remote.http.W3CHttpResponseCodec.decode(W3CHttpResponseCodec.java:49)
	at org.openqa.selenium.remote.HttpCommandExecutor.execute(HttpCommandExecutor.java:160)
	at org.openqa.selenium.remote.service.DriverCommandExecutor.execute(DriverCommandExecutor.java:83)
	at org.openqa.selenium.remote.RemoteWebDriver.execute(RemoteWebDriver.java:601)
	at org.openqa.selenium.remote.RemoteWebElement.execute(RemoteWebElement.java:279)
	at org.openqa.selenium.remote.RemoteWebElement.click(RemoteWebElement.java:83)
	at testCases.AcademicAdministration.DefineSections_Add.execute(DefineSections_Add.java:13)
	at main.AcademicAdministrationTest.DefineSections_Add(AcademicAdministrationTest.java:129)
	at main.Main.main(Main.java:26)
... Removed 26 stack frames</div></td></tr></table><p class="totop"><a href="#summary">back to summary</a></p>
<h3 id="m28">main.AcademicAdministrationTest#DefineSections_Delete</h3><table class="result"><tr><th>Exception</th></tr><tr><td><div class="stacktrace">org.openqa.selenium.ElementNotInteractableException: 
Build info: version: &apos;3.10.0&apos;, revision: &apos;176b4a9&apos;, time: &apos;2018-03-02T19:11:12.151Z&apos;
System info: host: &apos;localhost.localdomain&apos;, ip: &apos;127.0.0.1&apos;, os.name: &apos;Linux&apos;, os.arch: &apos;amd64&apos;, os.version: &apos;3.10.0-514.el7.x86_64&apos;, java.version: &apos;1.8.0_102&apos;
Driver info: org.openqa.selenium.firefox.FirefoxDriver
Capabilities {acceptInsecureCerts: true, browserName: firefox, browserVersion: 52.5.1, javascriptEnabled: true, moz:accessibilityChecks: false, moz:processID: 13274, moz:profile: /tmp/rust_mozprofile.tdW1SA..., pageLoadStrategy: normal, platform: LINUX, platformName: LINUX, platformVersion: 3.10.0-514.el7.x86_64, rotatable: false, specificationLevel: 0, timeouts: {implicit: 0, page load: 300000, script: 30000}}
Session ID: 98b69056-ee3e-46d5-a34b-4e2f19441c5c
	at org.openqa.selenium.remote.http.W3CHttpResponseCodec.createException(W3CHttpResponseCodec.java:187)
	at org.openqa.selenium.remote.http.W3CHttpResponseCodec.decode(W3CHttpResponseCodec.java:122)
	at org.openqa.selenium.remote.http.W3CHttpResponseCodec.decode(W3CHttpResponseCodec.java:49)
	at org.openqa.selenium.remote.HttpCommandExecutor.execute(HttpCommandExecutor.java:160)
	at org.openqa.selenium.remote.service.DriverCommandExecutor.execute(DriverCommandExecutor.java:83)
	at org.openqa.selenium.remote.RemoteWebDriver.execute(RemoteWebDriver.java:601)
	at org.openqa.selenium.remote.RemoteWebElement.execute(RemoteWebElement.java:279)
	at org.openqa.selenium.remote.RemoteWebElement.click(RemoteWebElement.java:83)
	at testCases.AcademicAdministration.DefineSections_Delete.execute(DefineSections_Delete.java:14)
	at main.AcademicAdministrationTest.DefineSections_Delete(AcademicAdministrationTest.java:153)
	at main.Main.main(Main.java:26)
... Removed 26 stack frames</div></td></tr></table><p class="totop"><a href="#summary">back to summary</a></p>
<h3 id="m29">main.AcademicAdministrationTest#DefineSections_Delete</h3><table class="result"><tr><th>Exception</th></tr><tr><td><div class="stacktrace">org.openqa.selenium.ElementNotInteractableException: 
Build info: version: &apos;3.10.0&apos;, revision: &apos;176b4a9&apos;, time: &apos;2018-03-02T19:11:12.151Z&apos;
System info: host: &apos;localhost.localdomain&apos;, ip: &apos;127.0.0.1&apos;, os.name: &apos;Linux&apos;, os.arch: &apos;amd64&apos;, os.version: &apos;3.10.0-514.el7.x86_64&apos;, java.version: &apos;1.8.0_102&apos;
Driver info: org.openqa.selenium.firefox.FirefoxDriver
Capabilities {acceptInsecureCerts: true, browserName: firefox, browserVersion: 52.5.1, javascriptEnabled: true, moz:accessibilityChecks: false, moz:processID: 13274, moz:profile: /tmp/rust_mozprofile.tdW1SA..., pageLoadStrategy: normal, platform: LINUX, platformName: LINUX, platformVersion: 3.10.0-514.el7.x86_64, rotatable: false, specificationLevel: 0, timeouts: {implicit: 0, page load: 300000, script: 30000}}
Session ID: 98b69056-ee3e-46d5-a34b-4e2f19441c5c
	at org.openqa.selenium.remote.http.W3CHttpResponseCodec.createException(W3CHttpResponseCodec.java:187)
	at org.openqa.selenium.remote.http.W3CHttpResponseCodec.decode(W3CHttpResponseCodec.java:122)
	at org.openqa.selenium.remote.http.W3CHttpResponseCodec.decode(W3CHttpResponseCodec.java:49)
	at org.openqa.selenium.remote.HttpCommandExecutor.execute(HttpCommandExecutor.java:160)
	at org.openqa.selenium.remote.service.DriverCommandExecutor.execute(DriverCommandExecutor.java:83)
	at org.openqa.selenium.remote.RemoteWebDriver.execute(RemoteWebDriver.java:601)
	at org.openqa.selenium.remote.RemoteWebElement.execute(RemoteWebElement.java:279)
	at org.openqa.selenium.remote.RemoteWebElement.click(RemoteWebElement.java:83)
	at testCases.AcademicAdministration.DefineSections_Delete.execute(DefineSections_Delete.java:14)
	at main.AcademicAdministrationTest.DefineSections_Delete(AcademicAdministrationTest.java:153)
	at main.Main.main(Main.java:26)
... Removed 25 stack frames</div></td></tr></table><p class="totop"><a href="#summary">back to summary</a></p>
<h3 id="m30">main.AcademicAdministrationTest#DefineSections_Delete</h3><table class="result"><tr><th>Exception</th></tr><tr><td><div class="stacktrace">org.openqa.selenium.ElementNotInteractableException: 
Build info: version: &apos;3.10.0&apos;, revision: &apos;176b4a9&apos;, time: &apos;2018-03-02T19:11:12.151Z&apos;
System info: host: &apos;localhost.localdomain&apos;, ip: &apos;127.0.0.1&apos;, os.name: &apos;Linux&apos;, os.arch: &apos;amd64&apos;, os.version: &apos;3.10.0-514.el7.x86_64&apos;, java.version: &apos;1.8.0_102&apos;
Driver info: org.openqa.selenium.firefox.FirefoxDriver
Capabilities {acceptInsecureCerts: true, browserName: firefox, browserVersion: 52.5.1, javascriptEnabled: true, moz:accessibilityChecks: false, moz:processID: 13274, moz:profile: /tmp/rust_mozprofile.tdW1SA..., pageLoadStrategy: normal, platform: LINUX, platformName: LINUX, platformVersion: 3.10.0-514.el7.x86_64, rotatable: false, specificationLevel: 0, timeouts: {implicit: 0, page load: 300000, script: 30000}}
Session ID: 98b69056-ee3e-46d5-a34b-4e2f19441c5c
	at org.openqa.selenium.remote.http.W3CHttpResponseCodec.createException(W3CHttpResponseCodec.java:187)
	at org.openqa.selenium.remote.http.W3CHttpResponseCodec.decode(W3CHttpResponseCodec.java:122)
	at org.openqa.selenium.remote.http.W3CHttpResponseCodec.decode(W3CHttpResponseCodec.java:49)
	at org.openqa.selenium.remote.HttpCommandExecutor.execute(HttpCommandExecutor.java:160)
	at org.openqa.selenium.remote.service.DriverCommandExecutor.execute(DriverCommandExecutor.java:83)
	at org.openqa.selenium.remote.RemoteWebDriver.execute(RemoteWebDriver.java:601)
	at org.openqa.selenium.remote.RemoteWebElement.execute(RemoteWebElement.java:279)
	at org.openqa.selenium.remote.RemoteWebElement.click(RemoteWebElement.java:83)
	at testCases.AcademicAdministration.DefineSections_Delete.execute(DefineSections_Delete.java:14)
	at main.AcademicAdministrationTest.DefineSections_Delete(AcademicAdministrationTest.java:153)
	at main.Main.main(Main.java:26)
... Removed 25 stack frames</div></td></tr></table><p class="totop"><a href="#summary">back to summary</a></p>
<h3 id="m31">main.AcademicAdministrationTest#DefineSections_Delete</h3><table class="result"><tr><th>Exception</th></tr><tr><td><div class="stacktrace">org.openqa.selenium.ElementNotInteractableException: 
Build info: version: &apos;3.10.0&apos;, revision: &apos;176b4a9&apos;, time: &apos;2018-03-02T19:11:12.151Z&apos;
System info: host: &apos;localhost.localdomain&apos;, ip: &apos;127.0.0.1&apos;, os.name: &apos;Linux&apos;, os.arch: &apos;amd64&apos;, os.version: &apos;3.10.0-514.el7.x86_64&apos;, java.version: &apos;1.8.0_102&apos;
Driver info: org.openqa.selenium.firefox.FirefoxDriver
Capabilities {acceptInsecureCerts: true, browserName: firefox, browserVersion: 52.5.1, javascriptEnabled: true, moz:accessibilityChecks: false, moz:processID: 13274, moz:profile: /tmp/rust_mozprofile.tdW1SA..., pageLoadStrategy: normal, platform: LINUX, platformName: LINUX, platformVersion: 3.10.0-514.el7.x86_64, rotatable: false, specificationLevel: 0, timeouts: {implicit: 0, page load: 300000, script: 30000}}
Session ID: 98b69056-ee3e-46d5-a34b-4e2f19441c5c
	at org.openqa.selenium.remote.http.W3CHttpResponseCodec.createException(W3CHttpResponseCodec.java:187)
	at org.openqa.selenium.remote.http.W3CHttpResponseCodec.decode(W3CHttpResponseCodec.java:122)
	at org.openqa.selenium.remote.http.W3CHttpResponseCodec.decode(W3CHttpResponseCodec.java:49)
	at org.openqa.selenium.remote.HttpCommandExecutor.execute(HttpCommandExecutor.java:160)
	at org.openqa.selenium.remote.service.DriverCommandExecutor.execute(DriverCommandExecutor.java:83)
	at org.openqa.selenium.remote.RemoteWebDriver.execute(RemoteWebDriver.java:601)
	at org.openqa.selenium.remote.RemoteWebElement.execute(RemoteWebElement.java:279)
	at org.openqa.selenium.remote.RemoteWebElement.click(RemoteWebElement.java:83)
	at testCases.AcademicAdministration.DefineSections_Delete.execute(DefineSections_Delete.java:14)
	at main.AcademicAdministrationTest.DefineSections_Delete(AcademicAdministrationTest.java:153)
	at main.Main.main(Main.java:26)
... Removed 25 stack frames</div></td></tr></table><p class="totop"><a href="#summary">back to summary</a></p>
<h3 id="m32">main.AcademicAdministrationTest#SubjectRegRule</h3><table class="result"><tr><th>Exception</th></tr><tr><td><div class="stacktrace">org.openqa.selenium.ElementNotInteractableException: 
Build info: version: &apos;3.10.0&apos;, revision: &apos;176b4a9&apos;, time: &apos;2018-03-02T19:11:12.151Z&apos;
System info: host: &apos;localhost.localdomain&apos;, ip: &apos;127.0.0.1&apos;, os.name: &apos;Linux&apos;, os.arch: &apos;amd64&apos;, os.version: &apos;3.10.0-514.el7.x86_64&apos;, java.version: &apos;1.8.0_102&apos;
Driver info: org.openqa.selenium.firefox.FirefoxDriver
Capabilities {acceptInsecureCerts: true, browserName: firefox, browserVersion: 52.5.1, javascriptEnabled: true, moz:accessibilityChecks: false, moz:processID: 13274, moz:profile: /tmp/rust_mozprofile.tdW1SA..., pageLoadStrategy: normal, platform: LINUX, platformName: LINUX, platformVersion: 3.10.0-514.el7.x86_64, rotatable: false, specificationLevel: 0, timeouts: {implicit: 0, page load: 300000, script: 30000}}
Session ID: 98b69056-ee3e-46d5-a34b-4e2f19441c5c
	at org.openqa.selenium.remote.http.W3CHttpResponseCodec.createException(W3CHttpResponseCodec.java:187)
	at org.openqa.selenium.remote.http.W3CHttpResponseCodec.decode(W3CHttpResponseCodec.java:122)
	at org.openqa.selenium.remote.http.W3CHttpResponseCodec.decode(W3CHttpResponseCodec.java:49)
	at org.openqa.selenium.remote.HttpCommandExecutor.execute(HttpCommandExecutor.java:160)
	at org.openqa.selenium.remote.service.DriverCommandExecutor.execute(DriverCommandExecutor.java:83)
	at org.openqa.selenium.remote.RemoteWebDriver.execute(RemoteWebDriver.java:601)
	at org.openqa.selenium.remote.RemoteWebElement.execute(RemoteWebElement.java:279)
	at org.openqa.selenium.remote.RemoteWebElement.click(RemoteWebElement.java:83)
	at testCases.AcademicAdministration.SubjectRegRule.execute(SubjectRegRule.java:19)
	at main.AcademicAdministrationTest.SubjectRegRule(AcademicAdministrationTest.java:105)
	at main.Main.main(Main.java:26)
... Removed 26 stack frames</div></td></tr></table><p class="totop"><a href="#summary">back to summary</a></p>
<h3 id="m33">main.AcademicAdministrationTest#SubjectRegRule</h3><table class="result"><tr><th>Exception</th></tr><tr><td><div class="stacktrace">org.openqa.selenium.NoSuchElementException: Cannot locate element with text: MBA
For documentation on this error, please visit: http://seleniumhq.org/exceptions/no_such_element.html
Build info: version: &apos;3.10.0&apos;, revision: &apos;176b4a9&apos;, time: &apos;2018-03-02T19:11:12.151Z&apos;
System info: host: &apos;localhost.localdomain&apos;, ip: &apos;127.0.0.1&apos;, os.name: &apos;Linux&apos;, os.arch: &apos;amd64&apos;, os.version: &apos;3.10.0-514.el7.x86_64&apos;, java.version: &apos;1.8.0_102&apos;
Driver info: driver.version: unknown
	at org.openqa.selenium.support.ui.Select.selectByVisibleText(Select.java:151)
	at testCases.AcademicAdministration.SubjectRegRule.execute(SubjectRegRule.java:25)
	at main.AcademicAdministrationTest.SubjectRegRule(AcademicAdministrationTest.java:105)
	at main.Main.main(Main.java:26)
... Removed 22 stack frames</div></td></tr></table><p class="totop"><a href="#summary">back to summary</a></p>
<h3 id="m34">main.AcademicAdministrationTest#SubjectRegRule</h3><table class="result"><tr><th>Exception</th></tr><tr><td><div class="stacktrace">org.openqa.selenium.ElementNotInteractableException: 
Build info: version: &apos;3.10.0&apos;, revision: &apos;176b4a9&apos;, time: &apos;2018-03-02T19:11:12.151Z&apos;
System info: host: &apos;localhost.localdomain&apos;, ip: &apos;127.0.0.1&apos;, os.name: &apos;Linux&apos;, os.arch: &apos;amd64&apos;, os.version: &apos;3.10.0-514.el7.x86_64&apos;, java.version: &apos;1.8.0_102&apos;
Driver info: org.openqa.selenium.firefox.FirefoxDriver
Capabilities {acceptInsecureCerts: true, browserName: firefox, browserVersion: 52.5.1, javascriptEnabled: true, moz:accessibilityChecks: false, moz:processID: 13274, moz:profile: /tmp/rust_mozprofile.tdW1SA..., pageLoadStrategy: normal, platform: LINUX, platformName: LINUX, platformVersion: 3.10.0-514.el7.x86_64, rotatable: false, specificationLevel: 0, timeouts: {implicit: 0, page load: 300000, script: 30000}}
Session ID: 98b69056-ee3e-46d5-a34b-4e2f19441c5c
	at org.openqa.selenium.remote.http.W3CHttpResponseCodec.createException(W3CHttpResponseCodec.java:187)
	at org.openqa.selenium.remote.http.W3CHttpResponseCodec.decode(W3CHttpResponseCodec.java:122)
	at org.openqa.selenium.remote.http.W3CHttpResponseCodec.decode(W3CHttpResponseCodec.java:49)
	at org.openqa.selenium.remote.HttpCommandExecutor.execute(HttpCommandExecutor.java:160)
	at org.openqa.selenium.remote.service.DriverCommandExecutor.execute(DriverCommandExecutor.java:83)
	at org.openqa.selenium.remote.RemoteWebDriver.execute(RemoteWebDriver.java:601)
	at org.openqa.selenium.remote.RemoteWebElement.execute(RemoteWebElement.java:279)
	at org.openqa.selenium.remote.RemoteWebElement.click(RemoteWebElement.java:83)
	at testCases.AcademicAdministration.SubjectRegRule.execute(SubjectRegRule.java:19)
	at main.AcademicAdministrationTest.SubjectRegRule(AcademicAdministrationTest.java:105)
	at main.Main.main(Main.java:26)
... Removed 26 stack frames</div></td></tr></table><p class="totop"><a href="#summary">back to summary</a></p>
<h3 id="m35">main.AcademicAdministrationTest#SubjectRegRule</h3><table class="result"><tr><th>Exception</th></tr><tr><td><div class="stacktrace">org.openqa.selenium.ElementNotInteractableException: 
Build info: version: &apos;3.10.0&apos;, revision: &apos;176b4a9&apos;, time: &apos;2018-03-02T19:11:12.151Z&apos;
System info: host: &apos;localhost.localdomain&apos;, ip: &apos;127.0.0.1&apos;, os.name: &apos;Linux&apos;, os.arch: &apos;amd64&apos;, os.version: &apos;3.10.0-514.el7.x86_64&apos;, java.version: &apos;1.8.0_102&apos;
Driver info: org.openqa.selenium.firefox.FirefoxDriver
Capabilities {acceptInsecureCerts: true, browserName: firefox, browserVersion: 52.5.1, javascriptEnabled: true, moz:accessibilityChecks: false, moz:processID: 13274, moz:profile: /tmp/rust_mozprofile.tdW1SA..., pageLoadStrategy: normal, platform: LINUX, platformName: LINUX, platformVersion: 3.10.0-514.el7.x86_64, rotatable: false, specificationLevel: 0, timeouts: {implicit: 0, page load: 300000, script: 30000}}
Session ID: 98b69056-ee3e-46d5-a34b-4e2f19441c5c
	at org.openqa.selenium.remote.http.W3CHttpResponseCodec.createException(W3CHttpResponseCodec.java:187)
	at org.openqa.selenium.remote.http.W3CHttpResponseCodec.decode(W3CHttpResponseCodec.java:122)
	at org.openqa.selenium.remote.http.W3CHttpResponseCodec.decode(W3CHttpResponseCodec.java:49)
	at org.openqa.selenium.remote.HttpCommandExecutor.execute(HttpCommandExecutor.java:160)
	at org.openqa.selenium.remote.service.DriverCommandExecutor.execute(DriverCommandExecutor.java:83)
	at org.openqa.selenium.remote.RemoteWebDriver.execute(RemoteWebDriver.java:601)
	at org.openqa.selenium.remote.RemoteWebElement.execute(RemoteWebElement.java:279)
	at org.openqa.selenium.remote.RemoteWebElement.click(RemoteWebElement.java:83)
	at testCases.AcademicAdministration.SubjectRegRule.execute(SubjectRegRule.java:21)
	at main.AcademicAdministrationTest.SubjectRegRule(AcademicAdministrationTest.java:105)
	at main.Main.main(Main.java:26)
... Removed 26 stack frames</div></td></tr></table><p class="totop"><a href="#summary">back to summary</a></p>
<h3 id="m36">main.AcademicAdministrationTest#AcademicStructure_Programe_Add</h3><table class="result"><tr><th class="invisible"/></tr></table><p class="totop"><a href="#summary">back to summary</a></p>
<h3 id="m37">main.AcademicAdministrationTest#AcademicStructure_Programe_Delete</h3><table class="result"><tr><th class="invisible"/></tr></table><p class="totop"><a href="#summary">back to summary</a></p>
<h3 id="m38">main.AcademicAdministrationTest#signInAndMoveToStudentRecord</h3><table class="result"><tr><th class="invisible"/></tr></table><p class="totop"><a href="#summary">back to summary</a></p>
<h2>Test3</h2><h3 id="m39">main.StudentRecord_Test#MaintainDocumentList_Add</h3><table class="result"><tr><th>Exception</th></tr><tr><td><div class="stacktrace">org.openqa.selenium.ElementNotInteractableException: 
Build info: version: &apos;3.10.0&apos;, revision: &apos;176b4a9&apos;, time: &apos;2018-03-02T19:11:12.151Z&apos;
System info: host: &apos;localhost.localdomain&apos;, ip: &apos;127.0.0.1&apos;, os.name: &apos;Linux&apos;, os.arch: &apos;amd64&apos;, os.version: &apos;3.10.0-514.el7.x86_64&apos;, java.version: &apos;1.8.0_102&apos;
Driver info: org.openqa.selenium.firefox.FirefoxDriver
Capabilities {acceptInsecureCerts: true, browserName: firefox, browserVersion: 52.5.1, javascriptEnabled: true, moz:accessibilityChecks: false, moz:processID: 13757, moz:profile: /tmp/rust_mozprofile.8m54DD..., pageLoadStrategy: normal, platform: LINUX, platformName: LINUX, platformVersion: 3.10.0-514.el7.x86_64, rotatable: false, specificationLevel: 0, timeouts: {implicit: 0, page load: 300000, script: 30000}}
Session ID: a69d3de1-427e-4300-bfe5-c32c932cc7fb
	at org.openqa.selenium.remote.http.W3CHttpResponseCodec.createException(W3CHttpResponseCodec.java:187)
	at org.openqa.selenium.remote.http.W3CHttpResponseCodec.decode(W3CHttpResponseCodec.java:122)
	at org.openqa.selenium.remote.http.W3CHttpResponseCodec.decode(W3CHttpResponseCodec.java:49)
	at org.openqa.selenium.remote.HttpCommandExecutor.execute(HttpCommandExecutor.java:160)
	at org.openqa.selenium.remote.service.DriverCommandExecutor.execute(DriverCommandExecutor.java:83)
	at org.openqa.selenium.remote.RemoteWebDriver.execute(RemoteWebDriver.java:601)
	at org.openqa.selenium.remote.RemoteWebElement.execute(RemoteWebElement.java:279)
	at org.openqa.selenium.remote.RemoteWebElement.click(RemoteWebElement.java:83)
	at testCases.StudentRecord.MaintainDocumentList_Add.execute(MaintainDocumentList_Add.java:12)
	at main.StudentRecord_Test.MaintainDocumentList_Add(StudentRecord_Test.java:129)
	at main.Main.main(Main.java:26)
... Removed 25 stack frames</div></td></tr></table><p class="totop"><a href="#summary">back to summary</a></p>
<h3 id="m40">main.StudentRecord_Test#DisciplinaryCases</h3><table class="result"><tr><th class="invisible"/></tr></table><p class="totop"><a href="#summary">back to summary</a></p>
<h3 id="m41">main.StudentRecord_Test#MaintainDocument</h3><table class="result"><tr><th class="invisible"/></tr></table><p class="totop"><a href="#summary">back to summary</a></p>
<h3 id="m42">main.StudentRecord_Test#MaintainDocumentList_Add</h3><table class="result"><tr><th class="invisible"/></tr></table><p class="totop"><a href="#summary">back to summary</a></p>
<h3 id="m43">main.StudentRecord_Test#NotingOnStudent</h3><table class="result"><tr><th class="invisible"/></tr></table><p class="totop"><a href="#summary">back to summary</a></p>
<h3 id="m44">main.StudentRecord_Test#signInAndMoveToStudentRecord</h3><table class="result"><tr><th class="invisible"/></tr></table><p class="totop"><a href="#summary">back to summary</a></p>
<h3 id="m45">main.StudentRecord_Test#studentProfile_Add</h3><table class="result"><tr><th class="invisible"/></tr></table><p class="totop"><a href="#summary">back to summary</a></p>
<h3 id="m46">main.StudentRecord_Test#studentProfile_View</h3><table class="result"><tr><th class="invisible"/></tr></table><p class="totop"><a href="#summary">back to summary</a></p>
</body>
</html>
