<!DOCTYPE html>

<html>
  <head>
  <meta charset='utf-8'>
  <title>TestNG reports</title>

    <link type="text/css" href="testng-reports.css" rel="stylesheet" />
    <script type="text/javascript" src="jquery-1.7.1.min.js"></script>
    <script type="text/javascript" src="testng-reports.js"></script>
    <script type="text/javascript" src="https://www.google.com/jsapi"></script>
    <script type='text/javascript'>
      google.load('visualization', '1', {packages:['table']});
      google.setOnLoadCallback(drawTable);
      var suiteTableInitFunctions = new Array();
      var suiteTableData = new Array();
    </script>
    <!--
      <script type="text/javascript" src="jquery-ui/js/jquery-ui-1.8.16.custom.min.js"></script>
     -->
  </head>

  <body>
    <div class="top-banner-root">
      <span class="top-banner-title-font">Test results</span>
      <br/>
      <span class="top-banner-font-1">1 suite, 6 failed tests</span>
    </div> <!-- top-banner-root -->
    <div class="navigator-root">
      <div class="navigator-suite-header">
        <span>All suites</span>
        <a href="#" class="collapse-all-link" title="Collapse/expand all the suites">
          <img class="collapse-all-icon" src="collapseall.gif">
          </img> <!-- collapse-all-icon -->
        </a> <!-- collapse-all-link -->
      </div> <!-- navigator-suite-header -->
      <div class="suite">
        <div class="rounded-window">
          <div class="suite-header light-rounded-window-top">
            <a href="#" class="navigator-link" panel-name="suite-Suite">
              <span class="suite-name border-failed">Suite</span>
            </a> <!-- navigator-link -->
          </div> <!-- suite-header light-rounded-window-top -->
          <div class="navigator-suite-content">
            <div class="suite-section-title">
              <span>Info</span>
            </div> <!-- suite-section-title -->
            <div class="suite-section-content">
              <ul>
                <li>
                  <a href="#" class="navigator-link " panel-name="test-xml-Suite">
                    <span>testng.xml</span>
                  </a> <!-- navigator-link  -->
                </li>
                <li>
                  <a href="#" class="navigator-link " panel-name="testlist-Suite">
                    <span class="test-stats">3 tests</span>
                  </a> <!-- navigator-link  -->
                </li>
                <li>
                  <a href="#" class="navigator-link " panel-name="group-Suite">
                    <span>0 groups</span>
                  </a> <!-- navigator-link  -->
                </li>
                <li>
                  <a href="#" class="navigator-link " panel-name="times-Suite">
                    <span>Times</span>
                  </a> <!-- navigator-link  -->
                </li>
                <li>
                  <a href="#" class="navigator-link " panel-name="reporter-Suite">
                    <span>Reporter output</span>
                  </a> <!-- navigator-link  -->
                </li>
                <li>
                  <a href="#" class="navigator-link " panel-name="ignored-methods-Suite">
                    <span>Ignored methods</span>
                  </a> <!-- navigator-link  -->
                </li>
                <li>
                  <a href="#" class="navigator-link " panel-name="chronological-Suite">
                    <span>Chronological view</span>
                  </a> <!-- navigator-link  -->
                </li>
              </ul>
            </div> <!-- suite-section-content -->
            <div class="result-section">
              <div class="suite-section-title">
                <span>Results</span>
              </div> <!-- suite-section-title -->
              <div class="suite-section-content">
                <ul>
                  <li>
                    <span class="method-stats">47 methods, 6 failed,  27 skipped,  14 passed</span>
                  </li>
                  <li>
                    <span class="method-list-title failed">Failed methods</span>
                    <span class="show-or-hide-methods failed">
                      <a href="#" panel-name="suite-Suite" class="hide-methods failed suite-Suite"> (hide)</a> <!-- hide-methods failed suite-Suite -->
                      <a href="#" panel-name="suite-Suite" class="show-methods failed suite-Suite"> (show)</a> <!-- show-methods failed suite-Suite -->
                    </span>
                    <div class="method-list-content failed suite-Suite">
                      <span>
                        <img width="3%" src="failed.png"/>
                        <a href="#" class="method navigator-link" panel-name="suite-Suite" title="main.AcademicAdministrationTest" hash-for-method="AcademicStructure_Courses_Add">AcademicStructure_Courses_Add</a> <!-- method navigator-link -->
                      </span>
                      <br/>
                      <span>
                        <img width="3%" src="failed.png"/>
                        <a href="#" class="method navigator-link" panel-name="suite-Suite" title="main.AcademicAdministrationTest" hash-for-method="AcademicStructure_Courses_Delete">AcademicStructure_Courses_Delete</a> <!-- method navigator-link -->
                      </span>
                      <br/>
                      <span>
                        <img width="3%" src="failed.png"/>
                        <a href="#" class="method navigator-link" panel-name="suite-Suite" title="main.AcademicAdministrationTest" hash-for-method="CoursewiseDetailReport">CoursewiseDetailReport</a> <!-- method navigator-link -->
                      </span>
                      <br/>
                      <span>
                        <img width="3%" src="failed.png"/>
                        <a href="#" class="method navigator-link" panel-name="suite-Suite" title="main.AcademicAdministrationTest" hash-for-method="DefineSections_Add">DefineSections_Add</a> <!-- method navigator-link -->
                      </span>
                      <br/>
                      <span>
                        <img width="3%" src="failed.png"/>
                        <a href="#" class="method navigator-link" panel-name="suite-Suite" title="main.AcademicAdministrationTest" hash-for-method="DefineSections_Delete">DefineSections_Delete</a> <!-- method navigator-link -->
                      </span>
                      <br/>
                      <span>
                        <img width="3%" src="failed.png"/>
                        <a href="#" class="method navigator-link" panel-name="suite-Suite" title="main.AcademicAdministrationTest" hash-for-method="SubjectRegRule">SubjectRegRule</a> <!-- method navigator-link -->
                      </span>
                      <br/>
                    </div> <!-- method-list-content failed suite-Suite -->
                  </li>
                  <li>
                    <span class="method-list-title skipped">Skipped methods</span>
                    <span class="show-or-hide-methods skipped">
                      <a href="#" panel-name="suite-Suite" class="hide-methods skipped suite-Suite"> (hide)</a> <!-- hide-methods skipped suite-Suite -->
                      <a href="#" panel-name="suite-Suite" class="show-methods skipped suite-Suite"> (show)</a> <!-- show-methods skipped suite-Suite -->
                    </span>
                    <div class="method-list-content skipped suite-Suite">
                      <span>
                        <img width="3%" src="skipped.png"/>
                        <a href="#" class="method navigator-link" panel-name="suite-Suite" title="main.AcademicAdministrationTest" hash-for-method="AcademicStructure_Courses_Add">AcademicStructure_Courses_Add</a> <!-- method navigator-link -->
                      </span>
                      <br/>
                      <span>
                        <img width="3%" src="skipped.png"/>
                        <a href="#" class="method navigator-link" panel-name="suite-Suite" title="main.AcademicAdministrationTest" hash-for-method="AcademicStructure_Courses_Add">AcademicStructure_Courses_Add</a> <!-- method navigator-link -->
                      </span>
                      <br/>
                      <span>
                        <img width="3%" src="skipped.png"/>
                        <a href="#" class="method navigator-link" panel-name="suite-Suite" title="main.AcademicAdministrationTest" hash-for-method="AcademicStructure_Courses_Add">AcademicStructure_Courses_Add</a> <!-- method navigator-link -->
                      </span>
                      <br/>
                      <span>
                        <img width="3%" src="skipped.png"/>
                        <a href="#" class="method navigator-link" panel-name="suite-Suite" title="main.AcademicAdministrationTest" hash-for-method="AcademicStructure_Courses_Add">AcademicStructure_Courses_Add</a> <!-- method navigator-link -->
                      </span>
                      <br/>
                      <span>
                        <img width="3%" src="skipped.png"/>
                        <a href="#" class="method navigator-link" panel-name="suite-Suite" title="main.AcademicAdministrationTest" hash-for-method="AcademicStructure_Courses_Delete">AcademicStructure_Courses_Delete</a> <!-- method navigator-link -->
                      </span>
                      <br/>
                      <span>
                        <img width="3%" src="skipped.png"/>
                        <a href="#" class="method navigator-link" panel-name="suite-Suite" title="main.AcademicAdministrationTest" hash-for-method="AcademicStructure_Courses_Delete">AcademicStructure_Courses_Delete</a> <!-- method navigator-link -->
                      </span>
                      <br/>
                      <span>
                        <img width="3%" src="skipped.png"/>
                        <a href="#" class="method navigator-link" panel-name="suite-Suite" title="main.AcademicAdministrationTest" hash-for-method="AcademicStructure_Courses_Delete">AcademicStructure_Courses_Delete</a> <!-- method navigator-link -->
                      </span>
                      <br/>
                      <span>
                        <img width="3%" src="skipped.png"/>
                        <a href="#" class="method navigator-link" panel-name="suite-Suite" title="main.AcademicAdministrationTest" hash-for-method="AcademicStructure_Courses_Delete">AcademicStructure_Courses_Delete</a> <!-- method navigator-link -->
                      </span>
                      <br/>
                      <span>
                        <img width="3%" src="skipped.png"/>
                        <a href="#" class="method navigator-link" panel-name="suite-Suite" title="main.StudentAttendence" hash-for-method="ByTeacher_DeleteAttendence">ByTeacher_DeleteAttendence</a> <!-- method navigator-link -->
                      </span>
                      <br/>
                      <span>
                        <img width="3%" src="skipped.png"/>
                        <a href="#" class="method navigator-link" panel-name="suite-Suite" title="main.StudentAttendence" hash-for-method="ByTeacher_MarkAttendence">ByTeacher_MarkAttendence</a> <!-- method navigator-link -->
                      </span>
                      <br/>
                      <span>
                        <img width="3%" src="skipped.png"/>
                        <a href="#" class="method navigator-link" panel-name="suite-Suite" title="main.AcademicAdministrationTest" hash-for-method="CoursewiseDetailReport">CoursewiseDetailReport</a> <!-- method navigator-link -->
                      </span>
                      <br/>
                      <span>
                        <img width="3%" src="skipped.png"/>
                        <a href="#" class="method navigator-link" panel-name="suite-Suite" title="main.AcademicAdministrationTest" hash-for-method="CoursewiseDetailReport">CoursewiseDetailReport</a> <!-- method navigator-link -->
                      </span>
                      <br/>
                      <span>
                        <img width="3%" src="skipped.png"/>
                        <a href="#" class="method navigator-link" panel-name="suite-Suite" title="main.AcademicAdministrationTest" hash-for-method="CoursewiseDetailReport">CoursewiseDetailReport</a> <!-- method navigator-link -->
                      </span>
                      <br/>
                      <span>
                        <img width="3%" src="skipped.png"/>
                        <a href="#" class="method navigator-link" panel-name="suite-Suite" title="main.AcademicAdministrationTest" hash-for-method="CoursewiseDetailReport">CoursewiseDetailReport</a> <!-- method navigator-link -->
                      </span>
                      <br/>
                      <span>
                        <img width="3%" src="skipped.png"/>
                        <a href="#" class="method navigator-link" panel-name="suite-Suite" title="main.AcademicAdministrationTest" hash-for-method="DefineSections_Add">DefineSections_Add</a> <!-- method navigator-link -->
                      </span>
                      <br/>
                      <span>
                        <img width="3%" src="skipped.png"/>
                        <a href="#" class="method navigator-link" panel-name="suite-Suite" title="main.AcademicAdministrationTest" hash-for-method="DefineSections_Add">DefineSections_Add</a> <!-- method navigator-link -->
                      </span>
                      <br/>
                      <span>
                        <img width="3%" src="skipped.png"/>
                        <a href="#" class="method navigator-link" panel-name="suite-Suite" title="main.AcademicAdministrationTest" hash-for-method="DefineSections_Add">DefineSections_Add</a> <!-- method navigator-link -->
                      </span>
                      <br/>
                      <span>
                        <img width="3%" src="skipped.png"/>
                        <a href="#" class="method navigator-link" panel-name="suite-Suite" title="main.AcademicAdministrationTest" hash-for-method="DefineSections_Add">DefineSections_Add</a> <!-- method navigator-link -->
                      </span>
                      <br/>
                      <span>
                        <img width="3%" src="skipped.png"/>
                        <a href="#" class="method navigator-link" panel-name="suite-Suite" title="main.AcademicAdministrationTest" hash-for-method="DefineSections_Delete">DefineSections_Delete</a> <!-- method navigator-link -->
                      </span>
                      <br/>
                      <span>
                        <img width="3%" src="skipped.png"/>
                        <a href="#" class="method navigator-link" panel-name="suite-Suite" title="main.AcademicAdministrationTest" hash-for-method="DefineSections_Delete">DefineSections_Delete</a> <!-- method navigator-link -->
                      </span>
                      <br/>
                      <span>
                        <img width="3%" src="skipped.png"/>
                        <a href="#" class="method navigator-link" panel-name="suite-Suite" title="main.AcademicAdministrationTest" hash-for-method="DefineSections_Delete">DefineSections_Delete</a> <!-- method navigator-link -->
                      </span>
                      <br/>
                      <span>
                        <img width="3%" src="skipped.png"/>
                        <a href="#" class="method navigator-link" panel-name="suite-Suite" title="main.AcademicAdministrationTest" hash-for-method="DefineSections_Delete">DefineSections_Delete</a> <!-- method navigator-link -->
                      </span>
                      <br/>
                      <span>
                        <img width="3%" src="skipped.png"/>
                        <a href="#" class="method navigator-link" panel-name="suite-Suite" title="main.StudentRecord_Test" hash-for-method="MaintainDocumentList_Add">MaintainDocumentList_Add</a> <!-- method navigator-link -->
                      </span>
                      <br/>
                      <span>
                        <img width="3%" src="skipped.png"/>
                        <a href="#" class="method navigator-link" panel-name="suite-Suite" title="main.AcademicAdministrationTest" hash-for-method="SubjectRegRule">SubjectRegRule</a> <!-- method navigator-link -->
                      </span>
                      <br/>
                      <span>
                        <img width="3%" src="skipped.png"/>
                        <a href="#" class="method navigator-link" panel-name="suite-Suite" title="main.AcademicAdministrationTest" hash-for-method="SubjectRegRule">SubjectRegRule</a> <!-- method navigator-link -->
                      </span>
                      <br/>
                      <span>
                        <img width="3%" src="skipped.png"/>
                        <a href="#" class="method navigator-link" panel-name="suite-Suite" title="main.AcademicAdministrationTest" hash-for-method="SubjectRegRule">SubjectRegRule</a> <!-- method navigator-link -->
                      </span>
                      <br/>
                      <span>
                        <img width="3%" src="skipped.png"/>
                        <a href="#" class="method navigator-link" panel-name="suite-Suite" title="main.AcademicAdministrationTest" hash-for-method="SubjectRegRule">SubjectRegRule</a> <!-- method navigator-link -->
                      </span>
                      <br/>
                    </div> <!-- method-list-content skipped suite-Suite -->
                  </li>
                  <li>
                    <span class="method-list-title passed">Passed methods</span>
                    <span class="show-or-hide-methods passed">
                      <a href="#" panel-name="suite-Suite" class="hide-methods passed suite-Suite"> (hide)</a> <!-- hide-methods passed suite-Suite -->
                      <a href="#" panel-name="suite-Suite" class="show-methods passed suite-Suite"> (show)</a> <!-- show-methods passed suite-Suite -->
                    </span>
                    <div class="method-list-content passed suite-Suite">
                      <span>
                        <img width="3%" src="passed.png"/>
                        <a href="#" class="method navigator-link" panel-name="suite-Suite" title="main.AcademicAdministrationTest" hash-for-method="AcademicStructure_Programe_Add">AcademicStructure_Programe_Add</a> <!-- method navigator-link -->
                      </span>
                      <br/>
                      <span>
                        <img width="3%" src="passed.png"/>
                        <a href="#" class="method navigator-link" panel-name="suite-Suite" title="main.AcademicAdministrationTest" hash-for-method="AcademicStructure_Programe_Delete">AcademicStructure_Programe_Delete</a> <!-- method navigator-link -->
                      </span>
                      <br/>
                      <span>
                        <img width="3%" src="passed.png"/>
                        <a href="#" class="method navigator-link" panel-name="suite-Suite" title="main.StudentAttendence" hash-for-method="ByTeacherMultiDate_MarkAttendence">ByTeacherMultiDate_MarkAttendence</a> <!-- method navigator-link -->
                      </span>
                      <br/>
                      <span>
                        <img width="3%" src="passed.png"/>
                        <a href="#" class="method navigator-link" panel-name="suite-Suite" title="main.StudentAttendence" hash-for-method="ByTeacher_DeleteAttendence">ByTeacher_DeleteAttendence</a> <!-- method navigator-link -->
                      </span>
                      <br/>
                      <span>
                        <img width="3%" src="passed.png"/>
                        <a href="#" class="method navigator-link" panel-name="suite-Suite" title="main.StudentAttendence" hash-for-method="ByTeacher_MarkAttendence">ByTeacher_MarkAttendence</a> <!-- method navigator-link -->
                      </span>
                      <br/>
                      <span>
                        <img width="3%" src="passed.png"/>
                        <a href="#" class="method navigator-link" panel-name="suite-Suite" title="main.StudentRecord_Test" hash-for-method="DisciplinaryCases">DisciplinaryCases</a> <!-- method navigator-link -->
                      </span>
                      <br/>
                      <span>
                        <img width="3%" src="passed.png"/>
                        <a href="#" class="method navigator-link" panel-name="suite-Suite" title="main.StudentRecord_Test" hash-for-method="MaintainDocument">MaintainDocument</a> <!-- method navigator-link -->
                      </span>
                      <br/>
                      <span>
                        <img width="3%" src="passed.png"/>
                        <a href="#" class="method navigator-link" panel-name="suite-Suite" title="main.StudentRecord_Test" hash-for-method="MaintainDocumentList_Add">MaintainDocumentList_Add</a> <!-- method navigator-link -->
                      </span>
                      <br/>
                      <span>
                        <img width="3%" src="passed.png"/>
                        <a href="#" class="method navigator-link" panel-name="suite-Suite" title="main.StudentRecord_Test" hash-for-method="NotingOnStudent">NotingOnStudent</a> <!-- method navigator-link -->
                      </span>
                      <br/>
                      <span>
                        <img width="3%" src="passed.png"/>
                        <a href="#" class="method navigator-link" panel-name="suite-Suite" title="main.StudentAttendence" hash-for-method="signInAndMoveToStudentRecord">signInAndMoveToStudentRecord</a> <!-- method navigator-link -->
                      </span>
                      <br/>
                      <span>
                        <img width="3%" src="passed.png"/>
                        <a href="#" class="method navigator-link" panel-name="suite-Suite" title="main.AcademicAdministrationTest" hash-for-method="signInAndMoveToStudentRecord">signInAndMoveToStudentRecord</a> <!-- method navigator-link -->
                      </span>
                      <br/>
                      <span>
                        <img width="3%" src="passed.png"/>
                        <a href="#" class="method navigator-link" panel-name="suite-Suite" title="main.StudentRecord_Test" hash-for-method="signInAndMoveToStudentRecord">signInAndMoveToStudentRecord</a> <!-- method navigator-link -->
                      </span>
                      <br/>
                      <span>
                        <img width="3%" src="passed.png"/>
                        <a href="#" class="method navigator-link" panel-name="suite-Suite" title="main.StudentRecord_Test" hash-for-method="studentProfile_Add">studentProfile_Add</a> <!-- method navigator-link -->
                      </span>
                      <br/>
                      <span>
                        <img width="3%" src="passed.png"/>
                        <a href="#" class="method navigator-link" panel-name="suite-Suite" title="main.StudentRecord_Test" hash-for-method="studentProfile_View">studentProfile_View</a> <!-- method navigator-link -->
                      </span>
                      <br/>
                    </div> <!-- method-list-content passed suite-Suite -->
                  </li>
                </ul>
              </div> <!-- suite-section-content -->
            </div> <!-- result-section -->
          </div> <!-- navigator-suite-content -->
        </div> <!-- rounded-window -->
      </div> <!-- suite -->
    </div> <!-- navigator-root -->
    <div class="wrapper">
      <div class="main-panel-root">
        <div panel-name="suite-Suite" class="panel Suite">
          <div class="suite-Suite-class-failed">
            <div class="main-panel-header rounded-window-top">
              <img src="failed.png"/>
              <span class="class-name">main.AcademicAdministrationTest</span>
            </div> <!-- main-panel-header rounded-window-top -->
            <div class="main-panel-content rounded-window-bottom">
              <div class="method">
                <div class="method-content">
                  <a name="AcademicStructure_Courses_Add">
                  </a> <!-- AcademicStructure_Courses_Add -->
                  <span class="method-name">AcademicStructure_Courses_Add</span>
                  <div class="stack-trace">java.lang.Exception
	at utility.Utils.takeScreenshot(Utils.java:136)
	at main.AcademicAdministrationTest.AcademicStructure_Courses_Add(AcademicAdministrationTest.java:188)
	at main.Main.main(Main.java:26)
... Removed 22 stack frames
</div> <!-- stack-trace -->
                </div> <!-- method-content -->
              </div> <!-- method -->
              <div class="method">
                <div class="method-content">
                  <a name="AcademicStructure_Courses_Delete">
                  </a> <!-- AcademicStructure_Courses_Delete -->
                  <span class="method-name">AcademicStructure_Courses_Delete</span>
                  <div class="stack-trace">java.lang.Exception
	at utility.Utils.takeScreenshot(Utils.java:136)
	at main.AcademicAdministrationTest.AcademicStructure_Courses_Delete(AcademicAdministrationTest.java:212)
	at main.Main.main(Main.java:26)
... Removed 22 stack frames
</div> <!-- stack-trace -->
                </div> <!-- method-content -->
              </div> <!-- method -->
              <div class="method">
                <div class="method-content">
                  <a name="CoursewiseDetailReport">
                  </a> <!-- CoursewiseDetailReport -->
                  <span class="method-name">CoursewiseDetailReport</span>
                  <div class="stack-trace">org.openqa.selenium.ElementNotInteractableException: 
Build info: version: &apos;3.10.0&apos;, revision: &apos;176b4a9&apos;, time: &apos;2018-03-02T19:11:12.151Z&apos;
System info: host: &apos;localhost.localdomain&apos;, ip: &apos;127.0.0.1&apos;, os.name: &apos;Linux&apos;, os.arch: &apos;amd64&apos;, os.version: &apos;3.10.0-514.el7.x86_64&apos;, java.version: &apos;1.8.0_102&apos;
Driver info: org.openqa.selenium.firefox.FirefoxDriver
Capabilities {acceptInsecureCerts: true, browserName: firefox, browserVersion: 52.5.1, javascriptEnabled: true, moz:accessibilityChecks: false, moz:processID: 13274, moz:profile: /tmp/rust_mozprofile.tdW1SA..., pageLoadStrategy: normal, platform: LINUX, platformName: LINUX, platformVersion: 3.10.0-514.el7.x86_64, rotatable: false, specificationLevel: 0, timeouts: {implicit: 0, page load: 300000, script: 30000}}
Session ID: 98b69056-ee3e-46d5-a34b-4e2f19441c5c
	at org.openqa.selenium.remote.http.W3CHttpResponseCodec.createException(W3CHttpResponseCodec.java:187)
	at org.openqa.selenium.remote.http.W3CHttpResponseCodec.decode(W3CHttpResponseCodec.java:122)
	at org.openqa.selenium.remote.http.W3CHttpResponseCodec.decode(W3CHttpResponseCodec.java:49)
	at org.openqa.selenium.remote.HttpCommandExecutor.execute(HttpCommandExecutor.java:160)
	at org.openqa.selenium.remote.service.DriverCommandExecutor.execute(DriverCommandExecutor.java:83)
	at org.openqa.selenium.remote.RemoteWebDriver.execute(RemoteWebDriver.java:601)
	at org.openqa.selenium.remote.RemoteWebElement.execute(RemoteWebElement.java:279)
	at org.openqa.selenium.remote.RemoteWebElement.click(RemoteWebElement.java:83)
	at org.openqa.selenium.support.ui.Select.setSelected(Select.java:324)
	at org.openqa.selenium.support.ui.Select.selectByVisibleText(Select.java:120)
	at testCases.AcademicAdministration.CoursewiseDetailReport.execute(CoursewiseDetailReport.java:24)
	at main.AcademicAdministrationTest.CoursewiseDetailReport(AcademicAdministrationTest.java:225)
	at main.Main.main(Main.java:26)
... Removed 26 stack frames
</div> <!-- stack-trace -->
                </div> <!-- method-content -->
              </div> <!-- method -->
              <div class="method">
                <div class="method-content">
                  <a name="DefineSections_Add">
                  </a> <!-- DefineSections_Add -->
                  <span class="method-name">DefineSections_Add</span>
                  <div class="stack-trace">org.openqa.selenium.ElementNotInteractableException: 
Build info: version: &apos;3.10.0&apos;, revision: &apos;176b4a9&apos;, time: &apos;2018-03-02T19:11:12.151Z&apos;
System info: host: &apos;localhost.localdomain&apos;, ip: &apos;127.0.0.1&apos;, os.name: &apos;Linux&apos;, os.arch: &apos;amd64&apos;, os.version: &apos;3.10.0-514.el7.x86_64&apos;, java.version: &apos;1.8.0_102&apos;
Driver info: org.openqa.selenium.firefox.FirefoxDriver
Capabilities {acceptInsecureCerts: true, browserName: firefox, browserVersion: 52.5.1, javascriptEnabled: true, moz:accessibilityChecks: false, moz:processID: 13274, moz:profile: /tmp/rust_mozprofile.tdW1SA..., pageLoadStrategy: normal, platform: LINUX, platformName: LINUX, platformVersion: 3.10.0-514.el7.x86_64, rotatable: false, specificationLevel: 0, timeouts: {implicit: 0, page load: 300000, script: 30000}}
Session ID: 98b69056-ee3e-46d5-a34b-4e2f19441c5c
	at org.openqa.selenium.remote.http.W3CHttpResponseCodec.createException(W3CHttpResponseCodec.java:187)
	at org.openqa.selenium.remote.http.W3CHttpResponseCodec.decode(W3CHttpResponseCodec.java:122)
	at org.openqa.selenium.remote.http.W3CHttpResponseCodec.decode(W3CHttpResponseCodec.java:49)
	at org.openqa.selenium.remote.HttpCommandExecutor.execute(HttpCommandExecutor.java:160)
	at org.openqa.selenium.remote.service.DriverCommandExecutor.execute(DriverCommandExecutor.java:83)
	at org.openqa.selenium.remote.RemoteWebDriver.execute(RemoteWebDriver.java:601)
	at org.openqa.selenium.remote.RemoteWebElement.execute(RemoteWebElement.java:279)
	at org.openqa.selenium.remote.RemoteWebElement.click(RemoteWebElement.java:83)
	at testCases.AcademicAdministration.DefineSections_Add.execute(DefineSections_Add.java:13)
	at main.AcademicAdministrationTest.DefineSections_Add(AcademicAdministrationTest.java:129)
	at main.Main.main(Main.java:26)
... Removed 26 stack frames
</div> <!-- stack-trace -->
                </div> <!-- method-content -->
              </div> <!-- method -->
              <div class="method">
                <div class="method-content">
                  <a name="DefineSections_Delete">
                  </a> <!-- DefineSections_Delete -->
                  <span class="method-name">DefineSections_Delete</span>
                  <div class="stack-trace">org.openqa.selenium.ElementNotInteractableException: 
Build info: version: &apos;3.10.0&apos;, revision: &apos;176b4a9&apos;, time: &apos;2018-03-02T19:11:12.151Z&apos;
System info: host: &apos;localhost.localdomain&apos;, ip: &apos;127.0.0.1&apos;, os.name: &apos;Linux&apos;, os.arch: &apos;amd64&apos;, os.version: &apos;3.10.0-514.el7.x86_64&apos;, java.version: &apos;1.8.0_102&apos;
Driver info: org.openqa.selenium.firefox.FirefoxDriver
Capabilities {acceptInsecureCerts: true, browserName: firefox, browserVersion: 52.5.1, javascriptEnabled: true, moz:accessibilityChecks: false, moz:processID: 13274, moz:profile: /tmp/rust_mozprofile.tdW1SA..., pageLoadStrategy: normal, platform: LINUX, platformName: LINUX, platformVersion: 3.10.0-514.el7.x86_64, rotatable: false, specificationLevel: 0, timeouts: {implicit: 0, page load: 300000, script: 30000}}
Session ID: 98b69056-ee3e-46d5-a34b-4e2f19441c5c
	at org.openqa.selenium.remote.http.W3CHttpResponseCodec.createException(W3CHttpResponseCodec.java:187)
	at org.openqa.selenium.remote.http.W3CHttpResponseCodec.decode(W3CHttpResponseCodec.java:122)
	at org.openqa.selenium.remote.http.W3CHttpResponseCodec.decode(W3CHttpResponseCodec.java:49)
	at org.openqa.selenium.remote.HttpCommandExecutor.execute(HttpCommandExecutor.java:160)
	at org.openqa.selenium.remote.service.DriverCommandExecutor.execute(DriverCommandExecutor.java:83)
	at org.openqa.selenium.remote.RemoteWebDriver.execute(RemoteWebDriver.java:601)
	at org.openqa.selenium.remote.RemoteWebElement.execute(RemoteWebElement.java:279)
	at org.openqa.selenium.remote.RemoteWebElement.click(RemoteWebElement.java:83)
	at testCases.AcademicAdministration.DefineSections_Delete.execute(DefineSections_Delete.java:14)
	at main.AcademicAdministrationTest.DefineSections_Delete(AcademicAdministrationTest.java:153)
	at main.Main.main(Main.java:26)
... Removed 25 stack frames
</div> <!-- stack-trace -->
                </div> <!-- method-content -->
              </div> <!-- method -->
              <div class="method">
                <div class="method-content">
                  <a name="SubjectRegRule">
                  </a> <!-- SubjectRegRule -->
                  <span class="method-name">SubjectRegRule</span>
                  <div class="stack-trace">org.openqa.selenium.NoSuchElementException: Cannot locate element with text: MBA
For documentation on this error, please visit: http://seleniumhq.org/exceptions/no_such_element.html
Build info: version: &apos;3.10.0&apos;, revision: &apos;176b4a9&apos;, time: &apos;2018-03-02T19:11:12.151Z&apos;
System info: host: &apos;localhost.localdomain&apos;, ip: &apos;127.0.0.1&apos;, os.name: &apos;Linux&apos;, os.arch: &apos;amd64&apos;, os.version: &apos;3.10.0-514.el7.x86_64&apos;, java.version: &apos;1.8.0_102&apos;
Driver info: driver.version: unknown
	at org.openqa.selenium.support.ui.Select.selectByVisibleText(Select.java:151)
	at testCases.AcademicAdministration.SubjectRegRule.execute(SubjectRegRule.java:25)
	at main.AcademicAdministrationTest.SubjectRegRule(AcademicAdministrationTest.java:105)
	at main.Main.main(Main.java:26)
... Removed 22 stack frames
</div> <!-- stack-trace -->
                </div> <!-- method-content -->
              </div> <!-- method -->
            </div> <!-- main-panel-content rounded-window-bottom -->
          </div> <!-- suite-Suite-class-failed -->
          <div class="suite-Suite-class-skipped">
            <div class="main-panel-header rounded-window-top">
              <img src="skipped.png"/>
              <span class="class-name">main.AcademicAdministrationTest</span>
            </div> <!-- main-panel-header rounded-window-top -->
            <div class="main-panel-content rounded-window-bottom">
              <div class="method">
                <div class="method-content">
                  <a name="AcademicStructure_Courses_Add">
                  </a> <!-- AcademicStructure_Courses_Add -->
                  <span class="method-name">AcademicStructure_Courses_Add</span>
                  <div class="stack-trace">org.openqa.selenium.ElementNotInteractableException: 
Build info: version: &apos;3.10.0&apos;, revision: &apos;176b4a9&apos;, time: &apos;2018-03-02T19:11:12.151Z&apos;
System info: host: &apos;localhost.localdomain&apos;, ip: &apos;127.0.0.1&apos;, os.name: &apos;Linux&apos;, os.arch: &apos;amd64&apos;, os.version: &apos;3.10.0-514.el7.x86_64&apos;, java.version: &apos;1.8.0_102&apos;
Driver info: org.openqa.selenium.firefox.FirefoxDriver
Capabilities {acceptInsecureCerts: true, browserName: firefox, browserVersion: 52.5.1, javascriptEnabled: true, moz:accessibilityChecks: false, moz:processID: 13274, moz:profile: /tmp/rust_mozprofile.tdW1SA..., pageLoadStrategy: normal, platform: LINUX, platformName: LINUX, platformVersion: 3.10.0-514.el7.x86_64, rotatable: false, specificationLevel: 0, timeouts: {implicit: 0, page load: 300000, script: 30000}}
Session ID: 98b69056-ee3e-46d5-a34b-4e2f19441c5c
	at org.openqa.selenium.remote.http.W3CHttpResponseCodec.createException(W3CHttpResponseCodec.java:187)
	at org.openqa.selenium.remote.http.W3CHttpResponseCodec.decode(W3CHttpResponseCodec.java:122)
	at org.openqa.selenium.remote.http.W3CHttpResponseCodec.decode(W3CHttpResponseCodec.java:49)
	at org.openqa.selenium.remote.HttpCommandExecutor.execute(HttpCommandExecutor.java:160)
	at org.openqa.selenium.remote.service.DriverCommandExecutor.execute(DriverCommandExecutor.java:83)
	at org.openqa.selenium.remote.RemoteWebDriver.execute(RemoteWebDriver.java:601)
	at org.openqa.selenium.remote.RemoteWebElement.execute(RemoteWebElement.java:279)
	at org.openqa.selenium.remote.RemoteWebElement.click(RemoteWebElement.java:83)
	at testCases.AcademicAdministration.AcademicStructure_Courses_Add.execute(AcademicStructure_Courses_Add.java:17)
	at main.AcademicAdministrationTest.AcademicStructure_Courses_Add(AcademicAdministrationTest.java:177)
	at main.Main.main(Main.java:26)
... Removed 25 stack frames
</div> <!-- stack-trace -->
                </div> <!-- method-content -->
              </div> <!-- method -->
              <div class="method">
                <div class="method-content">
                  <a name="AcademicStructure_Courses_Add">
                  </a> <!-- AcademicStructure_Courses_Add -->
                  <span class="method-name">AcademicStructure_Courses_Add</span>
                  <div class="stack-trace">org.openqa.selenium.ElementNotInteractableException: 
Build info: version: &apos;3.10.0&apos;, revision: &apos;176b4a9&apos;, time: &apos;2018-03-02T19:11:12.151Z&apos;
System info: host: &apos;localhost.localdomain&apos;, ip: &apos;127.0.0.1&apos;, os.name: &apos;Linux&apos;, os.arch: &apos;amd64&apos;, os.version: &apos;3.10.0-514.el7.x86_64&apos;, java.version: &apos;1.8.0_102&apos;
Driver info: org.openqa.selenium.firefox.FirefoxDriver
Capabilities {acceptInsecureCerts: true, browserName: firefox, browserVersion: 52.5.1, javascriptEnabled: true, moz:accessibilityChecks: false, moz:processID: 13274, moz:profile: /tmp/rust_mozprofile.tdW1SA..., pageLoadStrategy: normal, platform: LINUX, platformName: LINUX, platformVersion: 3.10.0-514.el7.x86_64, rotatable: false, specificationLevel: 0, timeouts: {implicit: 0, page load: 300000, script: 30000}}
Session ID: 98b69056-ee3e-46d5-a34b-4e2f19441c5c
	at org.openqa.selenium.remote.http.W3CHttpResponseCodec.createException(W3CHttpResponseCodec.java:187)
	at org.openqa.selenium.remote.http.W3CHttpResponseCodec.decode(W3CHttpResponseCodec.java:122)
	at org.openqa.selenium.remote.http.W3CHttpResponseCodec.decode(W3CHttpResponseCodec.java:49)
	at org.openqa.selenium.remote.HttpCommandExecutor.execute(HttpCommandExecutor.java:160)
	at org.openqa.selenium.remote.service.DriverCommandExecutor.execute(DriverCommandExecutor.java:83)
	at org.openqa.selenium.remote.RemoteWebDriver.execute(RemoteWebDriver.java:601)
	at org.openqa.selenium.remote.RemoteWebElement.execute(RemoteWebElement.java:279)
	at org.openqa.selenium.remote.RemoteWebElement.click(RemoteWebElement.java:83)
	at testCases.AcademicAdministration.AcademicStructure_Courses_Add.execute(AcademicStructure_Courses_Add.java:17)
	at main.AcademicAdministrationTest.AcademicStructure_Courses_Add(AcademicAdministrationTest.java:177)
	at main.Main.main(Main.java:26)
... Removed 25 stack frames
</div> <!-- stack-trace -->
                </div> <!-- method-content -->
              </div> <!-- method -->
              <div class="method">
                <div class="method-content">
                  <a name="AcademicStructure_Courses_Add">
                  </a> <!-- AcademicStructure_Courses_Add -->
                  <span class="method-name">AcademicStructure_Courses_Add</span>
                  <div class="stack-trace">org.openqa.selenium.ElementNotInteractableException: 
Build info: version: &apos;3.10.0&apos;, revision: &apos;176b4a9&apos;, time: &apos;2018-03-02T19:11:12.151Z&apos;
System info: host: &apos;localhost.localdomain&apos;, ip: &apos;127.0.0.1&apos;, os.name: &apos;Linux&apos;, os.arch: &apos;amd64&apos;, os.version: &apos;3.10.0-514.el7.x86_64&apos;, java.version: &apos;1.8.0_102&apos;
Driver info: org.openqa.selenium.firefox.FirefoxDriver
Capabilities {acceptInsecureCerts: true, browserName: firefox, browserVersion: 52.5.1, javascriptEnabled: true, moz:accessibilityChecks: false, moz:processID: 13274, moz:profile: /tmp/rust_mozprofile.tdW1SA..., pageLoadStrategy: normal, platform: LINUX, platformName: LINUX, platformVersion: 3.10.0-514.el7.x86_64, rotatable: false, specificationLevel: 0, timeouts: {implicit: 0, page load: 300000, script: 30000}}
Session ID: 98b69056-ee3e-46d5-a34b-4e2f19441c5c
	at org.openqa.selenium.remote.http.W3CHttpResponseCodec.createException(W3CHttpResponseCodec.java:187)
	at org.openqa.selenium.remote.http.W3CHttpResponseCodec.decode(W3CHttpResponseCodec.java:122)
	at org.openqa.selenium.remote.http.W3CHttpResponseCodec.decode(W3CHttpResponseCodec.java:49)
	at org.openqa.selenium.remote.HttpCommandExecutor.execute(HttpCommandExecutor.java:160)
	at org.openqa.selenium.remote.service.DriverCommandExecutor.execute(DriverCommandExecutor.java:83)
	at org.openqa.selenium.remote.RemoteWebDriver.execute(RemoteWebDriver.java:601)
	at org.openqa.selenium.remote.RemoteWebElement.execute(RemoteWebElement.java:279)
	at org.openqa.selenium.remote.RemoteWebElement.click(RemoteWebElement.java:83)
	at testCases.AcademicAdministration.AcademicStructure_Courses_Add.execute(AcademicStructure_Courses_Add.java:17)
	at main.AcademicAdministrationTest.AcademicStructure_Courses_Add(AcademicAdministrationTest.java:177)
	at main.Main.main(Main.java:26)
... Removed 25 stack frames
</div> <!-- stack-trace -->
                </div> <!-- method-content -->
              </div> <!-- method -->
              <div class="method">
                <div class="method-content">
                  <a name="AcademicStructure_Courses_Add">
                  </a> <!-- AcademicStructure_Courses_Add -->
                  <span class="method-name">AcademicStructure_Courses_Add</span>
                  <div class="stack-trace">org.openqa.selenium.ElementNotInteractableException: 
Build info: version: &apos;3.10.0&apos;, revision: &apos;176b4a9&apos;, time: &apos;2018-03-02T19:11:12.151Z&apos;
System info: host: &apos;localhost.localdomain&apos;, ip: &apos;127.0.0.1&apos;, os.name: &apos;Linux&apos;, os.arch: &apos;amd64&apos;, os.version: &apos;3.10.0-514.el7.x86_64&apos;, java.version: &apos;1.8.0_102&apos;
Driver info: org.openqa.selenium.firefox.FirefoxDriver
Capabilities {acceptInsecureCerts: true, browserName: firefox, browserVersion: 52.5.1, javascriptEnabled: true, moz:accessibilityChecks: false, moz:processID: 13274, moz:profile: /tmp/rust_mozprofile.tdW1SA..., pageLoadStrategy: normal, platform: LINUX, platformName: LINUX, platformVersion: 3.10.0-514.el7.x86_64, rotatable: false, specificationLevel: 0, timeouts: {implicit: 0, page load: 300000, script: 30000}}
Session ID: 98b69056-ee3e-46d5-a34b-4e2f19441c5c
	at org.openqa.selenium.remote.http.W3CHttpResponseCodec.createException(W3CHttpResponseCodec.java:187)
	at org.openqa.selenium.remote.http.W3CHttpResponseCodec.decode(W3CHttpResponseCodec.java:122)
	at org.openqa.selenium.remote.http.W3CHttpResponseCodec.decode(W3CHttpResponseCodec.java:49)
	at org.openqa.selenium.remote.HttpCommandExecutor.execute(HttpCommandExecutor.java:160)
	at org.openqa.selenium.remote.service.DriverCommandExecutor.execute(DriverCommandExecutor.java:83)
	at org.openqa.selenium.remote.RemoteWebDriver.execute(RemoteWebDriver.java:601)
	at org.openqa.selenium.remote.RemoteWebElement.execute(RemoteWebElement.java:279)
	at org.openqa.selenium.remote.RemoteWebElement.click(RemoteWebElement.java:83)
	at testCases.AcademicAdministration.AcademicStructure_Courses_Add.execute(AcademicStructure_Courses_Add.java:17)
	at main.AcademicAdministrationTest.AcademicStructure_Courses_Add(AcademicAdministrationTest.java:177)
	at main.Main.main(Main.java:26)
... Removed 25 stack frames
</div> <!-- stack-trace -->
                </div> <!-- method-content -->
              </div> <!-- method -->
              <div class="method">
                <div class="method-content">
                  <a name="AcademicStructure_Courses_Delete">
                  </a> <!-- AcademicStructure_Courses_Delete -->
                  <span class="method-name">AcademicStructure_Courses_Delete</span>
                  <div class="stack-trace">java.lang.Exception
	at utility.Utils.takeScreenshot(Utils.java:136)
	at main.AcademicAdministrationTest.AcademicStructure_Courses_Delete(AcademicAdministrationTest.java:212)
	at main.Main.main(Main.java:26)
... Removed 22 stack frames
</div> <!-- stack-trace -->
                </div> <!-- method-content -->
              </div> <!-- method -->
              <div class="method">
                <div class="method-content">
                  <a name="AcademicStructure_Courses_Delete">
                  </a> <!-- AcademicStructure_Courses_Delete -->
                  <span class="method-name">AcademicStructure_Courses_Delete</span>
                  <div class="stack-trace">java.lang.Exception
	at utility.Utils.takeScreenshot(Utils.java:136)
	at main.AcademicAdministrationTest.AcademicStructure_Courses_Delete(AcademicAdministrationTest.java:212)
	at main.Main.main(Main.java:26)
... Removed 22 stack frames
</div> <!-- stack-trace -->
                </div> <!-- method-content -->
              </div> <!-- method -->
              <div class="method">
                <div class="method-content">
                  <a name="AcademicStructure_Courses_Delete">
                  </a> <!-- AcademicStructure_Courses_Delete -->
                  <span class="method-name">AcademicStructure_Courses_Delete</span>
                  <div class="stack-trace">java.lang.Exception
	at utility.Utils.takeScreenshot(Utils.java:136)
	at main.AcademicAdministrationTest.AcademicStructure_Courses_Delete(AcademicAdministrationTest.java:212)
	at main.Main.main(Main.java:26)
... Removed 22 stack frames
</div> <!-- stack-trace -->
                </div> <!-- method-content -->
              </div> <!-- method -->
              <div class="method">
                <div class="method-content">
                  <a name="AcademicStructure_Courses_Delete">
                  </a> <!-- AcademicStructure_Courses_Delete -->
                  <span class="method-name">AcademicStructure_Courses_Delete</span>
                  <div class="stack-trace">java.lang.Exception
	at utility.Utils.takeScreenshot(Utils.java:136)
	at main.AcademicAdministrationTest.AcademicStructure_Courses_Delete(AcademicAdministrationTest.java:212)
	at main.Main.main(Main.java:26)
... Removed 22 stack frames
</div> <!-- stack-trace -->
                </div> <!-- method-content -->
              </div> <!-- method -->
              <div class="method">
                <div class="method-content">
                  <a name="CoursewiseDetailReport">
                  </a> <!-- CoursewiseDetailReport -->
                  <span class="method-name">CoursewiseDetailReport</span>
                  <div class="stack-trace">org.openqa.selenium.ElementNotInteractableException: 
Build info: version: &apos;3.10.0&apos;, revision: &apos;176b4a9&apos;, time: &apos;2018-03-02T19:11:12.151Z&apos;
System info: host: &apos;localhost.localdomain&apos;, ip: &apos;127.0.0.1&apos;, os.name: &apos;Linux&apos;, os.arch: &apos;amd64&apos;, os.version: &apos;3.10.0-514.el7.x86_64&apos;, java.version: &apos;1.8.0_102&apos;
Driver info: org.openqa.selenium.firefox.FirefoxDriver
Capabilities {acceptInsecureCerts: true, browserName: firefox, browserVersion: 52.5.1, javascriptEnabled: true, moz:accessibilityChecks: false, moz:processID: 13274, moz:profile: /tmp/rust_mozprofile.tdW1SA..., pageLoadStrategy: normal, platform: LINUX, platformName: LINUX, platformVersion: 3.10.0-514.el7.x86_64, rotatable: false, specificationLevel: 0, timeouts: {implicit: 0, page load: 300000, script: 30000}}
Session ID: 98b69056-ee3e-46d5-a34b-4e2f19441c5c
	at org.openqa.selenium.remote.http.W3CHttpResponseCodec.createException(W3CHttpResponseCodec.java:187)
	at org.openqa.selenium.remote.http.W3CHttpResponseCodec.decode(W3CHttpResponseCodec.java:122)
	at org.openqa.selenium.remote.http.W3CHttpResponseCodec.decode(W3CHttpResponseCodec.java:49)
	at org.openqa.selenium.remote.HttpCommandExecutor.execute(HttpCommandExecutor.java:160)
	at org.openqa.selenium.remote.service.DriverCommandExecutor.execute(DriverCommandExecutor.java:83)
	at org.openqa.selenium.remote.RemoteWebDriver.execute(RemoteWebDriver.java:601)
	at org.openqa.selenium.remote.RemoteWebElement.execute(RemoteWebElement.java:279)
	at org.openqa.selenium.remote.RemoteWebElement.click(RemoteWebElement.java:83)
	at org.openqa.selenium.support.ui.Select.setSelected(Select.java:324)
	at org.openqa.selenium.support.ui.Select.selectByVisibleText(Select.java:120)
	at testCases.AcademicAdministration.CoursewiseDetailReport.execute(CoursewiseDetailReport.java:24)
	at main.AcademicAdministrationTest.CoursewiseDetailReport(AcademicAdministrationTest.java:225)
	at main.Main.main(Main.java:26)
... Removed 26 stack frames
</div> <!-- stack-trace -->
                </div> <!-- method-content -->
              </div> <!-- method -->
              <div class="method">
                <div class="method-content">
                  <a name="CoursewiseDetailReport">
                  </a> <!-- CoursewiseDetailReport -->
                  <span class="method-name">CoursewiseDetailReport</span>
                  <div class="stack-trace">org.openqa.selenium.ElementNotInteractableException: 
Build info: version: &apos;3.10.0&apos;, revision: &apos;176b4a9&apos;, time: &apos;2018-03-02T19:11:12.151Z&apos;
System info: host: &apos;localhost.localdomain&apos;, ip: &apos;127.0.0.1&apos;, os.name: &apos;Linux&apos;, os.arch: &apos;amd64&apos;, os.version: &apos;3.10.0-514.el7.x86_64&apos;, java.version: &apos;1.8.0_102&apos;
Driver info: org.openqa.selenium.firefox.FirefoxDriver
Capabilities {acceptInsecureCerts: true, browserName: firefox, browserVersion: 52.5.1, javascriptEnabled: true, moz:accessibilityChecks: false, moz:processID: 13274, moz:profile: /tmp/rust_mozprofile.tdW1SA..., pageLoadStrategy: normal, platform: LINUX, platformName: LINUX, platformVersion: 3.10.0-514.el7.x86_64, rotatable: false, specificationLevel: 0, timeouts: {implicit: 0, page load: 300000, script: 30000}}
Session ID: 98b69056-ee3e-46d5-a34b-4e2f19441c5c
	at org.openqa.selenium.remote.http.W3CHttpResponseCodec.createException(W3CHttpResponseCodec.java:187)
	at org.openqa.selenium.remote.http.W3CHttpResponseCodec.decode(W3CHttpResponseCodec.java:122)
	at org.openqa.selenium.remote.http.W3CHttpResponseCodec.decode(W3CHttpResponseCodec.java:49)
	at org.openqa.selenium.remote.HttpCommandExecutor.execute(HttpCommandExecutor.java:160)
	at org.openqa.selenium.remote.service.DriverCommandExecutor.execute(DriverCommandExecutor.java:83)
	at org.openqa.selenium.remote.RemoteWebDriver.execute(RemoteWebDriver.java:601)
	at org.openqa.selenium.remote.RemoteWebElement.execute(RemoteWebElement.java:279)
	at org.openqa.selenium.remote.RemoteWebElement.click(RemoteWebElement.java:83)
	at testCases.AcademicAdministration.CoursewiseDetailReport.execute(CoursewiseDetailReport.java:21)
	at main.AcademicAdministrationTest.CoursewiseDetailReport(AcademicAdministrationTest.java:225)
	at main.Main.main(Main.java:26)
... Removed 26 stack frames
</div> <!-- stack-trace -->
                </div> <!-- method-content -->
              </div> <!-- method -->
              <div class="method">
                <div class="method-content">
                  <a name="CoursewiseDetailReport">
                  </a> <!-- CoursewiseDetailReport -->
                  <span class="method-name">CoursewiseDetailReport</span>
                  <div class="stack-trace">org.openqa.selenium.ElementNotInteractableException: 
Build info: version: &apos;3.10.0&apos;, revision: &apos;176b4a9&apos;, time: &apos;2018-03-02T19:11:12.151Z&apos;
System info: host: &apos;localhost.localdomain&apos;, ip: &apos;127.0.0.1&apos;, os.name: &apos;Linux&apos;, os.arch: &apos;amd64&apos;, os.version: &apos;3.10.0-514.el7.x86_64&apos;, java.version: &apos;1.8.0_102&apos;
Driver info: org.openqa.selenium.firefox.FirefoxDriver
Capabilities {acceptInsecureCerts: true, browserName: firefox, browserVersion: 52.5.1, javascriptEnabled: true, moz:accessibilityChecks: false, moz:processID: 13274, moz:profile: /tmp/rust_mozprofile.tdW1SA..., pageLoadStrategy: normal, platform: LINUX, platformName: LINUX, platformVersion: 3.10.0-514.el7.x86_64, rotatable: false, specificationLevel: 0, timeouts: {implicit: 0, page load: 300000, script: 30000}}
Session ID: 98b69056-ee3e-46d5-a34b-4e2f19441c5c
	at org.openqa.selenium.remote.http.W3CHttpResponseCodec.createException(W3CHttpResponseCodec.java:187)
	at org.openqa.selenium.remote.http.W3CHttpResponseCodec.decode(W3CHttpResponseCodec.java:122)
	at org.openqa.selenium.remote.http.W3CHttpResponseCodec.decode(W3CHttpResponseCodec.java:49)
	at org.openqa.selenium.remote.HttpCommandExecutor.execute(HttpCommandExecutor.java:160)
	at org.openqa.selenium.remote.service.DriverCommandExecutor.execute(DriverCommandExecutor.java:83)
	at org.openqa.selenium.remote.RemoteWebDriver.execute(RemoteWebDriver.java:601)
	at org.openqa.selenium.remote.RemoteWebElement.execute(RemoteWebElement.java:279)
	at org.openqa.selenium.remote.RemoteWebElement.click(RemoteWebElement.java:83)
	at org.openqa.selenium.support.ui.Select.setSelected(Select.java:324)
	at org.openqa.selenium.support.ui.Select.selectByVisibleText(Select.java:120)
	at testCases.AcademicAdministration.CoursewiseDetailReport.execute(CoursewiseDetailReport.java:24)
	at main.AcademicAdministrationTest.CoursewiseDetailReport(AcademicAdministrationTest.java:225)
	at main.Main.main(Main.java:26)
... Removed 26 stack frames
</div> <!-- stack-trace -->
                </div> <!-- method-content -->
              </div> <!-- method -->
              <div class="method">
                <div class="method-content">
                  <a name="CoursewiseDetailReport">
                  </a> <!-- CoursewiseDetailReport -->
                  <span class="method-name">CoursewiseDetailReport</span>
                  <div class="stack-trace">org.openqa.selenium.ElementNotInteractableException: 
Build info: version: &apos;3.10.0&apos;, revision: &apos;176b4a9&apos;, time: &apos;2018-03-02T19:11:12.151Z&apos;
System info: host: &apos;localhost.localdomain&apos;, ip: &apos;127.0.0.1&apos;, os.name: &apos;Linux&apos;, os.arch: &apos;amd64&apos;, os.version: &apos;3.10.0-514.el7.x86_64&apos;, java.version: &apos;1.8.0_102&apos;
Driver info: org.openqa.selenium.firefox.FirefoxDriver
Capabilities {acceptInsecureCerts: true, browserName: firefox, browserVersion: 52.5.1, javascriptEnabled: true, moz:accessibilityChecks: false, moz:processID: 13274, moz:profile: /tmp/rust_mozprofile.tdW1SA..., pageLoadStrategy: normal, platform: LINUX, platformName: LINUX, platformVersion: 3.10.0-514.el7.x86_64, rotatable: false, specificationLevel: 0, timeouts: {implicit: 0, page load: 300000, script: 30000}}
Session ID: 98b69056-ee3e-46d5-a34b-4e2f19441c5c
	at org.openqa.selenium.remote.http.W3CHttpResponseCodec.createException(W3CHttpResponseCodec.java:187)
	at org.openqa.selenium.remote.http.W3CHttpResponseCodec.decode(W3CHttpResponseCodec.java:122)
	at org.openqa.selenium.remote.http.W3CHttpResponseCodec.decode(W3CHttpResponseCodec.java:49)
	at org.openqa.selenium.remote.HttpCommandExecutor.execute(HttpCommandExecutor.java:160)
	at org.openqa.selenium.remote.service.DriverCommandExecutor.execute(DriverCommandExecutor.java:83)
	at org.openqa.selenium.remote.RemoteWebDriver.execute(RemoteWebDriver.java:601)
	at org.openqa.selenium.remote.RemoteWebElement.execute(RemoteWebElement.java:279)
	at org.openqa.selenium.remote.RemoteWebElement.click(RemoteWebElement.java:83)
	at testCases.AcademicAdministration.CoursewiseDetailReport.execute(CoursewiseDetailReport.java:21)
	at main.AcademicAdministrationTest.CoursewiseDetailReport(AcademicAdministrationTest.java:225)
	at main.Main.main(Main.java:26)
... Removed 26 stack frames
</div> <!-- stack-trace -->
                </div> <!-- method-content -->
              </div> <!-- method -->
              <div class="method">
                <div class="method-content">
                  <a name="DefineSections_Add">
                  </a> <!-- DefineSections_Add -->
                  <span class="method-name">DefineSections_Add</span>
                  <div class="stack-trace">org.openqa.selenium.ElementNotInteractableException: 
Build info: version: &apos;3.10.0&apos;, revision: &apos;176b4a9&apos;, time: &apos;2018-03-02T19:11:12.151Z&apos;
System info: host: &apos;localhost.localdomain&apos;, ip: &apos;127.0.0.1&apos;, os.name: &apos;Linux&apos;, os.arch: &apos;amd64&apos;, os.version: &apos;3.10.0-514.el7.x86_64&apos;, java.version: &apos;1.8.0_102&apos;
Driver info: org.openqa.selenium.firefox.FirefoxDriver
Capabilities {acceptInsecureCerts: true, browserName: firefox, browserVersion: 52.5.1, javascriptEnabled: true, moz:accessibilityChecks: false, moz:processID: 13274, moz:profile: /tmp/rust_mozprofile.tdW1SA..., pageLoadStrategy: normal, platform: LINUX, platformName: LINUX, platformVersion: 3.10.0-514.el7.x86_64, rotatable: false, specificationLevel: 0, timeouts: {implicit: 0, page load: 300000, script: 30000}}
Session ID: 98b69056-ee3e-46d5-a34b-4e2f19441c5c
	at org.openqa.selenium.remote.http.W3CHttpResponseCodec.createException(W3CHttpResponseCodec.java:187)
	at org.openqa.selenium.remote.http.W3CHttpResponseCodec.decode(W3CHttpResponseCodec.java:122)
	at org.openqa.selenium.remote.http.W3CHttpResponseCodec.decode(W3CHttpResponseCodec.java:49)
	at org.openqa.selenium.remote.HttpCommandExecutor.execute(HttpCommandExecutor.java:160)
	at org.openqa.selenium.remote.service.DriverCommandExecutor.execute(DriverCommandExecutor.java:83)
	at org.openqa.selenium.remote.RemoteWebDriver.execute(RemoteWebDriver.java:601)
	at org.openqa.selenium.remote.RemoteWebElement.execute(RemoteWebElement.java:279)
	at org.openqa.selenium.remote.RemoteWebElement.click(RemoteWebElement.java:83)
	at testCases.AcademicAdministration.DefineSections_Add.execute(DefineSections_Add.java:13)
	at main.AcademicAdministrationTest.DefineSections_Add(AcademicAdministrationTest.java:129)
	at main.Main.main(Main.java:26)
... Removed 26 stack frames
</div> <!-- stack-trace -->
                </div> <!-- method-content -->
              </div> <!-- method -->
              <div class="method">
                <div class="method-content">
                  <a name="DefineSections_Add">
                  </a> <!-- DefineSections_Add -->
                  <span class="method-name">DefineSections_Add</span>
                  <div class="stack-trace">org.openqa.selenium.ElementNotInteractableException: 
Build info: version: &apos;3.10.0&apos;, revision: &apos;176b4a9&apos;, time: &apos;2018-03-02T19:11:12.151Z&apos;
System info: host: &apos;localhost.localdomain&apos;, ip: &apos;127.0.0.1&apos;, os.name: &apos;Linux&apos;, os.arch: &apos;amd64&apos;, os.version: &apos;3.10.0-514.el7.x86_64&apos;, java.version: &apos;1.8.0_102&apos;
Driver info: org.openqa.selenium.firefox.FirefoxDriver
Capabilities {acceptInsecureCerts: true, browserName: firefox, browserVersion: 52.5.1, javascriptEnabled: true, moz:accessibilityChecks: false, moz:processID: 13274, moz:profile: /tmp/rust_mozprofile.tdW1SA..., pageLoadStrategy: normal, platform: LINUX, platformName: LINUX, platformVersion: 3.10.0-514.el7.x86_64, rotatable: false, specificationLevel: 0, timeouts: {implicit: 0, page load: 300000, script: 30000}}
Session ID: 98b69056-ee3e-46d5-a34b-4e2f19441c5c
	at org.openqa.selenium.remote.http.W3CHttpResponseCodec.createException(W3CHttpResponseCodec.java:187)
	at org.openqa.selenium.remote.http.W3CHttpResponseCodec.decode(W3CHttpResponseCodec.java:122)
	at org.openqa.selenium.remote.http.W3CHttpResponseCodec.decode(W3CHttpResponseCodec.java:49)
	at org.openqa.selenium.remote.HttpCommandExecutor.execute(HttpCommandExecutor.java:160)
	at org.openqa.selenium.remote.service.DriverCommandExecutor.execute(DriverCommandExecutor.java:83)
	at org.openqa.selenium.remote.RemoteWebDriver.execute(RemoteWebDriver.java:601)
	at org.openqa.selenium.remote.RemoteWebElement.execute(RemoteWebElement.java:279)
	at org.openqa.selenium.remote.RemoteWebElement.click(RemoteWebElement.java:83)
	at testCases.AcademicAdministration.DefineSections_Add.execute(DefineSections_Add.java:13)
	at main.AcademicAdministrationTest.DefineSections_Add(AcademicAdministrationTest.java:129)
	at main.Main.main(Main.java:26)
... Removed 26 stack frames
</div> <!-- stack-trace -->
                </div> <!-- method-content -->
              </div> <!-- method -->
              <div class="method">
                <div class="method-content">
                  <a name="DefineSections_Add">
                  </a> <!-- DefineSections_Add -->
                  <span class="method-name">DefineSections_Add</span>
                  <div class="stack-trace">org.openqa.selenium.ElementNotInteractableException: 
Build info: version: &apos;3.10.0&apos;, revision: &apos;176b4a9&apos;, time: &apos;2018-03-02T19:11:12.151Z&apos;
System info: host: &apos;localhost.localdomain&apos;, ip: &apos;127.0.0.1&apos;, os.name: &apos;Linux&apos;, os.arch: &apos;amd64&apos;, os.version: &apos;3.10.0-514.el7.x86_64&apos;, java.version: &apos;1.8.0_102&apos;
Driver info: org.openqa.selenium.firefox.FirefoxDriver
Capabilities {acceptInsecureCerts: true, browserName: firefox, browserVersion: 52.5.1, javascriptEnabled: true, moz:accessibilityChecks: false, moz:processID: 13274, moz:profile: /tmp/rust_mozprofile.tdW1SA..., pageLoadStrategy: normal, platform: LINUX, platformName: LINUX, platformVersion: 3.10.0-514.el7.x86_64, rotatable: false, specificationLevel: 0, timeouts: {implicit: 0, page load: 300000, script: 30000}}
Session ID: 98b69056-ee3e-46d5-a34b-4e2f19441c5c
	at org.openqa.selenium.remote.http.W3CHttpResponseCodec.createException(W3CHttpResponseCodec.java:187)
	at org.openqa.selenium.remote.http.W3CHttpResponseCodec.decode(W3CHttpResponseCodec.java:122)
	at org.openqa.selenium.remote.http.W3CHttpResponseCodec.decode(W3CHttpResponseCodec.java:49)
	at org.openqa.selenium.remote.HttpCommandExecutor.execute(HttpCommandExecutor.java:160)
	at org.openqa.selenium.remote.service.DriverCommandExecutor.execute(DriverCommandExecutor.java:83)
	at org.openqa.selenium.remote.RemoteWebDriver.execute(RemoteWebDriver.java:601)
	at org.openqa.selenium.remote.RemoteWebElement.execute(RemoteWebElement.java:279)
	at org.openqa.selenium.remote.RemoteWebElement.click(RemoteWebElement.java:83)
	at testCases.AcademicAdministration.DefineSections_Add.execute(DefineSections_Add.java:13)
	at main.AcademicAdministrationTest.DefineSections_Add(AcademicAdministrationTest.java:129)
	at main.Main.main(Main.java:26)
... Removed 26 stack frames
</div> <!-- stack-trace -->
                </div> <!-- method-content -->
              </div> <!-- method -->
              <div class="method">
                <div class="method-content">
                  <a name="DefineSections_Add">
                  </a> <!-- DefineSections_Add -->
                  <span class="method-name">DefineSections_Add</span>
                  <div class="stack-trace">org.openqa.selenium.ElementNotInteractableException: 
Build info: version: &apos;3.10.0&apos;, revision: &apos;176b4a9&apos;, time: &apos;2018-03-02T19:11:12.151Z&apos;
System info: host: &apos;localhost.localdomain&apos;, ip: &apos;127.0.0.1&apos;, os.name: &apos;Linux&apos;, os.arch: &apos;amd64&apos;, os.version: &apos;3.10.0-514.el7.x86_64&apos;, java.version: &apos;1.8.0_102&apos;
Driver info: org.openqa.selenium.firefox.FirefoxDriver
Capabilities {acceptInsecureCerts: true, browserName: firefox, browserVersion: 52.5.1, javascriptEnabled: true, moz:accessibilityChecks: false, moz:processID: 13274, moz:profile: /tmp/rust_mozprofile.tdW1SA..., pageLoadStrategy: normal, platform: LINUX, platformName: LINUX, platformVersion: 3.10.0-514.el7.x86_64, rotatable: false, specificationLevel: 0, timeouts: {implicit: 0, page load: 300000, script: 30000}}
Session ID: 98b69056-ee3e-46d5-a34b-4e2f19441c5c
	at org.openqa.selenium.remote.http.W3CHttpResponseCodec.createException(W3CHttpResponseCodec.java:187)
	at org.openqa.selenium.remote.http.W3CHttpResponseCodec.decode(W3CHttpResponseCodec.java:122)
	at org.openqa.selenium.remote.http.W3CHttpResponseCodec.decode(W3CHttpResponseCodec.java:49)
	at org.openqa.selenium.remote.HttpCommandExecutor.execute(HttpCommandExecutor.java:160)
	at org.openqa.selenium.remote.service.DriverCommandExecutor.execute(DriverCommandExecutor.java:83)
	at org.openqa.selenium.remote.RemoteWebDriver.execute(RemoteWebDriver.java:601)
	at org.openqa.selenium.remote.RemoteWebElement.execute(RemoteWebElement.java:279)
	at org.openqa.selenium.remote.RemoteWebElement.click(RemoteWebElement.java:83)
	at testCases.AcademicAdministration.DefineSections_Add.execute(DefineSections_Add.java:13)
	at main.AcademicAdministrationTest.DefineSections_Add(AcademicAdministrationTest.java:129)
	at main.Main.main(Main.java:26)
... Removed 26 stack frames
</div> <!-- stack-trace -->
                </div> <!-- method-content -->
              </div> <!-- method -->
              <div class="method">
                <div class="method-content">
                  <a name="DefineSections_Delete">
                  </a> <!-- DefineSections_Delete -->
                  <span class="method-name">DefineSections_Delete</span>
                  <div class="stack-trace">org.openqa.selenium.ElementNotInteractableException: 
Build info: version: &apos;3.10.0&apos;, revision: &apos;176b4a9&apos;, time: &apos;2018-03-02T19:11:12.151Z&apos;
System info: host: &apos;localhost.localdomain&apos;, ip: &apos;127.0.0.1&apos;, os.name: &apos;Linux&apos;, os.arch: &apos;amd64&apos;, os.version: &apos;3.10.0-514.el7.x86_64&apos;, java.version: &apos;1.8.0_102&apos;
Driver info: org.openqa.selenium.firefox.FirefoxDriver
Capabilities {acceptInsecureCerts: true, browserName: firefox, browserVersion: 52.5.1, javascriptEnabled: true, moz:accessibilityChecks: false, moz:processID: 13274, moz:profile: /tmp/rust_mozprofile.tdW1SA..., pageLoadStrategy: normal, platform: LINUX, platformName: LINUX, platformVersion: 3.10.0-514.el7.x86_64, rotatable: false, specificationLevel: 0, timeouts: {implicit: 0, page load: 300000, script: 30000}}
Session ID: 98b69056-ee3e-46d5-a34b-4e2f19441c5c
	at org.openqa.selenium.remote.http.W3CHttpResponseCodec.createException(W3CHttpResponseCodec.java:187)
	at org.openqa.selenium.remote.http.W3CHttpResponseCodec.decode(W3CHttpResponseCodec.java:122)
	at org.openqa.selenium.remote.http.W3CHttpResponseCodec.decode(W3CHttpResponseCodec.java:49)
	at org.openqa.selenium.remote.HttpCommandExecutor.execute(HttpCommandExecutor.java:160)
	at org.openqa.selenium.remote.service.DriverCommandExecutor.execute(DriverCommandExecutor.java:83)
	at org.openqa.selenium.remote.RemoteWebDriver.execute(RemoteWebDriver.java:601)
	at org.openqa.selenium.remote.RemoteWebElement.execute(RemoteWebElement.java:279)
	at org.openqa.selenium.remote.RemoteWebElement.click(RemoteWebElement.java:83)
	at testCases.AcademicAdministration.DefineSections_Delete.execute(DefineSections_Delete.java:14)
	at main.AcademicAdministrationTest.DefineSections_Delete(AcademicAdministrationTest.java:153)
	at main.Main.main(Main.java:26)
... Removed 26 stack frames
</div> <!-- stack-trace -->
                </div> <!-- method-content -->
              </div> <!-- method -->
              <div class="method">
                <div class="method-content">
                  <a name="DefineSections_Delete">
                  </a> <!-- DefineSections_Delete -->
                  <span class="method-name">DefineSections_Delete</span>
                  <div class="stack-trace">org.openqa.selenium.ElementNotInteractableException: 
Build info: version: &apos;3.10.0&apos;, revision: &apos;176b4a9&apos;, time: &apos;2018-03-02T19:11:12.151Z&apos;
System info: host: &apos;localhost.localdomain&apos;, ip: &apos;127.0.0.1&apos;, os.name: &apos;Linux&apos;, os.arch: &apos;amd64&apos;, os.version: &apos;3.10.0-514.el7.x86_64&apos;, java.version: &apos;1.8.0_102&apos;
Driver info: org.openqa.selenium.firefox.FirefoxDriver
Capabilities {acceptInsecureCerts: true, browserName: firefox, browserVersion: 52.5.1, javascriptEnabled: true, moz:accessibilityChecks: false, moz:processID: 13274, moz:profile: /tmp/rust_mozprofile.tdW1SA..., pageLoadStrategy: normal, platform: LINUX, platformName: LINUX, platformVersion: 3.10.0-514.el7.x86_64, rotatable: false, specificationLevel: 0, timeouts: {implicit: 0, page load: 300000, script: 30000}}
Session ID: 98b69056-ee3e-46d5-a34b-4e2f19441c5c
	at org.openqa.selenium.remote.http.W3CHttpResponseCodec.createException(W3CHttpResponseCodec.java:187)
	at org.openqa.selenium.remote.http.W3CHttpResponseCodec.decode(W3CHttpResponseCodec.java:122)
	at org.openqa.selenium.remote.http.W3CHttpResponseCodec.decode(W3CHttpResponseCodec.java:49)
	at org.openqa.selenium.remote.HttpCommandExecutor.execute(HttpCommandExecutor.java:160)
	at org.openqa.selenium.remote.service.DriverCommandExecutor.execute(DriverCommandExecutor.java:83)
	at org.openqa.selenium.remote.RemoteWebDriver.execute(RemoteWebDriver.java:601)
	at org.openqa.selenium.remote.RemoteWebElement.execute(RemoteWebElement.java:279)
	at org.openqa.selenium.remote.RemoteWebElement.click(RemoteWebElement.java:83)
	at testCases.AcademicAdministration.DefineSections_Delete.execute(DefineSections_Delete.java:14)
	at main.AcademicAdministrationTest.DefineSections_Delete(AcademicAdministrationTest.java:153)
	at main.Main.main(Main.java:26)
... Removed 25 stack frames
</div> <!-- stack-trace -->
                </div> <!-- method-content -->
              </div> <!-- method -->
              <div class="method">
                <div class="method-content">
                  <a name="DefineSections_Delete">
                  </a> <!-- DefineSections_Delete -->
                  <span class="method-name">DefineSections_Delete</span>
                  <div class="stack-trace">org.openqa.selenium.ElementNotInteractableException: 
Build info: version: &apos;3.10.0&apos;, revision: &apos;176b4a9&apos;, time: &apos;2018-03-02T19:11:12.151Z&apos;
System info: host: &apos;localhost.localdomain&apos;, ip: &apos;127.0.0.1&apos;, os.name: &apos;Linux&apos;, os.arch: &apos;amd64&apos;, os.version: &apos;3.10.0-514.el7.x86_64&apos;, java.version: &apos;1.8.0_102&apos;
Driver info: org.openqa.selenium.firefox.FirefoxDriver
Capabilities {acceptInsecureCerts: true, browserName: firefox, browserVersion: 52.5.1, javascriptEnabled: true, moz:accessibilityChecks: false, moz:processID: 13274, moz:profile: /tmp/rust_mozprofile.tdW1SA..., pageLoadStrategy: normal, platform: LINUX, platformName: LINUX, platformVersion: 3.10.0-514.el7.x86_64, rotatable: false, specificationLevel: 0, timeouts: {implicit: 0, page load: 300000, script: 30000}}
Session ID: 98b69056-ee3e-46d5-a34b-4e2f19441c5c
	at org.openqa.selenium.remote.http.W3CHttpResponseCodec.createException(W3CHttpResponseCodec.java:187)
	at org.openqa.selenium.remote.http.W3CHttpResponseCodec.decode(W3CHttpResponseCodec.java:122)
	at org.openqa.selenium.remote.http.W3CHttpResponseCodec.decode(W3CHttpResponseCodec.java:49)
	at org.openqa.selenium.remote.HttpCommandExecutor.execute(HttpCommandExecutor.java:160)
	at org.openqa.selenium.remote.service.DriverCommandExecutor.execute(DriverCommandExecutor.java:83)
	at org.openqa.selenium.remote.RemoteWebDriver.execute(RemoteWebDriver.java:601)
	at org.openqa.selenium.remote.RemoteWebElement.execute(RemoteWebElement.java:279)
	at org.openqa.selenium.remote.RemoteWebElement.click(RemoteWebElement.java:83)
	at testCases.AcademicAdministration.DefineSections_Delete.execute(DefineSections_Delete.java:14)
	at main.AcademicAdministrationTest.DefineSections_Delete(AcademicAdministrationTest.java:153)
	at main.Main.main(Main.java:26)
... Removed 25 stack frames
</div> <!-- stack-trace -->
                </div> <!-- method-content -->
              </div> <!-- method -->
              <div class="method">
                <div class="method-content">
                  <a name="DefineSections_Delete">
                  </a> <!-- DefineSections_Delete -->
                  <span class="method-name">DefineSections_Delete</span>
                  <div class="stack-trace">org.openqa.selenium.ElementNotInteractableException: 
Build info: version: &apos;3.10.0&apos;, revision: &apos;176b4a9&apos;, time: &apos;2018-03-02T19:11:12.151Z&apos;
System info: host: &apos;localhost.localdomain&apos;, ip: &apos;127.0.0.1&apos;, os.name: &apos;Linux&apos;, os.arch: &apos;amd64&apos;, os.version: &apos;3.10.0-514.el7.x86_64&apos;, java.version: &apos;1.8.0_102&apos;
Driver info: org.openqa.selenium.firefox.FirefoxDriver
Capabilities {acceptInsecureCerts: true, browserName: firefox, browserVersion: 52.5.1, javascriptEnabled: true, moz:accessibilityChecks: false, moz:processID: 13274, moz:profile: /tmp/rust_mozprofile.tdW1SA..., pageLoadStrategy: normal, platform: LINUX, platformName: LINUX, platformVersion: 3.10.0-514.el7.x86_64, rotatable: false, specificationLevel: 0, timeouts: {implicit: 0, page load: 300000, script: 30000}}
Session ID: 98b69056-ee3e-46d5-a34b-4e2f19441c5c
	at org.openqa.selenium.remote.http.W3CHttpResponseCodec.createException(W3CHttpResponseCodec.java:187)
	at org.openqa.selenium.remote.http.W3CHttpResponseCodec.decode(W3CHttpResponseCodec.java:122)
	at org.openqa.selenium.remote.http.W3CHttpResponseCodec.decode(W3CHttpResponseCodec.java:49)
	at org.openqa.selenium.remote.HttpCommandExecutor.execute(HttpCommandExecutor.java:160)
	at org.openqa.selenium.remote.service.DriverCommandExecutor.execute(DriverCommandExecutor.java:83)
	at org.openqa.selenium.remote.RemoteWebDriver.execute(RemoteWebDriver.java:601)
	at org.openqa.selenium.remote.RemoteWebElement.execute(RemoteWebElement.java:279)
	at org.openqa.selenium.remote.RemoteWebElement.click(RemoteWebElement.java:83)
	at testCases.AcademicAdministration.DefineSections_Delete.execute(DefineSections_Delete.java:14)
	at main.AcademicAdministrationTest.DefineSections_Delete(AcademicAdministrationTest.java:153)
	at main.Main.main(Main.java:26)
... Removed 25 stack frames
</div> <!-- stack-trace -->
                </div> <!-- method-content -->
              </div> <!-- method -->
              <div class="method">
                <div class="method-content">
                  <a name="SubjectRegRule">
                  </a> <!-- SubjectRegRule -->
                  <span class="method-name">SubjectRegRule</span>
                  <div class="stack-trace">org.openqa.selenium.ElementNotInteractableException: 
Build info: version: &apos;3.10.0&apos;, revision: &apos;176b4a9&apos;, time: &apos;2018-03-02T19:11:12.151Z&apos;
System info: host: &apos;localhost.localdomain&apos;, ip: &apos;127.0.0.1&apos;, os.name: &apos;Linux&apos;, os.arch: &apos;amd64&apos;, os.version: &apos;3.10.0-514.el7.x86_64&apos;, java.version: &apos;1.8.0_102&apos;
Driver info: org.openqa.selenium.firefox.FirefoxDriver
Capabilities {acceptInsecureCerts: true, browserName: firefox, browserVersion: 52.5.1, javascriptEnabled: true, moz:accessibilityChecks: false, moz:processID: 13274, moz:profile: /tmp/rust_mozprofile.tdW1SA..., pageLoadStrategy: normal, platform: LINUX, platformName: LINUX, platformVersion: 3.10.0-514.el7.x86_64, rotatable: false, specificationLevel: 0, timeouts: {implicit: 0, page load: 300000, script: 30000}}
Session ID: 98b69056-ee3e-46d5-a34b-4e2f19441c5c
	at org.openqa.selenium.remote.http.W3CHttpResponseCodec.createException(W3CHttpResponseCodec.java:187)
	at org.openqa.selenium.remote.http.W3CHttpResponseCodec.decode(W3CHttpResponseCodec.java:122)
	at org.openqa.selenium.remote.http.W3CHttpResponseCodec.decode(W3CHttpResponseCodec.java:49)
	at org.openqa.selenium.remote.HttpCommandExecutor.execute(HttpCommandExecutor.java:160)
	at org.openqa.selenium.remote.service.DriverCommandExecutor.execute(DriverCommandExecutor.java:83)
	at org.openqa.selenium.remote.RemoteWebDriver.execute(RemoteWebDriver.java:601)
	at org.openqa.selenium.remote.RemoteWebElement.execute(RemoteWebElement.java:279)
	at org.openqa.selenium.remote.RemoteWebElement.click(RemoteWebElement.java:83)
	at testCases.AcademicAdministration.SubjectRegRule.execute(SubjectRegRule.java:19)
	at main.AcademicAdministrationTest.SubjectRegRule(AcademicAdministrationTest.java:105)
	at main.Main.main(Main.java:26)
... Removed 26 stack frames
</div> <!-- stack-trace -->
                </div> <!-- method-content -->
              </div> <!-- method -->
              <div class="method">
                <div class="method-content">
                  <a name="SubjectRegRule">
                  </a> <!-- SubjectRegRule -->
                  <span class="method-name">SubjectRegRule</span>
                  <div class="stack-trace">org.openqa.selenium.NoSuchElementException: Cannot locate element with text: MBA
For documentation on this error, please visit: http://seleniumhq.org/exceptions/no_such_element.html
Build info: version: &apos;3.10.0&apos;, revision: &apos;176b4a9&apos;, time: &apos;2018-03-02T19:11:12.151Z&apos;
System info: host: &apos;localhost.localdomain&apos;, ip: &apos;127.0.0.1&apos;, os.name: &apos;Linux&apos;, os.arch: &apos;amd64&apos;, os.version: &apos;3.10.0-514.el7.x86_64&apos;, java.version: &apos;1.8.0_102&apos;
Driver info: driver.version: unknown
	at org.openqa.selenium.support.ui.Select.selectByVisibleText(Select.java:151)
	at testCases.AcademicAdministration.SubjectRegRule.execute(SubjectRegRule.java:25)
	at main.AcademicAdministrationTest.SubjectRegRule(AcademicAdministrationTest.java:105)
	at main.Main.main(Main.java:26)
... Removed 22 stack frames
</div> <!-- stack-trace -->
                </div> <!-- method-content -->
              </div> <!-- method -->
              <div class="method">
                <div class="method-content">
                  <a name="SubjectRegRule">
                  </a> <!-- SubjectRegRule -->
                  <span class="method-name">SubjectRegRule</span>
                  <div class="stack-trace">org.openqa.selenium.ElementNotInteractableException: 
Build info: version: &apos;3.10.0&apos;, revision: &apos;176b4a9&apos;, time: &apos;2018-03-02T19:11:12.151Z&apos;
System info: host: &apos;localhost.localdomain&apos;, ip: &apos;127.0.0.1&apos;, os.name: &apos;Linux&apos;, os.arch: &apos;amd64&apos;, os.version: &apos;3.10.0-514.el7.x86_64&apos;, java.version: &apos;1.8.0_102&apos;
Driver info: org.openqa.selenium.firefox.FirefoxDriver
Capabilities {acceptInsecureCerts: true, browserName: firefox, browserVersion: 52.5.1, javascriptEnabled: true, moz:accessibilityChecks: false, moz:processID: 13274, moz:profile: /tmp/rust_mozprofile.tdW1SA..., pageLoadStrategy: normal, platform: LINUX, platformName: LINUX, platformVersion: 3.10.0-514.el7.x86_64, rotatable: false, specificationLevel: 0, timeouts: {implicit: 0, page load: 300000, script: 30000}}
Session ID: 98b69056-ee3e-46d5-a34b-4e2f19441c5c
	at org.openqa.selenium.remote.http.W3CHttpResponseCodec.createException(W3CHttpResponseCodec.java:187)
	at org.openqa.selenium.remote.http.W3CHttpResponseCodec.decode(W3CHttpResponseCodec.java:122)
	at org.openqa.selenium.remote.http.W3CHttpResponseCodec.decode(W3CHttpResponseCodec.java:49)
	at org.openqa.selenium.remote.HttpCommandExecutor.execute(HttpCommandExecutor.java:160)
	at org.openqa.selenium.remote.service.DriverCommandExecutor.execute(DriverCommandExecutor.java:83)
	at org.openqa.selenium.remote.RemoteWebDriver.execute(RemoteWebDriver.java:601)
	at org.openqa.selenium.remote.RemoteWebElement.execute(RemoteWebElement.java:279)
	at org.openqa.selenium.remote.RemoteWebElement.click(RemoteWebElement.java:83)
	at testCases.AcademicAdministration.SubjectRegRule.execute(SubjectRegRule.java:19)
	at main.AcademicAdministrationTest.SubjectRegRule(AcademicAdministrationTest.java:105)
	at main.Main.main(Main.java:26)
... Removed 26 stack frames
</div> <!-- stack-trace -->
                </div> <!-- method-content -->
              </div> <!-- method -->
              <div class="method">
                <div class="method-content">
                  <a name="SubjectRegRule">
                  </a> <!-- SubjectRegRule -->
                  <span class="method-name">SubjectRegRule</span>
                  <div class="stack-trace">org.openqa.selenium.ElementNotInteractableException: 
Build info: version: &apos;3.10.0&apos;, revision: &apos;176b4a9&apos;, time: &apos;2018-03-02T19:11:12.151Z&apos;
System info: host: &apos;localhost.localdomain&apos;, ip: &apos;127.0.0.1&apos;, os.name: &apos;Linux&apos;, os.arch: &apos;amd64&apos;, os.version: &apos;3.10.0-514.el7.x86_64&apos;, java.version: &apos;1.8.0_102&apos;
Driver info: org.openqa.selenium.firefox.FirefoxDriver
Capabilities {acceptInsecureCerts: true, browserName: firefox, browserVersion: 52.5.1, javascriptEnabled: true, moz:accessibilityChecks: false, moz:processID: 13274, moz:profile: /tmp/rust_mozprofile.tdW1SA..., pageLoadStrategy: normal, platform: LINUX, platformName: LINUX, platformVersion: 3.10.0-514.el7.x86_64, rotatable: false, specificationLevel: 0, timeouts: {implicit: 0, page load: 300000, script: 30000}}
Session ID: 98b69056-ee3e-46d5-a34b-4e2f19441c5c
	at org.openqa.selenium.remote.http.W3CHttpResponseCodec.createException(W3CHttpResponseCodec.java:187)
	at org.openqa.selenium.remote.http.W3CHttpResponseCodec.decode(W3CHttpResponseCodec.java:122)
	at org.openqa.selenium.remote.http.W3CHttpResponseCodec.decode(W3CHttpResponseCodec.java:49)
	at org.openqa.selenium.remote.HttpCommandExecutor.execute(HttpCommandExecutor.java:160)
	at org.openqa.selenium.remote.service.DriverCommandExecutor.execute(DriverCommandExecutor.java:83)
	at org.openqa.selenium.remote.RemoteWebDriver.execute(RemoteWebDriver.java:601)
	at org.openqa.selenium.remote.RemoteWebElement.execute(RemoteWebElement.java:279)
	at org.openqa.selenium.remote.RemoteWebElement.click(RemoteWebElement.java:83)
	at testCases.AcademicAdministration.SubjectRegRule.execute(SubjectRegRule.java:21)
	at main.AcademicAdministrationTest.SubjectRegRule(AcademicAdministrationTest.java:105)
	at main.Main.main(Main.java:26)
... Removed 26 stack frames
</div> <!-- stack-trace -->
                </div> <!-- method-content -->
              </div> <!-- method -->
            </div> <!-- main-panel-content rounded-window-bottom -->
          </div> <!-- suite-Suite-class-skipped -->
          <div class="suite-Suite-class-skipped">
            <div class="main-panel-header rounded-window-top">
              <img src="skipped.png"/>
              <span class="class-name">main.StudentRecord_Test</span>
            </div> <!-- main-panel-header rounded-window-top -->
            <div class="main-panel-content rounded-window-bottom">
              <div class="method">
                <div class="method-content">
                  <a name="MaintainDocumentList_Add">
                  </a> <!-- MaintainDocumentList_Add -->
                  <span class="method-name">MaintainDocumentList_Add</span>
                  <div class="stack-trace">org.openqa.selenium.ElementNotInteractableException: 
Build info: version: &apos;3.10.0&apos;, revision: &apos;176b4a9&apos;, time: &apos;2018-03-02T19:11:12.151Z&apos;
System info: host: &apos;localhost.localdomain&apos;, ip: &apos;127.0.0.1&apos;, os.name: &apos;Linux&apos;, os.arch: &apos;amd64&apos;, os.version: &apos;3.10.0-514.el7.x86_64&apos;, java.version: &apos;1.8.0_102&apos;
Driver info: org.openqa.selenium.firefox.FirefoxDriver
Capabilities {acceptInsecureCerts: true, browserName: firefox, browserVersion: 52.5.1, javascriptEnabled: true, moz:accessibilityChecks: false, moz:processID: 13757, moz:profile: /tmp/rust_mozprofile.8m54DD..., pageLoadStrategy: normal, platform: LINUX, platformName: LINUX, platformVersion: 3.10.0-514.el7.x86_64, rotatable: false, specificationLevel: 0, timeouts: {implicit: 0, page load: 300000, script: 30000}}
Session ID: a69d3de1-427e-4300-bfe5-c32c932cc7fb
	at org.openqa.selenium.remote.http.W3CHttpResponseCodec.createException(W3CHttpResponseCodec.java:187)
	at org.openqa.selenium.remote.http.W3CHttpResponseCodec.decode(W3CHttpResponseCodec.java:122)
	at org.openqa.selenium.remote.http.W3CHttpResponseCodec.decode(W3CHttpResponseCodec.java:49)
	at org.openqa.selenium.remote.HttpCommandExecutor.execute(HttpCommandExecutor.java:160)
	at org.openqa.selenium.remote.service.DriverCommandExecutor.execute(DriverCommandExecutor.java:83)
	at org.openqa.selenium.remote.RemoteWebDriver.execute(RemoteWebDriver.java:601)
	at org.openqa.selenium.remote.RemoteWebElement.execute(RemoteWebElement.java:279)
	at org.openqa.selenium.remote.RemoteWebElement.click(RemoteWebElement.java:83)
	at testCases.StudentRecord.MaintainDocumentList_Add.execute(MaintainDocumentList_Add.java:12)
	at main.StudentRecord_Test.MaintainDocumentList_Add(StudentRecord_Test.java:129)
	at main.Main.main(Main.java:26)
... Removed 25 stack frames
</div> <!-- stack-trace -->
                </div> <!-- method-content -->
              </div> <!-- method -->
            </div> <!-- main-panel-content rounded-window-bottom -->
          </div> <!-- suite-Suite-class-skipped -->
          <div class="suite-Suite-class-skipped">
            <div class="main-panel-header rounded-window-top">
              <img src="skipped.png"/>
              <span class="class-name">main.StudentAttendence</span>
            </div> <!-- main-panel-header rounded-window-top -->
            <div class="main-panel-content rounded-window-bottom">
              <div class="method">
                <div class="method-content">
                  <a name="ByTeacher_DeleteAttendence">
                  </a> <!-- ByTeacher_DeleteAttendence -->
                  <span class="method-name">ByTeacher_DeleteAttendence</span>
                  <div class="stack-trace">org.openqa.selenium.ElementNotInteractableException: 
Build info: version: &apos;3.10.0&apos;, revision: &apos;176b4a9&apos;, time: &apos;2018-03-02T19:11:12.151Z&apos;
System info: host: &apos;localhost.localdomain&apos;, ip: &apos;127.0.0.1&apos;, os.name: &apos;Linux&apos;, os.arch: &apos;amd64&apos;, os.version: &apos;3.10.0-514.el7.x86_64&apos;, java.version: &apos;1.8.0_102&apos;
Driver info: org.openqa.selenium.firefox.FirefoxDriver
Capabilities {acceptInsecureCerts: true, browserName: firefox, browserVersion: 52.5.1, javascriptEnabled: true, moz:accessibilityChecks: false, moz:processID: 13101, moz:profile: /tmp/rust_mozprofile.9ed2Ji..., pageLoadStrategy: normal, platform: LINUX, platformName: LINUX, platformVersion: 3.10.0-514.el7.x86_64, rotatable: false, specificationLevel: 0, timeouts: {implicit: 0, page load: 300000, script: 30000}}
Session ID: a8a2cb67-dba4-4b3e-a127-c7014aa0da0f
	at org.openqa.selenium.remote.http.W3CHttpResponseCodec.createException(W3CHttpResponseCodec.java:187)
	at org.openqa.selenium.remote.http.W3CHttpResponseCodec.decode(W3CHttpResponseCodec.java:122)
	at org.openqa.selenium.remote.http.W3CHttpResponseCodec.decode(W3CHttpResponseCodec.java:49)
	at org.openqa.selenium.remote.HttpCommandExecutor.execute(HttpCommandExecutor.java:160)
	at org.openqa.selenium.remote.service.DriverCommandExecutor.execute(DriverCommandExecutor.java:83)
	at org.openqa.selenium.remote.RemoteWebDriver.execute(RemoteWebDriver.java:601)
	at org.openqa.selenium.remote.RemoteWebElement.execute(RemoteWebElement.java:279)
	at org.openqa.selenium.remote.RemoteWebElement.click(RemoteWebElement.java:83)
	at testCases.StudentAttendence.ByTeacher_DeleteAttendence.execute(ByTeacher_DeleteAttendence.java:19)
	at main.StudentAttendence.ByTeacher_DeleteAttendence(StudentAttendence.java:77)
	at main.Main.main(Main.java:26)
... Removed 26 stack frames
</div> <!-- stack-trace -->
                </div> <!-- method-content -->
              </div> <!-- method -->
              <div class="method">
                <div class="method-content">
                  <a name="ByTeacher_MarkAttendence">
                  </a> <!-- ByTeacher_MarkAttendence -->
                  <span class="method-name">ByTeacher_MarkAttendence</span>
                  <div class="stack-trace">org.openqa.selenium.ElementNotInteractableException: 
Build info: version: &apos;3.10.0&apos;, revision: &apos;176b4a9&apos;, time: &apos;2018-03-02T19:11:12.151Z&apos;
System info: host: &apos;localhost.localdomain&apos;, ip: &apos;127.0.0.1&apos;, os.name: &apos;Linux&apos;, os.arch: &apos;amd64&apos;, os.version: &apos;3.10.0-514.el7.x86_64&apos;, java.version: &apos;1.8.0_102&apos;
Driver info: org.openqa.selenium.firefox.FirefoxDriver
Capabilities {acceptInsecureCerts: true, browserName: firefox, browserVersion: 52.5.1, javascriptEnabled: true, moz:accessibilityChecks: false, moz:processID: 13101, moz:profile: /tmp/rust_mozprofile.9ed2Ji..., pageLoadStrategy: normal, platform: LINUX, platformName: LINUX, platformVersion: 3.10.0-514.el7.x86_64, rotatable: false, specificationLevel: 0, timeouts: {implicit: 0, page load: 300000, script: 30000}}
Session ID: a8a2cb67-dba4-4b3e-a127-c7014aa0da0f
	at org.openqa.selenium.remote.http.W3CHttpResponseCodec.createException(W3CHttpResponseCodec.java:187)
	at org.openqa.selenium.remote.http.W3CHttpResponseCodec.decode(W3CHttpResponseCodec.java:122)
	at org.openqa.selenium.remote.http.W3CHttpResponseCodec.decode(W3CHttpResponseCodec.java:49)
	at org.openqa.selenium.remote.HttpCommandExecutor.execute(HttpCommandExecutor.java:160)
	at org.openqa.selenium.remote.service.DriverCommandExecutor.execute(DriverCommandExecutor.java:83)
	at org.openqa.selenium.remote.RemoteWebDriver.execute(RemoteWebDriver.java:601)
	at org.openqa.selenium.remote.RemoteWebElement.execute(RemoteWebElement.java:279)
	at org.openqa.selenium.remote.RemoteWebElement.click(RemoteWebElement.java:83)
	at testCases.StudentAttendence.ByTeacher_MarkAttendence.execute(ByTeacher_MarkAttendence.java:19)
	at main.StudentAttendence.ByTeacher_MarkAttendence(StudentAttendence.java:52)
	at main.Main.main(Main.java:26)
... Removed 26 stack frames
</div> <!-- stack-trace -->
                </div> <!-- method-content -->
              </div> <!-- method -->
            </div> <!-- main-panel-content rounded-window-bottom -->
          </div> <!-- suite-Suite-class-skipped -->
          <div class="suite-Suite-class-passed">
            <div class="main-panel-header rounded-window-top">
              <img src="passed.png"/>
              <span class="class-name">main.AcademicAdministrationTest</span>
            </div> <!-- main-panel-header rounded-window-top -->
            <div class="main-panel-content rounded-window-bottom">
              <div class="method">
                <div class="method-content">
                  <a name="AcademicStructure_Programe_Add">
                  </a> <!-- AcademicStructure_Programe_Add -->
                  <span class="method-name">AcademicStructure_Programe_Add</span>
                </div> <!-- method-content -->
              </div> <!-- method -->
              <div class="method">
                <div class="method-content">
                  <a name="AcademicStructure_Programe_Delete">
                  </a> <!-- AcademicStructure_Programe_Delete -->
                  <span class="method-name">AcademicStructure_Programe_Delete</span>
                </div> <!-- method-content -->
              </div> <!-- method -->
              <div class="method">
                <div class="method-content">
                  <a name="signInAndMoveToStudentRecord">
                  </a> <!-- signInAndMoveToStudentRecord -->
                  <span class="method-name">signInAndMoveToStudentRecord</span>
                </div> <!-- method-content -->
              </div> <!-- method -->
            </div> <!-- main-panel-content rounded-window-bottom -->
          </div> <!-- suite-Suite-class-passed -->
          <div class="suite-Suite-class-passed">
            <div class="main-panel-header rounded-window-top">
              <img src="passed.png"/>
              <span class="class-name">main.StudentRecord_Test</span>
            </div> <!-- main-panel-header rounded-window-top -->
            <div class="main-panel-content rounded-window-bottom">
              <div class="method">
                <div class="method-content">
                  <a name="DisciplinaryCases">
                  </a> <!-- DisciplinaryCases -->
                  <span class="method-name">DisciplinaryCases</span>
                </div> <!-- method-content -->
              </div> <!-- method -->
              <div class="method">
                <div class="method-content">
                  <a name="MaintainDocument">
                  </a> <!-- MaintainDocument -->
                  <span class="method-name">MaintainDocument</span>
                </div> <!-- method-content -->
              </div> <!-- method -->
              <div class="method">
                <div class="method-content">
                  <a name="MaintainDocumentList_Add">
                  </a> <!-- MaintainDocumentList_Add -->
                  <span class="method-name">MaintainDocumentList_Add</span>
                </div> <!-- method-content -->
              </div> <!-- method -->
              <div class="method">
                <div class="method-content">
                  <a name="NotingOnStudent">
                  </a> <!-- NotingOnStudent -->
                  <span class="method-name">NotingOnStudent</span>
                </div> <!-- method-content -->
              </div> <!-- method -->
              <div class="method">
                <div class="method-content">
                  <a name="signInAndMoveToStudentRecord">
                  </a> <!-- signInAndMoveToStudentRecord -->
                  <span class="method-name">signInAndMoveToStudentRecord</span>
                </div> <!-- method-content -->
              </div> <!-- method -->
              <div class="method">
                <div class="method-content">
                  <a name="studentProfile_Add">
                  </a> <!-- studentProfile_Add -->
                  <span class="method-name">studentProfile_Add</span>
                </div> <!-- method-content -->
              </div> <!-- method -->
              <div class="method">
                <div class="method-content">
                  <a name="studentProfile_View">
                  </a> <!-- studentProfile_View -->
                  <span class="method-name">studentProfile_View</span>
                </div> <!-- method-content -->
              </div> <!-- method -->
            </div> <!-- main-panel-content rounded-window-bottom -->
          </div> <!-- suite-Suite-class-passed -->
          <div class="suite-Suite-class-passed">
            <div class="main-panel-header rounded-window-top">
              <img src="passed.png"/>
              <span class="class-name">main.StudentAttendence</span>
            </div> <!-- main-panel-header rounded-window-top -->
            <div class="main-panel-content rounded-window-bottom">
              <div class="method">
                <div class="method-content">
                  <a name="ByTeacherMultiDate_MarkAttendence">
                  </a> <!-- ByTeacherMultiDate_MarkAttendence -->
                  <span class="method-name">ByTeacherMultiDate_MarkAttendence</span>
                </div> <!-- method-content -->
              </div> <!-- method -->
              <div class="method">
                <div class="method-content">
                  <a name="ByTeacher_DeleteAttendence">
                  </a> <!-- ByTeacher_DeleteAttendence -->
                  <span class="method-name">ByTeacher_DeleteAttendence</span>
                </div> <!-- method-content -->
              </div> <!-- method -->
              <div class="method">
                <div class="method-content">
                  <a name="ByTeacher_MarkAttendence">
                  </a> <!-- ByTeacher_MarkAttendence -->
                  <span class="method-name">ByTeacher_MarkAttendence</span>
                </div> <!-- method-content -->
              </div> <!-- method -->
              <div class="method">
                <div class="method-content">
                  <a name="signInAndMoveToStudentRecord">
                  </a> <!-- signInAndMoveToStudentRecord -->
                  <span class="method-name">signInAndMoveToStudentRecord</span>
                </div> <!-- method-content -->
              </div> <!-- method -->
            </div> <!-- main-panel-content rounded-window-bottom -->
          </div> <!-- suite-Suite-class-passed -->
        </div> <!-- panel Suite -->
        <div panel-name="test-xml-Suite" class="panel">
          <div class="main-panel-header rounded-window-top">
            <span class="header-content">/home/intern/eclipse-workspace/newLSA/testng.xml</span>
          </div> <!-- main-panel-header rounded-window-top -->
          <div class="main-panel-content rounded-window-bottom">
            <pre>
&lt;?xml version=&quot;1.0&quot; encoding=&quot;UTF-8&quot;?&gt;
&lt;!DOCTYPE suite SYSTEM &quot;http://testng.org/testng-1.0.dtd&quot;&gt;
&lt;suite guice-stage=&quot;DEVELOPMENT&quot; name=&quot;Suite&quot;&gt;
  &lt;test thread-count=&quot;5&quot; name=&quot;Test1&quot;&gt;
    &lt;parameter name=&quot;browser&quot; value=&quot;firefox&quot;/&gt;
    &lt;classes&gt;
      &lt;class name=&quot;main.StudentAttendence&quot;/&gt;
    &lt;/classes&gt;
  &lt;/test&gt; &lt;!-- Test1 --&gt;
  &lt;test thread-count=&quot;5&quot; name=&quot;Test2&quot;&gt;
    &lt;parameter name=&quot;browser&quot; value=&quot;firefox&quot;/&gt;
    &lt;classes&gt;
      &lt;class name=&quot;main.AcademicAdministrationTest&quot;/&gt;
    &lt;/classes&gt;
  &lt;/test&gt; &lt;!-- Test2 --&gt;
  &lt;test thread-count=&quot;5&quot; name=&quot;Test3&quot;&gt;
    &lt;parameter name=&quot;browser&quot; value=&quot;firefox&quot;/&gt;
    &lt;classes&gt;
      &lt;class name=&quot;main.StudentRecord_Test&quot;/&gt;
    &lt;/classes&gt;
  &lt;/test&gt; &lt;!-- Test3 --&gt;
&lt;/suite&gt; &lt;!-- Suite --&gt;
            </pre>
          </div> <!-- main-panel-content rounded-window-bottom -->
        </div> <!-- panel -->
        <div panel-name="testlist-Suite" class="panel">
          <div class="main-panel-header rounded-window-top">
            <span class="header-content">Tests for Suite</span>
          </div> <!-- main-panel-header rounded-window-top -->
          <div class="main-panel-content rounded-window-bottom">
            <ul>
              <li>
                <span class="test-name">Test1 (1 class)</span>
              </li>
              <li>
                <span class="test-name">Test2 (1 class)</span>
              </li>
              <li>
                <span class="test-name">Test3 (1 class)</span>
              </li>
            </ul>
          </div> <!-- main-panel-content rounded-window-bottom -->
        </div> <!-- panel -->
        <div panel-name="group-Suite" class="panel">
          <div class="main-panel-header rounded-window-top">
            <span class="header-content">Groups for Suite</span>
          </div> <!-- main-panel-header rounded-window-top -->
          <div class="main-panel-content rounded-window-bottom">
          </div> <!-- main-panel-content rounded-window-bottom -->
        </div> <!-- panel -->
        <div panel-name="times-Suite" class="panel">
          <div class="main-panel-header rounded-window-top">
            <span class="header-content">Times for Suite</span>
          </div> <!-- main-panel-header rounded-window-top -->
          <div class="main-panel-content rounded-window-bottom">
            <div class="times-div">
              <script type="text/javascript">
suiteTableInitFunctions.push('tableData_Suite');
function tableData_Suite() {
var data = new google.visualization.DataTable();
data.addColumn('number', 'Number');
data.addColumn('string', 'Method');
data.addColumn('string', 'Class');
data.addColumn('number', 'Time (ms)');
data.addRows(47);
data.setCell(0, 0, 0)
data.setCell(0, 1, 'ByTeacherMultiDate_MarkAttendence')
data.setCell(0, 2, 'main.StudentAttendence')
data.setCell(0, 3, 27355);
data.setCell(1, 0, 1)
data.setCell(1, 1, 'SubjectRegRule')
data.setCell(1, 2, 'main.AcademicAdministrationTest')
data.setCell(1, 3, 21366);
data.setCell(2, 0, 2)
data.setCell(2, 1, 'SubjectRegRule')
data.setCell(2, 2, 'main.AcademicAdministrationTest')
data.setCell(2, 3, 21255);
data.setCell(3, 0, 3)
data.setCell(3, 1, 'ByTeacher_MarkAttendence')
data.setCell(3, 2, 'main.StudentAttendence')
data.setCell(3, 3, 15782);
data.setCell(4, 0, 4)
data.setCell(4, 1, 'ByTeacher_DeleteAttendence')
data.setCell(4, 2, 'main.StudentAttendence')
data.setCell(4, 3, 14498);
data.setCell(5, 0, 5)
data.setCell(5, 1, 'DisciplinaryCases')
data.setCell(5, 2, 'main.StudentRecord_Test')
data.setCell(5, 3, 12625);
data.setCell(6, 0, 6)
data.setCell(6, 1, 'studentProfile_Add')
data.setCell(6, 2, 'main.StudentRecord_Test')
data.setCell(6, 3, 11353);
data.setCell(7, 0, 7)
data.setCell(7, 1, 'signInAndMoveToStudentRecord')
data.setCell(7, 2, 'main.AcademicAdministrationTest')
data.setCell(7, 3, 8871);
data.setCell(8, 0, 8)
data.setCell(8, 1, 'signInAndMoveToStudentRecord')
data.setCell(8, 2, 'main.StudentAttendence')
data.setCell(8, 3, 8679);
data.setCell(9, 0, 9)
data.setCell(9, 1, 'signInAndMoveToStudentRecord')
data.setCell(9, 2, 'main.StudentRecord_Test')
data.setCell(9, 3, 8549);
data.setCell(10, 0, 10)
data.setCell(10, 1, 'AcademicStructure_Programe_Delete')
data.setCell(10, 2, 'main.AcademicAdministrationTest')
data.setCell(10, 3, 6430);
data.setCell(11, 0, 11)
data.setCell(11, 1, 'studentProfile_View')
data.setCell(11, 2, 'main.StudentRecord_Test')
data.setCell(11, 3, 6384);
data.setCell(12, 0, 12)
data.setCell(12, 1, 'AcademicStructure_Programe_Add')
data.setCell(12, 2, 'main.AcademicAdministrationTest')
data.setCell(12, 3, 5426);
data.setCell(13, 0, 13)
data.setCell(13, 1, 'NotingOnStudent')
data.setCell(13, 2, 'main.StudentRecord_Test')
data.setCell(13, 3, 3858);
data.setCell(14, 0, 14)
data.setCell(14, 1, 'MaintainDocument')
data.setCell(14, 2, 'main.StudentRecord_Test')
data.setCell(14, 3, 3170);
data.setCell(15, 0, 15)
data.setCell(15, 1, 'MaintainDocumentList_Add')
data.setCell(15, 2, 'main.StudentRecord_Test')
data.setCell(15, 3, 2685);
data.setCell(16, 0, 16)
data.setCell(16, 1, 'CoursewiseDetailReport')
data.setCell(16, 2, 'main.AcademicAdministrationTest')
data.setCell(16, 3, 2271);
data.setCell(17, 0, 17)
data.setCell(17, 1, 'CoursewiseDetailReport')
data.setCell(17, 2, 'main.AcademicAdministrationTest')
data.setCell(17, 3, 2242);
data.setCell(18, 0, 18)
data.setCell(18, 1, 'CoursewiseDetailReport')
data.setCell(18, 2, 'main.AcademicAdministrationTest')
data.setCell(18, 3, 2236);
data.setCell(19, 0, 19)
data.setCell(19, 1, 'ByTeacher_MarkAttendence')
data.setCell(19, 2, 'main.StudentAttendence')
data.setCell(19, 3, 175);
data.setCell(20, 0, 20)
data.setCell(20, 1, 'SubjectRegRule')
data.setCell(20, 2, 'main.AcademicAdministrationTest')
data.setCell(20, 3, 145);
data.setCell(21, 0, 21)
data.setCell(21, 1, 'CoursewiseDetailReport')
data.setCell(21, 2, 'main.AcademicAdministrationTest')
data.setCell(21, 3, 138);
data.setCell(22, 0, 22)
data.setCell(22, 1, 'CoursewiseDetailReport')
data.setCell(22, 2, 'main.AcademicAdministrationTest')
data.setCell(22, 3, 137);
data.setCell(23, 0, 23)
data.setCell(23, 1, 'MaintainDocumentList_Add')
data.setCell(23, 2, 'main.StudentRecord_Test')
data.setCell(23, 3, 131);
data.setCell(24, 0, 24)
data.setCell(24, 1, 'DefineSections_Add')
data.setCell(24, 2, 'main.AcademicAdministrationTest')
data.setCell(24, 3, 130);
data.setCell(25, 0, 25)
data.setCell(25, 1, 'AcademicStructure_Courses_Add')
data.setCell(25, 2, 'main.AcademicAdministrationTest')
data.setCell(25, 3, 127);
data.setCell(26, 0, 26)
data.setCell(26, 1, 'DefineSections_Add')
data.setCell(26, 2, 'main.AcademicAdministrationTest')
data.setCell(26, 3, 125);
data.setCell(27, 0, 27)
data.setCell(27, 1, 'AcademicStructure_Courses_Add')
data.setCell(27, 2, 'main.AcademicAdministrationTest')
data.setCell(27, 3, 125);
data.setCell(28, 0, 28)
data.setCell(28, 1, 'SubjectRegRule')
data.setCell(28, 2, 'main.AcademicAdministrationTest')
data.setCell(28, 3, 125);
data.setCell(29, 0, 29)
data.setCell(29, 1, 'DefineSections_Add')
data.setCell(29, 2, 'main.AcademicAdministrationTest')
data.setCell(29, 3, 123);
data.setCell(30, 0, 30)
data.setCell(30, 1, 'ByTeacher_DeleteAttendence')
data.setCell(30, 2, 'main.StudentAttendence')
data.setCell(30, 3, 115);
data.setCell(31, 0, 31)
data.setCell(31, 1, 'DefineSections_Delete')
data.setCell(31, 2, 'main.AcademicAdministrationTest')
data.setCell(31, 3, 115);
data.setCell(32, 0, 32)
data.setCell(32, 1, 'DefineSections_Delete')
data.setCell(32, 2, 'main.AcademicAdministrationTest')
data.setCell(32, 3, 114);
data.setCell(33, 0, 33)
data.setCell(33, 1, 'AcademicStructure_Courses_Add')
data.setCell(33, 2, 'main.AcademicAdministrationTest')
data.setCell(33, 3, 114);
data.setCell(34, 0, 34)
data.setCell(34, 1, 'DefineSections_Add')
data.setCell(34, 2, 'main.AcademicAdministrationTest')
data.setCell(34, 3, 112);
data.setCell(35, 0, 35)
data.setCell(35, 1, 'AcademicStructure_Courses_Add')
data.setCell(35, 2, 'main.AcademicAdministrationTest')
data.setCell(35, 3, 112);
data.setCell(36, 0, 36)
data.setCell(36, 1, 'SubjectRegRule')
data.setCell(36, 2, 'main.AcademicAdministrationTest')
data.setCell(36, 3, 109);
data.setCell(37, 0, 37)
data.setCell(37, 1, 'DefineSections_Delete')
data.setCell(37, 2, 'main.AcademicAdministrationTest')
data.setCell(37, 3, 107);
data.setCell(38, 0, 38)
data.setCell(38, 1, 'DefineSections_Delete')
data.setCell(38, 2, 'main.AcademicAdministrationTest')
data.setCell(38, 3, 104);
data.setCell(39, 0, 39)
data.setCell(39, 1, 'DefineSections_Delete')
data.setCell(39, 2, 'main.AcademicAdministrationTest')
data.setCell(39, 3, 101);
data.setCell(40, 0, 40)
data.setCell(40, 1, 'DefineSections_Add')
data.setCell(40, 2, 'main.AcademicAdministrationTest')
data.setCell(40, 3, 91);
data.setCell(41, 0, 41)
data.setCell(41, 1, 'AcademicStructure_Courses_Delete')
data.setCell(41, 2, 'main.AcademicAdministrationTest')
data.setCell(41, 3, 12);
data.setCell(42, 0, 42)
data.setCell(42, 1, 'AcademicStructure_Courses_Add')
data.setCell(42, 2, 'main.AcademicAdministrationTest')
data.setCell(42, 3, 10);
data.setCell(43, 0, 43)
data.setCell(43, 1, 'AcademicStructure_Courses_Delete')
data.setCell(43, 2, 'main.AcademicAdministrationTest')
data.setCell(43, 3, 10);
data.setCell(44, 0, 44)
data.setCell(44, 1, 'AcademicStructure_Courses_Delete')
data.setCell(44, 2, 'main.AcademicAdministrationTest')
data.setCell(44, 3, 10);
data.setCell(45, 0, 45)
data.setCell(45, 1, 'AcademicStructure_Courses_Delete')
data.setCell(45, 2, 'main.AcademicAdministrationTest')
data.setCell(45, 3, 10);
data.setCell(46, 0, 46)
data.setCell(46, 1, 'AcademicStructure_Courses_Delete')
data.setCell(46, 2, 'main.AcademicAdministrationTest')
data.setCell(46, 3, 9);
window.suiteTableData['Suite']= { tableData: data, tableDiv: 'times-div-Suite'}
return data;
}
              </script>
              <span class="suite-total-time">Total running time: 3 minutes</span>
              <div id="times-div-Suite">
              </div> <!-- times-div-Suite -->
            </div> <!-- times-div -->
          </div> <!-- main-panel-content rounded-window-bottom -->
        </div> <!-- panel -->
        <div panel-name="reporter-Suite" class="panel">
          <div class="main-panel-header rounded-window-top">
            <span class="header-content">Reporter output for Suite</span>
          </div> <!-- main-panel-header rounded-window-top -->
          <div class="main-panel-content rounded-window-bottom">
          </div> <!-- main-panel-content rounded-window-bottom -->
        </div> <!-- panel -->
        <div panel-name="ignored-methods-Suite" class="panel">
          <div class="main-panel-header rounded-window-top">
            <span class="header-content">3 ignored methods</span>
          </div> <!-- main-panel-header rounded-window-top -->
          <div class="main-panel-content rounded-window-bottom">
            <div class="ignored-class-div">
              <span class="ignored-class-name">main.StudentRecord_Test</span>
              <div class="ignored-methods-div">
                <span class="ignored-method-name">AwardsScholarships_Delete</span>
                <br/>
                <span class="ignored-method-name">AwardsScholarships_Add</span>
                <br/>
              </div> <!-- ignored-methods-div -->
            </div> <!-- ignored-class-div -->
            <div class="ignored-class-div">
              <span class="ignored-class-name">main.StudentAttendence</span>
              <div class="ignored-methods-div">
                <span class="ignored-method-name">Leaves</span>
                <br/>
              </div> <!-- ignored-methods-div -->
            </div> <!-- ignored-class-div -->
          </div> <!-- main-panel-content rounded-window-bottom -->
        </div> <!-- panel -->
        <div panel-name="chronological-Suite" class="panel">
          <div class="main-panel-header rounded-window-top">
            <span class="header-content">Methods in chronological order</span>
          </div> <!-- main-panel-header rounded-window-top -->
          <div class="main-panel-content rounded-window-bottom">
            <div class="chronological-class">
              <div class="chronological-class-name">main.StudentAttendence</div> <!-- chronological-class-name -->
              <div class="configuration-test before">
                <span class="method-name">beforeTest(firefox)</span>
                <span class="method-start">0 ms</span>
              </div> <!-- configuration-test before -->
              <div class="test-method">
                <span class="method-name">signInAndMoveToStudentRecord</span>
                <span class="method-start">2197 ms</span>
              </div> <!-- test-method -->
              <div class="configuration-method after">
                <span class="method-name">afterMethod([TestResult name=signInAndMoveToStudentRecord status=SUCCESS method=StudentAttendence.signInAndMoveT...)</span>
                <span class="method-start">10876 ms</span>
              </div> <!-- configuration-method after -->
              <div class="test-method">
                <span class="method-name">ByTeacherMultiDate_MarkAttendence</span>
                <span class="method-start">12878 ms</span>
              </div> <!-- test-method -->
              <div class="configuration-method after">
                <span class="method-name">afterMethod([TestResult name=ByTeacherMultiDate_MarkAttendence status=SUCCESS method=StudentAttendence.ByTeacher...)</span>
                <span class="method-start">40233 ms</span>
              </div> <!-- configuration-method after -->
              <div class="test-method">
                <span class="method-name">ByTeacher_MarkAttendence</span>
                <span class="method-start">42234 ms</span>
              </div> <!-- test-method -->
              <div class="configuration-method after">
                <span class="method-name">afterMethod([TestResult name=ByTeacher_MarkAttendence status=SKIP method=StudentAttendence.ByTeacher_MarkAttende...)</span>
                <span class="method-start">42409 ms</span>
              </div> <!-- configuration-method after -->
              <div class="test-method">
                <span class="method-name">ByTeacher_MarkAttendence</span>
                <span class="method-start">44410 ms</span>
              </div> <!-- test-method -->
              <div class="configuration-method after">
                <span class="method-name">afterMethod([TestResult name=ByTeacher_MarkAttendence status=SUCCESS method=StudentAttendence.ByTeacher_MarkAtte...)</span>
                <span class="method-start">60192 ms</span>
              </div> <!-- configuration-method after -->
              <div class="test-method">
                <span class="method-name">ByTeacher_DeleteAttendence</span>
                <span class="method-start">62193 ms</span>
              </div> <!-- test-method -->
              <div class="configuration-method after">
                <span class="method-name">afterMethod([TestResult name=ByTeacher_DeleteAttendence status=SKIP method=StudentAttendence.ByTeacher_DeleteAtt...)</span>
                <span class="method-start">62308 ms</span>
              </div> <!-- configuration-method after -->
              <div class="test-method">
                <span class="method-name">ByTeacher_DeleteAttendence</span>
                <span class="method-start">64309 ms</span>
              </div> <!-- test-method -->
              <div class="configuration-method after">
                <span class="method-name">afterMethod([TestResult name=ByTeacher_DeleteAttendence status=SUCCESS method=StudentAttendence.ByTeacher_Delete...)</span>
                <span class="method-start">78807 ms</span>
              </div> <!-- configuration-method after -->
            </div> <!-- chronological-class -->
            <div class="chronological-class">
              <div class="chronological-class-name">main.AcademicAdministrationTest</div> <!-- chronological-class-name -->
              <div class="configuration-test before">
                <span class="method-name">beforeTest(firefox)</span>
                <span class="method-start">80825 ms</span>
              </div> <!-- configuration-test before -->
              <div class="test-method">
                <span class="method-name">signInAndMoveToStudentRecord</span>
                <span class="method-start">82857 ms</span>
              </div> <!-- test-method -->
              <div class="configuration-method after">
                <span class="method-name">afterMethod([TestResult name=signInAndMoveToStudentRecord status=SUCCESS method=AcademicAdministrationTest.signI...)</span>
                <span class="method-start">91729 ms</span>
              </div> <!-- configuration-method after -->
              <div class="test-method">
                <span class="method-name">AcademicStructure_Programe_Add</span>
                <span class="method-start">93729 ms</span>
              </div> <!-- test-method -->
              <div class="configuration-method after">
                <span class="method-name">afterMethod([TestResult name=AcademicStructure_Programe_Add status=SUCCESS method=AcademicAdministrationTest.Aca...)</span>
                <span class="method-start">99155 ms</span>
              </div> <!-- configuration-method after -->
              <div class="test-method">
                <span class="method-name">CoursewiseDetailReport</span>
                <span class="method-start">101156 ms</span>
              </div> <!-- test-method -->
              <div class="configuration-method after">
                <span class="method-name">afterMethod([TestResult name=CoursewiseDetailReport status=SKIP method=AcademicAdministrationTest.CoursewiseDeta...)</span>
                <span class="method-start">103427 ms</span>
              </div> <!-- configuration-method after -->
              <div class="test-method">
                <span class="method-name">CoursewiseDetailReport</span>
                <span class="method-start">105428 ms</span>
              </div> <!-- test-method -->
              <div class="configuration-method after">
                <span class="method-name">afterMethod([TestResult name=CoursewiseDetailReport status=SKIP method=AcademicAdministrationTest.CoursewiseDeta...)</span>
                <span class="method-start">105565 ms</span>
              </div> <!-- configuration-method after -->
              <div class="test-method">
                <span class="method-name">CoursewiseDetailReport</span>
                <span class="method-start">107566 ms</span>
              </div> <!-- test-method -->
              <div class="configuration-method after">
                <span class="method-name">afterMethod([TestResult name=CoursewiseDetailReport status=SKIP method=AcademicAdministrationTest.CoursewiseDeta...)</span>
                <span class="method-start">109803 ms</span>
              </div> <!-- configuration-method after -->
              <div class="test-method">
                <span class="method-name">CoursewiseDetailReport</span>
                <span class="method-start">111803 ms</span>
              </div> <!-- test-method -->
              <div class="configuration-method after">
                <span class="method-name">afterMethod([TestResult name=CoursewiseDetailReport status=SKIP method=AcademicAdministrationTest.CoursewiseDeta...)</span>
                <span class="method-start">111941 ms</span>
              </div> <!-- configuration-method after -->
              <div class="test-method">
                <img src="failed.png">
                </img>
                <span class="method-name">CoursewiseDetailReport</span>
                <span class="method-start">113942 ms</span>
              </div> <!-- test-method -->
              <div class="configuration-method after">
                <span class="method-name">afterMethod([TestResult name=CoursewiseDetailReport status=FAILURE method=AcademicAdministrationTest.CoursewiseD...)</span>
                <span class="method-start">116184 ms</span>
              </div> <!-- configuration-method after -->
              <div class="test-method">
                <span class="method-name">SubjectRegRule</span>
                <span class="method-start">118186 ms</span>
              </div> <!-- test-method -->
              <div class="configuration-method after">
                <span class="method-name">afterMethod([TestResult name=SubjectRegRule status=SKIP method=AcademicAdministrationTest.SubjectRegRule()[pri:0...)</span>
                <span class="method-start">139552 ms</span>
              </div> <!-- configuration-method after -->
              <div class="test-method">
                <span class="method-name">SubjectRegRule</span>
                <span class="method-start">141552 ms</span>
              </div> <!-- test-method -->
              <div class="configuration-method after">
                <span class="method-name">afterMethod([TestResult name=SubjectRegRule status=SKIP method=AcademicAdministrationTest.SubjectRegRule()[pri:0...)</span>
                <span class="method-start">141678 ms</span>
              </div> <!-- configuration-method after -->
              <div class="test-method">
                <span class="method-name">SubjectRegRule</span>
                <span class="method-start">143678 ms</span>
              </div> <!-- test-method -->
              <div class="configuration-method after">
                <span class="method-name">afterMethod([TestResult name=SubjectRegRule status=SKIP method=AcademicAdministrationTest.SubjectRegRule()[pri:0...)</span>
                <span class="method-start">143823 ms</span>
              </div> <!-- configuration-method after -->
              <div class="test-method">
                <span class="method-name">SubjectRegRule</span>
                <span class="method-start">145824 ms</span>
              </div> <!-- test-method -->
              <div class="configuration-method after">
                <span class="method-name">afterMethod([TestResult name=SubjectRegRule status=SKIP method=AcademicAdministrationTest.SubjectRegRule()[pri:0...)</span>
                <span class="method-start">145933 ms</span>
              </div> <!-- configuration-method after -->
              <div class="test-method">
                <img src="failed.png">
                </img>
                <span class="method-name">SubjectRegRule</span>
                <span class="method-start">147934 ms</span>
              </div> <!-- test-method -->
              <div class="configuration-method after">
                <span class="method-name">afterMethod([TestResult name=SubjectRegRule status=FAILURE method=AcademicAdministrationTest.SubjectRegRule()[pr...)</span>
                <span class="method-start">169189 ms</span>
              </div> <!-- configuration-method after -->
              <div class="test-method">
                <span class="method-name">AcademicStructure_Programe_Delete</span>
                <span class="method-start">171190 ms</span>
              </div> <!-- test-method -->
              <div class="configuration-method after">
                <span class="method-name">afterMethod([TestResult name=AcademicStructure_Programe_Delete status=SUCCESS method=AcademicAdministrationTest....)</span>
                <span class="method-start">177620 ms</span>
              </div> <!-- configuration-method after -->
              <div class="test-method">
                <span class="method-name">DefineSections_Add</span>
                <span class="method-start">179621 ms</span>
              </div> <!-- test-method -->
              <div class="configuration-method after">
                <span class="method-name">afterMethod([TestResult name=DefineSections_Add status=SKIP method=AcademicAdministrationTest.DefineSections_Add...)</span>
                <span class="method-start">179744 ms</span>
              </div> <!-- configuration-method after -->
              <div class="test-method">
                <span class="method-name">DefineSections_Add</span>
                <span class="method-start">181745 ms</span>
              </div> <!-- test-method -->
              <div class="configuration-method after">
                <span class="method-name">afterMethod([TestResult name=DefineSections_Add status=SKIP method=AcademicAdministrationTest.DefineSections_Add...)</span>
                <span class="method-start">181870 ms</span>
              </div> <!-- configuration-method after -->
              <div class="test-method">
                <span class="method-name">DefineSections_Add</span>
                <span class="method-start">183870 ms</span>
              </div> <!-- test-method -->
              <div class="configuration-method after">
                <span class="method-name">afterMethod([TestResult name=DefineSections_Add status=SKIP method=AcademicAdministrationTest.DefineSections_Add...)</span>
                <span class="method-start">184001 ms</span>
              </div> <!-- configuration-method after -->
              <div class="test-method">
                <span class="method-name">DefineSections_Add</span>
                <span class="method-start">186001 ms</span>
              </div> <!-- test-method -->
              <div class="configuration-method after">
                <span class="method-name">afterMethod([TestResult name=DefineSections_Add status=SKIP method=AcademicAdministrationTest.DefineSections_Add...)</span>
                <span class="method-start">186093 ms</span>
              </div> <!-- configuration-method after -->
              <div class="test-method">
                <img src="failed.png">
                </img>
                <span class="method-name">DefineSections_Add</span>
                <span class="method-start">188094 ms</span>
              </div> <!-- test-method -->
              <div class="configuration-method after">
                <span class="method-name">afterMethod([TestResult name=DefineSections_Add status=FAILURE method=AcademicAdministrationTest.DefineSections_...)</span>
                <span class="method-start">188206 ms</span>
              </div> <!-- configuration-method after -->
              <div class="test-method">
                <span class="method-name">DefineSections_Delete</span>
                <span class="method-start">190207 ms</span>
              </div> <!-- test-method -->
              <div class="configuration-method after">
                <span class="method-name">afterMethod([TestResult name=DefineSections_Delete status=SKIP method=AcademicAdministrationTest.DefineSections_...)</span>
                <span class="method-start">190322 ms</span>
              </div> <!-- configuration-method after -->
              <div class="test-method">
                <span class="method-name">DefineSections_Delete</span>
                <span class="method-start">192323 ms</span>
              </div> <!-- test-method -->
              <div class="configuration-method after">
                <span class="method-name">afterMethod([TestResult name=DefineSections_Delete status=SKIP method=AcademicAdministrationTest.DefineSections_...)</span>
                <span class="method-start">192427 ms</span>
              </div> <!-- configuration-method after -->
              <div class="test-method">
                <span class="method-name">DefineSections_Delete</span>
                <span class="method-start">194428 ms</span>
              </div> <!-- test-method -->
              <div class="configuration-method after">
                <span class="method-name">afterMethod([TestResult name=DefineSections_Delete status=SKIP method=AcademicAdministrationTest.DefineSections_...)</span>
                <span class="method-start">194529 ms</span>
              </div> <!-- configuration-method after -->
              <div class="test-method">
                <span class="method-name">DefineSections_Delete</span>
                <span class="method-start">196530 ms</span>
              </div> <!-- test-method -->
              <div class="configuration-method after">
                <span class="method-name">afterMethod([TestResult name=DefineSections_Delete status=SKIP method=AcademicAdministrationTest.DefineSections_...)</span>
                <span class="method-start">196644 ms</span>
              </div> <!-- configuration-method after -->
              <div class="test-method">
                <img src="failed.png">
                </img>
                <span class="method-name">DefineSections_Delete</span>
                <span class="method-start">198645 ms</span>
              </div> <!-- test-method -->
              <div class="configuration-method after">
                <span class="method-name">afterMethod([TestResult name=DefineSections_Delete status=FAILURE method=AcademicAdministrationTest.DefineSectio...)</span>
                <span class="method-start">198752 ms</span>
              </div> <!-- configuration-method after -->
              <div class="test-method">
                <span class="method-name">AcademicStructure_Courses_Add</span>
                <span class="method-start">200753 ms</span>
              </div> <!-- test-method -->
              <div class="configuration-method after">
                <span class="method-name">afterMethod([TestResult name=AcademicStructure_Courses_Add status=SKIP method=AcademicAdministrationTest.Academi...)</span>
                <span class="method-start">200878 ms</span>
              </div> <!-- configuration-method after -->
              <div class="test-method">
                <span class="method-name">AcademicStructure_Courses_Add</span>
                <span class="method-start">202879 ms</span>
              </div> <!-- test-method -->
              <div class="configuration-method after">
                <span class="method-name">afterMethod([TestResult name=AcademicStructure_Courses_Add status=SKIP method=AcademicAdministrationTest.Academi...)</span>
                <span class="method-start">202994 ms</span>
              </div> <!-- configuration-method after -->
              <div class="test-method">
                <span class="method-name">AcademicStructure_Courses_Add</span>
                <span class="method-start">204997 ms</span>
              </div> <!-- test-method -->
              <div class="configuration-method after">
                <span class="method-name">afterMethod([TestResult name=AcademicStructure_Courses_Add status=SKIP method=AcademicAdministrationTest.Academi...)</span>
                <span class="method-start">205124 ms</span>
              </div> <!-- configuration-method after -->
              <div class="test-method">
                <span class="method-name">AcademicStructure_Courses_Add</span>
                <span class="method-start">207125 ms</span>
              </div> <!-- test-method -->
              <div class="configuration-method after">
                <span class="method-name">afterMethod([TestResult name=AcademicStructure_Courses_Add status=SKIP method=AcademicAdministrationTest.Academi...)</span>
                <span class="method-start">207238 ms</span>
              </div> <!-- configuration-method after -->
              <div class="test-method">
                <img src="failed.png">
                </img>
                <span class="method-name">AcademicStructure_Courses_Add</span>
                <span class="method-start">209238 ms</span>
              </div> <!-- test-method -->
              <div class="configuration-method after">
                <span class="method-name">afterMethod([TestResult name=AcademicStructure_Courses_Add status=FAILURE method=AcademicAdministrationTest.Acad...)</span>
                <span class="method-start">209248 ms</span>
              </div> <!-- configuration-method after -->
              <div class="test-method">
                <span class="method-name">AcademicStructure_Courses_Delete</span>
                <span class="method-start">211249 ms</span>
              </div> <!-- test-method -->
              <div class="configuration-method after">
                <span class="method-name">afterMethod([TestResult name=AcademicStructure_Courses_Delete status=SKIP method=AcademicAdministrationTest.Acad...)</span>
                <span class="method-start">211258 ms</span>
              </div> <!-- configuration-method after -->
              <div class="test-method">
                <span class="method-name">AcademicStructure_Courses_Delete</span>
                <span class="method-start">213259 ms</span>
              </div> <!-- test-method -->
              <div class="configuration-method after">
                <span class="method-name">afterMethod([TestResult name=AcademicStructure_Courses_Delete status=SKIP method=AcademicAdministrationTest.Acad...)</span>
                <span class="method-start">213271 ms</span>
              </div> <!-- configuration-method after -->
              <div class="test-method">
                <span class="method-name">AcademicStructure_Courses_Delete</span>
                <span class="method-start">215272 ms</span>
              </div> <!-- test-method -->
              <div class="configuration-method after">
                <span class="method-name">afterMethod([TestResult name=AcademicStructure_Courses_Delete status=SKIP method=AcademicAdministrationTest.Acad...)</span>
                <span class="method-start">215282 ms</span>
              </div> <!-- configuration-method after -->
              <div class="test-method">
                <span class="method-name">AcademicStructure_Courses_Delete</span>
                <span class="method-start">217283 ms</span>
              </div> <!-- test-method -->
              <div class="configuration-method after">
                <span class="method-name">afterMethod([TestResult name=AcademicStructure_Courses_Delete status=SKIP method=AcademicAdministrationTest.Acad...)</span>
                <span class="method-start">217293 ms</span>
              </div> <!-- configuration-method after -->
              <div class="test-method">
                <img src="failed.png">
                </img>
                <span class="method-name">AcademicStructure_Courses_Delete</span>
                <span class="method-start">219294 ms</span>
              </div> <!-- test-method -->
              <div class="configuration-method after">
                <span class="method-name">afterMethod([TestResult name=AcademicStructure_Courses_Delete status=FAILURE method=AcademicAdministrationTest.A...)</span>
                <span class="method-start">219304 ms</span>
              </div> <!-- configuration-method after -->
            </div> <!-- chronological-class -->
            <div class="chronological-class">
              <div class="chronological-class-name">main.StudentRecord_Test</div> <!-- chronological-class-name -->
              <div class="configuration-test before">
                <span class="method-name">beforeTest(firefox)</span>
                <span class="method-start">221326 ms</span>
              </div> <!-- configuration-test before -->
              <div class="test-method">
                <span class="method-name">signInAndMoveToStudentRecord</span>
                <span class="method-start">223308 ms</span>
              </div> <!-- test-method -->
              <div class="configuration-method after">
                <span class="method-name">afterMethod([TestResult name=signInAndMoveToStudentRecord status=SUCCESS method=StudentRecord_Test.signInAndMove...)</span>
                <span class="method-start">231857 ms</span>
              </div> <!-- configuration-method after -->
              <div class="test-method">
                <span class="method-name">DisciplinaryCases</span>
                <span class="method-start">233858 ms</span>
              </div> <!-- test-method -->
              <div class="configuration-method after">
                <span class="method-name">afterMethod([TestResult name=DisciplinaryCases status=SUCCESS method=StudentRecord_Test.DisciplinaryCases()[pri:...)</span>
                <span class="method-start">246483 ms</span>
              </div> <!-- configuration-method after -->
              <div class="test-method">
                <span class="method-name">MaintainDocument</span>
                <span class="method-start">248484 ms</span>
              </div> <!-- test-method -->
              <div class="configuration-method after">
                <span class="method-name">afterMethod([TestResult name=MaintainDocument status=SUCCESS method=StudentRecord_Test.MaintainDocument()[pri:0,...)</span>
                <span class="method-start">251654 ms</span>
              </div> <!-- configuration-method after -->
              <div class="test-method">
                <span class="method-name">MaintainDocumentList_Add</span>
                <span class="method-start">253654 ms</span>
              </div> <!-- test-method -->
              <div class="configuration-method after">
                <span class="method-name">afterMethod([TestResult name=MaintainDocumentList_Add status=SKIP method=StudentRecord_Test.MaintainDocumentList...)</span>
                <span class="method-start">253785 ms</span>
              </div> <!-- configuration-method after -->
              <div class="test-method">
                <span class="method-name">MaintainDocumentList_Add</span>
                <span class="method-start">255785 ms</span>
              </div> <!-- test-method -->
              <div class="configuration-method after">
                <span class="method-name">afterMethod([TestResult name=MaintainDocumentList_Add status=SUCCESS method=StudentRecord_Test.MaintainDocumentL...)</span>
                <span class="method-start">258470 ms</span>
              </div> <!-- configuration-method after -->
              <div class="test-method">
                <span class="method-name">NotingOnStudent</span>
                <span class="method-start">260471 ms</span>
              </div> <!-- test-method -->
              <div class="configuration-method after">
                <span class="method-name">afterMethod([TestResult name=NotingOnStudent status=SUCCESS method=StudentRecord_Test.NotingOnStudent()[pri:0, i...)</span>
                <span class="method-start">264330 ms</span>
              </div> <!-- configuration-method after -->
              <div class="test-method">
                <span class="method-name">studentProfile_Add</span>
                <span class="method-start">266330 ms</span>
              </div> <!-- test-method -->
              <div class="configuration-method after">
                <span class="method-name">afterMethod([TestResult name=studentProfile_Add status=SUCCESS method=StudentRecord_Test.studentProfile_Add()[pr...)</span>
                <span class="method-start">277683 ms</span>
              </div> <!-- configuration-method after -->
              <div class="test-method">
                <span class="method-name">studentProfile_View</span>
                <span class="method-start">279684 ms</span>
              </div> <!-- test-method -->
              <div class="configuration-method after">
                <span class="method-name">afterMethod([TestResult name=studentProfile_View status=SUCCESS method=StudentRecord_Test.studentProfile_View()[...)</span>
                <span class="method-start">286068 ms</span>
              </div> <!-- configuration-method after -->
          </div> <!-- main-panel-content rounded-window-bottom -->
        </div> <!-- panel -->
      </div> <!-- main-panel-root -->
    </div> <!-- wrapper -->
  </body>
</html>
