<?xml version="1.0" encoding="UTF-8"?>
<testng-results skipped="27" failed="6" ignored="3" total="50" passed="14">
  <reporter-output>
  </reporter-output>
  <suite name="Suite" duration-ms="288070" started-at="2018-04-03T08:54:20Z" finished-at="2018-04-03T08:59:08Z">
    <groups>
    </groups>
    <test name="Test1" duration-ms="80809" started-at="2018-04-03T08:54:20Z" finished-at="2018-04-03T08:55:41Z">
      <class name="main.StudentAttendence">
        <test-method status="PASS" signature="beforeTest(java.lang.String)[pri:0, instance:main.StudentAttendence@337d0578]" name="beforeTest" is-config="true" duration-ms="2191" started-at="2018-04-03T08:54:20Z" finished-at="2018-04-03T08:54:22Z">
          <params>
            <param index="0">
              <value>
                <![CDATA[firefox]]>
              </value>
            </param>
          </params>
          <reporter-output>
          </reporter-output>
        </test-method> <!-- beforeTest -->
        <test-method status="PASS" signature="signInAndMoveToStudentRecord()[pri:0, instance:main.StudentAttendence@337d0578]" name="signInAndMoveToStudentRecord" duration-ms="8679" started-at="2018-04-03T08:54:22Z" finished-at="2018-04-03T08:54:31Z">
          <reporter-output>
          </reporter-output>
        </test-method> <!-- signInAndMoveToStudentRecord -->
        <test-method status="PASS" signature="afterMethod(org.testng.ITestResult)[pri:0, instance:main.StudentAttendence@337d0578]" name="afterMethod" is-config="true" duration-ms="2001" started-at="2018-04-03T08:54:31Z" finished-at="2018-04-03T08:54:33Z">
          <params>
            <param index="0">
              <value>
                <![CDATA[[TestResult name=signInAndMoveToStudentRecord status=SUCCESS method=StudentAttendence.signInAndMoveToStudentRecord()[pri:0, instance:main.StudentAttendence@337d0578] output={null}]]]>
              </value>
            </param>
          </params>
          <reporter-output>
          </reporter-output>
        </test-method> <!-- afterMethod -->
        <test-method status="PASS" signature="ByTeacherMultiDate_MarkAttendence()[pri:0, instance:main.StudentAttendence@337d0578]" name="ByTeacherMultiDate_MarkAttendence" duration-ms="27355" started-at="2018-04-03T08:54:33Z" depends-on-methods="main.StudentAttendence.signInAndMoveToStudentRecord" finished-at="2018-04-03T08:55:00Z">
          <reporter-output>
          </reporter-output>
        </test-method> <!-- ByTeacherMultiDate_MarkAttendence -->
        <test-method status="PASS" signature="afterMethod(org.testng.ITestResult)[pri:0, instance:main.StudentAttendence@337d0578]" name="afterMethod" is-config="true" duration-ms="2000" started-at="2018-04-03T08:55:00Z" finished-at="2018-04-03T08:55:02Z">
          <params>
            <param index="0">
              <value>
                <![CDATA[[TestResult name=ByTeacherMultiDate_MarkAttendence status=SUCCESS method=StudentAttendence.ByTeacherMultiDate_MarkAttendence()[pri:0, instance:main.StudentAttendence@337d0578] output={null}]]]>
              </value>
            </param>
          </params>
          <reporter-output>
          </reporter-output>
        </test-method> <!-- afterMethod -->
        <test-method status="SKIP" signature="ByTeacher_MarkAttendence()[pri:0, instance:main.StudentAttendence@337d0578]" name="ByTeacher_MarkAttendence" duration-ms="175" started-at="2018-04-03T08:55:02Z" depends-on-methods="main.StudentAttendence.signInAndMoveToStudentRecord" finished-at="2018-04-03T08:55:02Z">
          <exception class="org.openqa.selenium.ElementNotInteractableException">
            <message>
              <![CDATA[
Build info: version: '3.10.0', revision: '176b4a9', time: '2018-03-02T19:11:12.151Z'
System info: host: 'localhost.localdomain', ip: '127.0.0.1', os.name: 'Linux', os.arch: 'amd64', os.version: '3.10.0-514.el7.x86_64', java.version: '1.8.0_102'
Driver info: org.openqa.selenium.firefox.FirefoxDriver
Capabilities {acceptInsecureCerts: true, browserName: firefox, browserVersion: 52.5.1, javascriptEnabled: true, moz:accessibilityChecks: false, moz:processID: 13101, moz:profile: /tmp/rust_mozprofile.9ed2Ji..., pageLoadStrategy: normal, platform: LINUX, platformName: LINUX, platformVersion: 3.10.0-514.el7.x86_64, rotatable: false, specificationLevel: 0, timeouts: {implicit: 0, page load: 300000, script: 30000}}
Session ID: a8a2cb67-dba4-4b3e-a127-c7014aa0da0f]]>
            </message>
            <full-stacktrace>
              <![CDATA[org.openqa.selenium.ElementNotInteractableException: 
Build info: version: '3.10.0', revision: '176b4a9', time: '2018-03-02T19:11:12.151Z'
System info: host: 'localhost.localdomain', ip: '127.0.0.1', os.name: 'Linux', os.arch: 'amd64', os.version: '3.10.0-514.el7.x86_64', java.version: '1.8.0_102'
Driver info: org.openqa.selenium.firefox.FirefoxDriver
Capabilities {acceptInsecureCerts: true, browserName: firefox, browserVersion: 52.5.1, javascriptEnabled: true, moz:accessibilityChecks: false, moz:processID: 13101, moz:profile: /tmp/rust_mozprofile.9ed2Ji..., pageLoadStrategy: normal, platform: LINUX, platformName: LINUX, platformVersion: 3.10.0-514.el7.x86_64, rotatable: false, specificationLevel: 0, timeouts: {implicit: 0, page load: 300000, script: 30000}}
Session ID: a8a2cb67-dba4-4b3e-a127-c7014aa0da0f
at sun.reflect.NativeConstructorAccessorImpl.newInstance0(Native Method)
at sun.reflect.NativeConstructorAccessorImpl.newInstance(NativeConstructorAccessorImpl.java:62)
at sun.reflect.DelegatingConstructorAccessorImpl.newInstance(DelegatingConstructorAccessorImpl.java:45)
at java.lang.reflect.Constructor.newInstance(Constructor.java:423)
at org.openqa.selenium.remote.http.W3CHttpResponseCodec.createException(W3CHttpResponseCodec.java:187)
at org.openqa.selenium.remote.http.W3CHttpResponseCodec.decode(W3CHttpResponseCodec.java:122)
at org.openqa.selenium.remote.http.W3CHttpResponseCodec.decode(W3CHttpResponseCodec.java:49)
at org.openqa.selenium.remote.HttpCommandExecutor.execute(HttpCommandExecutor.java:160)
at org.openqa.selenium.remote.service.DriverCommandExecutor.execute(DriverCommandExecutor.java:83)
at org.openqa.selenium.remote.RemoteWebDriver.execute(RemoteWebDriver.java:601)
at org.openqa.selenium.remote.RemoteWebElement.execute(RemoteWebElement.java:279)
at org.openqa.selenium.remote.RemoteWebElement.click(RemoteWebElement.java:83)
at testCases.StudentAttendence.ByTeacher_MarkAttendence.execute(ByTeacher_MarkAttendence.java:19)
at main.StudentAttendence.ByTeacher_MarkAttendence(StudentAttendence.java:52)
at sun.reflect.NativeMethodAccessorImpl.invoke0(Native Method)
at sun.reflect.NativeMethodAccessorImpl.invoke(NativeMethodAccessorImpl.java:62)
at sun.reflect.DelegatingMethodAccessorImpl.invoke(DelegatingMethodAccessorImpl.java:43)
at java.lang.reflect.Method.invoke(Method.java:498)
at org.testng.internal.MethodInvocationHelper.invokeMethod(MethodInvocationHelper.java:124)
at org.testng.internal.Invoker.invokeMethod(Invoker.java:580)
at org.testng.internal.Invoker.invokeTestMethod(Invoker.java:716)
at org.testng.internal.Invoker.invokeTestMethods(Invoker.java:988)
at org.testng.internal.TestMethodWorker.invokeTestMethods(TestMethodWorker.java:125)
at org.testng.internal.TestMethodWorker.run(TestMethodWorker.java:109)
at org.testng.TestRunner.privateRun(TestRunner.java:648)
at org.testng.TestRunner.run(TestRunner.java:505)
at org.testng.SuiteRunner.runTest(SuiteRunner.java:455)
at org.testng.SuiteRunner.runSequentially(SuiteRunner.java:450)
at org.testng.SuiteRunner.privateRun(SuiteRunner.java:415)
at org.testng.SuiteRunner.run(SuiteRunner.java:364)
at org.testng.SuiteRunnerWorker.runSuite(SuiteRunnerWorker.java:52)
at org.testng.SuiteRunnerWorker.run(SuiteRunnerWorker.java:84)
at org.testng.TestNG.runSuitesSequentially(TestNG.java:1208)
at org.testng.TestNG.runSuitesLocally(TestNG.java:1137)
at org.testng.TestNG.runSuites(TestNG.java:1049)
at org.testng.TestNG.run(TestNG.java:1017)
at main.Main.main(Main.java:26)
]]>
            </full-stacktrace>
          </exception> <!-- org.openqa.selenium.ElementNotInteractableException -->
          <reporter-output>
          </reporter-output>
        </test-method> <!-- ByTeacher_MarkAttendence -->
        <test-method status="PASS" signature="afterMethod(org.testng.ITestResult)[pri:0, instance:main.StudentAttendence@337d0578]" name="afterMethod" is-config="true" duration-ms="2001" started-at="2018-04-03T08:55:02Z" finished-at="2018-04-03T08:55:04Z">
          <params>
            <param index="0">
              <value>
                <![CDATA[[TestResult name=ByTeacher_MarkAttendence status=SKIP method=StudentAttendence.ByTeacher_MarkAttendence()[pri:0, instance:main.StudentAttendence@337d0578] output={null}]]]>
              </value>
            </param>
          </params>
          <reporter-output>
          </reporter-output>
        </test-method> <!-- afterMethod -->
        <test-method status="PASS" signature="ByTeacher_MarkAttendence()[pri:0, instance:main.StudentAttendence@337d0578]" name="ByTeacher_MarkAttendence" duration-ms="15782" started-at="2018-04-03T08:55:04Z" depends-on-methods="main.StudentAttendence.signInAndMoveToStudentRecord" finished-at="2018-04-03T08:55:20Z">
          <reporter-output>
          </reporter-output>
        </test-method> <!-- ByTeacher_MarkAttendence -->
        <test-method status="PASS" signature="afterMethod(org.testng.ITestResult)[pri:0, instance:main.StudentAttendence@337d0578]" name="afterMethod" is-config="true" duration-ms="2000" started-at="2018-04-03T08:55:20Z" finished-at="2018-04-03T08:55:22Z">
          <params>
            <param index="0">
              <value>
                <![CDATA[[TestResult name=ByTeacher_MarkAttendence status=SUCCESS method=StudentAttendence.ByTeacher_MarkAttendence()[pri:0, instance:main.StudentAttendence@337d0578] output={null}]]]>
              </value>
            </param>
          </params>
          <reporter-output>
          </reporter-output>
        </test-method> <!-- afterMethod -->
        <test-method status="SKIP" signature="ByTeacher_DeleteAttendence()[pri:1, instance:main.StudentAttendence@337d0578]" name="ByTeacher_DeleteAttendence" duration-ms="115" started-at="2018-04-03T08:55:22Z" depends-on-methods="main.StudentAttendence.signInAndMoveToStudentRecord" finished-at="2018-04-03T08:55:22Z">
          <exception class="org.openqa.selenium.ElementNotInteractableException">
            <message>
              <![CDATA[
Build info: version: '3.10.0', revision: '176b4a9', time: '2018-03-02T19:11:12.151Z'
System info: host: 'localhost.localdomain', ip: '127.0.0.1', os.name: 'Linux', os.arch: 'amd64', os.version: '3.10.0-514.el7.x86_64', java.version: '1.8.0_102'
Driver info: org.openqa.selenium.firefox.FirefoxDriver
Capabilities {acceptInsecureCerts: true, browserName: firefox, browserVersion: 52.5.1, javascriptEnabled: true, moz:accessibilityChecks: false, moz:processID: 13101, moz:profile: /tmp/rust_mozprofile.9ed2Ji..., pageLoadStrategy: normal, platform: LINUX, platformName: LINUX, platformVersion: 3.10.0-514.el7.x86_64, rotatable: false, specificationLevel: 0, timeouts: {implicit: 0, page load: 300000, script: 30000}}
Session ID: a8a2cb67-dba4-4b3e-a127-c7014aa0da0f]]>
            </message>
            <full-stacktrace>
              <![CDATA[org.openqa.selenium.ElementNotInteractableException: 
Build info: version: '3.10.0', revision: '176b4a9', time: '2018-03-02T19:11:12.151Z'
System info: host: 'localhost.localdomain', ip: '127.0.0.1', os.name: 'Linux', os.arch: 'amd64', os.version: '3.10.0-514.el7.x86_64', java.version: '1.8.0_102'
Driver info: org.openqa.selenium.firefox.FirefoxDriver
Capabilities {acceptInsecureCerts: true, browserName: firefox, browserVersion: 52.5.1, javascriptEnabled: true, moz:accessibilityChecks: false, moz:processID: 13101, moz:profile: /tmp/rust_mozprofile.9ed2Ji..., pageLoadStrategy: normal, platform: LINUX, platformName: LINUX, platformVersion: 3.10.0-514.el7.x86_64, rotatable: false, specificationLevel: 0, timeouts: {implicit: 0, page load: 300000, script: 30000}}
Session ID: a8a2cb67-dba4-4b3e-a127-c7014aa0da0f
at sun.reflect.NativeConstructorAccessorImpl.newInstance0(Native Method)
at sun.reflect.NativeConstructorAccessorImpl.newInstance(NativeConstructorAccessorImpl.java:62)
at sun.reflect.DelegatingConstructorAccessorImpl.newInstance(DelegatingConstructorAccessorImpl.java:45)
at java.lang.reflect.Constructor.newInstance(Constructor.java:423)
at org.openqa.selenium.remote.http.W3CHttpResponseCodec.createException(W3CHttpResponseCodec.java:187)
at org.openqa.selenium.remote.http.W3CHttpResponseCodec.decode(W3CHttpResponseCodec.java:122)
at org.openqa.selenium.remote.http.W3CHttpResponseCodec.decode(W3CHttpResponseCodec.java:49)
at org.openqa.selenium.remote.HttpCommandExecutor.execute(HttpCommandExecutor.java:160)
at org.openqa.selenium.remote.service.DriverCommandExecutor.execute(DriverCommandExecutor.java:83)
at org.openqa.selenium.remote.RemoteWebDriver.execute(RemoteWebDriver.java:601)
at org.openqa.selenium.remote.RemoteWebElement.execute(RemoteWebElement.java:279)
at org.openqa.selenium.remote.RemoteWebElement.click(RemoteWebElement.java:83)
at testCases.StudentAttendence.ByTeacher_DeleteAttendence.execute(ByTeacher_DeleteAttendence.java:19)
at main.StudentAttendence.ByTeacher_DeleteAttendence(StudentAttendence.java:77)
at sun.reflect.NativeMethodAccessorImpl.invoke0(Native Method)
at sun.reflect.NativeMethodAccessorImpl.invoke(NativeMethodAccessorImpl.java:62)
at sun.reflect.DelegatingMethodAccessorImpl.invoke(DelegatingMethodAccessorImpl.java:43)
at java.lang.reflect.Method.invoke(Method.java:498)
at org.testng.internal.MethodInvocationHelper.invokeMethod(MethodInvocationHelper.java:124)
at org.testng.internal.Invoker.invokeMethod(Invoker.java:580)
at org.testng.internal.Invoker.invokeTestMethod(Invoker.java:716)
at org.testng.internal.Invoker.invokeTestMethods(Invoker.java:988)
at org.testng.internal.TestMethodWorker.invokeTestMethods(TestMethodWorker.java:125)
at org.testng.internal.TestMethodWorker.run(TestMethodWorker.java:109)
at org.testng.TestRunner.privateRun(TestRunner.java:648)
at org.testng.TestRunner.run(TestRunner.java:505)
at org.testng.SuiteRunner.runTest(SuiteRunner.java:455)
at org.testng.SuiteRunner.runSequentially(SuiteRunner.java:450)
at org.testng.SuiteRunner.privateRun(SuiteRunner.java:415)
at org.testng.SuiteRunner.run(SuiteRunner.java:364)
at org.testng.SuiteRunnerWorker.runSuite(SuiteRunnerWorker.java:52)
at org.testng.SuiteRunnerWorker.run(SuiteRunnerWorker.java:84)
at org.testng.TestNG.runSuitesSequentially(TestNG.java:1208)
at org.testng.TestNG.runSuitesLocally(TestNG.java:1137)
at org.testng.TestNG.runSuites(TestNG.java:1049)
at org.testng.TestNG.run(TestNG.java:1017)
at main.Main.main(Main.java:26)
]]>
            </full-stacktrace>
          </exception> <!-- org.openqa.selenium.ElementNotInteractableException -->
          <reporter-output>
          </reporter-output>
        </test-method> <!-- ByTeacher_DeleteAttendence -->
        <test-method status="PASS" signature="afterMethod(org.testng.ITestResult)[pri:0, instance:main.StudentAttendence@337d0578]" name="afterMethod" is-config="true" duration-ms="2001" started-at="2018-04-03T08:55:22Z" finished-at="2018-04-03T08:55:24Z">
          <params>
            <param index="0">
              <value>
                <![CDATA[[TestResult name=ByTeacher_DeleteAttendence status=SKIP method=StudentAttendence.ByTeacher_DeleteAttendence()[pri:1, instance:main.StudentAttendence@337d0578] output={null}]]]>
              </value>
            </param>
          </params>
          <reporter-output>
          </reporter-output>
        </test-method> <!-- afterMethod -->
        <test-method status="PASS" signature="ByTeacher_DeleteAttendence()[pri:1, instance:main.StudentAttendence@337d0578]" name="ByTeacher_DeleteAttendence" duration-ms="14498" started-at="2018-04-03T08:55:24Z" depends-on-methods="main.StudentAttendence.signInAndMoveToStudentRecord" finished-at="2018-04-03T08:55:39Z">
          <reporter-output>
          </reporter-output>
        </test-method> <!-- ByTeacher_DeleteAttendence -->
        <test-method status="PASS" signature="afterMethod(org.testng.ITestResult)[pri:0, instance:main.StudentAttendence@337d0578]" name="afterMethod" is-config="true" duration-ms="2000" started-at="2018-04-03T08:55:39Z" finished-at="2018-04-03T08:55:41Z">
          <params>
            <param index="0">
              <value>
                <![CDATA[[TestResult name=ByTeacher_DeleteAttendence status=SUCCESS method=StudentAttendence.ByTeacher_DeleteAttendence()[pri:1, instance:main.StudentAttendence@337d0578] output={null}]]]>
              </value>
            </param>
          </params>
          <reporter-output>
          </reporter-output>
        </test-method> <!-- afterMethod -->
      </class> <!-- main.StudentAttendence -->
    </test> <!-- Test1 -->
    <test name="Test2" duration-ms="140480" started-at="2018-04-03T08:55:41Z" finished-at="2018-04-03T08:58:01Z">
      <class name="main.AcademicAdministrationTest">
        <test-method status="PASS" signature="beforeTest(java.lang.String)[pri:0, instance:main.AcademicAdministrationTest@23ceabc1]" name="beforeTest" is-config="true" duration-ms="2032" started-at="2018-04-03T08:55:41Z" finished-at="2018-04-03T08:55:43Z">
          <params>
            <param index="0">
              <value>
                <![CDATA[firefox]]>
              </value>
            </param>
          </params>
          <reporter-output>
          </reporter-output>
        </test-method> <!-- beforeTest -->
        <test-method status="PASS" signature="signInAndMoveToStudentRecord()[pri:0, instance:main.AcademicAdministrationTest@23ceabc1]" name="signInAndMoveToStudentRecord" duration-ms="8871" started-at="2018-04-03T08:55:43Z" finished-at="2018-04-03T08:55:52Z">
          <reporter-output>
          </reporter-output>
        </test-method> <!-- signInAndMoveToStudentRecord -->
        <test-method status="PASS" signature="afterMethod(org.testng.ITestResult)[pri:0, instance:main.AcademicAdministrationTest@23ceabc1]" name="afterMethod" is-config="true" duration-ms="2000" started-at="2018-04-03T08:55:52Z" finished-at="2018-04-03T08:55:54Z">
          <params>
            <param index="0">
              <value>
                <![CDATA[[TestResult name=signInAndMoveToStudentRecord status=SUCCESS method=AcademicAdministrationTest.signInAndMoveToStudentRecord()[pri:0, instance:main.AcademicAdministrationTest@23ceabc1] output={null}]]]>
              </value>
            </param>
          </params>
          <reporter-output>
          </reporter-output>
        </test-method> <!-- afterMethod -->
        <test-method status="PASS" signature="AcademicStructure_Programe_Add()[pri:0, instance:main.AcademicAdministrationTest@23ceabc1]" name="AcademicStructure_Programe_Add" duration-ms="5426" started-at="2018-04-03T08:55:54Z" depends-on-methods="main.AcademicAdministrationTest.signInAndMoveToStudentRecord" finished-at="2018-04-03T08:55:59Z">
          <reporter-output>
          </reporter-output>
        </test-method> <!-- AcademicStructure_Programe_Add -->
        <test-method status="PASS" signature="afterMethod(org.testng.ITestResult)[pri:0, instance:main.AcademicAdministrationTest@23ceabc1]" name="afterMethod" is-config="true" duration-ms="2001" started-at="2018-04-03T08:55:59Z" finished-at="2018-04-03T08:56:01Z">
          <params>
            <param index="0">
              <value>
                <![CDATA[[TestResult name=AcademicStructure_Programe_Add status=SUCCESS method=AcademicAdministrationTest.AcademicStructure_Programe_Add()[pri:0, instance:main.AcademicAdministrationTest@23ceabc1] output={null}]]]>
              </value>
            </param>
          </params>
          <reporter-output>
          </reporter-output>
        </test-method> <!-- afterMethod -->
        <test-method status="SKIP" signature="CoursewiseDetailReport()[pri:0, instance:main.AcademicAdministrationTest@23ceabc1]" name="CoursewiseDetailReport" duration-ms="2271" started-at="2018-04-03T08:56:01Z" depends-on-methods="main.AcademicAdministrationTest.signInAndMoveToStudentRecord" finished-at="2018-04-03T08:56:03Z">
          <exception class="org.openqa.selenium.ElementNotInteractableException">
            <message>
              <![CDATA[
Build info: version: '3.10.0', revision: '176b4a9', time: '2018-03-02T19:11:12.151Z'
System info: host: 'localhost.localdomain', ip: '127.0.0.1', os.name: 'Linux', os.arch: 'amd64', os.version: '3.10.0-514.el7.x86_64', java.version: '1.8.0_102'
Driver info: org.openqa.selenium.firefox.FirefoxDriver
Capabilities {acceptInsecureCerts: true, browserName: firefox, browserVersion: 52.5.1, javascriptEnabled: true, moz:accessibilityChecks: false, moz:processID: 13274, moz:profile: /tmp/rust_mozprofile.tdW1SA..., pageLoadStrategy: normal, platform: LINUX, platformName: LINUX, platformVersion: 3.10.0-514.el7.x86_64, rotatable: false, specificationLevel: 0, timeouts: {implicit: 0, page load: 300000, script: 30000}}
Session ID: 98b69056-ee3e-46d5-a34b-4e2f19441c5c]]>
            </message>
            <full-stacktrace>
              <![CDATA[org.openqa.selenium.ElementNotInteractableException: 
Build info: version: '3.10.0', revision: '176b4a9', time: '2018-03-02T19:11:12.151Z'
System info: host: 'localhost.localdomain', ip: '127.0.0.1', os.name: 'Linux', os.arch: 'amd64', os.version: '3.10.0-514.el7.x86_64', java.version: '1.8.0_102'
Driver info: org.openqa.selenium.firefox.FirefoxDriver
Capabilities {acceptInsecureCerts: true, browserName: firefox, browserVersion: 52.5.1, javascriptEnabled: true, moz:accessibilityChecks: false, moz:processID: 13274, moz:profile: /tmp/rust_mozprofile.tdW1SA..., pageLoadStrategy: normal, platform: LINUX, platformName: LINUX, platformVersion: 3.10.0-514.el7.x86_64, rotatable: false, specificationLevel: 0, timeouts: {implicit: 0, page load: 300000, script: 30000}}
Session ID: 98b69056-ee3e-46d5-a34b-4e2f19441c5c
at sun.reflect.NativeConstructorAccessorImpl.newInstance0(Native Method)
at sun.reflect.NativeConstructorAccessorImpl.newInstance(NativeConstructorAccessorImpl.java:62)
at sun.reflect.DelegatingConstructorAccessorImpl.newInstance(DelegatingConstructorAccessorImpl.java:45)
at java.lang.reflect.Constructor.newInstance(Constructor.java:423)
at org.openqa.selenium.remote.http.W3CHttpResponseCodec.createException(W3CHttpResponseCodec.java:187)
at org.openqa.selenium.remote.http.W3CHttpResponseCodec.decode(W3CHttpResponseCodec.java:122)
at org.openqa.selenium.remote.http.W3CHttpResponseCodec.decode(W3CHttpResponseCodec.java:49)
at org.openqa.selenium.remote.HttpCommandExecutor.execute(HttpCommandExecutor.java:160)
at org.openqa.selenium.remote.service.DriverCommandExecutor.execute(DriverCommandExecutor.java:83)
at org.openqa.selenium.remote.RemoteWebDriver.execute(RemoteWebDriver.java:601)
at org.openqa.selenium.remote.RemoteWebElement.execute(RemoteWebElement.java:279)
at org.openqa.selenium.remote.RemoteWebElement.click(RemoteWebElement.java:83)
at org.openqa.selenium.support.ui.Select.setSelected(Select.java:324)
at org.openqa.selenium.support.ui.Select.selectByVisibleText(Select.java:120)
at testCases.AcademicAdministration.CoursewiseDetailReport.execute(CoursewiseDetailReport.java:24)
at main.AcademicAdministrationTest.CoursewiseDetailReport(AcademicAdministrationTest.java:225)
at sun.reflect.NativeMethodAccessorImpl.invoke0(Native Method)
at sun.reflect.NativeMethodAccessorImpl.invoke(NativeMethodAccessorImpl.java:62)
at sun.reflect.DelegatingMethodAccessorImpl.invoke(DelegatingMethodAccessorImpl.java:43)
at java.lang.reflect.Method.invoke(Method.java:498)
at org.testng.internal.MethodInvocationHelper.invokeMethod(MethodInvocationHelper.java:124)
at org.testng.internal.Invoker.invokeMethod(Invoker.java:580)
at org.testng.internal.Invoker.invokeTestMethod(Invoker.java:716)
at org.testng.internal.Invoker.invokeTestMethods(Invoker.java:988)
at org.testng.internal.TestMethodWorker.invokeTestMethods(TestMethodWorker.java:125)
at org.testng.internal.TestMethodWorker.run(TestMethodWorker.java:109)
at org.testng.TestRunner.privateRun(TestRunner.java:648)
at org.testng.TestRunner.run(TestRunner.java:505)
at org.testng.SuiteRunner.runTest(SuiteRunner.java:455)
at org.testng.SuiteRunner.runSequentially(SuiteRunner.java:450)
at org.testng.SuiteRunner.privateRun(SuiteRunner.java:415)
at org.testng.SuiteRunner.run(SuiteRunner.java:364)
at org.testng.SuiteRunnerWorker.runSuite(SuiteRunnerWorker.java:52)
at org.testng.SuiteRunnerWorker.run(SuiteRunnerWorker.java:84)
at org.testng.TestNG.runSuitesSequentially(TestNG.java:1208)
at org.testng.TestNG.runSuitesLocally(TestNG.java:1137)
at org.testng.TestNG.runSuites(TestNG.java:1049)
at org.testng.TestNG.run(TestNG.java:1017)
at main.Main.main(Main.java:26)
]]>
            </full-stacktrace>
          </exception> <!-- org.openqa.selenium.ElementNotInteractableException -->
          <reporter-output>
          </reporter-output>
        </test-method> <!-- CoursewiseDetailReport -->
        <test-method status="PASS" signature="afterMethod(org.testng.ITestResult)[pri:0, instance:main.AcademicAdministrationTest@23ceabc1]" name="afterMethod" is-config="true" duration-ms="2001" started-at="2018-04-03T08:56:03Z" finished-at="2018-04-03T08:56:05Z">
          <params>
            <param index="0">
              <value>
                <![CDATA[[TestResult name=CoursewiseDetailReport status=SKIP method=AcademicAdministrationTest.CoursewiseDetailReport()[pri:0, instance:main.AcademicAdministrationTest@23ceabc1] output={null}]]]>
              </value>
            </param>
          </params>
          <reporter-output>
          </reporter-output>
        </test-method> <!-- afterMethod -->
        <test-method status="SKIP" signature="CoursewiseDetailReport()[pri:0, instance:main.AcademicAdministrationTest@23ceabc1]" name="CoursewiseDetailReport" duration-ms="137" started-at="2018-04-03T08:56:05Z" depends-on-methods="main.AcademicAdministrationTest.signInAndMoveToStudentRecord" finished-at="2018-04-03T08:56:06Z">
          <exception class="org.openqa.selenium.ElementNotInteractableException">
            <message>
              <![CDATA[
Build info: version: '3.10.0', revision: '176b4a9', time: '2018-03-02T19:11:12.151Z'
System info: host: 'localhost.localdomain', ip: '127.0.0.1', os.name: 'Linux', os.arch: 'amd64', os.version: '3.10.0-514.el7.x86_64', java.version: '1.8.0_102'
Driver info: org.openqa.selenium.firefox.FirefoxDriver
Capabilities {acceptInsecureCerts: true, browserName: firefox, browserVersion: 52.5.1, javascriptEnabled: true, moz:accessibilityChecks: false, moz:processID: 13274, moz:profile: /tmp/rust_mozprofile.tdW1SA..., pageLoadStrategy: normal, platform: LINUX, platformName: LINUX, platformVersion: 3.10.0-514.el7.x86_64, rotatable: false, specificationLevel: 0, timeouts: {implicit: 0, page load: 300000, script: 30000}}
Session ID: 98b69056-ee3e-46d5-a34b-4e2f19441c5c]]>
            </message>
            <full-stacktrace>
              <![CDATA[org.openqa.selenium.ElementNotInteractableException: 
Build info: version: '3.10.0', revision: '176b4a9', time: '2018-03-02T19:11:12.151Z'
System info: host: 'localhost.localdomain', ip: '127.0.0.1', os.name: 'Linux', os.arch: 'amd64', os.version: '3.10.0-514.el7.x86_64', java.version: '1.8.0_102'
Driver info: org.openqa.selenium.firefox.FirefoxDriver
Capabilities {acceptInsecureCerts: true, browserName: firefox, browserVersion: 52.5.1, javascriptEnabled: true, moz:accessibilityChecks: false, moz:processID: 13274, moz:profile: /tmp/rust_mozprofile.tdW1SA..., pageLoadStrategy: normal, platform: LINUX, platformName: LINUX, platformVersion: 3.10.0-514.el7.x86_64, rotatable: false, specificationLevel: 0, timeouts: {implicit: 0, page load: 300000, script: 30000}}
Session ID: 98b69056-ee3e-46d5-a34b-4e2f19441c5c
at sun.reflect.NativeConstructorAccessorImpl.newInstance0(Native Method)
at sun.reflect.NativeConstructorAccessorImpl.newInstance(NativeConstructorAccessorImpl.java:62)
at sun.reflect.DelegatingConstructorAccessorImpl.newInstance(DelegatingConstructorAccessorImpl.java:45)
at java.lang.reflect.Constructor.newInstance(Constructor.java:423)
at org.openqa.selenium.remote.http.W3CHttpResponseCodec.createException(W3CHttpResponseCodec.java:187)
at org.openqa.selenium.remote.http.W3CHttpResponseCodec.decode(W3CHttpResponseCodec.java:122)
at org.openqa.selenium.remote.http.W3CHttpResponseCodec.decode(W3CHttpResponseCodec.java:49)
at org.openqa.selenium.remote.HttpCommandExecutor.execute(HttpCommandExecutor.java:160)
at org.openqa.selenium.remote.service.DriverCommandExecutor.execute(DriverCommandExecutor.java:83)
at org.openqa.selenium.remote.RemoteWebDriver.execute(RemoteWebDriver.java:601)
at org.openqa.selenium.remote.RemoteWebElement.execute(RemoteWebElement.java:279)
at org.openqa.selenium.remote.RemoteWebElement.click(RemoteWebElement.java:83)
at testCases.AcademicAdministration.CoursewiseDetailReport.execute(CoursewiseDetailReport.java:21)
at main.AcademicAdministrationTest.CoursewiseDetailReport(AcademicAdministrationTest.java:225)
at sun.reflect.NativeMethodAccessorImpl.invoke0(Native Method)
at sun.reflect.NativeMethodAccessorImpl.invoke(NativeMethodAccessorImpl.java:62)
at sun.reflect.DelegatingMethodAccessorImpl.invoke(DelegatingMethodAccessorImpl.java:43)
at java.lang.reflect.Method.invoke(Method.java:498)
at org.testng.internal.MethodInvocationHelper.invokeMethod(MethodInvocationHelper.java:124)
at org.testng.internal.Invoker.invokeMethod(Invoker.java:580)
at org.testng.internal.Invoker.retryFailed(Invoker.java:838)
at org.testng.internal.Invoker.invokeTestMethods(Invoker.java:1009)
at org.testng.internal.TestMethodWorker.invokeTestMethods(TestMethodWorker.java:125)
at org.testng.internal.TestMethodWorker.run(TestMethodWorker.java:109)
at org.testng.TestRunner.privateRun(TestRunner.java:648)
at org.testng.TestRunner.run(TestRunner.java:505)
at org.testng.SuiteRunner.runTest(SuiteRunner.java:455)
at org.testng.SuiteRunner.runSequentially(SuiteRunner.java:450)
at org.testng.SuiteRunner.privateRun(SuiteRunner.java:415)
at org.testng.SuiteRunner.run(SuiteRunner.java:364)
at org.testng.SuiteRunnerWorker.runSuite(SuiteRunnerWorker.java:52)
at org.testng.SuiteRunnerWorker.run(SuiteRunnerWorker.java:84)
at org.testng.TestNG.runSuitesSequentially(TestNG.java:1208)
at org.testng.TestNG.runSuitesLocally(TestNG.java:1137)
at org.testng.TestNG.runSuites(TestNG.java:1049)
at org.testng.TestNG.run(TestNG.java:1017)
at main.Main.main(Main.java:26)
]]>
            </full-stacktrace>
          </exception> <!-- org.openqa.selenium.ElementNotInteractableException -->
          <reporter-output>
          </reporter-output>
        </test-method> <!-- CoursewiseDetailReport -->
        <test-method status="PASS" signature="afterMethod(org.testng.ITestResult)[pri:0, instance:main.AcademicAdministrationTest@23ceabc1]" name="afterMethod" is-config="true" duration-ms="2001" started-at="2018-04-03T08:56:06Z" finished-at="2018-04-03T08:56:08Z">
          <params>
            <param index="0">
              <value>
                <![CDATA[[TestResult name=CoursewiseDetailReport status=SKIP method=AcademicAdministrationTest.CoursewiseDetailReport()[pri:0, instance:main.AcademicAdministrationTest@23ceabc1] output={null}]]]>
              </value>
            </param>
          </params>
          <reporter-output>
          </reporter-output>
        </test-method> <!-- afterMethod -->
        <test-method status="SKIP" signature="CoursewiseDetailReport()[pri:0, instance:main.AcademicAdministrationTest@23ceabc1]" name="CoursewiseDetailReport" duration-ms="2236" started-at="2018-04-03T08:56:08Z" depends-on-methods="main.AcademicAdministrationTest.signInAndMoveToStudentRecord" finished-at="2018-04-03T08:56:10Z">
          <exception class="org.openqa.selenium.ElementNotInteractableException">
            <message>
              <![CDATA[
Build info: version: '3.10.0', revision: '176b4a9', time: '2018-03-02T19:11:12.151Z'
System info: host: 'localhost.localdomain', ip: '127.0.0.1', os.name: 'Linux', os.arch: 'amd64', os.version: '3.10.0-514.el7.x86_64', java.version: '1.8.0_102'
Driver info: org.openqa.selenium.firefox.FirefoxDriver
Capabilities {acceptInsecureCerts: true, browserName: firefox, browserVersion: 52.5.1, javascriptEnabled: true, moz:accessibilityChecks: false, moz:processID: 13274, moz:profile: /tmp/rust_mozprofile.tdW1SA..., pageLoadStrategy: normal, platform: LINUX, platformName: LINUX, platformVersion: 3.10.0-514.el7.x86_64, rotatable: false, specificationLevel: 0, timeouts: {implicit: 0, page load: 300000, script: 30000}}
Session ID: 98b69056-ee3e-46d5-a34b-4e2f19441c5c]]>
            </message>
            <full-stacktrace>
              <![CDATA[org.openqa.selenium.ElementNotInteractableException: 
Build info: version: '3.10.0', revision: '176b4a9', time: '2018-03-02T19:11:12.151Z'
System info: host: 'localhost.localdomain', ip: '127.0.0.1', os.name: 'Linux', os.arch: 'amd64', os.version: '3.10.0-514.el7.x86_64', java.version: '1.8.0_102'
Driver info: org.openqa.selenium.firefox.FirefoxDriver
Capabilities {acceptInsecureCerts: true, browserName: firefox, browserVersion: 52.5.1, javascriptEnabled: true, moz:accessibilityChecks: false, moz:processID: 13274, moz:profile: /tmp/rust_mozprofile.tdW1SA..., pageLoadStrategy: normal, platform: LINUX, platformName: LINUX, platformVersion: 3.10.0-514.el7.x86_64, rotatable: false, specificationLevel: 0, timeouts: {implicit: 0, page load: 300000, script: 30000}}
Session ID: 98b69056-ee3e-46d5-a34b-4e2f19441c5c
at sun.reflect.NativeConstructorAccessorImpl.newInstance0(Native Method)
at sun.reflect.NativeConstructorAccessorImpl.newInstance(NativeConstructorAccessorImpl.java:62)
at sun.reflect.DelegatingConstructorAccessorImpl.newInstance(DelegatingConstructorAccessorImpl.java:45)
at java.lang.reflect.Constructor.newInstance(Constructor.java:423)
at org.openqa.selenium.remote.http.W3CHttpResponseCodec.createException(W3CHttpResponseCodec.java:187)
at org.openqa.selenium.remote.http.W3CHttpResponseCodec.decode(W3CHttpResponseCodec.java:122)
at org.openqa.selenium.remote.http.W3CHttpResponseCodec.decode(W3CHttpResponseCodec.java:49)
at org.openqa.selenium.remote.HttpCommandExecutor.execute(HttpCommandExecutor.java:160)
at org.openqa.selenium.remote.service.DriverCommandExecutor.execute(DriverCommandExecutor.java:83)
at org.openqa.selenium.remote.RemoteWebDriver.execute(RemoteWebDriver.java:601)
at org.openqa.selenium.remote.RemoteWebElement.execute(RemoteWebElement.java:279)
at org.openqa.selenium.remote.RemoteWebElement.click(RemoteWebElement.java:83)
at org.openqa.selenium.support.ui.Select.setSelected(Select.java:324)
at org.openqa.selenium.support.ui.Select.selectByVisibleText(Select.java:120)
at testCases.AcademicAdministration.CoursewiseDetailReport.execute(CoursewiseDetailReport.java:24)
at main.AcademicAdministrationTest.CoursewiseDetailReport(AcademicAdministrationTest.java:225)
at sun.reflect.NativeMethodAccessorImpl.invoke0(Native Method)
at sun.reflect.NativeMethodAccessorImpl.invoke(NativeMethodAccessorImpl.java:62)
at sun.reflect.DelegatingMethodAccessorImpl.invoke(DelegatingMethodAccessorImpl.java:43)
at java.lang.reflect.Method.invoke(Method.java:498)
at org.testng.internal.MethodInvocationHelper.invokeMethod(MethodInvocationHelper.java:124)
at org.testng.internal.Invoker.invokeMethod(Invoker.java:580)
at org.testng.internal.Invoker.retryFailed(Invoker.java:838)
at org.testng.internal.Invoker.invokeTestMethods(Invoker.java:1009)
at org.testng.internal.TestMethodWorker.invokeTestMethods(TestMethodWorker.java:125)
at org.testng.internal.TestMethodWorker.run(TestMethodWorker.java:109)
at org.testng.TestRunner.privateRun(TestRunner.java:648)
at org.testng.TestRunner.run(TestRunner.java:505)
at org.testng.SuiteRunner.runTest(SuiteRunner.java:455)
at org.testng.SuiteRunner.runSequentially(SuiteRunner.java:450)
at org.testng.SuiteRunner.privateRun(SuiteRunner.java:415)
at org.testng.SuiteRunner.run(SuiteRunner.java:364)
at org.testng.SuiteRunnerWorker.runSuite(SuiteRunnerWorker.java:52)
at org.testng.SuiteRunnerWorker.run(SuiteRunnerWorker.java:84)
at org.testng.TestNG.runSuitesSequentially(TestNG.java:1208)
at org.testng.TestNG.runSuitesLocally(TestNG.java:1137)
at org.testng.TestNG.runSuites(TestNG.java:1049)
at org.testng.TestNG.run(TestNG.java:1017)
at main.Main.main(Main.java:26)
]]>
            </full-stacktrace>
          </exception> <!-- org.openqa.selenium.ElementNotInteractableException -->
          <reporter-output>
          </reporter-output>
        </test-method> <!-- CoursewiseDetailReport -->
        <test-method status="PASS" signature="afterMethod(org.testng.ITestResult)[pri:0, instance:main.AcademicAdministrationTest@23ceabc1]" name="afterMethod" is-config="true" duration-ms="2000" started-at="2018-04-03T08:56:10Z" finished-at="2018-04-03T08:56:12Z">
          <params>
            <param index="0">
              <value>
                <![CDATA[[TestResult name=CoursewiseDetailReport status=SKIP method=AcademicAdministrationTest.CoursewiseDetailReport()[pri:0, instance:main.AcademicAdministrationTest@23ceabc1] output={null}]]]>
              </value>
            </param>
          </params>
          <reporter-output>
          </reporter-output>
        </test-method> <!-- afterMethod -->
        <test-method status="SKIP" signature="CoursewiseDetailReport()[pri:0, instance:main.AcademicAdministrationTest@23ceabc1]" name="CoursewiseDetailReport" duration-ms="138" started-at="2018-04-03T08:56:12Z" depends-on-methods="main.AcademicAdministrationTest.signInAndMoveToStudentRecord" finished-at="2018-04-03T08:56:12Z">
          <exception class="org.openqa.selenium.ElementNotInteractableException">
            <message>
              <![CDATA[
Build info: version: '3.10.0', revision: '176b4a9', time: '2018-03-02T19:11:12.151Z'
System info: host: 'localhost.localdomain', ip: '127.0.0.1', os.name: 'Linux', os.arch: 'amd64', os.version: '3.10.0-514.el7.x86_64', java.version: '1.8.0_102'
Driver info: org.openqa.selenium.firefox.FirefoxDriver
Capabilities {acceptInsecureCerts: true, browserName: firefox, browserVersion: 52.5.1, javascriptEnabled: true, moz:accessibilityChecks: false, moz:processID: 13274, moz:profile: /tmp/rust_mozprofile.tdW1SA..., pageLoadStrategy: normal, platform: LINUX, platformName: LINUX, platformVersion: 3.10.0-514.el7.x86_64, rotatable: false, specificationLevel: 0, timeouts: {implicit: 0, page load: 300000, script: 30000}}
Session ID: 98b69056-ee3e-46d5-a34b-4e2f19441c5c]]>
            </message>
            <full-stacktrace>
              <![CDATA[org.openqa.selenium.ElementNotInteractableException: 
Build info: version: '3.10.0', revision: '176b4a9', time: '2018-03-02T19:11:12.151Z'
System info: host: 'localhost.localdomain', ip: '127.0.0.1', os.name: 'Linux', os.arch: 'amd64', os.version: '3.10.0-514.el7.x86_64', java.version: '1.8.0_102'
Driver info: org.openqa.selenium.firefox.FirefoxDriver
Capabilities {acceptInsecureCerts: true, browserName: firefox, browserVersion: 52.5.1, javascriptEnabled: true, moz:accessibilityChecks: false, moz:processID: 13274, moz:profile: /tmp/rust_mozprofile.tdW1SA..., pageLoadStrategy: normal, platform: LINUX, platformName: LINUX, platformVersion: 3.10.0-514.el7.x86_64, rotatable: false, specificationLevel: 0, timeouts: {implicit: 0, page load: 300000, script: 30000}}
Session ID: 98b69056-ee3e-46d5-a34b-4e2f19441c5c
at sun.reflect.NativeConstructorAccessorImpl.newInstance0(Native Method)
at sun.reflect.NativeConstructorAccessorImpl.newInstance(NativeConstructorAccessorImpl.java:62)
at sun.reflect.DelegatingConstructorAccessorImpl.newInstance(DelegatingConstructorAccessorImpl.java:45)
at java.lang.reflect.Constructor.newInstance(Constructor.java:423)
at org.openqa.selenium.remote.http.W3CHttpResponseCodec.createException(W3CHttpResponseCodec.java:187)
at org.openqa.selenium.remote.http.W3CHttpResponseCodec.decode(W3CHttpResponseCodec.java:122)
at org.openqa.selenium.remote.http.W3CHttpResponseCodec.decode(W3CHttpResponseCodec.java:49)
at org.openqa.selenium.remote.HttpCommandExecutor.execute(HttpCommandExecutor.java:160)
at org.openqa.selenium.remote.service.DriverCommandExecutor.execute(DriverCommandExecutor.java:83)
at org.openqa.selenium.remote.RemoteWebDriver.execute(RemoteWebDriver.java:601)
at org.openqa.selenium.remote.RemoteWebElement.execute(RemoteWebElement.java:279)
at org.openqa.selenium.remote.RemoteWebElement.click(RemoteWebElement.java:83)
at testCases.AcademicAdministration.CoursewiseDetailReport.execute(CoursewiseDetailReport.java:21)
at main.AcademicAdministrationTest.CoursewiseDetailReport(AcademicAdministrationTest.java:225)
at sun.reflect.NativeMethodAccessorImpl.invoke0(Native Method)
at sun.reflect.NativeMethodAccessorImpl.invoke(NativeMethodAccessorImpl.java:62)
at sun.reflect.DelegatingMethodAccessorImpl.invoke(DelegatingMethodAccessorImpl.java:43)
at java.lang.reflect.Method.invoke(Method.java:498)
at org.testng.internal.MethodInvocationHelper.invokeMethod(MethodInvocationHelper.java:124)
at org.testng.internal.Invoker.invokeMethod(Invoker.java:580)
at org.testng.internal.Invoker.retryFailed(Invoker.java:838)
at org.testng.internal.Invoker.invokeTestMethods(Invoker.java:1009)
at org.testng.internal.TestMethodWorker.invokeTestMethods(TestMethodWorker.java:125)
at org.testng.internal.TestMethodWorker.run(TestMethodWorker.java:109)
at org.testng.TestRunner.privateRun(TestRunner.java:648)
at org.testng.TestRunner.run(TestRunner.java:505)
at org.testng.SuiteRunner.runTest(SuiteRunner.java:455)
at org.testng.SuiteRunner.runSequentially(SuiteRunner.java:450)
at org.testng.SuiteRunner.privateRun(SuiteRunner.java:415)
at org.testng.SuiteRunner.run(SuiteRunner.java:364)
at org.testng.SuiteRunnerWorker.runSuite(SuiteRunnerWorker.java:52)
at org.testng.SuiteRunnerWorker.run(SuiteRunnerWorker.java:84)
at org.testng.TestNG.runSuitesSequentially(TestNG.java:1208)
at org.testng.TestNG.runSuitesLocally(TestNG.java:1137)
at org.testng.TestNG.runSuites(TestNG.java:1049)
at org.testng.TestNG.run(TestNG.java:1017)
at main.Main.main(Main.java:26)
]]>
            </full-stacktrace>
          </exception> <!-- org.openqa.selenium.ElementNotInteractableException -->
          <reporter-output>
          </reporter-output>
        </test-method> <!-- CoursewiseDetailReport -->
        <test-method status="PASS" signature="afterMethod(org.testng.ITestResult)[pri:0, instance:main.AcademicAdministrationTest@23ceabc1]" name="afterMethod" is-config="true" duration-ms="2001" started-at="2018-04-03T08:56:12Z" finished-at="2018-04-03T08:56:14Z">
          <params>
            <param index="0">
              <value>
                <![CDATA[[TestResult name=CoursewiseDetailReport status=SKIP method=AcademicAdministrationTest.CoursewiseDetailReport()[pri:0, instance:main.AcademicAdministrationTest@23ceabc1] output={null}]]]>
              </value>
            </param>
          </params>
          <reporter-output>
          </reporter-output>
        </test-method> <!-- afterMethod -->
        <test-method status="FAIL" signature="CoursewiseDetailReport()[pri:0, instance:main.AcademicAdministrationTest@23ceabc1]" name="CoursewiseDetailReport" duration-ms="2242" started-at="2018-04-03T08:56:14Z" depends-on-methods="main.AcademicAdministrationTest.signInAndMoveToStudentRecord" finished-at="2018-04-03T08:56:16Z">
          <exception class="org.openqa.selenium.ElementNotInteractableException">
            <message>
              <![CDATA[
Build info: version: '3.10.0', revision: '176b4a9', time: '2018-03-02T19:11:12.151Z'
System info: host: 'localhost.localdomain', ip: '127.0.0.1', os.name: 'Linux', os.arch: 'amd64', os.version: '3.10.0-514.el7.x86_64', java.version: '1.8.0_102'
Driver info: org.openqa.selenium.firefox.FirefoxDriver
Capabilities {acceptInsecureCerts: true, browserName: firefox, browserVersion: 52.5.1, javascriptEnabled: true, moz:accessibilityChecks: false, moz:processID: 13274, moz:profile: /tmp/rust_mozprofile.tdW1SA..., pageLoadStrategy: normal, platform: LINUX, platformName: LINUX, platformVersion: 3.10.0-514.el7.x86_64, rotatable: false, specificationLevel: 0, timeouts: {implicit: 0, page load: 300000, script: 30000}}
Session ID: 98b69056-ee3e-46d5-a34b-4e2f19441c5c]]>
            </message>
            <full-stacktrace>
              <![CDATA[org.openqa.selenium.ElementNotInteractableException: 
Build info: version: '3.10.0', revision: '176b4a9', time: '2018-03-02T19:11:12.151Z'
System info: host: 'localhost.localdomain', ip: '127.0.0.1', os.name: 'Linux', os.arch: 'amd64', os.version: '3.10.0-514.el7.x86_64', java.version: '1.8.0_102'
Driver info: org.openqa.selenium.firefox.FirefoxDriver
Capabilities {acceptInsecureCerts: true, browserName: firefox, browserVersion: 52.5.1, javascriptEnabled: true, moz:accessibilityChecks: false, moz:processID: 13274, moz:profile: /tmp/rust_mozprofile.tdW1SA..., pageLoadStrategy: normal, platform: LINUX, platformName: LINUX, platformVersion: 3.10.0-514.el7.x86_64, rotatable: false, specificationLevel: 0, timeouts: {implicit: 0, page load: 300000, script: 30000}}
Session ID: 98b69056-ee3e-46d5-a34b-4e2f19441c5c
at sun.reflect.NativeConstructorAccessorImpl.newInstance0(Native Method)
at sun.reflect.NativeConstructorAccessorImpl.newInstance(NativeConstructorAccessorImpl.java:62)
at sun.reflect.DelegatingConstructorAccessorImpl.newInstance(DelegatingConstructorAccessorImpl.java:45)
at java.lang.reflect.Constructor.newInstance(Constructor.java:423)
at org.openqa.selenium.remote.http.W3CHttpResponseCodec.createException(W3CHttpResponseCodec.java:187)
at org.openqa.selenium.remote.http.W3CHttpResponseCodec.decode(W3CHttpResponseCodec.java:122)
at org.openqa.selenium.remote.http.W3CHttpResponseCodec.decode(W3CHttpResponseCodec.java:49)
at org.openqa.selenium.remote.HttpCommandExecutor.execute(HttpCommandExecutor.java:160)
at org.openqa.selenium.remote.service.DriverCommandExecutor.execute(DriverCommandExecutor.java:83)
at org.openqa.selenium.remote.RemoteWebDriver.execute(RemoteWebDriver.java:601)
at org.openqa.selenium.remote.RemoteWebElement.execute(RemoteWebElement.java:279)
at org.openqa.selenium.remote.RemoteWebElement.click(RemoteWebElement.java:83)
at org.openqa.selenium.support.ui.Select.setSelected(Select.java:324)
at org.openqa.selenium.support.ui.Select.selectByVisibleText(Select.java:120)
at testCases.AcademicAdministration.CoursewiseDetailReport.execute(CoursewiseDetailReport.java:24)
at main.AcademicAdministrationTest.CoursewiseDetailReport(AcademicAdministrationTest.java:225)
at sun.reflect.NativeMethodAccessorImpl.invoke0(Native Method)
at sun.reflect.NativeMethodAccessorImpl.invoke(NativeMethodAccessorImpl.java:62)
at sun.reflect.DelegatingMethodAccessorImpl.invoke(DelegatingMethodAccessorImpl.java:43)
at java.lang.reflect.Method.invoke(Method.java:498)
at org.testng.internal.MethodInvocationHelper.invokeMethod(MethodInvocationHelper.java:124)
at org.testng.internal.Invoker.invokeMethod(Invoker.java:580)
at org.testng.internal.Invoker.retryFailed(Invoker.java:838)
at org.testng.internal.Invoker.invokeTestMethods(Invoker.java:1009)
at org.testng.internal.TestMethodWorker.invokeTestMethods(TestMethodWorker.java:125)
at org.testng.internal.TestMethodWorker.run(TestMethodWorker.java:109)
at org.testng.TestRunner.privateRun(TestRunner.java:648)
at org.testng.TestRunner.run(TestRunner.java:505)
at org.testng.SuiteRunner.runTest(SuiteRunner.java:455)
at org.testng.SuiteRunner.runSequentially(SuiteRunner.java:450)
at org.testng.SuiteRunner.privateRun(SuiteRunner.java:415)
at org.testng.SuiteRunner.run(SuiteRunner.java:364)
at org.testng.SuiteRunnerWorker.runSuite(SuiteRunnerWorker.java:52)
at org.testng.SuiteRunnerWorker.run(SuiteRunnerWorker.java:84)
at org.testng.TestNG.runSuitesSequentially(TestNG.java:1208)
at org.testng.TestNG.runSuitesLocally(TestNG.java:1137)
at org.testng.TestNG.runSuites(TestNG.java:1049)
at org.testng.TestNG.run(TestNG.java:1017)
at main.Main.main(Main.java:26)
]]>
            </full-stacktrace>
          </exception> <!-- org.openqa.selenium.ElementNotInteractableException -->
          <reporter-output>
          </reporter-output>
        </test-method> <!-- CoursewiseDetailReport -->
        <test-method status="PASS" signature="afterMethod(org.testng.ITestResult)[pri:0, instance:main.AcademicAdministrationTest@23ceabc1]" name="afterMethod" is-config="true" duration-ms="2001" started-at="2018-04-03T08:56:16Z" finished-at="2018-04-03T08:56:18Z">
          <params>
            <param index="0">
              <value>
                <![CDATA[[TestResult name=CoursewiseDetailReport status=FAILURE method=AcademicAdministrationTest.CoursewiseDetailReport()[pri:0, instance:main.AcademicAdministrationTest@23ceabc1] output={null}]]]>
              </value>
            </param>
          </params>
          <reporter-output>
          </reporter-output>
        </test-method> <!-- afterMethod -->
        <test-method status="SKIP" signature="SubjectRegRule()[pri:0, instance:main.AcademicAdministrationTest@23ceabc1]" name="SubjectRegRule" duration-ms="21366" started-at="2018-04-03T08:56:18Z" depends-on-methods="main.AcademicAdministrationTest.signInAndMoveToStudentRecord" finished-at="2018-04-03T08:56:39Z">
          <exception class="org.openqa.selenium.NoSuchElementException">
            <message>
              <![CDATA[Cannot locate element with text: MBA
For documentation on this error, please visit: http://seleniumhq.org/exceptions/no_such_element.html
Build info: version: '3.10.0', revision: '176b4a9', time: '2018-03-02T19:11:12.151Z'
System info: host: 'localhost.localdomain', ip: '127.0.0.1', os.name: 'Linux', os.arch: 'amd64', os.version: '3.10.0-514.el7.x86_64', java.version: '1.8.0_102'
Driver info: driver.version: unknown]]>
            </message>
            <full-stacktrace>
              <![CDATA[org.openqa.selenium.NoSuchElementException: Cannot locate element with text: MBA
For documentation on this error, please visit: http://seleniumhq.org/exceptions/no_such_element.html
Build info: version: '3.10.0', revision: '176b4a9', time: '2018-03-02T19:11:12.151Z'
System info: host: 'localhost.localdomain', ip: '127.0.0.1', os.name: 'Linux', os.arch: 'amd64', os.version: '3.10.0-514.el7.x86_64', java.version: '1.8.0_102'
Driver info: driver.version: unknown
at org.openqa.selenium.support.ui.Select.selectByVisibleText(Select.java:151)
at testCases.AcademicAdministration.SubjectRegRule.execute(SubjectRegRule.java:25)
at main.AcademicAdministrationTest.SubjectRegRule(AcademicAdministrationTest.java:105)
at sun.reflect.NativeMethodAccessorImpl.invoke0(Native Method)
at sun.reflect.NativeMethodAccessorImpl.invoke(NativeMethodAccessorImpl.java:62)
at sun.reflect.DelegatingMethodAccessorImpl.invoke(DelegatingMethodAccessorImpl.java:43)
at java.lang.reflect.Method.invoke(Method.java:498)
at org.testng.internal.MethodInvocationHelper.invokeMethod(MethodInvocationHelper.java:124)
at org.testng.internal.Invoker.invokeMethod(Invoker.java:580)
at org.testng.internal.Invoker.invokeTestMethod(Invoker.java:716)
at org.testng.internal.Invoker.invokeTestMethods(Invoker.java:988)
at org.testng.internal.TestMethodWorker.invokeTestMethods(TestMethodWorker.java:125)
at org.testng.internal.TestMethodWorker.run(TestMethodWorker.java:109)
at org.testng.TestRunner.privateRun(TestRunner.java:648)
at org.testng.TestRunner.run(TestRunner.java:505)
at org.testng.SuiteRunner.runTest(SuiteRunner.java:455)
at org.testng.SuiteRunner.runSequentially(SuiteRunner.java:450)
at org.testng.SuiteRunner.privateRun(SuiteRunner.java:415)
at org.testng.SuiteRunner.run(SuiteRunner.java:364)
at org.testng.SuiteRunnerWorker.runSuite(SuiteRunnerWorker.java:52)
at org.testng.SuiteRunnerWorker.run(SuiteRunnerWorker.java:84)
at org.testng.TestNG.runSuitesSequentially(TestNG.java:1208)
at org.testng.TestNG.runSuitesLocally(TestNG.java:1137)
at org.testng.TestNG.runSuites(TestNG.java:1049)
at org.testng.TestNG.run(TestNG.java:1017)
at main.Main.main(Main.java:26)
]]>
            </full-stacktrace>
          </exception> <!-- org.openqa.selenium.NoSuchElementException -->
          <reporter-output>
          </reporter-output>
        </test-method> <!-- SubjectRegRule -->
        <test-method status="PASS" signature="afterMethod(org.testng.ITestResult)[pri:0, instance:main.AcademicAdministrationTest@23ceabc1]" name="afterMethod" is-config="true" duration-ms="2000" started-at="2018-04-03T08:56:39Z" finished-at="2018-04-03T08:56:41Z">
          <params>
            <param index="0">
              <value>
                <![CDATA[[TestResult name=SubjectRegRule status=SKIP method=AcademicAdministrationTest.SubjectRegRule()[pri:0, instance:main.AcademicAdministrationTest@23ceabc1] output={null}]]]>
              </value>
            </param>
          </params>
          <reporter-output>
          </reporter-output>
        </test-method> <!-- afterMethod -->
        <test-method status="SKIP" signature="SubjectRegRule()[pri:0, instance:main.AcademicAdministrationTest@23ceabc1]" name="SubjectRegRule" duration-ms="125" started-at="2018-04-03T08:56:41Z" depends-on-methods="main.AcademicAdministrationTest.signInAndMoveToStudentRecord" finished-at="2018-04-03T08:56:42Z">
          <exception class="org.openqa.selenium.ElementNotInteractableException">
            <message>
              <![CDATA[
Build info: version: '3.10.0', revision: '176b4a9', time: '2018-03-02T19:11:12.151Z'
System info: host: 'localhost.localdomain', ip: '127.0.0.1', os.name: 'Linux', os.arch: 'amd64', os.version: '3.10.0-514.el7.x86_64', java.version: '1.8.0_102'
Driver info: org.openqa.selenium.firefox.FirefoxDriver
Capabilities {acceptInsecureCerts: true, browserName: firefox, browserVersion: 52.5.1, javascriptEnabled: true, moz:accessibilityChecks: false, moz:processID: 13274, moz:profile: /tmp/rust_mozprofile.tdW1SA..., pageLoadStrategy: normal, platform: LINUX, platformName: LINUX, platformVersion: 3.10.0-514.el7.x86_64, rotatable: false, specificationLevel: 0, timeouts: {implicit: 0, page load: 300000, script: 30000}}
Session ID: 98b69056-ee3e-46d5-a34b-4e2f19441c5c]]>
            </message>
            <full-stacktrace>
              <![CDATA[org.openqa.selenium.ElementNotInteractableException: 
Build info: version: '3.10.0', revision: '176b4a9', time: '2018-03-02T19:11:12.151Z'
System info: host: 'localhost.localdomain', ip: '127.0.0.1', os.name: 'Linux', os.arch: 'amd64', os.version: '3.10.0-514.el7.x86_64', java.version: '1.8.0_102'
Driver info: org.openqa.selenium.firefox.FirefoxDriver
Capabilities {acceptInsecureCerts: true, browserName: firefox, browserVersion: 52.5.1, javascriptEnabled: true, moz:accessibilityChecks: false, moz:processID: 13274, moz:profile: /tmp/rust_mozprofile.tdW1SA..., pageLoadStrategy: normal, platform: LINUX, platformName: LINUX, platformVersion: 3.10.0-514.el7.x86_64, rotatable: false, specificationLevel: 0, timeouts: {implicit: 0, page load: 300000, script: 30000}}
Session ID: 98b69056-ee3e-46d5-a34b-4e2f19441c5c
at sun.reflect.NativeConstructorAccessorImpl.newInstance0(Native Method)
at sun.reflect.NativeConstructorAccessorImpl.newInstance(NativeConstructorAccessorImpl.java:62)
at sun.reflect.DelegatingConstructorAccessorImpl.newInstance(DelegatingConstructorAccessorImpl.java:45)
at java.lang.reflect.Constructor.newInstance(Constructor.java:423)
at org.openqa.selenium.remote.http.W3CHttpResponseCodec.createException(W3CHttpResponseCodec.java:187)
at org.openqa.selenium.remote.http.W3CHttpResponseCodec.decode(W3CHttpResponseCodec.java:122)
at org.openqa.selenium.remote.http.W3CHttpResponseCodec.decode(W3CHttpResponseCodec.java:49)
at org.openqa.selenium.remote.HttpCommandExecutor.execute(HttpCommandExecutor.java:160)
at org.openqa.selenium.remote.service.DriverCommandExecutor.execute(DriverCommandExecutor.java:83)
at org.openqa.selenium.remote.RemoteWebDriver.execute(RemoteWebDriver.java:601)
at org.openqa.selenium.remote.RemoteWebElement.execute(RemoteWebElement.java:279)
at org.openqa.selenium.remote.RemoteWebElement.click(RemoteWebElement.java:83)
at testCases.AcademicAdministration.SubjectRegRule.execute(SubjectRegRule.java:19)
at main.AcademicAdministrationTest.SubjectRegRule(AcademicAdministrationTest.java:105)
at sun.reflect.NativeMethodAccessorImpl.invoke0(Native Method)
at sun.reflect.NativeMethodAccessorImpl.invoke(NativeMethodAccessorImpl.java:62)
at sun.reflect.DelegatingMethodAccessorImpl.invoke(DelegatingMethodAccessorImpl.java:43)
at java.lang.reflect.Method.invoke(Method.java:498)
at org.testng.internal.MethodInvocationHelper.invokeMethod(MethodInvocationHelper.java:124)
at org.testng.internal.Invoker.invokeMethod(Invoker.java:580)
at org.testng.internal.Invoker.retryFailed(Invoker.java:838)
at org.testng.internal.Invoker.invokeTestMethods(Invoker.java:1009)
at org.testng.internal.TestMethodWorker.invokeTestMethods(TestMethodWorker.java:125)
at org.testng.internal.TestMethodWorker.run(TestMethodWorker.java:109)
at org.testng.TestRunner.privateRun(TestRunner.java:648)
at org.testng.TestRunner.run(TestRunner.java:505)
at org.testng.SuiteRunner.runTest(SuiteRunner.java:455)
at org.testng.SuiteRunner.runSequentially(SuiteRunner.java:450)
at org.testng.SuiteRunner.privateRun(SuiteRunner.java:415)
at org.testng.SuiteRunner.run(SuiteRunner.java:364)
at org.testng.SuiteRunnerWorker.runSuite(SuiteRunnerWorker.java:52)
at org.testng.SuiteRunnerWorker.run(SuiteRunnerWorker.java:84)
at org.testng.TestNG.runSuitesSequentially(TestNG.java:1208)
at org.testng.TestNG.runSuitesLocally(TestNG.java:1137)
at org.testng.TestNG.runSuites(TestNG.java:1049)
at org.testng.TestNG.run(TestNG.java:1017)
at main.Main.main(Main.java:26)
]]>
            </full-stacktrace>
          </exception> <!-- org.openqa.selenium.ElementNotInteractableException -->
          <reporter-output>
          </reporter-output>
        </test-method> <!-- SubjectRegRule -->
        <test-method status="PASS" signature="afterMethod(org.testng.ITestResult)[pri:0, instance:main.AcademicAdministrationTest@23ceabc1]" name="afterMethod" is-config="true" duration-ms="2000" started-at="2018-04-03T08:56:42Z" finished-at="2018-04-03T08:56:44Z">
          <params>
            <param index="0">
              <value>
                <![CDATA[[TestResult name=SubjectRegRule status=SKIP method=AcademicAdministrationTest.SubjectRegRule()[pri:0, instance:main.AcademicAdministrationTest@23ceabc1] output={null}]]]>
              </value>
            </param>
          </params>
          <reporter-output>
          </reporter-output>
        </test-method> <!-- afterMethod -->
        <test-method status="SKIP" signature="SubjectRegRule()[pri:0, instance:main.AcademicAdministrationTest@23ceabc1]" name="SubjectRegRule" duration-ms="145" started-at="2018-04-03T08:56:44Z" depends-on-methods="main.AcademicAdministrationTest.signInAndMoveToStudentRecord" finished-at="2018-04-03T08:56:44Z">
          <exception class="org.openqa.selenium.ElementNotInteractableException">
            <message>
              <![CDATA[
Build info: version: '3.10.0', revision: '176b4a9', time: '2018-03-02T19:11:12.151Z'
System info: host: 'localhost.localdomain', ip: '127.0.0.1', os.name: 'Linux', os.arch: 'amd64', os.version: '3.10.0-514.el7.x86_64', java.version: '1.8.0_102'
Driver info: org.openqa.selenium.firefox.FirefoxDriver
Capabilities {acceptInsecureCerts: true, browserName: firefox, browserVersion: 52.5.1, javascriptEnabled: true, moz:accessibilityChecks: false, moz:processID: 13274, moz:profile: /tmp/rust_mozprofile.tdW1SA..., pageLoadStrategy: normal, platform: LINUX, platformName: LINUX, platformVersion: 3.10.0-514.el7.x86_64, rotatable: false, specificationLevel: 0, timeouts: {implicit: 0, page load: 300000, script: 30000}}
Session ID: 98b69056-ee3e-46d5-a34b-4e2f19441c5c]]>
            </message>
            <full-stacktrace>
              <![CDATA[org.openqa.selenium.ElementNotInteractableException: 
Build info: version: '3.10.0', revision: '176b4a9', time: '2018-03-02T19:11:12.151Z'
System info: host: 'localhost.localdomain', ip: '127.0.0.1', os.name: 'Linux', os.arch: 'amd64', os.version: '3.10.0-514.el7.x86_64', java.version: '1.8.0_102'
Driver info: org.openqa.selenium.firefox.FirefoxDriver
Capabilities {acceptInsecureCerts: true, browserName: firefox, browserVersion: 52.5.1, javascriptEnabled: true, moz:accessibilityChecks: false, moz:processID: 13274, moz:profile: /tmp/rust_mozprofile.tdW1SA..., pageLoadStrategy: normal, platform: LINUX, platformName: LINUX, platformVersion: 3.10.0-514.el7.x86_64, rotatable: false, specificationLevel: 0, timeouts: {implicit: 0, page load: 300000, script: 30000}}
Session ID: 98b69056-ee3e-46d5-a34b-4e2f19441c5c
at sun.reflect.NativeConstructorAccessorImpl.newInstance0(Native Method)
at sun.reflect.NativeConstructorAccessorImpl.newInstance(NativeConstructorAccessorImpl.java:62)
at sun.reflect.DelegatingConstructorAccessorImpl.newInstance(DelegatingConstructorAccessorImpl.java:45)
at java.lang.reflect.Constructor.newInstance(Constructor.java:423)
at org.openqa.selenium.remote.http.W3CHttpResponseCodec.createException(W3CHttpResponseCodec.java:187)
at org.openqa.selenium.remote.http.W3CHttpResponseCodec.decode(W3CHttpResponseCodec.java:122)
at org.openqa.selenium.remote.http.W3CHttpResponseCodec.decode(W3CHttpResponseCodec.java:49)
at org.openqa.selenium.remote.HttpCommandExecutor.execute(HttpCommandExecutor.java:160)
at org.openqa.selenium.remote.service.DriverCommandExecutor.execute(DriverCommandExecutor.java:83)
at org.openqa.selenium.remote.RemoteWebDriver.execute(RemoteWebDriver.java:601)
at org.openqa.selenium.remote.RemoteWebElement.execute(RemoteWebElement.java:279)
at org.openqa.selenium.remote.RemoteWebElement.click(RemoteWebElement.java:83)
at testCases.AcademicAdministration.SubjectRegRule.execute(SubjectRegRule.java:21)
at main.AcademicAdministrationTest.SubjectRegRule(AcademicAdministrationTest.java:105)
at sun.reflect.NativeMethodAccessorImpl.invoke0(Native Method)
at sun.reflect.NativeMethodAccessorImpl.invoke(NativeMethodAccessorImpl.java:62)
at sun.reflect.DelegatingMethodAccessorImpl.invoke(DelegatingMethodAccessorImpl.java:43)
at java.lang.reflect.Method.invoke(Method.java:498)
at org.testng.internal.MethodInvocationHelper.invokeMethod(MethodInvocationHelper.java:124)
at org.testng.internal.Invoker.invokeMethod(Invoker.java:580)
at org.testng.internal.Invoker.retryFailed(Invoker.java:838)
at org.testng.internal.Invoker.invokeTestMethods(Invoker.java:1009)
at org.testng.internal.TestMethodWorker.invokeTestMethods(TestMethodWorker.java:125)
at org.testng.internal.TestMethodWorker.run(TestMethodWorker.java:109)
at org.testng.TestRunner.privateRun(TestRunner.java:648)
at org.testng.TestRunner.run(TestRunner.java:505)
at org.testng.SuiteRunner.runTest(SuiteRunner.java:455)
at org.testng.SuiteRunner.runSequentially(SuiteRunner.java:450)
at org.testng.SuiteRunner.privateRun(SuiteRunner.java:415)
at org.testng.SuiteRunner.run(SuiteRunner.java:364)
at org.testng.SuiteRunnerWorker.runSuite(SuiteRunnerWorker.java:52)
at org.testng.SuiteRunnerWorker.run(SuiteRunnerWorker.java:84)
at org.testng.TestNG.runSuitesSequentially(TestNG.java:1208)
at org.testng.TestNG.runSuitesLocally(TestNG.java:1137)
at org.testng.TestNG.runSuites(TestNG.java:1049)
at org.testng.TestNG.run(TestNG.java:1017)
at main.Main.main(Main.java:26)
]]>
            </full-stacktrace>
          </exception> <!-- org.openqa.selenium.ElementNotInteractableException -->
          <reporter-output>
          </reporter-output>
        </test-method> <!-- SubjectRegRule -->
        <test-method status="PASS" signature="afterMethod(org.testng.ITestResult)[pri:0, instance:main.AcademicAdministrationTest@23ceabc1]" name="afterMethod" is-config="true" duration-ms="2001" started-at="2018-04-03T08:56:44Z" finished-at="2018-04-03T08:56:46Z">
          <params>
            <param index="0">
              <value>
                <![CDATA[[TestResult name=SubjectRegRule status=SKIP method=AcademicAdministrationTest.SubjectRegRule()[pri:0, instance:main.AcademicAdministrationTest@23ceabc1] output={null}]]]>
              </value>
            </param>
          </params>
          <reporter-output>
          </reporter-output>
        </test-method> <!-- afterMethod -->
        <test-method status="SKIP" signature="SubjectRegRule()[pri:0, instance:main.AcademicAdministrationTest@23ceabc1]" name="SubjectRegRule" duration-ms="109" started-at="2018-04-03T08:56:46Z" depends-on-methods="main.AcademicAdministrationTest.signInAndMoveToStudentRecord" finished-at="2018-04-03T08:56:46Z">
          <exception class="org.openqa.selenium.ElementNotInteractableException">
            <message>
              <![CDATA[
Build info: version: '3.10.0', revision: '176b4a9', time: '2018-03-02T19:11:12.151Z'
System info: host: 'localhost.localdomain', ip: '127.0.0.1', os.name: 'Linux', os.arch: 'amd64', os.version: '3.10.0-514.el7.x86_64', java.version: '1.8.0_102'
Driver info: org.openqa.selenium.firefox.FirefoxDriver
Capabilities {acceptInsecureCerts: true, browserName: firefox, browserVersion: 52.5.1, javascriptEnabled: true, moz:accessibilityChecks: false, moz:processID: 13274, moz:profile: /tmp/rust_mozprofile.tdW1SA..., pageLoadStrategy: normal, platform: LINUX, platformName: LINUX, platformVersion: 3.10.0-514.el7.x86_64, rotatable: false, specificationLevel: 0, timeouts: {implicit: 0, page load: 300000, script: 30000}}
Session ID: 98b69056-ee3e-46d5-a34b-4e2f19441c5c]]>
            </message>
            <full-stacktrace>
              <![CDATA[org.openqa.selenium.ElementNotInteractableException: 
Build info: version: '3.10.0', revision: '176b4a9', time: '2018-03-02T19:11:12.151Z'
System info: host: 'localhost.localdomain', ip: '127.0.0.1', os.name: 'Linux', os.arch: 'amd64', os.version: '3.10.0-514.el7.x86_64', java.version: '1.8.0_102'
Driver info: org.openqa.selenium.firefox.FirefoxDriver
Capabilities {acceptInsecureCerts: true, browserName: firefox, browserVersion: 52.5.1, javascriptEnabled: true, moz:accessibilityChecks: false, moz:processID: 13274, moz:profile: /tmp/rust_mozprofile.tdW1SA..., pageLoadStrategy: normal, platform: LINUX, platformName: LINUX, platformVersion: 3.10.0-514.el7.x86_64, rotatable: false, specificationLevel: 0, timeouts: {implicit: 0, page load: 300000, script: 30000}}
Session ID: 98b69056-ee3e-46d5-a34b-4e2f19441c5c
at sun.reflect.NativeConstructorAccessorImpl.newInstance0(Native Method)
at sun.reflect.NativeConstructorAccessorImpl.newInstance(NativeConstructorAccessorImpl.java:62)
at sun.reflect.DelegatingConstructorAccessorImpl.newInstance(DelegatingConstructorAccessorImpl.java:45)
at java.lang.reflect.Constructor.newInstance(Constructor.java:423)
at org.openqa.selenium.remote.http.W3CHttpResponseCodec.createException(W3CHttpResponseCodec.java:187)
at org.openqa.selenium.remote.http.W3CHttpResponseCodec.decode(W3CHttpResponseCodec.java:122)
at org.openqa.selenium.remote.http.W3CHttpResponseCodec.decode(W3CHttpResponseCodec.java:49)
at org.openqa.selenium.remote.HttpCommandExecutor.execute(HttpCommandExecutor.java:160)
at org.openqa.selenium.remote.service.DriverCommandExecutor.execute(DriverCommandExecutor.java:83)
at org.openqa.selenium.remote.RemoteWebDriver.execute(RemoteWebDriver.java:601)
at org.openqa.selenium.remote.RemoteWebElement.execute(RemoteWebElement.java:279)
at org.openqa.selenium.remote.RemoteWebElement.click(RemoteWebElement.java:83)
at testCases.AcademicAdministration.SubjectRegRule.execute(SubjectRegRule.java:19)
at main.AcademicAdministrationTest.SubjectRegRule(AcademicAdministrationTest.java:105)
at sun.reflect.NativeMethodAccessorImpl.invoke0(Native Method)
at sun.reflect.NativeMethodAccessorImpl.invoke(NativeMethodAccessorImpl.java:62)
at sun.reflect.DelegatingMethodAccessorImpl.invoke(DelegatingMethodAccessorImpl.java:43)
at java.lang.reflect.Method.invoke(Method.java:498)
at org.testng.internal.MethodInvocationHelper.invokeMethod(MethodInvocationHelper.java:124)
at org.testng.internal.Invoker.invokeMethod(Invoker.java:580)
at org.testng.internal.Invoker.retryFailed(Invoker.java:838)
at org.testng.internal.Invoker.invokeTestMethods(Invoker.java:1009)
at org.testng.internal.TestMethodWorker.invokeTestMethods(TestMethodWorker.java:125)
at org.testng.internal.TestMethodWorker.run(TestMethodWorker.java:109)
at org.testng.TestRunner.privateRun(TestRunner.java:648)
at org.testng.TestRunner.run(TestRunner.java:505)
at org.testng.SuiteRunner.runTest(SuiteRunner.java:455)
at org.testng.SuiteRunner.runSequentially(SuiteRunner.java:450)
at org.testng.SuiteRunner.privateRun(SuiteRunner.java:415)
at org.testng.SuiteRunner.run(SuiteRunner.java:364)
at org.testng.SuiteRunnerWorker.runSuite(SuiteRunnerWorker.java:52)
at org.testng.SuiteRunnerWorker.run(SuiteRunnerWorker.java:84)
at org.testng.TestNG.runSuitesSequentially(TestNG.java:1208)
at org.testng.TestNG.runSuitesLocally(TestNG.java:1137)
at org.testng.TestNG.runSuites(TestNG.java:1049)
at org.testng.TestNG.run(TestNG.java:1017)
at main.Main.main(Main.java:26)
]]>
            </full-stacktrace>
          </exception> <!-- org.openqa.selenium.ElementNotInteractableException -->
          <reporter-output>
          </reporter-output>
        </test-method> <!-- SubjectRegRule -->
        <test-method status="PASS" signature="afterMethod(org.testng.ITestResult)[pri:0, instance:main.AcademicAdministrationTest@23ceabc1]" name="afterMethod" is-config="true" duration-ms="2000" started-at="2018-04-03T08:56:46Z" finished-at="2018-04-03T08:56:48Z">
          <params>
            <param index="0">
              <value>
                <![CDATA[[TestResult name=SubjectRegRule status=SKIP method=AcademicAdministrationTest.SubjectRegRule()[pri:0, instance:main.AcademicAdministrationTest@23ceabc1] output={null}]]]>
              </value>
            </param>
          </params>
          <reporter-output>
          </reporter-output>
        </test-method> <!-- afterMethod -->
        <test-method status="FAIL" signature="SubjectRegRule()[pri:0, instance:main.AcademicAdministrationTest@23ceabc1]" name="SubjectRegRule" duration-ms="21255" started-at="2018-04-03T08:56:48Z" depends-on-methods="main.AcademicAdministrationTest.signInAndMoveToStudentRecord" finished-at="2018-04-03T08:57:09Z">
          <exception class="org.openqa.selenium.NoSuchElementException">
            <message>
              <![CDATA[Cannot locate element with text: MBA
For documentation on this error, please visit: http://seleniumhq.org/exceptions/no_such_element.html
Build info: version: '3.10.0', revision: '176b4a9', time: '2018-03-02T19:11:12.151Z'
System info: host: 'localhost.localdomain', ip: '127.0.0.1', os.name: 'Linux', os.arch: 'amd64', os.version: '3.10.0-514.el7.x86_64', java.version: '1.8.0_102'
Driver info: driver.version: unknown]]>
            </message>
            <full-stacktrace>
              <![CDATA[org.openqa.selenium.NoSuchElementException: Cannot locate element with text: MBA
For documentation on this error, please visit: http://seleniumhq.org/exceptions/no_such_element.html
Build info: version: '3.10.0', revision: '176b4a9', time: '2018-03-02T19:11:12.151Z'
System info: host: 'localhost.localdomain', ip: '127.0.0.1', os.name: 'Linux', os.arch: 'amd64', os.version: '3.10.0-514.el7.x86_64', java.version: '1.8.0_102'
Driver info: driver.version: unknown
at org.openqa.selenium.support.ui.Select.selectByVisibleText(Select.java:151)
at testCases.AcademicAdministration.SubjectRegRule.execute(SubjectRegRule.java:25)
at main.AcademicAdministrationTest.SubjectRegRule(AcademicAdministrationTest.java:105)
at sun.reflect.NativeMethodAccessorImpl.invoke0(Native Method)
at sun.reflect.NativeMethodAccessorImpl.invoke(NativeMethodAccessorImpl.java:62)
at sun.reflect.DelegatingMethodAccessorImpl.invoke(DelegatingMethodAccessorImpl.java:43)
at java.lang.reflect.Method.invoke(Method.java:498)
at org.testng.internal.MethodInvocationHelper.invokeMethod(MethodInvocationHelper.java:124)
at org.testng.internal.Invoker.invokeMethod(Invoker.java:580)
at org.testng.internal.Invoker.retryFailed(Invoker.java:838)
at org.testng.internal.Invoker.invokeTestMethods(Invoker.java:1009)
at org.testng.internal.TestMethodWorker.invokeTestMethods(TestMethodWorker.java:125)
at org.testng.internal.TestMethodWorker.run(TestMethodWorker.java:109)
at org.testng.TestRunner.privateRun(TestRunner.java:648)
at org.testng.TestRunner.run(TestRunner.java:505)
at org.testng.SuiteRunner.runTest(SuiteRunner.java:455)
at org.testng.SuiteRunner.runSequentially(SuiteRunner.java:450)
at org.testng.SuiteRunner.privateRun(SuiteRunner.java:415)
at org.testng.SuiteRunner.run(SuiteRunner.java:364)
at org.testng.SuiteRunnerWorker.runSuite(SuiteRunnerWorker.java:52)
at org.testng.SuiteRunnerWorker.run(SuiteRunnerWorker.java:84)
at org.testng.TestNG.runSuitesSequentially(TestNG.java:1208)
at org.testng.TestNG.runSuitesLocally(TestNG.java:1137)
at org.testng.TestNG.runSuites(TestNG.java:1049)
at org.testng.TestNG.run(TestNG.java:1017)
at main.Main.main(Main.java:26)
]]>
            </full-stacktrace>
          </exception> <!-- org.openqa.selenium.NoSuchElementException -->
          <reporter-output>
          </reporter-output>
        </test-method> <!-- SubjectRegRule -->
        <test-method status="PASS" signature="afterMethod(org.testng.ITestResult)[pri:0, instance:main.AcademicAdministrationTest@23ceabc1]" name="afterMethod" is-config="true" duration-ms="2000" started-at="2018-04-03T08:57:09Z" finished-at="2018-04-03T08:57:11Z">
          <params>
            <param index="0">
              <value>
                <![CDATA[[TestResult name=SubjectRegRule status=FAILURE method=AcademicAdministrationTest.SubjectRegRule()[pri:0, instance:main.AcademicAdministrationTest@23ceabc1] output={null}]]]>
              </value>
            </param>
          </params>
          <reporter-output>
          </reporter-output>
        </test-method> <!-- afterMethod -->
        <test-method status="PASS" signature="AcademicStructure_Programe_Delete()[pri:1, instance:main.AcademicAdministrationTest@23ceabc1]" name="AcademicStructure_Programe_Delete" duration-ms="6430" started-at="2018-04-03T08:57:11Z" depends-on-methods="main.AcademicAdministrationTest.signInAndMoveToStudentRecord" finished-at="2018-04-03T08:57:18Z">
          <reporter-output>
          </reporter-output>
        </test-method> <!-- AcademicStructure_Programe_Delete -->
        <test-method status="PASS" signature="afterMethod(org.testng.ITestResult)[pri:0, instance:main.AcademicAdministrationTest@23ceabc1]" name="afterMethod" is-config="true" duration-ms="2000" started-at="2018-04-03T08:57:18Z" finished-at="2018-04-03T08:57:20Z">
          <params>
            <param index="0">
              <value>
                <![CDATA[[TestResult name=AcademicStructure_Programe_Delete status=SUCCESS method=AcademicAdministrationTest.AcademicStructure_Programe_Delete()[pri:1, instance:main.AcademicAdministrationTest@23ceabc1] output={null}]]]>
              </value>
            </param>
          </params>
          <reporter-output>
          </reporter-output>
        </test-method> <!-- afterMethod -->
        <test-method status="SKIP" signature="DefineSections_Add()[pri:2, instance:main.AcademicAdministrationTest@23ceabc1]" name="DefineSections_Add" duration-ms="123" started-at="2018-04-03T08:57:20Z" depends-on-methods="main.AcademicAdministrationTest.signInAndMoveToStudentRecord" finished-at="2018-04-03T08:57:20Z">
          <exception class="org.openqa.selenium.ElementNotInteractableException">
            <message>
              <![CDATA[
Build info: version: '3.10.0', revision: '176b4a9', time: '2018-03-02T19:11:12.151Z'
System info: host: 'localhost.localdomain', ip: '127.0.0.1', os.name: 'Linux', os.arch: 'amd64', os.version: '3.10.0-514.el7.x86_64', java.version: '1.8.0_102'
Driver info: org.openqa.selenium.firefox.FirefoxDriver
Capabilities {acceptInsecureCerts: true, browserName: firefox, browserVersion: 52.5.1, javascriptEnabled: true, moz:accessibilityChecks: false, moz:processID: 13274, moz:profile: /tmp/rust_mozprofile.tdW1SA..., pageLoadStrategy: normal, platform: LINUX, platformName: LINUX, platformVersion: 3.10.0-514.el7.x86_64, rotatable: false, specificationLevel: 0, timeouts: {implicit: 0, page load: 300000, script: 30000}}
Session ID: 98b69056-ee3e-46d5-a34b-4e2f19441c5c]]>
            </message>
            <full-stacktrace>
              <![CDATA[org.openqa.selenium.ElementNotInteractableException: 
Build info: version: '3.10.0', revision: '176b4a9', time: '2018-03-02T19:11:12.151Z'
System info: host: 'localhost.localdomain', ip: '127.0.0.1', os.name: 'Linux', os.arch: 'amd64', os.version: '3.10.0-514.el7.x86_64', java.version: '1.8.0_102'
Driver info: org.openqa.selenium.firefox.FirefoxDriver
Capabilities {acceptInsecureCerts: true, browserName: firefox, browserVersion: 52.5.1, javascriptEnabled: true, moz:accessibilityChecks: false, moz:processID: 13274, moz:profile: /tmp/rust_mozprofile.tdW1SA..., pageLoadStrategy: normal, platform: LINUX, platformName: LINUX, platformVersion: 3.10.0-514.el7.x86_64, rotatable: false, specificationLevel: 0, timeouts: {implicit: 0, page load: 300000, script: 30000}}
Session ID: 98b69056-ee3e-46d5-a34b-4e2f19441c5c
at sun.reflect.NativeConstructorAccessorImpl.newInstance0(Native Method)
at sun.reflect.NativeConstructorAccessorImpl.newInstance(NativeConstructorAccessorImpl.java:62)
at sun.reflect.DelegatingConstructorAccessorImpl.newInstance(DelegatingConstructorAccessorImpl.java:45)
at java.lang.reflect.Constructor.newInstance(Constructor.java:423)
at org.openqa.selenium.remote.http.W3CHttpResponseCodec.createException(W3CHttpResponseCodec.java:187)
at org.openqa.selenium.remote.http.W3CHttpResponseCodec.decode(W3CHttpResponseCodec.java:122)
at org.openqa.selenium.remote.http.W3CHttpResponseCodec.decode(W3CHttpResponseCodec.java:49)
at org.openqa.selenium.remote.HttpCommandExecutor.execute(HttpCommandExecutor.java:160)
at org.openqa.selenium.remote.service.DriverCommandExecutor.execute(DriverCommandExecutor.java:83)
at org.openqa.selenium.remote.RemoteWebDriver.execute(RemoteWebDriver.java:601)
at org.openqa.selenium.remote.RemoteWebElement.execute(RemoteWebElement.java:279)
at org.openqa.selenium.remote.RemoteWebElement.click(RemoteWebElement.java:83)
at testCases.AcademicAdministration.DefineSections_Add.execute(DefineSections_Add.java:13)
at main.AcademicAdministrationTest.DefineSections_Add(AcademicAdministrationTest.java:129)
at sun.reflect.NativeMethodAccessorImpl.invoke0(Native Method)
at sun.reflect.NativeMethodAccessorImpl.invoke(NativeMethodAccessorImpl.java:62)
at sun.reflect.DelegatingMethodAccessorImpl.invoke(DelegatingMethodAccessorImpl.java:43)
at java.lang.reflect.Method.invoke(Method.java:498)
at org.testng.internal.MethodInvocationHelper.invokeMethod(MethodInvocationHelper.java:124)
at org.testng.internal.Invoker.invokeMethod(Invoker.java:580)
at org.testng.internal.Invoker.invokeTestMethod(Invoker.java:716)
at org.testng.internal.Invoker.invokeTestMethods(Invoker.java:988)
at org.testng.internal.TestMethodWorker.invokeTestMethods(TestMethodWorker.java:125)
at org.testng.internal.TestMethodWorker.run(TestMethodWorker.java:109)
at org.testng.TestRunner.privateRun(TestRunner.java:648)
at org.testng.TestRunner.run(TestRunner.java:505)
at org.testng.SuiteRunner.runTest(SuiteRunner.java:455)
at org.testng.SuiteRunner.runSequentially(SuiteRunner.java:450)
at org.testng.SuiteRunner.privateRun(SuiteRunner.java:415)
at org.testng.SuiteRunner.run(SuiteRunner.java:364)
at org.testng.SuiteRunnerWorker.runSuite(SuiteRunnerWorker.java:52)
at org.testng.SuiteRunnerWorker.run(SuiteRunnerWorker.java:84)
at org.testng.TestNG.runSuitesSequentially(TestNG.java:1208)
at org.testng.TestNG.runSuitesLocally(TestNG.java:1137)
at org.testng.TestNG.runSuites(TestNG.java:1049)
at org.testng.TestNG.run(TestNG.java:1017)
at main.Main.main(Main.java:26)
]]>
            </full-stacktrace>
          </exception> <!-- org.openqa.selenium.ElementNotInteractableException -->
          <reporter-output>
          </reporter-output>
        </test-method> <!-- DefineSections_Add -->
        <test-method status="PASS" signature="afterMethod(org.testng.ITestResult)[pri:0, instance:main.AcademicAdministrationTest@23ceabc1]" name="afterMethod" is-config="true" duration-ms="2000" started-at="2018-04-03T08:57:20Z" finished-at="2018-04-03T08:57:22Z">
          <params>
            <param index="0">
              <value>
                <![CDATA[[TestResult name=DefineSections_Add status=SKIP method=AcademicAdministrationTest.DefineSections_Add()[pri:2, instance:main.AcademicAdministrationTest@23ceabc1] output={null}]]]>
              </value>
            </param>
          </params>
          <reporter-output>
          </reporter-output>
        </test-method> <!-- afterMethod -->
        <test-method status="SKIP" signature="DefineSections_Add()[pri:2, instance:main.AcademicAdministrationTest@23ceabc1]" name="DefineSections_Add" duration-ms="125" started-at="2018-04-03T08:57:22Z" depends-on-methods="main.AcademicAdministrationTest.signInAndMoveToStudentRecord" finished-at="2018-04-03T08:57:22Z">
          <exception class="org.openqa.selenium.ElementNotInteractableException">
            <message>
              <![CDATA[
Build info: version: '3.10.0', revision: '176b4a9', time: '2018-03-02T19:11:12.151Z'
System info: host: 'localhost.localdomain', ip: '127.0.0.1', os.name: 'Linux', os.arch: 'amd64', os.version: '3.10.0-514.el7.x86_64', java.version: '1.8.0_102'
Driver info: org.openqa.selenium.firefox.FirefoxDriver
Capabilities {acceptInsecureCerts: true, browserName: firefox, browserVersion: 52.5.1, javascriptEnabled: true, moz:accessibilityChecks: false, moz:processID: 13274, moz:profile: /tmp/rust_mozprofile.tdW1SA..., pageLoadStrategy: normal, platform: LINUX, platformName: LINUX, platformVersion: 3.10.0-514.el7.x86_64, rotatable: false, specificationLevel: 0, timeouts: {implicit: 0, page load: 300000, script: 30000}}
Session ID: 98b69056-ee3e-46d5-a34b-4e2f19441c5c]]>
            </message>
            <full-stacktrace>
              <![CDATA[org.openqa.selenium.ElementNotInteractableException: 
Build info: version: '3.10.0', revision: '176b4a9', time: '2018-03-02T19:11:12.151Z'
System info: host: 'localhost.localdomain', ip: '127.0.0.1', os.name: 'Linux', os.arch: 'amd64', os.version: '3.10.0-514.el7.x86_64', java.version: '1.8.0_102'
Driver info: org.openqa.selenium.firefox.FirefoxDriver
Capabilities {acceptInsecureCerts: true, browserName: firefox, browserVersion: 52.5.1, javascriptEnabled: true, moz:accessibilityChecks: false, moz:processID: 13274, moz:profile: /tmp/rust_mozprofile.tdW1SA..., pageLoadStrategy: normal, platform: LINUX, platformName: LINUX, platformVersion: 3.10.0-514.el7.x86_64, rotatable: false, specificationLevel: 0, timeouts: {implicit: 0, page load: 300000, script: 30000}}
Session ID: 98b69056-ee3e-46d5-a34b-4e2f19441c5c
at sun.reflect.NativeConstructorAccessorImpl.newInstance0(Native Method)
at sun.reflect.NativeConstructorAccessorImpl.newInstance(NativeConstructorAccessorImpl.java:62)
at sun.reflect.DelegatingConstructorAccessorImpl.newInstance(DelegatingConstructorAccessorImpl.java:45)
at java.lang.reflect.Constructor.newInstance(Constructor.java:423)
at org.openqa.selenium.remote.http.W3CHttpResponseCodec.createException(W3CHttpResponseCodec.java:187)
at org.openqa.selenium.remote.http.W3CHttpResponseCodec.decode(W3CHttpResponseCodec.java:122)
at org.openqa.selenium.remote.http.W3CHttpResponseCodec.decode(W3CHttpResponseCodec.java:49)
at org.openqa.selenium.remote.HttpCommandExecutor.execute(HttpCommandExecutor.java:160)
at org.openqa.selenium.remote.service.DriverCommandExecutor.execute(DriverCommandExecutor.java:83)
at org.openqa.selenium.remote.RemoteWebDriver.execute(RemoteWebDriver.java:601)
at org.openqa.selenium.remote.RemoteWebElement.execute(RemoteWebElement.java:279)
at org.openqa.selenium.remote.RemoteWebElement.click(RemoteWebElement.java:83)
at testCases.AcademicAdministration.DefineSections_Add.execute(DefineSections_Add.java:13)
at main.AcademicAdministrationTest.DefineSections_Add(AcademicAdministrationTest.java:129)
at sun.reflect.NativeMethodAccessorImpl.invoke0(Native Method)
at sun.reflect.NativeMethodAccessorImpl.invoke(NativeMethodAccessorImpl.java:62)
at sun.reflect.DelegatingMethodAccessorImpl.invoke(DelegatingMethodAccessorImpl.java:43)
at java.lang.reflect.Method.invoke(Method.java:498)
at org.testng.internal.MethodInvocationHelper.invokeMethod(MethodInvocationHelper.java:124)
at org.testng.internal.Invoker.invokeMethod(Invoker.java:580)
at org.testng.internal.Invoker.retryFailed(Invoker.java:838)
at org.testng.internal.Invoker.invokeTestMethods(Invoker.java:1009)
at org.testng.internal.TestMethodWorker.invokeTestMethods(TestMethodWorker.java:125)
at org.testng.internal.TestMethodWorker.run(TestMethodWorker.java:109)
at org.testng.TestRunner.privateRun(TestRunner.java:648)
at org.testng.TestRunner.run(TestRunner.java:505)
at org.testng.SuiteRunner.runTest(SuiteRunner.java:455)
at org.testng.SuiteRunner.runSequentially(SuiteRunner.java:450)
at org.testng.SuiteRunner.privateRun(SuiteRunner.java:415)
at org.testng.SuiteRunner.run(SuiteRunner.java:364)
at org.testng.SuiteRunnerWorker.runSuite(SuiteRunnerWorker.java:52)
at org.testng.SuiteRunnerWorker.run(SuiteRunnerWorker.java:84)
at org.testng.TestNG.runSuitesSequentially(TestNG.java:1208)
at org.testng.TestNG.runSuitesLocally(TestNG.java:1137)
at org.testng.TestNG.runSuites(TestNG.java:1049)
at org.testng.TestNG.run(TestNG.java:1017)
at main.Main.main(Main.java:26)
]]>
            </full-stacktrace>
          </exception> <!-- org.openqa.selenium.ElementNotInteractableException -->
          <reporter-output>
          </reporter-output>
        </test-method> <!-- DefineSections_Add -->
        <test-method status="PASS" signature="afterMethod(org.testng.ITestResult)[pri:0, instance:main.AcademicAdministrationTest@23ceabc1]" name="afterMethod" is-config="true" duration-ms="2000" started-at="2018-04-03T08:57:22Z" finished-at="2018-04-03T08:57:24Z">
          <params>
            <param index="0">
              <value>
                <![CDATA[[TestResult name=DefineSections_Add status=SKIP method=AcademicAdministrationTest.DefineSections_Add()[pri:2, instance:main.AcademicAdministrationTest@23ceabc1] output={null}]]]>
              </value>
            </param>
          </params>
          <reporter-output>
          </reporter-output>
        </test-method> <!-- afterMethod -->
        <test-method status="SKIP" signature="DefineSections_Add()[pri:2, instance:main.AcademicAdministrationTest@23ceabc1]" name="DefineSections_Add" duration-ms="130" started-at="2018-04-03T08:57:24Z" depends-on-methods="main.AcademicAdministrationTest.signInAndMoveToStudentRecord" finished-at="2018-04-03T08:57:24Z">
          <exception class="org.openqa.selenium.ElementNotInteractableException">
            <message>
              <![CDATA[
Build info: version: '3.10.0', revision: '176b4a9', time: '2018-03-02T19:11:12.151Z'
System info: host: 'localhost.localdomain', ip: '127.0.0.1', os.name: 'Linux', os.arch: 'amd64', os.version: '3.10.0-514.el7.x86_64', java.version: '1.8.0_102'
Driver info: org.openqa.selenium.firefox.FirefoxDriver
Capabilities {acceptInsecureCerts: true, browserName: firefox, browserVersion: 52.5.1, javascriptEnabled: true, moz:accessibilityChecks: false, moz:processID: 13274, moz:profile: /tmp/rust_mozprofile.tdW1SA..., pageLoadStrategy: normal, platform: LINUX, platformName: LINUX, platformVersion: 3.10.0-514.el7.x86_64, rotatable: false, specificationLevel: 0, timeouts: {implicit: 0, page load: 300000, script: 30000}}
Session ID: 98b69056-ee3e-46d5-a34b-4e2f19441c5c]]>
            </message>
            <full-stacktrace>
              <![CDATA[org.openqa.selenium.ElementNotInteractableException: 
Build info: version: '3.10.0', revision: '176b4a9', time: '2018-03-02T19:11:12.151Z'
System info: host: 'localhost.localdomain', ip: '127.0.0.1', os.name: 'Linux', os.arch: 'amd64', os.version: '3.10.0-514.el7.x86_64', java.version: '1.8.0_102'
Driver info: org.openqa.selenium.firefox.FirefoxDriver
Capabilities {acceptInsecureCerts: true, browserName: firefox, browserVersion: 52.5.1, javascriptEnabled: true, moz:accessibilityChecks: false, moz:processID: 13274, moz:profile: /tmp/rust_mozprofile.tdW1SA..., pageLoadStrategy: normal, platform: LINUX, platformName: LINUX, platformVersion: 3.10.0-514.el7.x86_64, rotatable: false, specificationLevel: 0, timeouts: {implicit: 0, page load: 300000, script: 30000}}
Session ID: 98b69056-ee3e-46d5-a34b-4e2f19441c5c
at sun.reflect.NativeConstructorAccessorImpl.newInstance0(Native Method)
at sun.reflect.NativeConstructorAccessorImpl.newInstance(NativeConstructorAccessorImpl.java:62)
at sun.reflect.DelegatingConstructorAccessorImpl.newInstance(DelegatingConstructorAccessorImpl.java:45)
at java.lang.reflect.Constructor.newInstance(Constructor.java:423)
at org.openqa.selenium.remote.http.W3CHttpResponseCodec.createException(W3CHttpResponseCodec.java:187)
at org.openqa.selenium.remote.http.W3CHttpResponseCodec.decode(W3CHttpResponseCodec.java:122)
at org.openqa.selenium.remote.http.W3CHttpResponseCodec.decode(W3CHttpResponseCodec.java:49)
at org.openqa.selenium.remote.HttpCommandExecutor.execute(HttpCommandExecutor.java:160)
at org.openqa.selenium.remote.service.DriverCommandExecutor.execute(DriverCommandExecutor.java:83)
at org.openqa.selenium.remote.RemoteWebDriver.execute(RemoteWebDriver.java:601)
at org.openqa.selenium.remote.RemoteWebElement.execute(RemoteWebElement.java:279)
at org.openqa.selenium.remote.RemoteWebElement.click(RemoteWebElement.java:83)
at testCases.AcademicAdministration.DefineSections_Add.execute(DefineSections_Add.java:13)
at main.AcademicAdministrationTest.DefineSections_Add(AcademicAdministrationTest.java:129)
at sun.reflect.NativeMethodAccessorImpl.invoke0(Native Method)
at sun.reflect.NativeMethodAccessorImpl.invoke(NativeMethodAccessorImpl.java:62)
at sun.reflect.DelegatingMethodAccessorImpl.invoke(DelegatingMethodAccessorImpl.java:43)
at java.lang.reflect.Method.invoke(Method.java:498)
at org.testng.internal.MethodInvocationHelper.invokeMethod(MethodInvocationHelper.java:124)
at org.testng.internal.Invoker.invokeMethod(Invoker.java:580)
at org.testng.internal.Invoker.retryFailed(Invoker.java:838)
at org.testng.internal.Invoker.invokeTestMethods(Invoker.java:1009)
at org.testng.internal.TestMethodWorker.invokeTestMethods(TestMethodWorker.java:125)
at org.testng.internal.TestMethodWorker.run(TestMethodWorker.java:109)
at org.testng.TestRunner.privateRun(TestRunner.java:648)
at org.testng.TestRunner.run(TestRunner.java:505)
at org.testng.SuiteRunner.runTest(SuiteRunner.java:455)
at org.testng.SuiteRunner.runSequentially(SuiteRunner.java:450)
at org.testng.SuiteRunner.privateRun(SuiteRunner.java:415)
at org.testng.SuiteRunner.run(SuiteRunner.java:364)
at org.testng.SuiteRunnerWorker.runSuite(SuiteRunnerWorker.java:52)
at org.testng.SuiteRunnerWorker.run(SuiteRunnerWorker.java:84)
at org.testng.TestNG.runSuitesSequentially(TestNG.java:1208)
at org.testng.TestNG.runSuitesLocally(TestNG.java:1137)
at org.testng.TestNG.runSuites(TestNG.java:1049)
at org.testng.TestNG.run(TestNG.java:1017)
at main.Main.main(Main.java:26)
]]>
            </full-stacktrace>
          </exception> <!-- org.openqa.selenium.ElementNotInteractableException -->
          <reporter-output>
          </reporter-output>
        </test-method> <!-- DefineSections_Add -->
        <test-method status="PASS" signature="afterMethod(org.testng.ITestResult)[pri:0, instance:main.AcademicAdministrationTest@23ceabc1]" name="afterMethod" is-config="true" duration-ms="2000" started-at="2018-04-03T08:57:24Z" finished-at="2018-04-03T08:57:26Z">
          <params>
            <param index="0">
              <value>
                <![CDATA[[TestResult name=DefineSections_Add status=SKIP method=AcademicAdministrationTest.DefineSections_Add()[pri:2, instance:main.AcademicAdministrationTest@23ceabc1] output={null}]]]>
              </value>
            </param>
          </params>
          <reporter-output>
          </reporter-output>
        </test-method> <!-- afterMethod -->
        <test-method status="SKIP" signature="DefineSections_Add()[pri:2, instance:main.AcademicAdministrationTest@23ceabc1]" name="DefineSections_Add" duration-ms="91" started-at="2018-04-03T08:57:26Z" depends-on-methods="main.AcademicAdministrationTest.signInAndMoveToStudentRecord" finished-at="2018-04-03T08:57:26Z">
          <exception class="org.openqa.selenium.ElementNotInteractableException">
            <message>
              <![CDATA[
Build info: version: '3.10.0', revision: '176b4a9', time: '2018-03-02T19:11:12.151Z'
System info: host: 'localhost.localdomain', ip: '127.0.0.1', os.name: 'Linux', os.arch: 'amd64', os.version: '3.10.0-514.el7.x86_64', java.version: '1.8.0_102'
Driver info: org.openqa.selenium.firefox.FirefoxDriver
Capabilities {acceptInsecureCerts: true, browserName: firefox, browserVersion: 52.5.1, javascriptEnabled: true, moz:accessibilityChecks: false, moz:processID: 13274, moz:profile: /tmp/rust_mozprofile.tdW1SA..., pageLoadStrategy: normal, platform: LINUX, platformName: LINUX, platformVersion: 3.10.0-514.el7.x86_64, rotatable: false, specificationLevel: 0, timeouts: {implicit: 0, page load: 300000, script: 30000}}
Session ID: 98b69056-ee3e-46d5-a34b-4e2f19441c5c]]>
            </message>
            <full-stacktrace>
              <![CDATA[org.openqa.selenium.ElementNotInteractableException: 
Build info: version: '3.10.0', revision: '176b4a9', time: '2018-03-02T19:11:12.151Z'
System info: host: 'localhost.localdomain', ip: '127.0.0.1', os.name: 'Linux', os.arch: 'amd64', os.version: '3.10.0-514.el7.x86_64', java.version: '1.8.0_102'
Driver info: org.openqa.selenium.firefox.FirefoxDriver
Capabilities {acceptInsecureCerts: true, browserName: firefox, browserVersion: 52.5.1, javascriptEnabled: true, moz:accessibilityChecks: false, moz:processID: 13274, moz:profile: /tmp/rust_mozprofile.tdW1SA..., pageLoadStrategy: normal, platform: LINUX, platformName: LINUX, platformVersion: 3.10.0-514.el7.x86_64, rotatable: false, specificationLevel: 0, timeouts: {implicit: 0, page load: 300000, script: 30000}}
Session ID: 98b69056-ee3e-46d5-a34b-4e2f19441c5c
at sun.reflect.NativeConstructorAccessorImpl.newInstance0(Native Method)
at sun.reflect.NativeConstructorAccessorImpl.newInstance(NativeConstructorAccessorImpl.java:62)
at sun.reflect.DelegatingConstructorAccessorImpl.newInstance(DelegatingConstructorAccessorImpl.java:45)
at java.lang.reflect.Constructor.newInstance(Constructor.java:423)
at org.openqa.selenium.remote.http.W3CHttpResponseCodec.createException(W3CHttpResponseCodec.java:187)
at org.openqa.selenium.remote.http.W3CHttpResponseCodec.decode(W3CHttpResponseCodec.java:122)
at org.openqa.selenium.remote.http.W3CHttpResponseCodec.decode(W3CHttpResponseCodec.java:49)
at org.openqa.selenium.remote.HttpCommandExecutor.execute(HttpCommandExecutor.java:160)
at org.openqa.selenium.remote.service.DriverCommandExecutor.execute(DriverCommandExecutor.java:83)
at org.openqa.selenium.remote.RemoteWebDriver.execute(RemoteWebDriver.java:601)
at org.openqa.selenium.remote.RemoteWebElement.execute(RemoteWebElement.java:279)
at org.openqa.selenium.remote.RemoteWebElement.click(RemoteWebElement.java:83)
at testCases.AcademicAdministration.DefineSections_Add.execute(DefineSections_Add.java:13)
at main.AcademicAdministrationTest.DefineSections_Add(AcademicAdministrationTest.java:129)
at sun.reflect.NativeMethodAccessorImpl.invoke0(Native Method)
at sun.reflect.NativeMethodAccessorImpl.invoke(NativeMethodAccessorImpl.java:62)
at sun.reflect.DelegatingMethodAccessorImpl.invoke(DelegatingMethodAccessorImpl.java:43)
at java.lang.reflect.Method.invoke(Method.java:498)
at org.testng.internal.MethodInvocationHelper.invokeMethod(MethodInvocationHelper.java:124)
at org.testng.internal.Invoker.invokeMethod(Invoker.java:580)
at org.testng.internal.Invoker.retryFailed(Invoker.java:838)
at org.testng.internal.Invoker.invokeTestMethods(Invoker.java:1009)
at org.testng.internal.TestMethodWorker.invokeTestMethods(TestMethodWorker.java:125)
at org.testng.internal.TestMethodWorker.run(TestMethodWorker.java:109)
at org.testng.TestRunner.privateRun(TestRunner.java:648)
at org.testng.TestRunner.run(TestRunner.java:505)
at org.testng.SuiteRunner.runTest(SuiteRunner.java:455)
at org.testng.SuiteRunner.runSequentially(SuiteRunner.java:450)
at org.testng.SuiteRunner.privateRun(SuiteRunner.java:415)
at org.testng.SuiteRunner.run(SuiteRunner.java:364)
at org.testng.SuiteRunnerWorker.runSuite(SuiteRunnerWorker.java:52)
at org.testng.SuiteRunnerWorker.run(SuiteRunnerWorker.java:84)
at org.testng.TestNG.runSuitesSequentially(TestNG.java:1208)
at org.testng.TestNG.runSuitesLocally(TestNG.java:1137)
at org.testng.TestNG.runSuites(TestNG.java:1049)
at org.testng.TestNG.run(TestNG.java:1017)
at main.Main.main(Main.java:26)
]]>
            </full-stacktrace>
          </exception> <!-- org.openqa.selenium.ElementNotInteractableException -->
          <reporter-output>
          </reporter-output>
        </test-method> <!-- DefineSections_Add -->
        <test-method status="PASS" signature="afterMethod(org.testng.ITestResult)[pri:0, instance:main.AcademicAdministrationTest@23ceabc1]" name="afterMethod" is-config="true" duration-ms="2000" started-at="2018-04-03T08:57:26Z" finished-at="2018-04-03T08:57:28Z">
          <params>
            <param index="0">
              <value>
                <![CDATA[[TestResult name=DefineSections_Add status=SKIP method=AcademicAdministrationTest.DefineSections_Add()[pri:2, instance:main.AcademicAdministrationTest@23ceabc1] output={null}]]]>
              </value>
            </param>
          </params>
          <reporter-output>
          </reporter-output>
        </test-method> <!-- afterMethod -->
        <test-method status="FAIL" signature="DefineSections_Add()[pri:2, instance:main.AcademicAdministrationTest@23ceabc1]" name="DefineSections_Add" duration-ms="112" started-at="2018-04-03T08:57:28Z" depends-on-methods="main.AcademicAdministrationTest.signInAndMoveToStudentRecord" finished-at="2018-04-03T08:57:28Z">
          <exception class="org.openqa.selenium.ElementNotInteractableException">
            <message>
              <![CDATA[
Build info: version: '3.10.0', revision: '176b4a9', time: '2018-03-02T19:11:12.151Z'
System info: host: 'localhost.localdomain', ip: '127.0.0.1', os.name: 'Linux', os.arch: 'amd64', os.version: '3.10.0-514.el7.x86_64', java.version: '1.8.0_102'
Driver info: org.openqa.selenium.firefox.FirefoxDriver
Capabilities {acceptInsecureCerts: true, browserName: firefox, browserVersion: 52.5.1, javascriptEnabled: true, moz:accessibilityChecks: false, moz:processID: 13274, moz:profile: /tmp/rust_mozprofile.tdW1SA..., pageLoadStrategy: normal, platform: LINUX, platformName: LINUX, platformVersion: 3.10.0-514.el7.x86_64, rotatable: false, specificationLevel: 0, timeouts: {implicit: 0, page load: 300000, script: 30000}}
Session ID: 98b69056-ee3e-46d5-a34b-4e2f19441c5c]]>
            </message>
            <full-stacktrace>
              <![CDATA[org.openqa.selenium.ElementNotInteractableException: 
Build info: version: '3.10.0', revision: '176b4a9', time: '2018-03-02T19:11:12.151Z'
System info: host: 'localhost.localdomain', ip: '127.0.0.1', os.name: 'Linux', os.arch: 'amd64', os.version: '3.10.0-514.el7.x86_64', java.version: '1.8.0_102'
Driver info: org.openqa.selenium.firefox.FirefoxDriver
Capabilities {acceptInsecureCerts: true, browserName: firefox, browserVersion: 52.5.1, javascriptEnabled: true, moz:accessibilityChecks: false, moz:processID: 13274, moz:profile: /tmp/rust_mozprofile.tdW1SA..., pageLoadStrategy: normal, platform: LINUX, platformName: LINUX, platformVersion: 3.10.0-514.el7.x86_64, rotatable: false, specificationLevel: 0, timeouts: {implicit: 0, page load: 300000, script: 30000}}
Session ID: 98b69056-ee3e-46d5-a34b-4e2f19441c5c
at sun.reflect.NativeConstructorAccessorImpl.newInstance0(Native Method)
at sun.reflect.NativeConstructorAccessorImpl.newInstance(NativeConstructorAccessorImpl.java:62)
at sun.reflect.DelegatingConstructorAccessorImpl.newInstance(DelegatingConstructorAccessorImpl.java:45)
at java.lang.reflect.Constructor.newInstance(Constructor.java:423)
at org.openqa.selenium.remote.http.W3CHttpResponseCodec.createException(W3CHttpResponseCodec.java:187)
at org.openqa.selenium.remote.http.W3CHttpResponseCodec.decode(W3CHttpResponseCodec.java:122)
at org.openqa.selenium.remote.http.W3CHttpResponseCodec.decode(W3CHttpResponseCodec.java:49)
at org.openqa.selenium.remote.HttpCommandExecutor.execute(HttpCommandExecutor.java:160)
at org.openqa.selenium.remote.service.DriverCommandExecutor.execute(DriverCommandExecutor.java:83)
at org.openqa.selenium.remote.RemoteWebDriver.execute(RemoteWebDriver.java:601)
at org.openqa.selenium.remote.RemoteWebElement.execute(RemoteWebElement.java:279)
at org.openqa.selenium.remote.RemoteWebElement.click(RemoteWebElement.java:83)
at testCases.AcademicAdministration.DefineSections_Add.execute(DefineSections_Add.java:13)
at main.AcademicAdministrationTest.DefineSections_Add(AcademicAdministrationTest.java:129)
at sun.reflect.NativeMethodAccessorImpl.invoke0(Native Method)
at sun.reflect.NativeMethodAccessorImpl.invoke(NativeMethodAccessorImpl.java:62)
at sun.reflect.DelegatingMethodAccessorImpl.invoke(DelegatingMethodAccessorImpl.java:43)
at java.lang.reflect.Method.invoke(Method.java:498)
at org.testng.internal.MethodInvocationHelper.invokeMethod(MethodInvocationHelper.java:124)
at org.testng.internal.Invoker.invokeMethod(Invoker.java:580)
at org.testng.internal.Invoker.retryFailed(Invoker.java:838)
at org.testng.internal.Invoker.invokeTestMethods(Invoker.java:1009)
at org.testng.internal.TestMethodWorker.invokeTestMethods(TestMethodWorker.java:125)
at org.testng.internal.TestMethodWorker.run(TestMethodWorker.java:109)
at org.testng.TestRunner.privateRun(TestRunner.java:648)
at org.testng.TestRunner.run(TestRunner.java:505)
at org.testng.SuiteRunner.runTest(SuiteRunner.java:455)
at org.testng.SuiteRunner.runSequentially(SuiteRunner.java:450)
at org.testng.SuiteRunner.privateRun(SuiteRunner.java:415)
at org.testng.SuiteRunner.run(SuiteRunner.java:364)
at org.testng.SuiteRunnerWorker.runSuite(SuiteRunnerWorker.java:52)
at org.testng.SuiteRunnerWorker.run(SuiteRunnerWorker.java:84)
at org.testng.TestNG.runSuitesSequentially(TestNG.java:1208)
at org.testng.TestNG.runSuitesLocally(TestNG.java:1137)
at org.testng.TestNG.runSuites(TestNG.java:1049)
at org.testng.TestNG.run(TestNG.java:1017)
at main.Main.main(Main.java:26)
]]>
            </full-stacktrace>
          </exception> <!-- org.openqa.selenium.ElementNotInteractableException -->
          <reporter-output>
          </reporter-output>
        </test-method> <!-- DefineSections_Add -->
        <test-method status="PASS" signature="afterMethod(org.testng.ITestResult)[pri:0, instance:main.AcademicAdministrationTest@23ceabc1]" name="afterMethod" is-config="true" duration-ms="2000" started-at="2018-04-03T08:57:28Z" finished-at="2018-04-03T08:57:30Z">
          <params>
            <param index="0">
              <value>
                <![CDATA[[TestResult name=DefineSections_Add status=FAILURE method=AcademicAdministrationTest.DefineSections_Add()[pri:2, instance:main.AcademicAdministrationTest@23ceabc1] output={null}]]]>
              </value>
            </param>
          </params>
          <reporter-output>
          </reporter-output>
        </test-method> <!-- afterMethod -->
        <test-method status="SKIP" signature="DefineSections_Delete()[pri:3, instance:main.AcademicAdministrationTest@23ceabc1]" name="DefineSections_Delete" duration-ms="115" started-at="2018-04-03T08:57:30Z" depends-on-methods="main.AcademicAdministrationTest.signInAndMoveToStudentRecord" finished-at="2018-04-03T08:57:30Z">
          <exception class="org.openqa.selenium.ElementNotInteractableException">
            <message>
              <![CDATA[
Build info: version: '3.10.0', revision: '176b4a9', time: '2018-03-02T19:11:12.151Z'
System info: host: 'localhost.localdomain', ip: '127.0.0.1', os.name: 'Linux', os.arch: 'amd64', os.version: '3.10.0-514.el7.x86_64', java.version: '1.8.0_102'
Driver info: org.openqa.selenium.firefox.FirefoxDriver
Capabilities {acceptInsecureCerts: true, browserName: firefox, browserVersion: 52.5.1, javascriptEnabled: true, moz:accessibilityChecks: false, moz:processID: 13274, moz:profile: /tmp/rust_mozprofile.tdW1SA..., pageLoadStrategy: normal, platform: LINUX, platformName: LINUX, platformVersion: 3.10.0-514.el7.x86_64, rotatable: false, specificationLevel: 0, timeouts: {implicit: 0, page load: 300000, script: 30000}}
Session ID: 98b69056-ee3e-46d5-a34b-4e2f19441c5c]]>
            </message>
            <full-stacktrace>
              <![CDATA[org.openqa.selenium.ElementNotInteractableException: 
Build info: version: '3.10.0', revision: '176b4a9', time: '2018-03-02T19:11:12.151Z'
System info: host: 'localhost.localdomain', ip: '127.0.0.1', os.name: 'Linux', os.arch: 'amd64', os.version: '3.10.0-514.el7.x86_64', java.version: '1.8.0_102'
Driver info: org.openqa.selenium.firefox.FirefoxDriver
Capabilities {acceptInsecureCerts: true, browserName: firefox, browserVersion: 52.5.1, javascriptEnabled: true, moz:accessibilityChecks: false, moz:processID: 13274, moz:profile: /tmp/rust_mozprofile.tdW1SA..., pageLoadStrategy: normal, platform: LINUX, platformName: LINUX, platformVersion: 3.10.0-514.el7.x86_64, rotatable: false, specificationLevel: 0, timeouts: {implicit: 0, page load: 300000, script: 30000}}
Session ID: 98b69056-ee3e-46d5-a34b-4e2f19441c5c
at sun.reflect.NativeConstructorAccessorImpl.newInstance0(Native Method)
at sun.reflect.NativeConstructorAccessorImpl.newInstance(NativeConstructorAccessorImpl.java:62)
at sun.reflect.DelegatingConstructorAccessorImpl.newInstance(DelegatingConstructorAccessorImpl.java:45)
at java.lang.reflect.Constructor.newInstance(Constructor.java:423)
at org.openqa.selenium.remote.http.W3CHttpResponseCodec.createException(W3CHttpResponseCodec.java:187)
at org.openqa.selenium.remote.http.W3CHttpResponseCodec.decode(W3CHttpResponseCodec.java:122)
at org.openqa.selenium.remote.http.W3CHttpResponseCodec.decode(W3CHttpResponseCodec.java:49)
at org.openqa.selenium.remote.HttpCommandExecutor.execute(HttpCommandExecutor.java:160)
at org.openqa.selenium.remote.service.DriverCommandExecutor.execute(DriverCommandExecutor.java:83)
at org.openqa.selenium.remote.RemoteWebDriver.execute(RemoteWebDriver.java:601)
at org.openqa.selenium.remote.RemoteWebElement.execute(RemoteWebElement.java:279)
at org.openqa.selenium.remote.RemoteWebElement.click(RemoteWebElement.java:83)
at testCases.AcademicAdministration.DefineSections_Delete.execute(DefineSections_Delete.java:14)
at main.AcademicAdministrationTest.DefineSections_Delete(AcademicAdministrationTest.java:153)
at sun.reflect.NativeMethodAccessorImpl.invoke0(Native Method)
at sun.reflect.NativeMethodAccessorImpl.invoke(NativeMethodAccessorImpl.java:62)
at sun.reflect.DelegatingMethodAccessorImpl.invoke(DelegatingMethodAccessorImpl.java:43)
at java.lang.reflect.Method.invoke(Method.java:498)
at org.testng.internal.MethodInvocationHelper.invokeMethod(MethodInvocationHelper.java:124)
at org.testng.internal.Invoker.invokeMethod(Invoker.java:580)
at org.testng.internal.Invoker.invokeTestMethod(Invoker.java:716)
at org.testng.internal.Invoker.invokeTestMethods(Invoker.java:988)
at org.testng.internal.TestMethodWorker.invokeTestMethods(TestMethodWorker.java:125)
at org.testng.internal.TestMethodWorker.run(TestMethodWorker.java:109)
at org.testng.TestRunner.privateRun(TestRunner.java:648)
at org.testng.TestRunner.run(TestRunner.java:505)
at org.testng.SuiteRunner.runTest(SuiteRunner.java:455)
at org.testng.SuiteRunner.runSequentially(SuiteRunner.java:450)
at org.testng.SuiteRunner.privateRun(SuiteRunner.java:415)
at org.testng.SuiteRunner.run(SuiteRunner.java:364)
at org.testng.SuiteRunnerWorker.runSuite(SuiteRunnerWorker.java:52)
at org.testng.SuiteRunnerWorker.run(SuiteRunnerWorker.java:84)
at org.testng.TestNG.runSuitesSequentially(TestNG.java:1208)
at org.testng.TestNG.runSuitesLocally(TestNG.java:1137)
at org.testng.TestNG.runSuites(TestNG.java:1049)
at org.testng.TestNG.run(TestNG.java:1017)
at main.Main.main(Main.java:26)
]]>
            </full-stacktrace>
          </exception> <!-- org.openqa.selenium.ElementNotInteractableException -->
          <reporter-output>
          </reporter-output>
        </test-method> <!-- DefineSections_Delete -->
        <test-method status="PASS" signature="afterMethod(org.testng.ITestResult)[pri:0, instance:main.AcademicAdministrationTest@23ceabc1]" name="afterMethod" is-config="true" duration-ms="2000" started-at="2018-04-03T08:57:30Z" finished-at="2018-04-03T08:57:32Z">
          <params>
            <param index="0">
              <value>
                <![CDATA[[TestResult name=DefineSections_Delete status=SKIP method=AcademicAdministrationTest.DefineSections_Delete()[pri:3, instance:main.AcademicAdministrationTest@23ceabc1] output={null}]]]>
              </value>
            </param>
          </params>
          <reporter-output>
          </reporter-output>
        </test-method> <!-- afterMethod -->
        <test-method status="SKIP" signature="DefineSections_Delete()[pri:3, instance:main.AcademicAdministrationTest@23ceabc1]" name="DefineSections_Delete" duration-ms="104" started-at="2018-04-03T08:57:32Z" depends-on-methods="main.AcademicAdministrationTest.signInAndMoveToStudentRecord" finished-at="2018-04-03T08:57:32Z">
          <exception class="org.openqa.selenium.ElementNotInteractableException">
            <message>
              <![CDATA[
Build info: version: '3.10.0', revision: '176b4a9', time: '2018-03-02T19:11:12.151Z'
System info: host: 'localhost.localdomain', ip: '127.0.0.1', os.name: 'Linux', os.arch: 'amd64', os.version: '3.10.0-514.el7.x86_64', java.version: '1.8.0_102'
Driver info: org.openqa.selenium.firefox.FirefoxDriver
Capabilities {acceptInsecureCerts: true, browserName: firefox, browserVersion: 52.5.1, javascriptEnabled: true, moz:accessibilityChecks: false, moz:processID: 13274, moz:profile: /tmp/rust_mozprofile.tdW1SA..., pageLoadStrategy: normal, platform: LINUX, platformName: LINUX, platformVersion: 3.10.0-514.el7.x86_64, rotatable: false, specificationLevel: 0, timeouts: {implicit: 0, page load: 300000, script: 30000}}
Session ID: 98b69056-ee3e-46d5-a34b-4e2f19441c5c]]>
            </message>
            <full-stacktrace>
              <![CDATA[org.openqa.selenium.ElementNotInteractableException: 
Build info: version: '3.10.0', revision: '176b4a9', time: '2018-03-02T19:11:12.151Z'
System info: host: 'localhost.localdomain', ip: '127.0.0.1', os.name: 'Linux', os.arch: 'amd64', os.version: '3.10.0-514.el7.x86_64', java.version: '1.8.0_102'
Driver info: org.openqa.selenium.firefox.FirefoxDriver
Capabilities {acceptInsecureCerts: true, browserName: firefox, browserVersion: 52.5.1, javascriptEnabled: true, moz:accessibilityChecks: false, moz:processID: 13274, moz:profile: /tmp/rust_mozprofile.tdW1SA..., pageLoadStrategy: normal, platform: LINUX, platformName: LINUX, platformVersion: 3.10.0-514.el7.x86_64, rotatable: false, specificationLevel: 0, timeouts: {implicit: 0, page load: 300000, script: 30000}}
Session ID: 98b69056-ee3e-46d5-a34b-4e2f19441c5c
at sun.reflect.GeneratedConstructorAccessor13.newInstance(Unknown Source)
at sun.reflect.DelegatingConstructorAccessorImpl.newInstance(DelegatingConstructorAccessorImpl.java:45)
at java.lang.reflect.Constructor.newInstance(Constructor.java:423)
at org.openqa.selenium.remote.http.W3CHttpResponseCodec.createException(W3CHttpResponseCodec.java:187)
at org.openqa.selenium.remote.http.W3CHttpResponseCodec.decode(W3CHttpResponseCodec.java:122)
at org.openqa.selenium.remote.http.W3CHttpResponseCodec.decode(W3CHttpResponseCodec.java:49)
at org.openqa.selenium.remote.HttpCommandExecutor.execute(HttpCommandExecutor.java:160)
at org.openqa.selenium.remote.service.DriverCommandExecutor.execute(DriverCommandExecutor.java:83)
at org.openqa.selenium.remote.RemoteWebDriver.execute(RemoteWebDriver.java:601)
at org.openqa.selenium.remote.RemoteWebElement.execute(RemoteWebElement.java:279)
at org.openqa.selenium.remote.RemoteWebElement.click(RemoteWebElement.java:83)
at testCases.AcademicAdministration.DefineSections_Delete.execute(DefineSections_Delete.java:14)
at main.AcademicAdministrationTest.DefineSections_Delete(AcademicAdministrationTest.java:153)
at sun.reflect.NativeMethodAccessorImpl.invoke0(Native Method)
at sun.reflect.NativeMethodAccessorImpl.invoke(NativeMethodAccessorImpl.java:62)
at sun.reflect.DelegatingMethodAccessorImpl.invoke(DelegatingMethodAccessorImpl.java:43)
at java.lang.reflect.Method.invoke(Method.java:498)
at org.testng.internal.MethodInvocationHelper.invokeMethod(MethodInvocationHelper.java:124)
at org.testng.internal.Invoker.invokeMethod(Invoker.java:580)
at org.testng.internal.Invoker.retryFailed(Invoker.java:838)
at org.testng.internal.Invoker.invokeTestMethods(Invoker.java:1009)
at org.testng.internal.TestMethodWorker.invokeTestMethods(TestMethodWorker.java:125)
at org.testng.internal.TestMethodWorker.run(TestMethodWorker.java:109)
at org.testng.TestRunner.privateRun(TestRunner.java:648)
at org.testng.TestRunner.run(TestRunner.java:505)
at org.testng.SuiteRunner.runTest(SuiteRunner.java:455)
at org.testng.SuiteRunner.runSequentially(SuiteRunner.java:450)
at org.testng.SuiteRunner.privateRun(SuiteRunner.java:415)
at org.testng.SuiteRunner.run(SuiteRunner.java:364)
at org.testng.SuiteRunnerWorker.runSuite(SuiteRunnerWorker.java:52)
at org.testng.SuiteRunnerWorker.run(SuiteRunnerWorker.java:84)
at org.testng.TestNG.runSuitesSequentially(TestNG.java:1208)
at org.testng.TestNG.runSuitesLocally(TestNG.java:1137)
at org.testng.TestNG.runSuites(TestNG.java:1049)
at org.testng.TestNG.run(TestNG.java:1017)
at main.Main.main(Main.java:26)
]]>
            </full-stacktrace>
          </exception> <!-- org.openqa.selenium.ElementNotInteractableException -->
          <reporter-output>
          </reporter-output>
        </test-method> <!-- DefineSections_Delete -->
        <test-method status="PASS" signature="afterMethod(org.testng.ITestResult)[pri:0, instance:main.AcademicAdministrationTest@23ceabc1]" name="afterMethod" is-config="true" duration-ms="2001" started-at="2018-04-03T08:57:32Z" finished-at="2018-04-03T08:57:34Z">
          <params>
            <param index="0">
              <value>
                <![CDATA[[TestResult name=DefineSections_Delete status=SKIP method=AcademicAdministrationTest.DefineSections_Delete()[pri:3, instance:main.AcademicAdministrationTest@23ceabc1] output={null}]]]>
              </value>
            </param>
          </params>
          <reporter-output>
          </reporter-output>
        </test-method> <!-- afterMethod -->
        <test-method status="SKIP" signature="DefineSections_Delete()[pri:3, instance:main.AcademicAdministrationTest@23ceabc1]" name="DefineSections_Delete" duration-ms="101" started-at="2018-04-03T08:57:34Z" depends-on-methods="main.AcademicAdministrationTest.signInAndMoveToStudentRecord" finished-at="2018-04-03T08:57:34Z">
          <exception class="org.openqa.selenium.ElementNotInteractableException">
            <message>
              <![CDATA[
Build info: version: '3.10.0', revision: '176b4a9', time: '2018-03-02T19:11:12.151Z'
System info: host: 'localhost.localdomain', ip: '127.0.0.1', os.name: 'Linux', os.arch: 'amd64', os.version: '3.10.0-514.el7.x86_64', java.version: '1.8.0_102'
Driver info: org.openqa.selenium.firefox.FirefoxDriver
Capabilities {acceptInsecureCerts: true, browserName: firefox, browserVersion: 52.5.1, javascriptEnabled: true, moz:accessibilityChecks: false, moz:processID: 13274, moz:profile: /tmp/rust_mozprofile.tdW1SA..., pageLoadStrategy: normal, platform: LINUX, platformName: LINUX, platformVersion: 3.10.0-514.el7.x86_64, rotatable: false, specificationLevel: 0, timeouts: {implicit: 0, page load: 300000, script: 30000}}
Session ID: 98b69056-ee3e-46d5-a34b-4e2f19441c5c]]>
            </message>
            <full-stacktrace>
              <![CDATA[org.openqa.selenium.ElementNotInteractableException: 
Build info: version: '3.10.0', revision: '176b4a9', time: '2018-03-02T19:11:12.151Z'
System info: host: 'localhost.localdomain', ip: '127.0.0.1', os.name: 'Linux', os.arch: 'amd64', os.version: '3.10.0-514.el7.x86_64', java.version: '1.8.0_102'
Driver info: org.openqa.selenium.firefox.FirefoxDriver
Capabilities {acceptInsecureCerts: true, browserName: firefox, browserVersion: 52.5.1, javascriptEnabled: true, moz:accessibilityChecks: false, moz:processID: 13274, moz:profile: /tmp/rust_mozprofile.tdW1SA..., pageLoadStrategy: normal, platform: LINUX, platformName: LINUX, platformVersion: 3.10.0-514.el7.x86_64, rotatable: false, specificationLevel: 0, timeouts: {implicit: 0, page load: 300000, script: 30000}}
Session ID: 98b69056-ee3e-46d5-a34b-4e2f19441c5c
at sun.reflect.GeneratedConstructorAccessor13.newInstance(Unknown Source)
at sun.reflect.DelegatingConstructorAccessorImpl.newInstance(DelegatingConstructorAccessorImpl.java:45)
at java.lang.reflect.Constructor.newInstance(Constructor.java:423)
at org.openqa.selenium.remote.http.W3CHttpResponseCodec.createException(W3CHttpResponseCodec.java:187)
at org.openqa.selenium.remote.http.W3CHttpResponseCodec.decode(W3CHttpResponseCodec.java:122)
at org.openqa.selenium.remote.http.W3CHttpResponseCodec.decode(W3CHttpResponseCodec.java:49)
at org.openqa.selenium.remote.HttpCommandExecutor.execute(HttpCommandExecutor.java:160)
at org.openqa.selenium.remote.service.DriverCommandExecutor.execute(DriverCommandExecutor.java:83)
at org.openqa.selenium.remote.RemoteWebDriver.execute(RemoteWebDriver.java:601)
at org.openqa.selenium.remote.RemoteWebElement.execute(RemoteWebElement.java:279)
at org.openqa.selenium.remote.RemoteWebElement.click(RemoteWebElement.java:83)
at testCases.AcademicAdministration.DefineSections_Delete.execute(DefineSections_Delete.java:14)
at main.AcademicAdministrationTest.DefineSections_Delete(AcademicAdministrationTest.java:153)
at sun.reflect.NativeMethodAccessorImpl.invoke0(Native Method)
at sun.reflect.NativeMethodAccessorImpl.invoke(NativeMethodAccessorImpl.java:62)
at sun.reflect.DelegatingMethodAccessorImpl.invoke(DelegatingMethodAccessorImpl.java:43)
at java.lang.reflect.Method.invoke(Method.java:498)
at org.testng.internal.MethodInvocationHelper.invokeMethod(MethodInvocationHelper.java:124)
at org.testng.internal.Invoker.invokeMethod(Invoker.java:580)
at org.testng.internal.Invoker.retryFailed(Invoker.java:838)
at org.testng.internal.Invoker.invokeTestMethods(Invoker.java:1009)
at org.testng.internal.TestMethodWorker.invokeTestMethods(TestMethodWorker.java:125)
at org.testng.internal.TestMethodWorker.run(TestMethodWorker.java:109)
at org.testng.TestRunner.privateRun(TestRunner.java:648)
at org.testng.TestRunner.run(TestRunner.java:505)
at org.testng.SuiteRunner.runTest(SuiteRunner.java:455)
at org.testng.SuiteRunner.runSequentially(SuiteRunner.java:450)
at org.testng.SuiteRunner.privateRun(SuiteRunner.java:415)
at org.testng.SuiteRunner.run(SuiteRunner.java:364)
at org.testng.SuiteRunnerWorker.runSuite(SuiteRunnerWorker.java:52)
at org.testng.SuiteRunnerWorker.run(SuiteRunnerWorker.java:84)
at org.testng.TestNG.runSuitesSequentially(TestNG.java:1208)
at org.testng.TestNG.runSuitesLocally(TestNG.java:1137)
at org.testng.TestNG.runSuites(TestNG.java:1049)
at org.testng.TestNG.run(TestNG.java:1017)
at main.Main.main(Main.java:26)
]]>
            </full-stacktrace>
          </exception> <!-- org.openqa.selenium.ElementNotInteractableException -->
          <reporter-output>
          </reporter-output>
        </test-method> <!-- DefineSections_Delete -->
        <test-method status="PASS" signature="afterMethod(org.testng.ITestResult)[pri:0, instance:main.AcademicAdministrationTest@23ceabc1]" name="afterMethod" is-config="true" duration-ms="2001" started-at="2018-04-03T08:57:34Z" finished-at="2018-04-03T08:57:36Z">
          <params>
            <param index="0">
              <value>
                <![CDATA[[TestResult name=DefineSections_Delete status=SKIP method=AcademicAdministrationTest.DefineSections_Delete()[pri:3, instance:main.AcademicAdministrationTest@23ceabc1] output={null}]]]>
              </value>
            </param>
          </params>
          <reporter-output>
          </reporter-output>
        </test-method> <!-- afterMethod -->
        <test-method status="SKIP" signature="DefineSections_Delete()[pri:3, instance:main.AcademicAdministrationTest@23ceabc1]" name="DefineSections_Delete" duration-ms="114" started-at="2018-04-03T08:57:36Z" depends-on-methods="main.AcademicAdministrationTest.signInAndMoveToStudentRecord" finished-at="2018-04-03T08:57:37Z">
          <exception class="org.openqa.selenium.ElementNotInteractableException">
            <message>
              <![CDATA[
Build info: version: '3.10.0', revision: '176b4a9', time: '2018-03-02T19:11:12.151Z'
System info: host: 'localhost.localdomain', ip: '127.0.0.1', os.name: 'Linux', os.arch: 'amd64', os.version: '3.10.0-514.el7.x86_64', java.version: '1.8.0_102'
Driver info: org.openqa.selenium.firefox.FirefoxDriver
Capabilities {acceptInsecureCerts: true, browserName: firefox, browserVersion: 52.5.1, javascriptEnabled: true, moz:accessibilityChecks: false, moz:processID: 13274, moz:profile: /tmp/rust_mozprofile.tdW1SA..., pageLoadStrategy: normal, platform: LINUX, platformName: LINUX, platformVersion: 3.10.0-514.el7.x86_64, rotatable: false, specificationLevel: 0, timeouts: {implicit: 0, page load: 300000, script: 30000}}
Session ID: 98b69056-ee3e-46d5-a34b-4e2f19441c5c]]>
            </message>
            <full-stacktrace>
              <![CDATA[org.openqa.selenium.ElementNotInteractableException: 
Build info: version: '3.10.0', revision: '176b4a9', time: '2018-03-02T19:11:12.151Z'
System info: host: 'localhost.localdomain', ip: '127.0.0.1', os.name: 'Linux', os.arch: 'amd64', os.version: '3.10.0-514.el7.x86_64', java.version: '1.8.0_102'
Driver info: org.openqa.selenium.firefox.FirefoxDriver
Capabilities {acceptInsecureCerts: true, browserName: firefox, browserVersion: 52.5.1, javascriptEnabled: true, moz:accessibilityChecks: false, moz:processID: 13274, moz:profile: /tmp/rust_mozprofile.tdW1SA..., pageLoadStrategy: normal, platform: LINUX, platformName: LINUX, platformVersion: 3.10.0-514.el7.x86_64, rotatable: false, specificationLevel: 0, timeouts: {implicit: 0, page load: 300000, script: 30000}}
Session ID: 98b69056-ee3e-46d5-a34b-4e2f19441c5c
at sun.reflect.GeneratedConstructorAccessor13.newInstance(Unknown Source)
at sun.reflect.DelegatingConstructorAccessorImpl.newInstance(DelegatingConstructorAccessorImpl.java:45)
at java.lang.reflect.Constructor.newInstance(Constructor.java:423)
at org.openqa.selenium.remote.http.W3CHttpResponseCodec.createException(W3CHttpResponseCodec.java:187)
at org.openqa.selenium.remote.http.W3CHttpResponseCodec.decode(W3CHttpResponseCodec.java:122)
at org.openqa.selenium.remote.http.W3CHttpResponseCodec.decode(W3CHttpResponseCodec.java:49)
at org.openqa.selenium.remote.HttpCommandExecutor.execute(HttpCommandExecutor.java:160)
at org.openqa.selenium.remote.service.DriverCommandExecutor.execute(DriverCommandExecutor.java:83)
at org.openqa.selenium.remote.RemoteWebDriver.execute(RemoteWebDriver.java:601)
at org.openqa.selenium.remote.RemoteWebElement.execute(RemoteWebElement.java:279)
at org.openqa.selenium.remote.RemoteWebElement.click(RemoteWebElement.java:83)
at testCases.AcademicAdministration.DefineSections_Delete.execute(DefineSections_Delete.java:14)
at main.AcademicAdministrationTest.DefineSections_Delete(AcademicAdministrationTest.java:153)
at sun.reflect.NativeMethodAccessorImpl.invoke0(Native Method)
at sun.reflect.NativeMethodAccessorImpl.invoke(NativeMethodAccessorImpl.java:62)
at sun.reflect.DelegatingMethodAccessorImpl.invoke(DelegatingMethodAccessorImpl.java:43)
at java.lang.reflect.Method.invoke(Method.java:498)
at org.testng.internal.MethodInvocationHelper.invokeMethod(MethodInvocationHelper.java:124)
at org.testng.internal.Invoker.invokeMethod(Invoker.java:580)
at org.testng.internal.Invoker.retryFailed(Invoker.java:838)
at org.testng.internal.Invoker.invokeTestMethods(Invoker.java:1009)
at org.testng.internal.TestMethodWorker.invokeTestMethods(TestMethodWorker.java:125)
at org.testng.internal.TestMethodWorker.run(TestMethodWorker.java:109)
at org.testng.TestRunner.privateRun(TestRunner.java:648)
at org.testng.TestRunner.run(TestRunner.java:505)
at org.testng.SuiteRunner.runTest(SuiteRunner.java:455)
at org.testng.SuiteRunner.runSequentially(SuiteRunner.java:450)
at org.testng.SuiteRunner.privateRun(SuiteRunner.java:415)
at org.testng.SuiteRunner.run(SuiteRunner.java:364)
at org.testng.SuiteRunnerWorker.runSuite(SuiteRunnerWorker.java:52)
at org.testng.SuiteRunnerWorker.run(SuiteRunnerWorker.java:84)
at org.testng.TestNG.runSuitesSequentially(TestNG.java:1208)
at org.testng.TestNG.runSuitesLocally(TestNG.java:1137)
at org.testng.TestNG.runSuites(TestNG.java:1049)
at org.testng.TestNG.run(TestNG.java:1017)
at main.Main.main(Main.java:26)
]]>
            </full-stacktrace>
          </exception> <!-- org.openqa.selenium.ElementNotInteractableException -->
          <reporter-output>
          </reporter-output>
        </test-method> <!-- DefineSections_Delete -->
        <test-method status="PASS" signature="afterMethod(org.testng.ITestResult)[pri:0, instance:main.AcademicAdministrationTest@23ceabc1]" name="afterMethod" is-config="true" duration-ms="2001" started-at="2018-04-03T08:57:37Z" finished-at="2018-04-03T08:57:39Z">
          <params>
            <param index="0">
              <value>
                <![CDATA[[TestResult name=DefineSections_Delete status=SKIP method=AcademicAdministrationTest.DefineSections_Delete()[pri:3, instance:main.AcademicAdministrationTest@23ceabc1] output={null}]]]>
              </value>
            </param>
          </params>
          <reporter-output>
          </reporter-output>
        </test-method> <!-- afterMethod -->
        <test-method status="FAIL" signature="DefineSections_Delete()[pri:3, instance:main.AcademicAdministrationTest@23ceabc1]" name="DefineSections_Delete" duration-ms="107" started-at="2018-04-03T08:57:39Z" depends-on-methods="main.AcademicAdministrationTest.signInAndMoveToStudentRecord" finished-at="2018-04-03T08:57:39Z">
          <exception class="org.openqa.selenium.ElementNotInteractableException">
            <message>
              <![CDATA[
Build info: version: '3.10.0', revision: '176b4a9', time: '2018-03-02T19:11:12.151Z'
System info: host: 'localhost.localdomain', ip: '127.0.0.1', os.name: 'Linux', os.arch: 'amd64', os.version: '3.10.0-514.el7.x86_64', java.version: '1.8.0_102'
Driver info: org.openqa.selenium.firefox.FirefoxDriver
Capabilities {acceptInsecureCerts: true, browserName: firefox, browserVersion: 52.5.1, javascriptEnabled: true, moz:accessibilityChecks: false, moz:processID: 13274, moz:profile: /tmp/rust_mozprofile.tdW1SA..., pageLoadStrategy: normal, platform: LINUX, platformName: LINUX, platformVersion: 3.10.0-514.el7.x86_64, rotatable: false, specificationLevel: 0, timeouts: {implicit: 0, page load: 300000, script: 30000}}
Session ID: 98b69056-ee3e-46d5-a34b-4e2f19441c5c]]>
            </message>
            <full-stacktrace>
              <![CDATA[org.openqa.selenium.ElementNotInteractableException: 
Build info: version: '3.10.0', revision: '176b4a9', time: '2018-03-02T19:11:12.151Z'
System info: host: 'localhost.localdomain', ip: '127.0.0.1', os.name: 'Linux', os.arch: 'amd64', os.version: '3.10.0-514.el7.x86_64', java.version: '1.8.0_102'
Driver info: org.openqa.selenium.firefox.FirefoxDriver
Capabilities {acceptInsecureCerts: true, browserName: firefox, browserVersion: 52.5.1, javascriptEnabled: true, moz:accessibilityChecks: false, moz:processID: 13274, moz:profile: /tmp/rust_mozprofile.tdW1SA..., pageLoadStrategy: normal, platform: LINUX, platformName: LINUX, platformVersion: 3.10.0-514.el7.x86_64, rotatable: false, specificationLevel: 0, timeouts: {implicit: 0, page load: 300000, script: 30000}}
Session ID: 98b69056-ee3e-46d5-a34b-4e2f19441c5c
at sun.reflect.GeneratedConstructorAccessor13.newInstance(Unknown Source)
at sun.reflect.DelegatingConstructorAccessorImpl.newInstance(DelegatingConstructorAccessorImpl.java:45)
at java.lang.reflect.Constructor.newInstance(Constructor.java:423)
at org.openqa.selenium.remote.http.W3CHttpResponseCodec.createException(W3CHttpResponseCodec.java:187)
at org.openqa.selenium.remote.http.W3CHttpResponseCodec.decode(W3CHttpResponseCodec.java:122)
at org.openqa.selenium.remote.http.W3CHttpResponseCodec.decode(W3CHttpResponseCodec.java:49)
at org.openqa.selenium.remote.HttpCommandExecutor.execute(HttpCommandExecutor.java:160)
at org.openqa.selenium.remote.service.DriverCommandExecutor.execute(DriverCommandExecutor.java:83)
at org.openqa.selenium.remote.RemoteWebDriver.execute(RemoteWebDriver.java:601)
at org.openqa.selenium.remote.RemoteWebElement.execute(RemoteWebElement.java:279)
at org.openqa.selenium.remote.RemoteWebElement.click(RemoteWebElement.java:83)
at testCases.AcademicAdministration.DefineSections_Delete.execute(DefineSections_Delete.java:14)
at main.AcademicAdministrationTest.DefineSections_Delete(AcademicAdministrationTest.java:153)
at sun.reflect.NativeMethodAccessorImpl.invoke0(Native Method)
at sun.reflect.NativeMethodAccessorImpl.invoke(NativeMethodAccessorImpl.java:62)
at sun.reflect.DelegatingMethodAccessorImpl.invoke(DelegatingMethodAccessorImpl.java:43)
at java.lang.reflect.Method.invoke(Method.java:498)
at org.testng.internal.MethodInvocationHelper.invokeMethod(MethodInvocationHelper.java:124)
at org.testng.internal.Invoker.invokeMethod(Invoker.java:580)
at org.testng.internal.Invoker.retryFailed(Invoker.java:838)
at org.testng.internal.Invoker.invokeTestMethods(Invoker.java:1009)
at org.testng.internal.TestMethodWorker.invokeTestMethods(TestMethodWorker.java:125)
at org.testng.internal.TestMethodWorker.run(TestMethodWorker.java:109)
at org.testng.TestRunner.privateRun(TestRunner.java:648)
at org.testng.TestRunner.run(TestRunner.java:505)
at org.testng.SuiteRunner.runTest(SuiteRunner.java:455)
at org.testng.SuiteRunner.runSequentially(SuiteRunner.java:450)
at org.testng.SuiteRunner.privateRun(SuiteRunner.java:415)
at org.testng.SuiteRunner.run(SuiteRunner.java:364)
at org.testng.SuiteRunnerWorker.runSuite(SuiteRunnerWorker.java:52)
at org.testng.SuiteRunnerWorker.run(SuiteRunnerWorker.java:84)
at org.testng.TestNG.runSuitesSequentially(TestNG.java:1208)
at org.testng.TestNG.runSuitesLocally(TestNG.java:1137)
at org.testng.TestNG.runSuites(TestNG.java:1049)
at org.testng.TestNG.run(TestNG.java:1017)
at main.Main.main(Main.java:26)
]]>
            </full-stacktrace>
          </exception> <!-- org.openqa.selenium.ElementNotInteractableException -->
          <reporter-output>
          </reporter-output>
        </test-method> <!-- DefineSections_Delete -->
        <test-method status="PASS" signature="afterMethod(org.testng.ITestResult)[pri:0, instance:main.AcademicAdministrationTest@23ceabc1]" name="afterMethod" is-config="true" duration-ms="2000" started-at="2018-04-03T08:57:39Z" finished-at="2018-04-03T08:57:41Z">
          <params>
            <param index="0">
              <value>
                <![CDATA[[TestResult name=DefineSections_Delete status=FAILURE method=AcademicAdministrationTest.DefineSections_Delete()[pri:3, instance:main.AcademicAdministrationTest@23ceabc1] output={null}]]]>
              </value>
            </param>
          </params>
          <reporter-output>
          </reporter-output>
        </test-method> <!-- afterMethod -->
        <test-method status="SKIP" signature="AcademicStructure_Courses_Add()[pri:4, instance:main.AcademicAdministrationTest@23ceabc1]" name="AcademicStructure_Courses_Add" duration-ms="125" started-at="2018-04-03T08:57:41Z" depends-on-methods="main.AcademicAdministrationTest.signInAndMoveToStudentRecord" finished-at="2018-04-03T08:57:41Z">
          <exception class="org.openqa.selenium.ElementNotInteractableException">
            <message>
              <![CDATA[
Build info: version: '3.10.0', revision: '176b4a9', time: '2018-03-02T19:11:12.151Z'
System info: host: 'localhost.localdomain', ip: '127.0.0.1', os.name: 'Linux', os.arch: 'amd64', os.version: '3.10.0-514.el7.x86_64', java.version: '1.8.0_102'
Driver info: org.openqa.selenium.firefox.FirefoxDriver
Capabilities {acceptInsecureCerts: true, browserName: firefox, browserVersion: 52.5.1, javascriptEnabled: true, moz:accessibilityChecks: false, moz:processID: 13274, moz:profile: /tmp/rust_mozprofile.tdW1SA..., pageLoadStrategy: normal, platform: LINUX, platformName: LINUX, platformVersion: 3.10.0-514.el7.x86_64, rotatable: false, specificationLevel: 0, timeouts: {implicit: 0, page load: 300000, script: 30000}}
Session ID: 98b69056-ee3e-46d5-a34b-4e2f19441c5c]]>
            </message>
            <full-stacktrace>
              <![CDATA[org.openqa.selenium.ElementNotInteractableException: 
Build info: version: '3.10.0', revision: '176b4a9', time: '2018-03-02T19:11:12.151Z'
System info: host: 'localhost.localdomain', ip: '127.0.0.1', os.name: 'Linux', os.arch: 'amd64', os.version: '3.10.0-514.el7.x86_64', java.version: '1.8.0_102'
Driver info: org.openqa.selenium.firefox.FirefoxDriver
Capabilities {acceptInsecureCerts: true, browserName: firefox, browserVersion: 52.5.1, javascriptEnabled: true, moz:accessibilityChecks: false, moz:processID: 13274, moz:profile: /tmp/rust_mozprofile.tdW1SA..., pageLoadStrategy: normal, platform: LINUX, platformName: LINUX, platformVersion: 3.10.0-514.el7.x86_64, rotatable: false, specificationLevel: 0, timeouts: {implicit: 0, page load: 300000, script: 30000}}
Session ID: 98b69056-ee3e-46d5-a34b-4e2f19441c5c
at sun.reflect.GeneratedConstructorAccessor13.newInstance(Unknown Source)
at sun.reflect.DelegatingConstructorAccessorImpl.newInstance(DelegatingConstructorAccessorImpl.java:45)
at java.lang.reflect.Constructor.newInstance(Constructor.java:423)
at org.openqa.selenium.remote.http.W3CHttpResponseCodec.createException(W3CHttpResponseCodec.java:187)
at org.openqa.selenium.remote.http.W3CHttpResponseCodec.decode(W3CHttpResponseCodec.java:122)
at org.openqa.selenium.remote.http.W3CHttpResponseCodec.decode(W3CHttpResponseCodec.java:49)
at org.openqa.selenium.remote.HttpCommandExecutor.execute(HttpCommandExecutor.java:160)
at org.openqa.selenium.remote.service.DriverCommandExecutor.execute(DriverCommandExecutor.java:83)
at org.openqa.selenium.remote.RemoteWebDriver.execute(RemoteWebDriver.java:601)
at org.openqa.selenium.remote.RemoteWebElement.execute(RemoteWebElement.java:279)
at org.openqa.selenium.remote.RemoteWebElement.click(RemoteWebElement.java:83)
at testCases.AcademicAdministration.AcademicStructure_Courses_Add.execute(AcademicStructure_Courses_Add.java:17)
at main.AcademicAdministrationTest.AcademicStructure_Courses_Add(AcademicAdministrationTest.java:177)
at sun.reflect.NativeMethodAccessorImpl.invoke0(Native Method)
at sun.reflect.NativeMethodAccessorImpl.invoke(NativeMethodAccessorImpl.java:62)
at sun.reflect.DelegatingMethodAccessorImpl.invoke(DelegatingMethodAccessorImpl.java:43)
at java.lang.reflect.Method.invoke(Method.java:498)
at org.testng.internal.MethodInvocationHelper.invokeMethod(MethodInvocationHelper.java:124)
at org.testng.internal.Invoker.invokeMethod(Invoker.java:580)
at org.testng.internal.Invoker.invokeTestMethod(Invoker.java:716)
at org.testng.internal.Invoker.invokeTestMethods(Invoker.java:988)
at org.testng.internal.TestMethodWorker.invokeTestMethods(TestMethodWorker.java:125)
at org.testng.internal.TestMethodWorker.run(TestMethodWorker.java:109)
at org.testng.TestRunner.privateRun(TestRunner.java:648)
at org.testng.TestRunner.run(TestRunner.java:505)
at org.testng.SuiteRunner.runTest(SuiteRunner.java:455)
at org.testng.SuiteRunner.runSequentially(SuiteRunner.java:450)
at org.testng.SuiteRunner.privateRun(SuiteRunner.java:415)
at org.testng.SuiteRunner.run(SuiteRunner.java:364)
at org.testng.SuiteRunnerWorker.runSuite(SuiteRunnerWorker.java:52)
at org.testng.SuiteRunnerWorker.run(SuiteRunnerWorker.java:84)
at org.testng.TestNG.runSuitesSequentially(TestNG.java:1208)
at org.testng.TestNG.runSuitesLocally(TestNG.java:1137)
at org.testng.TestNG.runSuites(TestNG.java:1049)
at org.testng.TestNG.run(TestNG.java:1017)
at main.Main.main(Main.java:26)
]]>
            </full-stacktrace>
          </exception> <!-- org.openqa.selenium.ElementNotInteractableException -->
          <reporter-output>
          </reporter-output>
        </test-method> <!-- AcademicStructure_Courses_Add -->
        <test-method status="PASS" signature="afterMethod(org.testng.ITestResult)[pri:0, instance:main.AcademicAdministrationTest@23ceabc1]" name="afterMethod" is-config="true" duration-ms="2000" started-at="2018-04-03T08:57:41Z" finished-at="2018-04-03T08:57:43Z">
          <params>
            <param index="0">
              <value>
                <![CDATA[[TestResult name=AcademicStructure_Courses_Add status=SKIP method=AcademicAdministrationTest.AcademicStructure_Courses_Add()[pri:4, instance:main.AcademicAdministrationTest@23ceabc1] output={null}]]]>
              </value>
            </param>
          </params>
          <reporter-output>
          </reporter-output>
        </test-method> <!-- afterMethod -->
        <test-method status="SKIP" signature="AcademicStructure_Courses_Add()[pri:4, instance:main.AcademicAdministrationTest@23ceabc1]" name="AcademicStructure_Courses_Add" duration-ms="114" started-at="2018-04-03T08:57:43Z" depends-on-methods="main.AcademicAdministrationTest.signInAndMoveToStudentRecord" finished-at="2018-04-03T08:57:43Z">
          <exception class="org.openqa.selenium.ElementNotInteractableException">
            <message>
              <![CDATA[
Build info: version: '3.10.0', revision: '176b4a9', time: '2018-03-02T19:11:12.151Z'
System info: host: 'localhost.localdomain', ip: '127.0.0.1', os.name: 'Linux', os.arch: 'amd64', os.version: '3.10.0-514.el7.x86_64', java.version: '1.8.0_102'
Driver info: org.openqa.selenium.firefox.FirefoxDriver
Capabilities {acceptInsecureCerts: true, browserName: firefox, browserVersion: 52.5.1, javascriptEnabled: true, moz:accessibilityChecks: false, moz:processID: 13274, moz:profile: /tmp/rust_mozprofile.tdW1SA..., pageLoadStrategy: normal, platform: LINUX, platformName: LINUX, platformVersion: 3.10.0-514.el7.x86_64, rotatable: false, specificationLevel: 0, timeouts: {implicit: 0, page load: 300000, script: 30000}}
Session ID: 98b69056-ee3e-46d5-a34b-4e2f19441c5c]]>
            </message>
            <full-stacktrace>
              <![CDATA[org.openqa.selenium.ElementNotInteractableException: 
Build info: version: '3.10.0', revision: '176b4a9', time: '2018-03-02T19:11:12.151Z'
System info: host: 'localhost.localdomain', ip: '127.0.0.1', os.name: 'Linux', os.arch: 'amd64', os.version: '3.10.0-514.el7.x86_64', java.version: '1.8.0_102'
Driver info: org.openqa.selenium.firefox.FirefoxDriver
Capabilities {acceptInsecureCerts: true, browserName: firefox, browserVersion: 52.5.1, javascriptEnabled: true, moz:accessibilityChecks: false, moz:processID: 13274, moz:profile: /tmp/rust_mozprofile.tdW1SA..., pageLoadStrategy: normal, platform: LINUX, platformName: LINUX, platformVersion: 3.10.0-514.el7.x86_64, rotatable: false, specificationLevel: 0, timeouts: {implicit: 0, page load: 300000, script: 30000}}
Session ID: 98b69056-ee3e-46d5-a34b-4e2f19441c5c
at sun.reflect.GeneratedConstructorAccessor13.newInstance(Unknown Source)
at sun.reflect.DelegatingConstructorAccessorImpl.newInstance(DelegatingConstructorAccessorImpl.java:45)
at java.lang.reflect.Constructor.newInstance(Constructor.java:423)
at org.openqa.selenium.remote.http.W3CHttpResponseCodec.createException(W3CHttpResponseCodec.java:187)
at org.openqa.selenium.remote.http.W3CHttpResponseCodec.decode(W3CHttpResponseCodec.java:122)
at org.openqa.selenium.remote.http.W3CHttpResponseCodec.decode(W3CHttpResponseCodec.java:49)
at org.openqa.selenium.remote.HttpCommandExecutor.execute(HttpCommandExecutor.java:160)
at org.openqa.selenium.remote.service.DriverCommandExecutor.execute(DriverCommandExecutor.java:83)
at org.openqa.selenium.remote.RemoteWebDriver.execute(RemoteWebDriver.java:601)
at org.openqa.selenium.remote.RemoteWebElement.execute(RemoteWebElement.java:279)
at org.openqa.selenium.remote.RemoteWebElement.click(RemoteWebElement.java:83)
at testCases.AcademicAdministration.AcademicStructure_Courses_Add.execute(AcademicStructure_Courses_Add.java:17)
at main.AcademicAdministrationTest.AcademicStructure_Courses_Add(AcademicAdministrationTest.java:177)
at sun.reflect.NativeMethodAccessorImpl.invoke0(Native Method)
at sun.reflect.NativeMethodAccessorImpl.invoke(NativeMethodAccessorImpl.java:62)
at sun.reflect.DelegatingMethodAccessorImpl.invoke(DelegatingMethodAccessorImpl.java:43)
at java.lang.reflect.Method.invoke(Method.java:498)
at org.testng.internal.MethodInvocationHelper.invokeMethod(MethodInvocationHelper.java:124)
at org.testng.internal.Invoker.invokeMethod(Invoker.java:580)
at org.testng.internal.Invoker.retryFailed(Invoker.java:838)
at org.testng.internal.Invoker.invokeTestMethods(Invoker.java:1009)
at org.testng.internal.TestMethodWorker.invokeTestMethods(TestMethodWorker.java:125)
at org.testng.internal.TestMethodWorker.run(TestMethodWorker.java:109)
at org.testng.TestRunner.privateRun(TestRunner.java:648)
at org.testng.TestRunner.run(TestRunner.java:505)
at org.testng.SuiteRunner.runTest(SuiteRunner.java:455)
at org.testng.SuiteRunner.runSequentially(SuiteRunner.java:450)
at org.testng.SuiteRunner.privateRun(SuiteRunner.java:415)
at org.testng.SuiteRunner.run(SuiteRunner.java:364)
at org.testng.SuiteRunnerWorker.runSuite(SuiteRunnerWorker.java:52)
at org.testng.SuiteRunnerWorker.run(SuiteRunnerWorker.java:84)
at org.testng.TestNG.runSuitesSequentially(TestNG.java:1208)
at org.testng.TestNG.runSuitesLocally(TestNG.java:1137)
at org.testng.TestNG.runSuites(TestNG.java:1049)
at org.testng.TestNG.run(TestNG.java:1017)
at main.Main.main(Main.java:26)
]]>
            </full-stacktrace>
          </exception> <!-- org.openqa.selenium.ElementNotInteractableException -->
          <reporter-output>
          </reporter-output>
        </test-method> <!-- AcademicStructure_Courses_Add -->
        <test-method status="PASS" signature="afterMethod(org.testng.ITestResult)[pri:0, instance:main.AcademicAdministrationTest@23ceabc1]" name="afterMethod" is-config="true" duration-ms="2003" started-at="2018-04-03T08:57:43Z" finished-at="2018-04-03T08:57:45Z">
          <params>
            <param index="0">
              <value>
                <![CDATA[[TestResult name=AcademicStructure_Courses_Add status=SKIP method=AcademicAdministrationTest.AcademicStructure_Courses_Add()[pri:4, instance:main.AcademicAdministrationTest@23ceabc1] output={null}]]]>
              </value>
            </param>
          </params>
          <reporter-output>
          </reporter-output>
        </test-method> <!-- afterMethod -->
        <test-method status="SKIP" signature="AcademicStructure_Courses_Add()[pri:4, instance:main.AcademicAdministrationTest@23ceabc1]" name="AcademicStructure_Courses_Add" duration-ms="127" started-at="2018-04-03T08:57:45Z" depends-on-methods="main.AcademicAdministrationTest.signInAndMoveToStudentRecord" finished-at="2018-04-03T08:57:45Z">
          <exception class="org.openqa.selenium.ElementNotInteractableException">
            <message>
              <![CDATA[
Build info: version: '3.10.0', revision: '176b4a9', time: '2018-03-02T19:11:12.151Z'
System info: host: 'localhost.localdomain', ip: '127.0.0.1', os.name: 'Linux', os.arch: 'amd64', os.version: '3.10.0-514.el7.x86_64', java.version: '1.8.0_102'
Driver info: org.openqa.selenium.firefox.FirefoxDriver
Capabilities {acceptInsecureCerts: true, browserName: firefox, browserVersion: 52.5.1, javascriptEnabled: true, moz:accessibilityChecks: false, moz:processID: 13274, moz:profile: /tmp/rust_mozprofile.tdW1SA..., pageLoadStrategy: normal, platform: LINUX, platformName: LINUX, platformVersion: 3.10.0-514.el7.x86_64, rotatable: false, specificationLevel: 0, timeouts: {implicit: 0, page load: 300000, script: 30000}}
Session ID: 98b69056-ee3e-46d5-a34b-4e2f19441c5c]]>
            </message>
            <full-stacktrace>
              <![CDATA[org.openqa.selenium.ElementNotInteractableException: 
Build info: version: '3.10.0', revision: '176b4a9', time: '2018-03-02T19:11:12.151Z'
System info: host: 'localhost.localdomain', ip: '127.0.0.1', os.name: 'Linux', os.arch: 'amd64', os.version: '3.10.0-514.el7.x86_64', java.version: '1.8.0_102'
Driver info: org.openqa.selenium.firefox.FirefoxDriver
Capabilities {acceptInsecureCerts: true, browserName: firefox, browserVersion: 52.5.1, javascriptEnabled: true, moz:accessibilityChecks: false, moz:processID: 13274, moz:profile: /tmp/rust_mozprofile.tdW1SA..., pageLoadStrategy: normal, platform: LINUX, platformName: LINUX, platformVersion: 3.10.0-514.el7.x86_64, rotatable: false, specificationLevel: 0, timeouts: {implicit: 0, page load: 300000, script: 30000}}
Session ID: 98b69056-ee3e-46d5-a34b-4e2f19441c5c
at sun.reflect.GeneratedConstructorAccessor13.newInstance(Unknown Source)
at sun.reflect.DelegatingConstructorAccessorImpl.newInstance(DelegatingConstructorAccessorImpl.java:45)
at java.lang.reflect.Constructor.newInstance(Constructor.java:423)
at org.openqa.selenium.remote.http.W3CHttpResponseCodec.createException(W3CHttpResponseCodec.java:187)
at org.openqa.selenium.remote.http.W3CHttpResponseCodec.decode(W3CHttpResponseCodec.java:122)
at org.openqa.selenium.remote.http.W3CHttpResponseCodec.decode(W3CHttpResponseCodec.java:49)
at org.openqa.selenium.remote.HttpCommandExecutor.execute(HttpCommandExecutor.java:160)
at org.openqa.selenium.remote.service.DriverCommandExecutor.execute(DriverCommandExecutor.java:83)
at org.openqa.selenium.remote.RemoteWebDriver.execute(RemoteWebDriver.java:601)
at org.openqa.selenium.remote.RemoteWebElement.execute(RemoteWebElement.java:279)
at org.openqa.selenium.remote.RemoteWebElement.click(RemoteWebElement.java:83)
at testCases.AcademicAdministration.AcademicStructure_Courses_Add.execute(AcademicStructure_Courses_Add.java:17)
at main.AcademicAdministrationTest.AcademicStructure_Courses_Add(AcademicAdministrationTest.java:177)
at sun.reflect.NativeMethodAccessorImpl.invoke0(Native Method)
at sun.reflect.NativeMethodAccessorImpl.invoke(NativeMethodAccessorImpl.java:62)
at sun.reflect.DelegatingMethodAccessorImpl.invoke(DelegatingMethodAccessorImpl.java:43)
at java.lang.reflect.Method.invoke(Method.java:498)
at org.testng.internal.MethodInvocationHelper.invokeMethod(MethodInvocationHelper.java:124)
at org.testng.internal.Invoker.invokeMethod(Invoker.java:580)
at org.testng.internal.Invoker.retryFailed(Invoker.java:838)
at org.testng.internal.Invoker.invokeTestMethods(Invoker.java:1009)
at org.testng.internal.TestMethodWorker.invokeTestMethods(TestMethodWorker.java:125)
at org.testng.internal.TestMethodWorker.run(TestMethodWorker.java:109)
at org.testng.TestRunner.privateRun(TestRunner.java:648)
at org.testng.TestRunner.run(TestRunner.java:505)
at org.testng.SuiteRunner.runTest(SuiteRunner.java:455)
at org.testng.SuiteRunner.runSequentially(SuiteRunner.java:450)
at org.testng.SuiteRunner.privateRun(SuiteRunner.java:415)
at org.testng.SuiteRunner.run(SuiteRunner.java:364)
at org.testng.SuiteRunnerWorker.runSuite(SuiteRunnerWorker.java:52)
at org.testng.SuiteRunnerWorker.run(SuiteRunnerWorker.java:84)
at org.testng.TestNG.runSuitesSequentially(TestNG.java:1208)
at org.testng.TestNG.runSuitesLocally(TestNG.java:1137)
at org.testng.TestNG.runSuites(TestNG.java:1049)
at org.testng.TestNG.run(TestNG.java:1017)
at main.Main.main(Main.java:26)
]]>
            </full-stacktrace>
          </exception> <!-- org.openqa.selenium.ElementNotInteractableException -->
          <reporter-output>
          </reporter-output>
        </test-method> <!-- AcademicStructure_Courses_Add -->
        <test-method status="PASS" signature="afterMethod(org.testng.ITestResult)[pri:0, instance:main.AcademicAdministrationTest@23ceabc1]" name="afterMethod" is-config="true" duration-ms="2001" started-at="2018-04-03T08:57:45Z" finished-at="2018-04-03T08:57:47Z">
          <params>
            <param index="0">
              <value>
                <![CDATA[[TestResult name=AcademicStructure_Courses_Add status=SKIP method=AcademicAdministrationTest.AcademicStructure_Courses_Add()[pri:4, instance:main.AcademicAdministrationTest@23ceabc1] output={null}]]]>
              </value>
            </param>
          </params>
          <reporter-output>
          </reporter-output>
        </test-method> <!-- afterMethod -->
        <test-method status="SKIP" signature="AcademicStructure_Courses_Add()[pri:4, instance:main.AcademicAdministrationTest@23ceabc1]" name="AcademicStructure_Courses_Add" duration-ms="112" started-at="2018-04-03T08:57:47Z" depends-on-methods="main.AcademicAdministrationTest.signInAndMoveToStudentRecord" finished-at="2018-04-03T08:57:47Z">
          <exception class="org.openqa.selenium.ElementNotInteractableException">
            <message>
              <![CDATA[
Build info: version: '3.10.0', revision: '176b4a9', time: '2018-03-02T19:11:12.151Z'
System info: host: 'localhost.localdomain', ip: '127.0.0.1', os.name: 'Linux', os.arch: 'amd64', os.version: '3.10.0-514.el7.x86_64', java.version: '1.8.0_102'
Driver info: org.openqa.selenium.firefox.FirefoxDriver
Capabilities {acceptInsecureCerts: true, browserName: firefox, browserVersion: 52.5.1, javascriptEnabled: true, moz:accessibilityChecks: false, moz:processID: 13274, moz:profile: /tmp/rust_mozprofile.tdW1SA..., pageLoadStrategy: normal, platform: LINUX, platformName: LINUX, platformVersion: 3.10.0-514.el7.x86_64, rotatable: false, specificationLevel: 0, timeouts: {implicit: 0, page load: 300000, script: 30000}}
Session ID: 98b69056-ee3e-46d5-a34b-4e2f19441c5c]]>
            </message>
            <full-stacktrace>
              <![CDATA[org.openqa.selenium.ElementNotInteractableException: 
Build info: version: '3.10.0', revision: '176b4a9', time: '2018-03-02T19:11:12.151Z'
System info: host: 'localhost.localdomain', ip: '127.0.0.1', os.name: 'Linux', os.arch: 'amd64', os.version: '3.10.0-514.el7.x86_64', java.version: '1.8.0_102'
Driver info: org.openqa.selenium.firefox.FirefoxDriver
Capabilities {acceptInsecureCerts: true, browserName: firefox, browserVersion: 52.5.1, javascriptEnabled: true, moz:accessibilityChecks: false, moz:processID: 13274, moz:profile: /tmp/rust_mozprofile.tdW1SA..., pageLoadStrategy: normal, platform: LINUX, platformName: LINUX, platformVersion: 3.10.0-514.el7.x86_64, rotatable: false, specificationLevel: 0, timeouts: {implicit: 0, page load: 300000, script: 30000}}
Session ID: 98b69056-ee3e-46d5-a34b-4e2f19441c5c
at sun.reflect.GeneratedConstructorAccessor13.newInstance(Unknown Source)
at sun.reflect.DelegatingConstructorAccessorImpl.newInstance(DelegatingConstructorAccessorImpl.java:45)
at java.lang.reflect.Constructor.newInstance(Constructor.java:423)
at org.openqa.selenium.remote.http.W3CHttpResponseCodec.createException(W3CHttpResponseCodec.java:187)
at org.openqa.selenium.remote.http.W3CHttpResponseCodec.decode(W3CHttpResponseCodec.java:122)
at org.openqa.selenium.remote.http.W3CHttpResponseCodec.decode(W3CHttpResponseCodec.java:49)
at org.openqa.selenium.remote.HttpCommandExecutor.execute(HttpCommandExecutor.java:160)
at org.openqa.selenium.remote.service.DriverCommandExecutor.execute(DriverCommandExecutor.java:83)
at org.openqa.selenium.remote.RemoteWebDriver.execute(RemoteWebDriver.java:601)
at org.openqa.selenium.remote.RemoteWebElement.execute(RemoteWebElement.java:279)
at org.openqa.selenium.remote.RemoteWebElement.click(RemoteWebElement.java:83)
at testCases.AcademicAdministration.AcademicStructure_Courses_Add.execute(AcademicStructure_Courses_Add.java:17)
at main.AcademicAdministrationTest.AcademicStructure_Courses_Add(AcademicAdministrationTest.java:177)
at sun.reflect.NativeMethodAccessorImpl.invoke0(Native Method)
at sun.reflect.NativeMethodAccessorImpl.invoke(NativeMethodAccessorImpl.java:62)
at sun.reflect.DelegatingMethodAccessorImpl.invoke(DelegatingMethodAccessorImpl.java:43)
at java.lang.reflect.Method.invoke(Method.java:498)
at org.testng.internal.MethodInvocationHelper.invokeMethod(MethodInvocationHelper.java:124)
at org.testng.internal.Invoker.invokeMethod(Invoker.java:580)
at org.testng.internal.Invoker.retryFailed(Invoker.java:838)
at org.testng.internal.Invoker.invokeTestMethods(Invoker.java:1009)
at org.testng.internal.TestMethodWorker.invokeTestMethods(TestMethodWorker.java:125)
at org.testng.internal.TestMethodWorker.run(TestMethodWorker.java:109)
at org.testng.TestRunner.privateRun(TestRunner.java:648)
at org.testng.TestRunner.run(TestRunner.java:505)
at org.testng.SuiteRunner.runTest(SuiteRunner.java:455)
at org.testng.SuiteRunner.runSequentially(SuiteRunner.java:450)
at org.testng.SuiteRunner.privateRun(SuiteRunner.java:415)
at org.testng.SuiteRunner.run(SuiteRunner.java:364)
at org.testng.SuiteRunnerWorker.runSuite(SuiteRunnerWorker.java:52)
at org.testng.SuiteRunnerWorker.run(SuiteRunnerWorker.java:84)
at org.testng.TestNG.runSuitesSequentially(TestNG.java:1208)
at org.testng.TestNG.runSuitesLocally(TestNG.java:1137)
at org.testng.TestNG.runSuites(TestNG.java:1049)
at org.testng.TestNG.run(TestNG.java:1017)
at main.Main.main(Main.java:26)
]]>
            </full-stacktrace>
          </exception> <!-- org.openqa.selenium.ElementNotInteractableException -->
          <reporter-output>
          </reporter-output>
        </test-method> <!-- AcademicStructure_Courses_Add -->
        <test-method status="PASS" signature="afterMethod(org.testng.ITestResult)[pri:0, instance:main.AcademicAdministrationTest@23ceabc1]" name="afterMethod" is-config="true" duration-ms="2000" started-at="2018-04-03T08:57:47Z" finished-at="2018-04-03T08:57:49Z">
          <params>
            <param index="0">
              <value>
                <![CDATA[[TestResult name=AcademicStructure_Courses_Add status=SKIP method=AcademicAdministrationTest.AcademicStructure_Courses_Add()[pri:4, instance:main.AcademicAdministrationTest@23ceabc1] output={null}]]]>
              </value>
            </param>
          </params>
          <reporter-output>
          </reporter-output>
        </test-method> <!-- afterMethod -->
        <test-method status="FAIL" signature="AcademicStructure_Courses_Add()[pri:4, instance:main.AcademicAdministrationTest@23ceabc1]" name="AcademicStructure_Courses_Add" duration-ms="10" started-at="2018-04-03T08:57:49Z" depends-on-methods="main.AcademicAdministrationTest.signInAndMoveToStudentRecord" finished-at="2018-04-03T08:57:49Z">
          <exception class="java.lang.Exception">
            <full-stacktrace>
              <![CDATA[java.lang.Exception
at utility.Utils.takeScreenshot(Utils.java:136)
at main.AcademicAdministrationTest.AcademicStructure_Courses_Add(AcademicAdministrationTest.java:188)
at sun.reflect.NativeMethodAccessorImpl.invoke0(Native Method)
at sun.reflect.NativeMethodAccessorImpl.invoke(NativeMethodAccessorImpl.java:62)
at sun.reflect.DelegatingMethodAccessorImpl.invoke(DelegatingMethodAccessorImpl.java:43)
at java.lang.reflect.Method.invoke(Method.java:498)
at org.testng.internal.MethodInvocationHelper.invokeMethod(MethodInvocationHelper.java:124)
at org.testng.internal.Invoker.invokeMethod(Invoker.java:580)
at org.testng.internal.Invoker.retryFailed(Invoker.java:838)
at org.testng.internal.Invoker.invokeTestMethods(Invoker.java:1009)
at org.testng.internal.TestMethodWorker.invokeTestMethods(TestMethodWorker.java:125)
at org.testng.internal.TestMethodWorker.run(TestMethodWorker.java:109)
at org.testng.TestRunner.privateRun(TestRunner.java:648)
at org.testng.TestRunner.run(TestRunner.java:505)
at org.testng.SuiteRunner.runTest(SuiteRunner.java:455)
at org.testng.SuiteRunner.runSequentially(SuiteRunner.java:450)
at org.testng.SuiteRunner.privateRun(SuiteRunner.java:415)
at org.testng.SuiteRunner.run(SuiteRunner.java:364)
at org.testng.SuiteRunnerWorker.runSuite(SuiteRunnerWorker.java:52)
at org.testng.SuiteRunnerWorker.run(SuiteRunnerWorker.java:84)
at org.testng.TestNG.runSuitesSequentially(TestNG.java:1208)
at org.testng.TestNG.runSuitesLocally(TestNG.java:1137)
at org.testng.TestNG.runSuites(TestNG.java:1049)
at org.testng.TestNG.run(TestNG.java:1017)
at main.Main.main(Main.java:26)
]]>
            </full-stacktrace>
          </exception> <!-- java.lang.Exception -->
          <reporter-output>
          </reporter-output>
        </test-method> <!-- AcademicStructure_Courses_Add -->
        <test-method status="PASS" signature="afterMethod(org.testng.ITestResult)[pri:0, instance:main.AcademicAdministrationTest@23ceabc1]" name="afterMethod" is-config="true" duration-ms="2000" started-at="2018-04-03T08:57:49Z" finished-at="2018-04-03T08:57:51Z">
          <params>
            <param index="0">
              <value>
                <![CDATA[[TestResult name=AcademicStructure_Courses_Add status=FAILURE method=AcademicAdministrationTest.AcademicStructure_Courses_Add()[pri:4, instance:main.AcademicAdministrationTest@23ceabc1] output={null}]]]>
              </value>
            </param>
          </params>
          <reporter-output>
          </reporter-output>
        </test-method> <!-- afterMethod -->
        <test-method status="SKIP" signature="AcademicStructure_Courses_Delete()[pri:5, instance:main.AcademicAdministrationTest@23ceabc1]" name="AcademicStructure_Courses_Delete" duration-ms="9" started-at="2018-04-03T08:57:51Z" depends-on-methods="main.AcademicAdministrationTest.signInAndMoveToStudentRecord" finished-at="2018-04-03T08:57:51Z">
          <exception class="java.lang.Exception">
            <full-stacktrace>
              <![CDATA[java.lang.Exception
at utility.Utils.takeScreenshot(Utils.java:136)
at main.AcademicAdministrationTest.AcademicStructure_Courses_Delete(AcademicAdministrationTest.java:212)
at sun.reflect.NativeMethodAccessorImpl.invoke0(Native Method)
at sun.reflect.NativeMethodAccessorImpl.invoke(NativeMethodAccessorImpl.java:62)
at sun.reflect.DelegatingMethodAccessorImpl.invoke(DelegatingMethodAccessorImpl.java:43)
at java.lang.reflect.Method.invoke(Method.java:498)
at org.testng.internal.MethodInvocationHelper.invokeMethod(MethodInvocationHelper.java:124)
at org.testng.internal.Invoker.invokeMethod(Invoker.java:580)
at org.testng.internal.Invoker.invokeTestMethod(Invoker.java:716)
at org.testng.internal.Invoker.invokeTestMethods(Invoker.java:988)
at org.testng.internal.TestMethodWorker.invokeTestMethods(TestMethodWorker.java:125)
at org.testng.internal.TestMethodWorker.run(TestMethodWorker.java:109)
at org.testng.TestRunner.privateRun(TestRunner.java:648)
at org.testng.TestRunner.run(TestRunner.java:505)
at org.testng.SuiteRunner.runTest(SuiteRunner.java:455)
at org.testng.SuiteRunner.runSequentially(SuiteRunner.java:450)
at org.testng.SuiteRunner.privateRun(SuiteRunner.java:415)
at org.testng.SuiteRunner.run(SuiteRunner.java:364)
at org.testng.SuiteRunnerWorker.runSuite(SuiteRunnerWorker.java:52)
at org.testng.SuiteRunnerWorker.run(SuiteRunnerWorker.java:84)
at org.testng.TestNG.runSuitesSequentially(TestNG.java:1208)
at org.testng.TestNG.runSuitesLocally(TestNG.java:1137)
at org.testng.TestNG.runSuites(TestNG.java:1049)
at org.testng.TestNG.run(TestNG.java:1017)
at main.Main.main(Main.java:26)
]]>
            </full-stacktrace>
          </exception> <!-- java.lang.Exception -->
          <reporter-output>
          </reporter-output>
        </test-method> <!-- AcademicStructure_Courses_Delete -->
        <test-method status="PASS" signature="afterMethod(org.testng.ITestResult)[pri:0, instance:main.AcademicAdministrationTest@23ceabc1]" name="afterMethod" is-config="true" duration-ms="2001" started-at="2018-04-03T08:57:51Z" finished-at="2018-04-03T08:57:53Z">
          <params>
            <param index="0">
              <value>
                <![CDATA[[TestResult name=AcademicStructure_Courses_Delete status=SKIP method=AcademicAdministrationTest.AcademicStructure_Courses_Delete()[pri:5, instance:main.AcademicAdministrationTest@23ceabc1] output={null}]]]>
              </value>
            </param>
          </params>
          <reporter-output>
          </reporter-output>
        </test-method> <!-- afterMethod -->
        <test-method status="SKIP" signature="AcademicStructure_Courses_Delete()[pri:5, instance:main.AcademicAdministrationTest@23ceabc1]" name="AcademicStructure_Courses_Delete" duration-ms="12" started-at="2018-04-03T08:57:53Z" depends-on-methods="main.AcademicAdministrationTest.signInAndMoveToStudentRecord" finished-at="2018-04-03T08:57:53Z">
          <exception class="java.lang.Exception">
            <full-stacktrace>
              <![CDATA[java.lang.Exception
at utility.Utils.takeScreenshot(Utils.java:136)
at main.AcademicAdministrationTest.AcademicStructure_Courses_Delete(AcademicAdministrationTest.java:212)
at sun.reflect.NativeMethodAccessorImpl.invoke0(Native Method)
at sun.reflect.NativeMethodAccessorImpl.invoke(NativeMethodAccessorImpl.java:62)
at sun.reflect.DelegatingMethodAccessorImpl.invoke(DelegatingMethodAccessorImpl.java:43)
at java.lang.reflect.Method.invoke(Method.java:498)
at org.testng.internal.MethodInvocationHelper.invokeMethod(MethodInvocationHelper.java:124)
at org.testng.internal.Invoker.invokeMethod(Invoker.java:580)
at org.testng.internal.Invoker.retryFailed(Invoker.java:838)
at org.testng.internal.Invoker.invokeTestMethods(Invoker.java:1009)
at org.testng.internal.TestMethodWorker.invokeTestMethods(TestMethodWorker.java:125)
at org.testng.internal.TestMethodWorker.run(TestMethodWorker.java:109)
at org.testng.TestRunner.privateRun(TestRunner.java:648)
at org.testng.TestRunner.run(TestRunner.java:505)
at org.testng.SuiteRunner.runTest(SuiteRunner.java:455)
at org.testng.SuiteRunner.runSequentially(SuiteRunner.java:450)
at org.testng.SuiteRunner.privateRun(SuiteRunner.java:415)
at org.testng.SuiteRunner.run(SuiteRunner.java:364)
at org.testng.SuiteRunnerWorker.runSuite(SuiteRunnerWorker.java:52)
at org.testng.SuiteRunnerWorker.run(SuiteRunnerWorker.java:84)
at org.testng.TestNG.runSuitesSequentially(TestNG.java:1208)
at org.testng.TestNG.runSuitesLocally(TestNG.java:1137)
at org.testng.TestNG.runSuites(TestNG.java:1049)
at org.testng.TestNG.run(TestNG.java:1017)
at main.Main.main(Main.java:26)
]]>
            </full-stacktrace>
          </exception> <!-- java.lang.Exception -->
          <reporter-output>
          </reporter-output>
        </test-method> <!-- AcademicStructure_Courses_Delete -->
        <test-method status="PASS" signature="afterMethod(org.testng.ITestResult)[pri:0, instance:main.AcademicAdministrationTest@23ceabc1]" name="afterMethod" is-config="true" duration-ms="2001" started-at="2018-04-03T08:57:53Z" finished-at="2018-04-03T08:57:55Z">
          <params>
            <param index="0">
              <value>
                <![CDATA[[TestResult name=AcademicStructure_Courses_Delete status=SKIP method=AcademicAdministrationTest.AcademicStructure_Courses_Delete()[pri:5, instance:main.AcademicAdministrationTest@23ceabc1] output={null}]]]>
              </value>
            </param>
          </params>
          <reporter-output>
          </reporter-output>
        </test-method> <!-- afterMethod -->
        <test-method status="SKIP" signature="AcademicStructure_Courses_Delete()[pri:5, instance:main.AcademicAdministrationTest@23ceabc1]" name="AcademicStructure_Courses_Delete" duration-ms="10" started-at="2018-04-03T08:57:55Z" depends-on-methods="main.AcademicAdministrationTest.signInAndMoveToStudentRecord" finished-at="2018-04-03T08:57:55Z">
          <exception class="java.lang.Exception">
            <full-stacktrace>
              <![CDATA[java.lang.Exception
at utility.Utils.takeScreenshot(Utils.java:136)
at main.AcademicAdministrationTest.AcademicStructure_Courses_Delete(AcademicAdministrationTest.java:212)
at sun.reflect.NativeMethodAccessorImpl.invoke0(Native Method)
at sun.reflect.NativeMethodAccessorImpl.invoke(NativeMethodAccessorImpl.java:62)
at sun.reflect.DelegatingMethodAccessorImpl.invoke(DelegatingMethodAccessorImpl.java:43)
at java.lang.reflect.Method.invoke(Method.java:498)
at org.testng.internal.MethodInvocationHelper.invokeMethod(MethodInvocationHelper.java:124)
at org.testng.internal.Invoker.invokeMethod(Invoker.java:580)
at org.testng.internal.Invoker.retryFailed(Invoker.java:838)
at org.testng.internal.Invoker.invokeTestMethods(Invoker.java:1009)
at org.testng.internal.TestMethodWorker.invokeTestMethods(TestMethodWorker.java:125)
at org.testng.internal.TestMethodWorker.run(TestMethodWorker.java:109)
at org.testng.TestRunner.privateRun(TestRunner.java:648)
at org.testng.TestRunner.run(TestRunner.java:505)
at org.testng.SuiteRunner.runTest(SuiteRunner.java:455)
at org.testng.SuiteRunner.runSequentially(SuiteRunner.java:450)
at org.testng.SuiteRunner.privateRun(SuiteRunner.java:415)
at org.testng.SuiteRunner.run(SuiteRunner.java:364)
at org.testng.SuiteRunnerWorker.runSuite(SuiteRunnerWorker.java:52)
at org.testng.SuiteRunnerWorker.run(SuiteRunnerWorker.java:84)
at org.testng.TestNG.runSuitesSequentially(TestNG.java:1208)
at org.testng.TestNG.runSuitesLocally(TestNG.java:1137)
at org.testng.TestNG.runSuites(TestNG.java:1049)
at org.testng.TestNG.run(TestNG.java:1017)
at main.Main.main(Main.java:26)
]]>
            </full-stacktrace>
          </exception> <!-- java.lang.Exception -->
          <reporter-output>
          </reporter-output>
        </test-method> <!-- AcademicStructure_Courses_Delete -->
        <test-method status="PASS" signature="afterMethod(org.testng.ITestResult)[pri:0, instance:main.AcademicAdministrationTest@23ceabc1]" name="afterMethod" is-config="true" duration-ms="2001" started-at="2018-04-03T08:57:55Z" finished-at="2018-04-03T08:57:57Z">
          <params>
            <param index="0">
              <value>
                <![CDATA[[TestResult name=AcademicStructure_Courses_Delete status=SKIP method=AcademicAdministrationTest.AcademicStructure_Courses_Delete()[pri:5, instance:main.AcademicAdministrationTest@23ceabc1] output={null}]]]>
              </value>
            </param>
          </params>
          <reporter-output>
          </reporter-output>
        </test-method> <!-- afterMethod -->
        <test-method status="SKIP" signature="AcademicStructure_Courses_Delete()[pri:5, instance:main.AcademicAdministrationTest@23ceabc1]" name="AcademicStructure_Courses_Delete" duration-ms="10" started-at="2018-04-03T08:57:57Z" depends-on-methods="main.AcademicAdministrationTest.signInAndMoveToStudentRecord" finished-at="2018-04-03T08:57:57Z">
          <exception class="java.lang.Exception">
            <full-stacktrace>
              <![CDATA[java.lang.Exception
at utility.Utils.takeScreenshot(Utils.java:136)
at main.AcademicAdministrationTest.AcademicStructure_Courses_Delete(AcademicAdministrationTest.java:212)
at sun.reflect.NativeMethodAccessorImpl.invoke0(Native Method)
at sun.reflect.NativeMethodAccessorImpl.invoke(NativeMethodAccessorImpl.java:62)
at sun.reflect.DelegatingMethodAccessorImpl.invoke(DelegatingMethodAccessorImpl.java:43)
at java.lang.reflect.Method.invoke(Method.java:498)
at org.testng.internal.MethodInvocationHelper.invokeMethod(MethodInvocationHelper.java:124)
at org.testng.internal.Invoker.invokeMethod(Invoker.java:580)
at org.testng.internal.Invoker.retryFailed(Invoker.java:838)
at org.testng.internal.Invoker.invokeTestMethods(Invoker.java:1009)
at org.testng.internal.TestMethodWorker.invokeTestMethods(TestMethodWorker.java:125)
at org.testng.internal.TestMethodWorker.run(TestMethodWorker.java:109)
at org.testng.TestRunner.privateRun(TestRunner.java:648)
at org.testng.TestRunner.run(TestRunner.java:505)
at org.testng.SuiteRunner.runTest(SuiteRunner.java:455)
at org.testng.SuiteRunner.runSequentially(SuiteRunner.java:450)
at org.testng.SuiteRunner.privateRun(SuiteRunner.java:415)
at org.testng.SuiteRunner.run(SuiteRunner.java:364)
at org.testng.SuiteRunnerWorker.runSuite(SuiteRunnerWorker.java:52)
at org.testng.SuiteRunnerWorker.run(SuiteRunnerWorker.java:84)
at org.testng.TestNG.runSuitesSequentially(TestNG.java:1208)
at org.testng.TestNG.runSuitesLocally(TestNG.java:1137)
at org.testng.TestNG.runSuites(TestNG.java:1049)
at org.testng.TestNG.run(TestNG.java:1017)
at main.Main.main(Main.java:26)
]]>
            </full-stacktrace>
          </exception> <!-- java.lang.Exception -->
          <reporter-output>
          </reporter-output>
        </test-method> <!-- AcademicStructure_Courses_Delete -->
        <test-method status="PASS" signature="afterMethod(org.testng.ITestResult)[pri:0, instance:main.AcademicAdministrationTest@23ceabc1]" name="afterMethod" is-config="true" duration-ms="2001" started-at="2018-04-03T08:57:57Z" finished-at="2018-04-03T08:57:59Z">
          <params>
            <param index="0">
              <value>
                <![CDATA[[TestResult name=AcademicStructure_Courses_Delete status=SKIP method=AcademicAdministrationTest.AcademicStructure_Courses_Delete()[pri:5, instance:main.AcademicAdministrationTest@23ceabc1] output={null}]]]>
              </value>
            </param>
          </params>
          <reporter-output>
          </reporter-output>
        </test-method> <!-- afterMethod -->
        <test-method status="FAIL" signature="AcademicStructure_Courses_Delete()[pri:5, instance:main.AcademicAdministrationTest@23ceabc1]" name="AcademicStructure_Courses_Delete" duration-ms="10" started-at="2018-04-03T08:57:59Z" depends-on-methods="main.AcademicAdministrationTest.signInAndMoveToStudentRecord" finished-at="2018-04-03T08:57:59Z">
          <exception class="java.lang.Exception">
            <full-stacktrace>
              <![CDATA[java.lang.Exception
at utility.Utils.takeScreenshot(Utils.java:136)
at main.AcademicAdministrationTest.AcademicStructure_Courses_Delete(AcademicAdministrationTest.java:212)
at sun.reflect.NativeMethodAccessorImpl.invoke0(Native Method)
at sun.reflect.NativeMethodAccessorImpl.invoke(NativeMethodAccessorImpl.java:62)
at sun.reflect.DelegatingMethodAccessorImpl.invoke(DelegatingMethodAccessorImpl.java:43)
at java.lang.reflect.Method.invoke(Method.java:498)
at org.testng.internal.MethodInvocationHelper.invokeMethod(MethodInvocationHelper.java:124)
at org.testng.internal.Invoker.invokeMethod(Invoker.java:580)
at org.testng.internal.Invoker.retryFailed(Invoker.java:838)
at org.testng.internal.Invoker.invokeTestMethods(Invoker.java:1009)
at org.testng.internal.TestMethodWorker.invokeTestMethods(TestMethodWorker.java:125)
at org.testng.internal.TestMethodWorker.run(TestMethodWorker.java:109)
at org.testng.TestRunner.privateRun(TestRunner.java:648)
at org.testng.TestRunner.run(TestRunner.java:505)
at org.testng.SuiteRunner.runTest(SuiteRunner.java:455)
at org.testng.SuiteRunner.runSequentially(SuiteRunner.java:450)
at org.testng.SuiteRunner.privateRun(SuiteRunner.java:415)
at org.testng.SuiteRunner.run(SuiteRunner.java:364)
at org.testng.SuiteRunnerWorker.runSuite(SuiteRunnerWorker.java:52)
at org.testng.SuiteRunnerWorker.run(SuiteRunnerWorker.java:84)
at org.testng.TestNG.runSuitesSequentially(TestNG.java:1208)
at org.testng.TestNG.runSuitesLocally(TestNG.java:1137)
at org.testng.TestNG.runSuites(TestNG.java:1049)
at org.testng.TestNG.run(TestNG.java:1017)
at main.Main.main(Main.java:26)
]]>
            </full-stacktrace>
          </exception> <!-- java.lang.Exception -->
          <reporter-output>
          </reporter-output>
        </test-method> <!-- AcademicStructure_Courses_Delete -->
        <test-method status="PASS" signature="afterMethod(org.testng.ITestResult)[pri:0, instance:main.AcademicAdministrationTest@23ceabc1]" name="afterMethod" is-config="true" duration-ms="2001" started-at="2018-04-03T08:57:59Z" finished-at="2018-04-03T08:58:01Z">
          <params>
            <param index="0">
              <value>
                <![CDATA[[TestResult name=AcademicStructure_Courses_Delete status=FAILURE method=AcademicAdministrationTest.AcademicStructure_Courses_Delete()[pri:5, instance:main.AcademicAdministrationTest@23ceabc1] output={null}]]]>
              </value>
            </param>
          </params>
          <reporter-output>
          </reporter-output>
        </test-method> <!-- afterMethod -->
      </class> <!-- main.AcademicAdministrationTest -->
    </test> <!-- Test2 -->
    <test name="Test3" duration-ms="66743" started-at="2018-04-03T08:58:01Z" finished-at="2018-04-03T08:59:08Z">
      <class name="main.StudentRecord_Test">
        <test-method status="PASS" signature="beforeTest(java.lang.String)[pri:0, instance:main.StudentRecord_Test@36d4b5c]" name="beforeTest" is-config="true" duration-ms="1982" started-at="2018-04-03T08:58:01Z" finished-at="2018-04-03T08:58:03Z">
          <params>
            <param index="0">
              <value>
                <![CDATA[firefox]]>
              </value>
            </param>
          </params>
          <reporter-output>
          </reporter-output>
        </test-method> <!-- beforeTest -->
        <test-method status="PASS" signature="signInAndMoveToStudentRecord()[pri:0, instance:main.StudentRecord_Test@36d4b5c]" name="signInAndMoveToStudentRecord" duration-ms="8549" started-at="2018-04-03T08:58:03Z" finished-at="2018-04-03T08:58:12Z">
          <reporter-output>
          </reporter-output>
        </test-method> <!-- signInAndMoveToStudentRecord -->
        <test-method status="PASS" signature="afterMethod(org.testng.ITestResult)[pri:0, instance:main.StudentRecord_Test@36d4b5c]" name="afterMethod" is-config="true" duration-ms="2000" started-at="2018-04-03T08:58:12Z" finished-at="2018-04-03T08:58:14Z">
          <params>
            <param index="0">
              <value>
                <![CDATA[[TestResult name=signInAndMoveToStudentRecord status=SUCCESS method=StudentRecord_Test.signInAndMoveToStudentRecord()[pri:0, instance:main.StudentRecord_Test@36d4b5c] output={null}]]]>
              </value>
            </param>
          </params>
          <reporter-output>
          </reporter-output>
        </test-method> <!-- afterMethod -->
        <test-method status="PASS" signature="DisciplinaryCases()[pri:0, instance:main.StudentRecord_Test@36d4b5c]" name="DisciplinaryCases" duration-ms="12625" started-at="2018-04-03T08:58:14Z" depends-on-methods="main.StudentRecord_Test.signInAndMoveToStudentRecord" finished-at="2018-04-03T08:58:26Z">
          <reporter-output>
          </reporter-output>
        </test-method> <!-- DisciplinaryCases -->
        <test-method status="PASS" signature="afterMethod(org.testng.ITestResult)[pri:0, instance:main.StudentRecord_Test@36d4b5c]" name="afterMethod" is-config="true" duration-ms="2000" started-at="2018-04-03T08:58:26Z" finished-at="2018-04-03T08:58:28Z">
          <params>
            <param index="0">
              <value>
                <![CDATA[[TestResult name=DisciplinaryCases status=SUCCESS method=StudentRecord_Test.DisciplinaryCases()[pri:0, instance:main.StudentRecord_Test@36d4b5c] output={null}]]]>
              </value>
            </param>
          </params>
          <reporter-output>
          </reporter-output>
        </test-method> <!-- afterMethod -->
        <test-method status="PASS" signature="MaintainDocument()[pri:0, instance:main.StudentRecord_Test@36d4b5c]" name="MaintainDocument" duration-ms="3170" started-at="2018-04-03T08:58:28Z" depends-on-methods="main.StudentRecord_Test.signInAndMoveToStudentRecord" finished-at="2018-04-03T08:58:32Z">
          <reporter-output>
          </reporter-output>
        </test-method> <!-- MaintainDocument -->
        <test-method status="PASS" signature="afterMethod(org.testng.ITestResult)[pri:0, instance:main.StudentRecord_Test@36d4b5c]" name="afterMethod" is-config="true" duration-ms="2000" started-at="2018-04-03T08:58:32Z" finished-at="2018-04-03T08:58:34Z">
          <params>
            <param index="0">
              <value>
                <![CDATA[[TestResult name=MaintainDocument status=SUCCESS method=StudentRecord_Test.MaintainDocument()[pri:0, instance:main.StudentRecord_Test@36d4b5c] output={null}]]]>
              </value>
            </param>
          </params>
          <reporter-output>
          </reporter-output>
        </test-method> <!-- afterMethod -->
        <test-method status="SKIP" signature="MaintainDocumentList_Add()[pri:0, instance:main.StudentRecord_Test@36d4b5c]" name="MaintainDocumentList_Add" duration-ms="131" started-at="2018-04-03T08:58:34Z" depends-on-methods="main.StudentRecord_Test.signInAndMoveToStudentRecord" finished-at="2018-04-03T08:58:34Z">
          <exception class="org.openqa.selenium.ElementNotInteractableException">
            <message>
              <![CDATA[
Build info: version: '3.10.0', revision: '176b4a9', time: '2018-03-02T19:11:12.151Z'
System info: host: 'localhost.localdomain', ip: '127.0.0.1', os.name: 'Linux', os.arch: 'amd64', os.version: '3.10.0-514.el7.x86_64', java.version: '1.8.0_102'
Driver info: org.openqa.selenium.firefox.FirefoxDriver
Capabilities {acceptInsecureCerts: true, browserName: firefox, browserVersion: 52.5.1, javascriptEnabled: true, moz:accessibilityChecks: false, moz:processID: 13757, moz:profile: /tmp/rust_mozprofile.8m54DD..., pageLoadStrategy: normal, platform: LINUX, platformName: LINUX, platformVersion: 3.10.0-514.el7.x86_64, rotatable: false, specificationLevel: 0, timeouts: {implicit: 0, page load: 300000, script: 30000}}
Session ID: a69d3de1-427e-4300-bfe5-c32c932cc7fb]]>
            </message>
            <full-stacktrace>
              <![CDATA[org.openqa.selenium.ElementNotInteractableException: 
Build info: version: '3.10.0', revision: '176b4a9', time: '2018-03-02T19:11:12.151Z'
System info: host: 'localhost.localdomain', ip: '127.0.0.1', os.name: 'Linux', os.arch: 'amd64', os.version: '3.10.0-514.el7.x86_64', java.version: '1.8.0_102'
Driver info: org.openqa.selenium.firefox.FirefoxDriver
Capabilities {acceptInsecureCerts: true, browserName: firefox, browserVersion: 52.5.1, javascriptEnabled: true, moz:accessibilityChecks: false, moz:processID: 13757, moz:profile: /tmp/rust_mozprofile.8m54DD..., pageLoadStrategy: normal, platform: LINUX, platformName: LINUX, platformVersion: 3.10.0-514.el7.x86_64, rotatable: false, specificationLevel: 0, timeouts: {implicit: 0, page load: 300000, script: 30000}}
Session ID: a69d3de1-427e-4300-bfe5-c32c932cc7fb
at sun.reflect.GeneratedConstructorAccessor13.newInstance(Unknown Source)
at sun.reflect.DelegatingConstructorAccessorImpl.newInstance(DelegatingConstructorAccessorImpl.java:45)
at java.lang.reflect.Constructor.newInstance(Constructor.java:423)
at org.openqa.selenium.remote.http.W3CHttpResponseCodec.createException(W3CHttpResponseCodec.java:187)
at org.openqa.selenium.remote.http.W3CHttpResponseCodec.decode(W3CHttpResponseCodec.java:122)
at org.openqa.selenium.remote.http.W3CHttpResponseCodec.decode(W3CHttpResponseCodec.java:49)
at org.openqa.selenium.remote.HttpCommandExecutor.execute(HttpCommandExecutor.java:160)
at org.openqa.selenium.remote.service.DriverCommandExecutor.execute(DriverCommandExecutor.java:83)
at org.openqa.selenium.remote.RemoteWebDriver.execute(RemoteWebDriver.java:601)
at org.openqa.selenium.remote.RemoteWebElement.execute(RemoteWebElement.java:279)
at org.openqa.selenium.remote.RemoteWebElement.click(RemoteWebElement.java:83)
at testCases.StudentRecord.MaintainDocumentList_Add.execute(MaintainDocumentList_Add.java:12)
at main.StudentRecord_Test.MaintainDocumentList_Add(StudentRecord_Test.java:129)
at sun.reflect.NativeMethodAccessorImpl.invoke0(Native Method)
at sun.reflect.NativeMethodAccessorImpl.invoke(NativeMethodAccessorImpl.java:62)
at sun.reflect.DelegatingMethodAccessorImpl.invoke(DelegatingMethodAccessorImpl.java:43)
at java.lang.reflect.Method.invoke(Method.java:498)
at org.testng.internal.MethodInvocationHelper.invokeMethod(MethodInvocationHelper.java:124)
at org.testng.internal.Invoker.invokeMethod(Invoker.java:580)
at org.testng.internal.Invoker.invokeTestMethod(Invoker.java:716)
at org.testng.internal.Invoker.invokeTestMethods(Invoker.java:988)
at org.testng.internal.TestMethodWorker.invokeTestMethods(TestMethodWorker.java:125)
at org.testng.internal.TestMethodWorker.run(TestMethodWorker.java:109)
at org.testng.TestRunner.privateRun(TestRunner.java:648)
at org.testng.TestRunner.run(TestRunner.java:505)
at org.testng.SuiteRunner.runTest(SuiteRunner.java:455)
at org.testng.SuiteRunner.runSequentially(SuiteRunner.java:450)
at org.testng.SuiteRunner.privateRun(SuiteRunner.java:415)
at org.testng.SuiteRunner.run(SuiteRunner.java:364)
at org.testng.SuiteRunnerWorker.runSuite(SuiteRunnerWorker.java:52)
at org.testng.SuiteRunnerWorker.run(SuiteRunnerWorker.java:84)
at org.testng.TestNG.runSuitesSequentially(TestNG.java:1208)
at org.testng.TestNG.runSuitesLocally(TestNG.java:1137)
at org.testng.TestNG.runSuites(TestNG.java:1049)
at org.testng.TestNG.run(TestNG.java:1017)
at main.Main.main(Main.java:26)
]]>
            </full-stacktrace>
          </exception> <!-- org.openqa.selenium.ElementNotInteractableException -->
          <reporter-output>
          </reporter-output>
        </test-method> <!-- MaintainDocumentList_Add -->
        <test-method status="PASS" signature="afterMethod(org.testng.ITestResult)[pri:0, instance:main.StudentRecord_Test@36d4b5c]" name="afterMethod" is-config="true" duration-ms="2000" started-at="2018-04-03T08:58:34Z" finished-at="2018-04-03T08:58:36Z">
          <params>
            <param index="0">
              <value>
                <![CDATA[[TestResult name=MaintainDocumentList_Add status=SKIP method=StudentRecord_Test.MaintainDocumentList_Add()[pri:0, instance:main.StudentRecord_Test@36d4b5c] output={null}]]]>
              </value>
            </param>
          </params>
          <reporter-output>
          </reporter-output>
        </test-method> <!-- afterMethod -->
        <test-method status="PASS" signature="MaintainDocumentList_Add()[pri:0, instance:main.StudentRecord_Test@36d4b5c]" name="MaintainDocumentList_Add" duration-ms="2685" started-at="2018-04-03T08:58:36Z" depends-on-methods="main.StudentRecord_Test.signInAndMoveToStudentRecord" finished-at="2018-04-03T08:58:38Z">
          <reporter-output>
          </reporter-output>
        </test-method> <!-- MaintainDocumentList_Add -->
        <test-method status="PASS" signature="afterMethod(org.testng.ITestResult)[pri:0, instance:main.StudentRecord_Test@36d4b5c]" name="afterMethod" is-config="true" duration-ms="2000" started-at="2018-04-03T08:58:38Z" finished-at="2018-04-03T08:58:40Z">
          <params>
            <param index="0">
              <value>
                <![CDATA[[TestResult name=MaintainDocumentList_Add status=SUCCESS method=StudentRecord_Test.MaintainDocumentList_Add()[pri:0, instance:main.StudentRecord_Test@36d4b5c] output={null}]]]>
              </value>
            </param>
          </params>
          <reporter-output>
          </reporter-output>
        </test-method> <!-- afterMethod -->
        <test-method status="PASS" signature="NotingOnStudent()[pri:0, instance:main.StudentRecord_Test@36d4b5c]" name="NotingOnStudent" duration-ms="3858" started-at="2018-04-03T08:58:40Z" depends-on-methods="main.StudentRecord_Test.signInAndMoveToStudentRecord" finished-at="2018-04-03T08:58:44Z">
          <reporter-output>
          </reporter-output>
        </test-method> <!-- NotingOnStudent -->
        <test-method status="PASS" signature="afterMethod(org.testng.ITestResult)[pri:0, instance:main.StudentRecord_Test@36d4b5c]" name="afterMethod" is-config="true" duration-ms="2000" started-at="2018-04-03T08:58:44Z" finished-at="2018-04-03T08:58:46Z">
          <params>
            <param index="0">
              <value>
                <![CDATA[[TestResult name=NotingOnStudent status=SUCCESS method=StudentRecord_Test.NotingOnStudent()[pri:0, instance:main.StudentRecord_Test@36d4b5c] output={null}]]]>
              </value>
            </param>
          </params>
          <reporter-output>
          </reporter-output>
        </test-method> <!-- afterMethod -->
        <test-method status="PASS" signature="studentProfile_Add()[pri:0, instance:main.StudentRecord_Test@36d4b5c]" name="studentProfile_Add" duration-ms="11353" started-at="2018-04-03T08:58:46Z" depends-on-methods="main.StudentRecord_Test.signInAndMoveToStudentRecord" finished-at="2018-04-03T08:58:58Z">
          <reporter-output>
          </reporter-output>
        </test-method> <!-- studentProfile_Add -->
        <test-method status="PASS" signature="afterMethod(org.testng.ITestResult)[pri:0, instance:main.StudentRecord_Test@36d4b5c]" name="afterMethod" is-config="true" duration-ms="2000" started-at="2018-04-03T08:58:58Z" finished-at="2018-04-03T08:59:00Z">
          <params>
            <param index="0">
              <value>
                <![CDATA[[TestResult name=studentProfile_Add status=SUCCESS method=StudentRecord_Test.studentProfile_Add()[pri:0, instance:main.StudentRecord_Test@36d4b5c] output={null}]]]>
              </value>
            </param>
          </params>
          <reporter-output>
          </reporter-output>
        </test-method> <!-- afterMethod -->
        <test-method status="PASS" signature="studentProfile_View()[pri:0, instance:main.StudentRecord_Test@36d4b5c]" name="studentProfile_View" duration-ms="6384" started-at="2018-04-03T08:59:00Z" depends-on-methods="main.StudentRecord_Test.signInAndMoveToStudentRecord" finished-at="2018-04-03T08:59:06Z">
          <reporter-output>
          </reporter-output>
        </test-method> <!-- studentProfile_View -->
        <test-method status="PASS" signature="afterMethod(org.testng.ITestResult)[pri:0, instance:main.StudentRecord_Test@36d4b5c]" name="afterMethod" is-config="true" duration-ms="2001" started-at="2018-04-03T08:59:06Z" finished-at="2018-04-03T08:59:08Z">
          <params>
            <param index="0">
              <value>
                <![CDATA[[TestResult name=studentProfile_View status=SUCCESS method=StudentRecord_Test.studentProfile_View()[pri:0, instance:main.StudentRecord_Test@36d4b5c] output={null}]]]>
              </value>
            </param>
          </params>
          <reporter-output>
          </reporter-output>
        </test-method> <!-- afterMethod -->
      </class> <!-- main.StudentRecord_Test -->
    </test> <!-- Test3 -->
  </suite> <!-- Suite -->
</testng-results>
