<?xml version="1.0" encoding="UTF-8"?>
<!-- Generated by org.testng.reporters.JUnitXMLReporter -->
<testsuite hostname="localhost.localdomain" ignored="0" name="Test" tests="17" failures="2" timestamp="29 Mar 2018 11:23:57 GMT" time="161.597" errors="0">
  <testcase name="signInAndMoveToStudentRecord" time="8.669" classname="main.StudentAttendence"/>
  <testcase name="ByTeacherMultiDate_MarkAttendence" time="27.621" classname="main.StudentAttendence"/>
  <testcase name="ByTeacher_MarkAttendence" time="0.149" classname="main.StudentAttendence">
    <skipped/>
  </testcase> <!-- ByTeacher_MarkAttendence -->
  <testcase name="ByTeacher_MarkAttendence" time="15.613" classname="main.StudentAttendence"/>
  <testcase name="signInAndMoveToStudentRecord" time="21.059" classname="main.AcademicAdministrationTest">
    <skipped/>
  </testcase> <!-- signInAndMoveToStudentRecord -->
  <testcase name="signInAndMoveToStudentRecord" time="21.063" classname="main.AcademicAdministrationTest">
    <skipped/>
  </testcase> <!-- signInAndMoveToStudentRecord -->
  <testcase name="signInAndMoveToStudentRecord" time="21.046" classname="main.AcademicAdministrationTest">
    <skipped/>
  </testcase> <!-- signInAndMoveToStudentRecord -->
  <testcase name="signInAndMoveToStudentRecord" time="5.8" classname="main.AcademicAdministrationTest">
    <skipped/>
  </testcase> <!-- signInAndMoveToStudentRecord -->
  <testcase name="signInAndMoveToStudentRecord" time="1.008" classname="main.AcademicAdministrationTest">
    <failure type="org.openqa.selenium.SessionNotCreatedException" message="Tried to run command without establishing a connection
Build info: version: &amp;apos;3.10.0&amp;apos;, revision: &amp;apos;176b4a9&amp;apos;, time: &amp;apos;2018-03-02T19:11:12.151Z&amp;apos;
System info: host: &amp;apos;localhost.localdomain&amp;apos;, ip: &amp;apos;127.0.0.1&amp;apos;, os.name: &amp;apos;Linux&amp;apos;, os.arch: &amp;apos;amd64&amp;apos;, os.version: &amp;apos;3.10.0-514.el7.x86_64&amp;apos;, java.version: &amp;apos;1.8.0_102&amp;apos;
Driver info: org.openqa.selenium.firefox.FirefoxDriver
Capabilities {acceptInsecureCerts: true, browserName: firefox, browserVersion: 52.5.1, javascriptEnabled: true, moz:accessibilityChecks: false, moz:processID: 15683, moz:profile: /tmp/rust_mozprofile.NiicVw..., pageLoadStrategy: normal, platform: LINUX, platformName: LINUX, platformVersion: 3.10.0-514.el7.x86_64, rotatable: false, specificationLevel: 0, timeouts: {implicit: 0, page load: 300000, script: 30000}}
Session ID: 797c5fd1-954e-4173-aafc-cb6a0fdb1bd1
*** Element info: {Using=id, value=userName}">
      <![CDATA[org.openqa.selenium.SessionNotCreatedException: Tried to run command without establishing a connection
Build info: version: '3.10.0', revision: '176b4a9', time: '2018-03-02T19:11:12.151Z'
System info: host: 'localhost.localdomain', ip: '127.0.0.1', os.name: 'Linux', os.arch: 'amd64', os.version: '3.10.0-514.el7.x86_64', java.version: '1.8.0_102'
Driver info: org.openqa.selenium.firefox.FirefoxDriver
Capabilities {acceptInsecureCerts: true, browserName: firefox, browserVersion: 52.5.1, javascriptEnabled: true, moz:accessibilityChecks: false, moz:processID: 15683, moz:profile: /tmp/rust_mozprofile.NiicVw..., pageLoadStrategy: normal, platform: LINUX, platformName: LINUX, platformVersion: 3.10.0-514.el7.x86_64, rotatable: false, specificationLevel: 0, timeouts: {implicit: 0, page load: 300000, script: 30000}}
Session ID: 797c5fd1-954e-4173-aafc-cb6a0fdb1bd1
*** Element info: {Using=id, value=userName}
at org.openqa.selenium.remote.http.W3CHttpResponseCodec.createException(W3CHttpResponseCodec.java:187)
at org.openqa.selenium.remote.http.W3CHttpResponseCodec.decode(W3CHttpResponseCodec.java:122)
at org.openqa.selenium.remote.http.W3CHttpResponseCodec.decode(W3CHttpResponseCodec.java:49)
at org.openqa.selenium.remote.HttpCommandExecutor.execute(HttpCommandExecutor.java:160)
at org.openqa.selenium.remote.service.DriverCommandExecutor.execute(DriverCommandExecutor.java:83)
at org.openqa.selenium.remote.RemoteWebDriver.execute(RemoteWebDriver.java:601)
at org.openqa.selenium.remote.RemoteWebDriver.findElement(RemoteWebDriver.java:371)
at org.openqa.selenium.remote.RemoteWebDriver.findElementById(RemoteWebDriver.java:417)
at org.openqa.selenium.By$ById.findElement(By.java:218)
at org.openqa.selenium.remote.RemoteWebDriver.findElement(RemoteWebDriver.java:363)
at pageObjects.Home_Page.txtbx_Username(Home_Page.java:16)
at testCases.SignIn.execute(SignIn.java:14)
at main.AcademicAdministrationTest.signInAndMoveToStudentRecord(AcademicAdministrationTest.java:43)
at main.Main.main(Main.java:26)
... Removed 26 stack frames]]>
    </failure>
  </testcase> <!-- signInAndMoveToStudentRecord -->
  <testcase name="AcademicStructure_Programe_Add" time="0.0" classname="main.AcademicAdministrationTest">
    <skipped/>
  </testcase> <!-- AcademicStructure_Programe_Add -->
  <testcase name="CoursewiseDetailReport" time="0.0" classname="main.AcademicAdministrationTest">
    <skipped/>
  </testcase> <!-- CoursewiseDetailReport -->
  <testcase name="SubjectRegRule" time="0.0" classname="main.AcademicAdministrationTest">
    <skipped/>
  </testcase> <!-- SubjectRegRule -->
  <testcase name="signInAndMoveToStudentRecord" time="1.007" classname="main.StudentRecord_Test">
    <skipped/>
  </testcase> <!-- signInAndMoveToStudentRecord -->
  <testcase name="signInAndMoveToStudentRecord" time="1.006" classname="main.StudentRecord_Test">
    <skipped/>
  </testcase> <!-- signInAndMoveToStudentRecord -->
  <testcase name="signInAndMoveToStudentRecord" time="1.007" classname="main.StudentRecord_Test">
    <skipped/>
  </testcase> <!-- signInAndMoveToStudentRecord -->
  <testcase name="signInAndMoveToStudentRecord" time="1.003" classname="main.StudentRecord_Test">
    <skipped/>
  </testcase> <!-- signInAndMoveToStudentRecord -->
  <testcase name="signInAndMoveToStudentRecord" time="1.007" classname="main.StudentRecord_Test">
    <failure type="org.openqa.selenium.SessionNotCreatedException" message="Tried to run command without establishing a connection
Build info: version: &amp;apos;3.10.0&amp;apos;, revision: &amp;apos;176b4a9&amp;apos;, time: &amp;apos;2018-03-02T19:11:12.151Z&amp;apos;
System info: host: &amp;apos;localhost.localdomain&amp;apos;, ip: &amp;apos;127.0.0.1&amp;apos;, os.name: &amp;apos;Linux&amp;apos;, os.arch: &amp;apos;amd64&amp;apos;, os.version: &amp;apos;3.10.0-514.el7.x86_64&amp;apos;, java.version: &amp;apos;1.8.0_102&amp;apos;
Driver info: org.openqa.selenium.firefox.FirefoxDriver
Capabilities {acceptInsecureCerts: true, browserName: firefox, browserVersion: 52.5.1, javascriptEnabled: true, moz:accessibilityChecks: false, moz:processID: 15683, moz:profile: /tmp/rust_mozprofile.NiicVw..., pageLoadStrategy: normal, platform: LINUX, platformName: LINUX, platformVersion: 3.10.0-514.el7.x86_64, rotatable: false, specificationLevel: 0, timeouts: {implicit: 0, page load: 300000, script: 30000}}
Session ID: 797c5fd1-954e-4173-aafc-cb6a0fdb1bd1
*** Element info: {Using=id, value=userName}">
      <![CDATA[org.openqa.selenium.SessionNotCreatedException: Tried to run command without establishing a connection
Build info: version: '3.10.0', revision: '176b4a9', time: '2018-03-02T19:11:12.151Z'
System info: host: 'localhost.localdomain', ip: '127.0.0.1', os.name: 'Linux', os.arch: 'amd64', os.version: '3.10.0-514.el7.x86_64', java.version: '1.8.0_102'
Driver info: org.openqa.selenium.firefox.FirefoxDriver
Capabilities {acceptInsecureCerts: true, browserName: firefox, browserVersion: 52.5.1, javascriptEnabled: true, moz:accessibilityChecks: false, moz:processID: 15683, moz:profile: /tmp/rust_mozprofile.NiicVw..., pageLoadStrategy: normal, platform: LINUX, platformName: LINUX, platformVersion: 3.10.0-514.el7.x86_64, rotatable: false, specificationLevel: 0, timeouts: {implicit: 0, page load: 300000, script: 30000}}
Session ID: 797c5fd1-954e-4173-aafc-cb6a0fdb1bd1
*** Element info: {Using=id, value=userName}
at org.openqa.selenium.remote.http.W3CHttpResponseCodec.createException(W3CHttpResponseCodec.java:187)
at org.openqa.selenium.remote.http.W3CHttpResponseCodec.decode(W3CHttpResponseCodec.java:122)
at org.openqa.selenium.remote.http.W3CHttpResponseCodec.decode(W3CHttpResponseCodec.java:49)
at org.openqa.selenium.remote.HttpCommandExecutor.execute(HttpCommandExecutor.java:160)
at org.openqa.selenium.remote.service.DriverCommandExecutor.execute(DriverCommandExecutor.java:83)
at org.openqa.selenium.remote.RemoteWebDriver.execute(RemoteWebDriver.java:601)
at org.openqa.selenium.remote.RemoteWebDriver.findElement(RemoteWebDriver.java:371)
at org.openqa.selenium.remote.RemoteWebDriver.findElementById(RemoteWebDriver.java:417)
at org.openqa.selenium.By$ById.findElement(By.java:218)
at org.openqa.selenium.remote.RemoteWebDriver.findElement(RemoteWebDriver.java:363)
at pageObjects.Home_Page.txtbx_Username(Home_Page.java:16)
at testCases.SignIn.execute(SignIn.java:14)
at main.StudentRecord_Test.signInAndMoveToStudentRecord(StudentRecord_Test.java:43)
at main.Main.main(Main.java:26)
... Removed 26 stack frames]]>
    </failure>
  </testcase> <!-- signInAndMoveToStudentRecord -->
</testsuite> <!-- Test -->
