<?xml version="1.0" encoding="UTF-8"?>
<!-- Generated by org.testng.reporters.JUnitXMLReporter -->
<testsuite hostname="localhost.localdomain" ignored="0" name="Test2" tests="33" failures="6" timestamp="03 Apr 2018 08:58:01 GMT" time="140.48" errors="0">
  <testcase name="signInAndMoveToStudentRecord" time="8.871" classname="main.AcademicAdministrationTest"/>
  <testcase name="AcademicStructure_Programe_Add" time="5.426" classname="main.AcademicAdministrationTest"/>
  <testcase name="CoursewiseDetailReport" time="2.271" classname="main.AcademicAdministrationTest">
    <skipped/>
  </testcase> <!-- CoursewiseDetailReport -->
  <testcase name="CoursewiseDetailReport" time="0.137" classname="main.AcademicAdministrationTest">
    <skipped/>
  </testcase> <!-- CoursewiseDetailReport -->
  <testcase name="CoursewiseDetailReport" time="2.236" classname="main.AcademicAdministrationTest">
    <skipped/>
  </testcase> <!-- CoursewiseDetailReport -->
  <testcase name="CoursewiseDetailReport" time="0.138" classname="main.AcademicAdministrationTest">
    <skipped/>
  </testcase> <!-- CoursewiseDetailReport -->
  <testcase name="CoursewiseDetailReport" time="2.242" classname="main.AcademicAdministrationTest">
    <failure type="org.openqa.selenium.ElementNotInteractableException" message="
Build info: version: &amp;apos;3.10.0&amp;apos;, revision: &amp;apos;176b4a9&amp;apos;, time: &amp;apos;2018-03-02T19:11:12.151Z&amp;apos;
System info: host: &amp;apos;localhost.localdomain&amp;apos;, ip: &amp;apos;127.0.0.1&amp;apos;, os.name: &amp;apos;Linux&amp;apos;, os.arch: &amp;apos;amd64&amp;apos;, os.version: &amp;apos;3.10.0-514.el7.x86_64&amp;apos;, java.version: &amp;apos;1.8.0_102&amp;apos;
Driver info: org.openqa.selenium.firefox.FirefoxDriver
Capabilities {acceptInsecureCerts: true, browserName: firefox, browserVersion: 52.5.1, javascriptEnabled: true, moz:accessibilityChecks: false, moz:processID: 13274, moz:profile: /tmp/rust_mozprofile.tdW1SA..., pageLoadStrategy: normal, platform: LINUX, platformName: LINUX, platformVersion: 3.10.0-514.el7.x86_64, rotatable: false, specificationLevel: 0, timeouts: {implicit: 0, page load: 300000, script: 30000}}
Session ID: 98b69056-ee3e-46d5-a34b-4e2f19441c5c">
      <![CDATA[org.openqa.selenium.ElementNotInteractableException: 
Build info: version: '3.10.0', revision: '176b4a9', time: '2018-03-02T19:11:12.151Z'
System info: host: 'localhost.localdomain', ip: '127.0.0.1', os.name: 'Linux', os.arch: 'amd64', os.version: '3.10.0-514.el7.x86_64', java.version: '1.8.0_102'
Driver info: org.openqa.selenium.firefox.FirefoxDriver
Capabilities {acceptInsecureCerts: true, browserName: firefox, browserVersion: 52.5.1, javascriptEnabled: true, moz:accessibilityChecks: false, moz:processID: 13274, moz:profile: /tmp/rust_mozprofile.tdW1SA..., pageLoadStrategy: normal, platform: LINUX, platformName: LINUX, platformVersion: 3.10.0-514.el7.x86_64, rotatable: false, specificationLevel: 0, timeouts: {implicit: 0, page load: 300000, script: 30000}}
Session ID: 98b69056-ee3e-46d5-a34b-4e2f19441c5c
at org.openqa.selenium.remote.http.W3CHttpResponseCodec.createException(W3CHttpResponseCodec.java:187)
at org.openqa.selenium.remote.http.W3CHttpResponseCodec.decode(W3CHttpResponseCodec.java:122)
at org.openqa.selenium.remote.http.W3CHttpResponseCodec.decode(W3CHttpResponseCodec.java:49)
at org.openqa.selenium.remote.HttpCommandExecutor.execute(HttpCommandExecutor.java:160)
at org.openqa.selenium.remote.service.DriverCommandExecutor.execute(DriverCommandExecutor.java:83)
at org.openqa.selenium.remote.RemoteWebDriver.execute(RemoteWebDriver.java:601)
at org.openqa.selenium.remote.RemoteWebElement.execute(RemoteWebElement.java:279)
at org.openqa.selenium.remote.RemoteWebElement.click(RemoteWebElement.java:83)
at org.openqa.selenium.support.ui.Select.setSelected(Select.java:324)
at org.openqa.selenium.support.ui.Select.selectByVisibleText(Select.java:120)
at testCases.AcademicAdministration.CoursewiseDetailReport.execute(CoursewiseDetailReport.java:24)
at main.AcademicAdministrationTest.CoursewiseDetailReport(AcademicAdministrationTest.java:225)
at main.Main.main(Main.java:26)
... Removed 26 stack frames]]>
    </failure>
  </testcase> <!-- CoursewiseDetailReport -->
  <testcase name="SubjectRegRule" time="21.366" classname="main.AcademicAdministrationTest">
    <skipped/>
  </testcase> <!-- SubjectRegRule -->
  <testcase name="SubjectRegRule" time="0.125" classname="main.AcademicAdministrationTest">
    <skipped/>
  </testcase> <!-- SubjectRegRule -->
  <testcase name="SubjectRegRule" time="0.145" classname="main.AcademicAdministrationTest">
    <skipped/>
  </testcase> <!-- SubjectRegRule -->
  <testcase name="SubjectRegRule" time="0.109" classname="main.AcademicAdministrationTest">
    <skipped/>
  </testcase> <!-- SubjectRegRule -->
  <testcase name="SubjectRegRule" time="21.255" classname="main.AcademicAdministrationTest">
    <failure type="org.openqa.selenium.NoSuchElementException" message="Cannot locate element with text: MBA
For documentation on this error, please visit: http://seleniumhq.org/exceptions/no_such_element.html
Build info: version: &amp;apos;3.10.0&amp;apos;, revision: &amp;apos;176b4a9&amp;apos;, time: &amp;apos;2018-03-02T19:11:12.151Z&amp;apos;
System info: host: &amp;apos;localhost.localdomain&amp;apos;, ip: &amp;apos;127.0.0.1&amp;apos;, os.name: &amp;apos;Linux&amp;apos;, os.arch: &amp;apos;amd64&amp;apos;, os.version: &amp;apos;3.10.0-514.el7.x86_64&amp;apos;, java.version: &amp;apos;1.8.0_102&amp;apos;
Driver info: driver.version: unknown">
      <![CDATA[org.openqa.selenium.NoSuchElementException: Cannot locate element with text: MBA
For documentation on this error, please visit: http://seleniumhq.org/exceptions/no_such_element.html
Build info: version: '3.10.0', revision: '176b4a9', time: '2018-03-02T19:11:12.151Z'
System info: host: 'localhost.localdomain', ip: '127.0.0.1', os.name: 'Linux', os.arch: 'amd64', os.version: '3.10.0-514.el7.x86_64', java.version: '1.8.0_102'
Driver info: driver.version: unknown
at org.openqa.selenium.support.ui.Select.selectByVisibleText(Select.java:151)
at testCases.AcademicAdministration.SubjectRegRule.execute(SubjectRegRule.java:25)
at main.AcademicAdministrationTest.SubjectRegRule(AcademicAdministrationTest.java:105)
at main.Main.main(Main.java:26)
... Removed 22 stack frames]]>
    </failure>
  </testcase> <!-- SubjectRegRule -->
  <testcase name="AcademicStructure_Programe_Delete" time="6.43" classname="main.AcademicAdministrationTest"/>
  <testcase name="DefineSections_Add" time="0.123" classname="main.AcademicAdministrationTest">
    <skipped/>
  </testcase> <!-- DefineSections_Add -->
  <testcase name="DefineSections_Add" time="0.125" classname="main.AcademicAdministrationTest">
    <skipped/>
  </testcase> <!-- DefineSections_Add -->
  <testcase name="DefineSections_Add" time="0.13" classname="main.AcademicAdministrationTest">
    <skipped/>
  </testcase> <!-- DefineSections_Add -->
  <testcase name="DefineSections_Add" time="0.091" classname="main.AcademicAdministrationTest">
    <skipped/>
  </testcase> <!-- DefineSections_Add -->
  <testcase name="DefineSections_Add" time="0.112" classname="main.AcademicAdministrationTest">
    <failure type="org.openqa.selenium.ElementNotInteractableException" message="
Build info: version: &amp;apos;3.10.0&amp;apos;, revision: &amp;apos;176b4a9&amp;apos;, time: &amp;apos;2018-03-02T19:11:12.151Z&amp;apos;
System info: host: &amp;apos;localhost.localdomain&amp;apos;, ip: &amp;apos;127.0.0.1&amp;apos;, os.name: &amp;apos;Linux&amp;apos;, os.arch: &amp;apos;amd64&amp;apos;, os.version: &amp;apos;3.10.0-514.el7.x86_64&amp;apos;, java.version: &amp;apos;1.8.0_102&amp;apos;
Driver info: org.openqa.selenium.firefox.FirefoxDriver
Capabilities {acceptInsecureCerts: true, browserName: firefox, browserVersion: 52.5.1, javascriptEnabled: true, moz:accessibilityChecks: false, moz:processID: 13274, moz:profile: /tmp/rust_mozprofile.tdW1SA..., pageLoadStrategy: normal, platform: LINUX, platformName: LINUX, platformVersion: 3.10.0-514.el7.x86_64, rotatable: false, specificationLevel: 0, timeouts: {implicit: 0, page load: 300000, script: 30000}}
Session ID: 98b69056-ee3e-46d5-a34b-4e2f19441c5c">
      <![CDATA[org.openqa.selenium.ElementNotInteractableException: 
Build info: version: '3.10.0', revision: '176b4a9', time: '2018-03-02T19:11:12.151Z'
System info: host: 'localhost.localdomain', ip: '127.0.0.1', os.name: 'Linux', os.arch: 'amd64', os.version: '3.10.0-514.el7.x86_64', java.version: '1.8.0_102'
Driver info: org.openqa.selenium.firefox.FirefoxDriver
Capabilities {acceptInsecureCerts: true, browserName: firefox, browserVersion: 52.5.1, javascriptEnabled: true, moz:accessibilityChecks: false, moz:processID: 13274, moz:profile: /tmp/rust_mozprofile.tdW1SA..., pageLoadStrategy: normal, platform: LINUX, platformName: LINUX, platformVersion: 3.10.0-514.el7.x86_64, rotatable: false, specificationLevel: 0, timeouts: {implicit: 0, page load: 300000, script: 30000}}
Session ID: 98b69056-ee3e-46d5-a34b-4e2f19441c5c
at org.openqa.selenium.remote.http.W3CHttpResponseCodec.createException(W3CHttpResponseCodec.java:187)
at org.openqa.selenium.remote.http.W3CHttpResponseCodec.decode(W3CHttpResponseCodec.java:122)
at org.openqa.selenium.remote.http.W3CHttpResponseCodec.decode(W3CHttpResponseCodec.java:49)
at org.openqa.selenium.remote.HttpCommandExecutor.execute(HttpCommandExecutor.java:160)
at org.openqa.selenium.remote.service.DriverCommandExecutor.execute(DriverCommandExecutor.java:83)
at org.openqa.selenium.remote.RemoteWebDriver.execute(RemoteWebDriver.java:601)
at org.openqa.selenium.remote.RemoteWebElement.execute(RemoteWebElement.java:279)
at org.openqa.selenium.remote.RemoteWebElement.click(RemoteWebElement.java:83)
at testCases.AcademicAdministration.DefineSections_Add.execute(DefineSections_Add.java:13)
at main.AcademicAdministrationTest.DefineSections_Add(AcademicAdministrationTest.java:129)
at main.Main.main(Main.java:26)
... Removed 26 stack frames]]>
    </failure>
  </testcase> <!-- DefineSections_Add -->
  <testcase name="DefineSections_Delete" time="0.115" classname="main.AcademicAdministrationTest">
    <skipped/>
  </testcase> <!-- DefineSections_Delete -->
  <testcase name="DefineSections_Delete" time="0.104" classname="main.AcademicAdministrationTest">
    <skipped/>
  </testcase> <!-- DefineSections_Delete -->
  <testcase name="DefineSections_Delete" time="0.101" classname="main.AcademicAdministrationTest">
    <skipped/>
  </testcase> <!-- DefineSections_Delete -->
  <testcase name="DefineSections_Delete" time="0.114" classname="main.AcademicAdministrationTest">
    <skipped/>
  </testcase> <!-- DefineSections_Delete -->
  <testcase name="DefineSections_Delete" time="0.107" classname="main.AcademicAdministrationTest">
    <failure type="org.openqa.selenium.ElementNotInteractableException" message="
Build info: version: &amp;apos;3.10.0&amp;apos;, revision: &amp;apos;176b4a9&amp;apos;, time: &amp;apos;2018-03-02T19:11:12.151Z&amp;apos;
System info: host: &amp;apos;localhost.localdomain&amp;apos;, ip: &amp;apos;127.0.0.1&amp;apos;, os.name: &amp;apos;Linux&amp;apos;, os.arch: &amp;apos;amd64&amp;apos;, os.version: &amp;apos;3.10.0-514.el7.x86_64&amp;apos;, java.version: &amp;apos;1.8.0_102&amp;apos;
Driver info: org.openqa.selenium.firefox.FirefoxDriver
Capabilities {acceptInsecureCerts: true, browserName: firefox, browserVersion: 52.5.1, javascriptEnabled: true, moz:accessibilityChecks: false, moz:processID: 13274, moz:profile: /tmp/rust_mozprofile.tdW1SA..., pageLoadStrategy: normal, platform: LINUX, platformName: LINUX, platformVersion: 3.10.0-514.el7.x86_64, rotatable: false, specificationLevel: 0, timeouts: {implicit: 0, page load: 300000, script: 30000}}
Session ID: 98b69056-ee3e-46d5-a34b-4e2f19441c5c">
      <![CDATA[org.openqa.selenium.ElementNotInteractableException: 
Build info: version: '3.10.0', revision: '176b4a9', time: '2018-03-02T19:11:12.151Z'
System info: host: 'localhost.localdomain', ip: '127.0.0.1', os.name: 'Linux', os.arch: 'amd64', os.version: '3.10.0-514.el7.x86_64', java.version: '1.8.0_102'
Driver info: org.openqa.selenium.firefox.FirefoxDriver
Capabilities {acceptInsecureCerts: true, browserName: firefox, browserVersion: 52.5.1, javascriptEnabled: true, moz:accessibilityChecks: false, moz:processID: 13274, moz:profile: /tmp/rust_mozprofile.tdW1SA..., pageLoadStrategy: normal, platform: LINUX, platformName: LINUX, platformVersion: 3.10.0-514.el7.x86_64, rotatable: false, specificationLevel: 0, timeouts: {implicit: 0, page load: 300000, script: 30000}}
Session ID: 98b69056-ee3e-46d5-a34b-4e2f19441c5c
at org.openqa.selenium.remote.http.W3CHttpResponseCodec.createException(W3CHttpResponseCodec.java:187)
at org.openqa.selenium.remote.http.W3CHttpResponseCodec.decode(W3CHttpResponseCodec.java:122)
at org.openqa.selenium.remote.http.W3CHttpResponseCodec.decode(W3CHttpResponseCodec.java:49)
at org.openqa.selenium.remote.HttpCommandExecutor.execute(HttpCommandExecutor.java:160)
at org.openqa.selenium.remote.service.DriverCommandExecutor.execute(DriverCommandExecutor.java:83)
at org.openqa.selenium.remote.RemoteWebDriver.execute(RemoteWebDriver.java:601)
at org.openqa.selenium.remote.RemoteWebElement.execute(RemoteWebElement.java:279)
at org.openqa.selenium.remote.RemoteWebElement.click(RemoteWebElement.java:83)
at testCases.AcademicAdministration.DefineSections_Delete.execute(DefineSections_Delete.java:14)
at main.AcademicAdministrationTest.DefineSections_Delete(AcademicAdministrationTest.java:153)
at main.Main.main(Main.java:26)
... Removed 25 stack frames]]>
    </failure>
  </testcase> <!-- DefineSections_Delete -->
  <testcase name="AcademicStructure_Courses_Add" time="0.125" classname="main.AcademicAdministrationTest">
    <skipped/>
  </testcase> <!-- AcademicStructure_Courses_Add -->
  <testcase name="AcademicStructure_Courses_Add" time="0.114" classname="main.AcademicAdministrationTest">
    <skipped/>
  </testcase> <!-- AcademicStructure_Courses_Add -->
  <testcase name="AcademicStructure_Courses_Add" time="0.127" classname="main.AcademicAdministrationTest">
    <skipped/>
  </testcase> <!-- AcademicStructure_Courses_Add -->
  <testcase name="AcademicStructure_Courses_Add" time="0.112" classname="main.AcademicAdministrationTest">
    <skipped/>
  </testcase> <!-- AcademicStructure_Courses_Add -->
  <testcase name="AcademicStructure_Courses_Add" time="0.01" classname="main.AcademicAdministrationTest">
    <failure type="java.lang.Exception">
      <![CDATA[java.lang.Exception
at utility.Utils.takeScreenshot(Utils.java:136)
at main.AcademicAdministrationTest.AcademicStructure_Courses_Add(AcademicAdministrationTest.java:188)
at main.Main.main(Main.java:26)
... Removed 22 stack frames]]>
    </failure>
  </testcase> <!-- AcademicStructure_Courses_Add -->
  <testcase name="AcademicStructure_Courses_Delete" time="0.009" classname="main.AcademicAdministrationTest">
    <skipped/>
  </testcase> <!-- AcademicStructure_Courses_Delete -->
  <testcase name="AcademicStructure_Courses_Delete" time="0.012" classname="main.AcademicAdministrationTest">
    <skipped/>
  </testcase> <!-- AcademicStructure_Courses_Delete -->
  <testcase name="AcademicStructure_Courses_Delete" time="0.01" classname="main.AcademicAdministrationTest">
    <skipped/>
  </testcase> <!-- AcademicStructure_Courses_Delete -->
  <testcase name="AcademicStructure_Courses_Delete" time="0.01" classname="main.AcademicAdministrationTest">
    <skipped/>
  </testcase> <!-- AcademicStructure_Courses_Delete -->
  <testcase name="AcademicStructure_Courses_Delete" time="0.01" classname="main.AcademicAdministrationTest">
    <failure type="java.lang.Exception">
      <![CDATA[java.lang.Exception
at utility.Utils.takeScreenshot(Utils.java:136)
at main.AcademicAdministrationTest.AcademicStructure_Courses_Delete(AcademicAdministrationTest.java:212)
at main.Main.main(Main.java:26)
... Removed 22 stack frames]]>
    </failure>
  </testcase> <!-- AcademicStructure_Courses_Delete -->
</testsuite> <!-- Test2 -->
